#
# There is insufficient memory for the Java Runtime Environment to continue.
# Native memory allocation (malloc) failed to allocate 1116016 bytes for Chunk::new
# Possible reasons:
#   The system is out of physical RAM or swap space
#   The process is running with CompressedOops enabled, and the Java Heap may be blocking the growth of the native heap
# Possible solutions:
#   Reduce memory load on the system
#   Increase physical memory or swap space
#   Check if swap backing store is full
#   Decrease Java heap size (-Xmx/-Xms)
#   Decrease number of Java threads
#   Decrease Java thread stack sizes (-Xss)
#   Set larger code cache with -XX:ReservedCodeCacheSize=
#   JVM is running with Unscaled Compressed Oops mode in which the Java heap is
#     placed in the first 4GB address space. The Java Heap base address is the
#     maximum limit for the native heap growth. Please use -XX:HeapBaseMinAddress
#     to set the Java Heap base and to place the Java Heap above 4GB virtual address.
# This output file may be truncated or incomplete.
#
#  Out of Memory Error (arena.cpp:189), pid=30080, tid=17736
#
# JRE version: Java(TM) SE Runtime Environment (17.0.10+11) (build 17.0.10+11-LTS-240)
# Java VM: Java HotSpot(TM) 64-Bit Server VM (17.0.10+11-LTS-240, mixed mode, sharing, tiered, compressed oops, compressed class ptrs, g1 gc, windows-amd64)
# No core dump will be written. Minidumps are not enabled by default on client versions of Windows
#

---------------  S U M M A R Y ------------

Command Line: --add-opens=java.base/java.util=ALL-UNNAMED --add-opens=java.base/java.lang=ALL-UNNAMED --add-opens=java.base/java.lang.invoke=ALL-UNNAMED --add-opens=java.prefs/java.util.prefs=ALL-UNNAMED --add-opens=java.base/java.nio.charset=ALL-UNNAMED --add-opens=java.base/java.net=ALL-UNNAMED --add-opens=java.base/java.util.concurrent.atomic=ALL-UNNAMED -XX:MaxMetaspaceSize=384m -XX:+HeapDumpOnOutOfMemoryError -Xms256m -Xmx512m -Dfile.encoding=x-windows-949 -Duser.country=KR -Duser.language=ko -Duser.variant -javaagent:C:\Users\kimys\.gradle\wrapper\dists\gradle-8.7-bin\bhs2wmbdwecv87pi65oeuq5iu\gradle-8.7\lib\agents\gradle-instrumentation-agent-8.7.jar org.gradle.launcher.daemon.bootstrap.GradleDaemon 8.7

Host: 11th Gen Intel(R) Core(TM) i5-1155G7 @ 2.50GHz, 8 cores, 7G,  Windows 11 , 64 bit Build 22621 (10.0.22621.3374)
Time: Mon May  6 20:14:33 2024  Windows 11 , 64 bit Build 22621 (10.0.22621.3374) elapsed time: 49.608974 seconds (0d 0h 0m 49s)

---------------  T H R E A D  ---------------

Current thread (0x00000211fdd21e80):  JavaThread "C2 CompilerThread0" daemon [_thread_in_native, id=17736, stack(0x000000d357000000,0x000000d357100000)]


Current CompileTask:
C2:  49609 3338       4       jdk.internal.loader.URLClassPath::getResource (74 bytes)

Stack: [0x000000d357000000,0x000000d357100000]
Native frames: (J=compiled Java code, j=interpreted, Vv=VM code, C=native code)
V  [jvm.dll+0x677a5a]
V  [jvm.dll+0x7d8b2d]
V  [jvm.dll+0x7da48e]
V  [jvm.dll+0x7daaf3]
V  [jvm.dll+0x2455ff]
V  [jvm.dll+0xaaafb]
V  [jvm.dll+0xab09c]
V  [jvm.dll+0x361b5f]
V  [jvm.dll+0x1bb3ca]
V  [jvm.dll+0x217aa7]
V  [jvm.dll+0x216d81]
V  [jvm.dll+0x1a3410]
V  [jvm.dll+0x226aeb]
V  [jvm.dll+0x224cab]
V  [jvm.dll+0x78e45c]
V  [jvm.dll+0x78888a]
V  [jvm.dll+0x676935]
C  [ucrtbase.dll+0x29333]
C  [KERNEL32.DLL+0x1257d]
C  [ntdll.dll+0x5aa48]


---------------  P R O C E S S  ---------------

Threads class SMR info:
_java_thread_list=0x00000211b18b9600, length=35, elements={
0x00000211f7ca6dc0, 0x00000211fdd010b0, 0x00000211fdd01a70, 0x00000211fdd1b970,
0x00000211fdd1c330, 0x00000211fdd1ccf0, 0x00000211fdd1f6c0, 0x00000211fdd21e80,
0x00000211fdd2c740, 0x00000211fdd4cc70, 0x00000211969b8d80, 0x0000021196a822e0,
0x00000211b17efa60, 0x0000021196a757c0, 0x00000211b193ffa0, 0x00000211969398a0,
0x00000211b03e77f0, 0x00000211b0a71800, 0x00000211b0a6ef80, 0x00000211b0a703c0,
0x00000211b0a6f9a0, 0x00000211b0a708d0, 0x00000211b0a72730, 0x00000211b0a712f0,
0x00000211b0a71d10, 0x00000211b0a6f490, 0x00000211b0a72220, 0x00000211b0a6feb0,
0x00000211b20054b0, 0x00000211b200b9f0, 0x00000211b2007820, 0x00000211b2005ed0,
0x00000211b2008c60, 0x00000211b2009680, 0x00000211b20063e0
}

Java Threads: ( => current thread )
  0x00000211f7ca6dc0 JavaThread "main" [_thread_blocked, id=17664, stack(0x000000d356300000,0x000000d356400000)]
  0x00000211fdd010b0 JavaThread "Reference Handler" daemon [_thread_blocked, id=4368, stack(0x000000d356a00000,0x000000d356b00000)]
  0x00000211fdd01a70 JavaThread "Finalizer" daemon [_thread_blocked, id=26364, stack(0x000000d356b00000,0x000000d356c00000)]
  0x00000211fdd1b970 JavaThread "Signal Dispatcher" daemon [_thread_blocked, id=15204, stack(0x000000d356c00000,0x000000d356d00000)]
  0x00000211fdd1c330 JavaThread "Attach Listener" daemon [_thread_blocked, id=18396, stack(0x000000d356d00000,0x000000d356e00000)]
  0x00000211fdd1ccf0 JavaThread "Service Thread" daemon [_thread_blocked, id=29916, stack(0x000000d356e00000,0x000000d356f00000)]
  0x00000211fdd1f6c0 JavaThread "Monitor Deflation Thread" daemon [_thread_blocked, id=14244, stack(0x000000d356f00000,0x000000d357000000)]
=>0x00000211fdd21e80 JavaThread "C2 CompilerThread0" daemon [_thread_in_native, id=17736, stack(0x000000d357000000,0x000000d357100000)]
  0x00000211fdd2c740 JavaThread "C1 CompilerThread0" daemon [_thread_blocked, id=20720, stack(0x000000d357100000,0x000000d357200000)]
  0x00000211fdd4cc70 JavaThread "Sweeper thread" daemon [_thread_blocked, id=21808, stack(0x000000d357200000,0x000000d357300000)]
  0x00000211969b8d80 JavaThread "Common-Cleaner" daemon [_thread_blocked, id=20408, stack(0x000000d357300000,0x000000d357400000)]
  0x0000021196a822e0 JavaThread "Notification Thread" daemon [_thread_blocked, id=24032, stack(0x000000d357400000,0x000000d357500000)]
  0x00000211b17efa60 JavaThread "Daemon health stats" [_thread_blocked, id=976, stack(0x000000d357b00000,0x000000d357c00000)]
  0x0000021196a757c0 JavaThread "Incoming local TCP Connector on port 49154" [_thread_in_native, id=29716, stack(0x000000d357d00000,0x000000d357e00000)]
  0x00000211b193ffa0 JavaThread "Daemon periodic checks" [_thread_blocked, id=30280, stack(0x000000d357e00000,0x000000d357f00000)]
  0x00000211969398a0 JavaThread "Daemon" [_thread_blocked, id=8992, stack(0x000000d357f00000,0x000000d358000000)]
  0x00000211b03e77f0 JavaThread "Handler for socket connection from /127.0.0.1:49154 to /127.0.0.1:49157" [_thread_in_native, id=18568, stack(0x000000d358000000,0x000000d358100000)]
  0x00000211b0a71800 JavaThread "Cancel handler" [_thread_blocked, id=5224, stack(0x000000d358100000,0x000000d358200000)]
  0x00000211b0a6ef80 JavaThread "Daemon worker" [_thread_in_Java, id=24212, stack(0x000000d358200000,0x000000d358300000)]
  0x00000211b0a703c0 JavaThread "Asynchronous log dispatcher for DefaultDaemonConnection: socket connection from /127.0.0.1:49154 to /127.0.0.1:49157" [_thread_blocked, id=25604, stack(0x000000d358300000,0x000000d358400000)]
  0x00000211b0a6f9a0 JavaThread "Stdin handler" [_thread_blocked, id=13456, stack(0x000000d358400000,0x000000d358500000)]
  0x00000211b0a708d0 JavaThread "Daemon client event forwarder" [_thread_blocked, id=21324, stack(0x000000d358500000,0x000000d358600000)]
  0x00000211b0a72730 JavaThread "Cache worker for journal cache (C:\Users\kimys\.gradle\caches\journal-1)" [_thread_blocked, id=5928, stack(0x000000d358600000,0x000000d358700000)]
  0x00000211b0a712f0 JavaThread "File lock request listener" [_thread_in_native, id=17008, stack(0x000000d358700000,0x000000d358800000)]
  0x00000211b0a71d10 JavaThread "File lock release action executor" [_thread_blocked, id=15368, stack(0x000000d358800000,0x000000d358900000)]
  0x00000211b0a6f490 JavaThread "Cache worker for file hash cache (C:\Users\kimys\.gradle\caches\8.7\fileHashes)" [_thread_blocked, id=13540, stack(0x000000d358900000,0x000000d358a00000)]
  0x00000211b0a72220 JavaThread "Cache worker for file hash cache (E:\_____spring___\스프링 자료\board_final\.gradle\8.7\fileHashes)" [_thread_blocked, id=18272, stack(0x000000d358c00000,0x000000d358d00000)]
  0x00000211b0a6feb0 JavaThread "File watcher server" daemon [_thread_in_native, id=22624, stack(0x000000d358d00000,0x000000d358e00000)]
  0x00000211b20054b0 JavaThread "File watcher consumer" daemon [_thread_blocked, id=24052, stack(0x000000d358e00000,0x000000d358f00000)]
  0x00000211b200b9f0 JavaThread "Cache worker for checksums cache (E:\_____spring___\스프링 자료\board_final\.gradle\8.7\checksums)" [_thread_blocked, id=20236, stack(0x000000d359000000,0x000000d359100000)]
  0x00000211b2007820 JavaThread "Cache worker for cache directory md-supplier (C:\Users\kimys\.gradle\caches\8.7\md-supplier)" [_thread_blocked, id=13308, stack(0x000000d359100000,0x000000d359200000)]
  0x00000211b2005ed0 JavaThread "Cache worker for cache directory md-rule (C:\Users\kimys\.gradle\caches\8.7\md-rule)" [_thread_blocked, id=13116, stack(0x000000d359200000,0x000000d359300000)]
  0x00000211b2008c60 JavaThread "Cache worker for file content cache (C:\Users\kimys\.gradle\caches\8.7\fileContent)" [_thread_blocked, id=15696, stack(0x000000d359300000,0x000000d359400000)]
  0x00000211b2009680 JavaThread "jar transforms" [_thread_blocked, id=18068, stack(0x000000d359400000,0x000000d359500000)]
  0x00000211b20063e0 JavaThread "jar transforms Thread 2" [_thread_blocked, id=30408, stack(0x000000d359700000,0x000000d359800000)]

Other Threads:
  0x00000211fdcfdf70 VMThread "VM Thread" [stack: 0x000000d356900000,0x000000d356a00000] [id=8292]
  0x00000211f7ca9a50 WatcherThread [stack: 0x000000d357500000,0x000000d357600000] [id=31828]
  0x00000211f7cd7200 GCTaskThread "GC Thread#0" [stack: 0x000000d356400000,0x000000d356500000] [id=30972]
  0x0000021196b90830 GCTaskThread "GC Thread#1" [stack: 0x000000d357600000,0x000000d357700000] [id=18776]
  0x0000021196b90af0 GCTaskThread "GC Thread#2" [stack: 0x000000d357700000,0x000000d357800000] [id=6396]
  0x0000021196b90db0 GCTaskThread "GC Thread#3" [stack: 0x000000d357800000,0x000000d357900000] [id=11360]
  0x0000021196b91070 GCTaskThread "GC Thread#4" [stack: 0x000000d357900000,0x000000d357a00000] [id=26580]
  0x00000211b0840180 GCTaskThread "GC Thread#5" [stack: 0x000000d357a00000,0x000000d357b00000] [id=16376]
  0x00000211b1ec3de0 GCTaskThread "GC Thread#6" [stack: 0x000000d358a00000,0x000000d358b00000] [id=23872]
  0x00000211b331f0b0 GCTaskThread "GC Thread#7" [stack: 0x000000d358b00000,0x000000d358c00000] [id=31456]
  0x00000211f7cdc050 ConcurrentGCThread "G1 Main Marker" [stack: 0x000000d356500000,0x000000d356600000] [id=4984]
  0x00000211f7cdc960 ConcurrentGCThread "G1 Conc#0" [stack: 0x000000d356600000,0x000000d356700000] [id=17180]
  0x00000211b1940480 ConcurrentGCThread "G1 Conc#1" [stack: 0x000000d358f00000,0x000000d359000000] [id=17680]
  0x00000211f7d4e770 ConcurrentGCThread "G1 Refine#0" [stack: 0x000000d356700000,0x000000d356800000] [id=7032]
  0x00000211fdbc02b0 ConcurrentGCThread "G1 Service" [stack: 0x000000d356800000,0x000000d356900000] [id=29228]

Threads with active compile tasks:
C2 CompilerThread0    49695 3338       4       jdk.internal.loader.URLClassPath::getResource (74 bytes)

VM state: not at safepoint (normal execution)

VM Mutex/Monitor currently owned by a thread: None

Heap address: 0x00000000e0000000, size: 512 MB, Compressed Oops mode: 32-bit

CDS archive(s) mapped at: [0x0000021197000000-0x0000021197bd0000-0x0000021197bd0000), size 12386304, SharedBaseAddress: 0x0000021197000000, ArchiveRelocationMode: 1.
Compressed class space mapped at: 0x0000021198000000-0x00000211ac000000, reserved size: 335544320
Narrow klass base: 0x0000021197000000, Narrow klass shift: 0, Narrow klass range: 0x100000000

GC Precious Log:
 CPUs: 8 total, 8 available
 Memory: 7900M
 Large Page Support: Disabled
 NUMA Support: Disabled
 Compressed Oops: Enabled (32-bit)
 Heap Region Size: 1M
 Heap Min Capacity: 256M
 Heap Initial Capacity: 256M
 Heap Max Capacity: 512M
 Pre-touch: Disabled
 Parallel Workers: 8
 Concurrent Workers: 2
 Concurrent Refinement Workers: 8
 Periodic GC: Disabled

Heap:
 garbage-first heap   total 262144K, used 77051K [0x00000000e0000000, 0x0000000100000000)
  region size 1024K, 56 young (57344K), 3 survivors (3072K)
 Metaspace       used 28244K, committed 28608K, reserved 393216K
  class space    used 4190K, committed 4352K, reserved 327680K

Heap Regions: E=young(eden), S=young(survivor), O=old, HS=humongous(starts), HC=humongous(continues), CS=collection set, F=free, OA=open archive, CA=closed archive, TAMS=top-at-mark-start (previous, next)
|   0|0x00000000e0000000, 0x00000000e0100000, 0x00000000e0100000|100%|HS|  |TAMS 0x00000000e0100000, 0x00000000e0000000| Complete 
|   1|0x00000000e0100000, 0x00000000e0200000, 0x00000000e0200000|100%|HC|  |TAMS 0x00000000e0200000, 0x00000000e0100000| Complete 
|   2|0x00000000e0200000, 0x00000000e0300000, 0x00000000e0300000|100%|HC|  |TAMS 0x00000000e0300000, 0x00000000e0200000| Complete 
|   3|0x00000000e0300000, 0x00000000e0400000, 0x00000000e0400000|100%|HC|  |TAMS 0x00000000e0400000, 0x00000000e0300000| Complete 
|   4|0x00000000e0400000, 0x00000000e0500000, 0x00000000e0500000|100%| O|  |TAMS 0x00000000e0500000, 0x00000000e0400000| Untracked 
|   5|0x00000000e0500000, 0x00000000e0600000, 0x00000000e0600000|100%| O|  |TAMS 0x00000000e0600000, 0x00000000e0500000| Untracked 
|   6|0x00000000e0600000, 0x00000000e0700000, 0x00000000e0700000|100%| O|  |TAMS 0x00000000e0700000, 0x00000000e0600000| Untracked 
|   7|0x00000000e0700000, 0x00000000e0800000, 0x00000000e0800000|100%| O|  |TAMS 0x00000000e0800000, 0x00000000e0700000| Untracked 
|   8|0x00000000e0800000, 0x00000000e0900000, 0x00000000e0900000|100%| O|  |TAMS 0x00000000e0900000, 0x00000000e0800000| Untracked 
|   9|0x00000000e0900000, 0x00000000e0a00000, 0x00000000e0a00000|100%| O|  |TAMS 0x00000000e0a00000, 0x00000000e0900000| Untracked 
|  10|0x00000000e0a00000, 0x00000000e0b00000, 0x00000000e0b00000|100%| O|  |TAMS 0x00000000e0ac2000, 0x00000000e0a00000| Untracked 
|  11|0x00000000e0b00000, 0x00000000e0c00000, 0x00000000e0c00000|100%| O|  |TAMS 0x00000000e0b00000, 0x00000000e0b00000| Untracked 
|  12|0x00000000e0c00000, 0x00000000e0d00000, 0x00000000e0d00000|100%| O|  |TAMS 0x00000000e0c00000, 0x00000000e0c00000| Untracked 
|  13|0x00000000e0d00000, 0x00000000e0e00000, 0x00000000e0e00000|100%| O|  |TAMS 0x00000000e0d00000, 0x00000000e0d00000| Untracked 
|  14|0x00000000e0e00000, 0x00000000e0f00000, 0x00000000e0f00000|100%| O|  |TAMS 0x00000000e0e00000, 0x00000000e0e00000| Untracked 
|  15|0x00000000e0f00000, 0x00000000e1000000, 0x00000000e1000000|100%| O|  |TAMS 0x00000000e0f00000, 0x00000000e0f00000| Untracked 
|  16|0x00000000e1000000, 0x00000000e1100000, 0x00000000e1100000|100%| O|  |TAMS 0x00000000e1000000, 0x00000000e1000000| Untracked 
|  17|0x00000000e1100000, 0x00000000e1200000, 0x00000000e1200000|100%| O|  |TAMS 0x00000000e1100000, 0x00000000e1100000| Untracked 
|  18|0x00000000e1200000, 0x00000000e1300000, 0x00000000e1300000|100%| O|  |TAMS 0x00000000e1200000, 0x00000000e1200000| Untracked 
|  19|0x00000000e1300000, 0x00000000e1400000, 0x00000000e1400000|100%| O|  |TAMS 0x00000000e1300000, 0x00000000e1300000| Untracked 
|  20|0x00000000e1400000, 0x00000000e14b6400, 0x00000000e1500000| 71%| O|  |TAMS 0x00000000e1400000, 0x00000000e1400000| Untracked 
|  21|0x00000000e1500000, 0x00000000e1500000, 0x00000000e1600000|  0%| F|  |TAMS 0x00000000e1500000, 0x00000000e1500000| Untracked 
|  22|0x00000000e1600000, 0x00000000e1600000, 0x00000000e1700000|  0%| F|  |TAMS 0x00000000e1600000, 0x00000000e1600000| Untracked 
|  23|0x00000000e1700000, 0x00000000e1700000, 0x00000000e1800000|  0%| F|  |TAMS 0x00000000e1700000, 0x00000000e1700000| Untracked 
|  24|0x00000000e1800000, 0x00000000e1800000, 0x00000000e1900000|  0%| F|  |TAMS 0x00000000e1800000, 0x00000000e1800000| Untracked 
|  25|0x00000000e1900000, 0x00000000e1900000, 0x00000000e1a00000|  0%| F|  |TAMS 0x00000000e1900000, 0x00000000e1900000| Untracked 
|  26|0x00000000e1a00000, 0x00000000e1a00000, 0x00000000e1b00000|  0%| F|  |TAMS 0x00000000e1a00000, 0x00000000e1a00000| Untracked 
|  27|0x00000000e1b00000, 0x00000000e1b00000, 0x00000000e1c00000|  0%| F|  |TAMS 0x00000000e1b00000, 0x00000000e1b00000| Untracked 
|  28|0x00000000e1c00000, 0x00000000e1c00000, 0x00000000e1d00000|  0%| F|  |TAMS 0x00000000e1c00000, 0x00000000e1c00000| Untracked 
|  29|0x00000000e1d00000, 0x00000000e1d00000, 0x00000000e1e00000|  0%| F|  |TAMS 0x00000000e1d00000, 0x00000000e1d00000| Untracked 
|  30|0x00000000e1e00000, 0x00000000e1e00000, 0x00000000e1f00000|  0%| F|  |TAMS 0x00000000e1e00000, 0x00000000e1e00000| Untracked 
|  31|0x00000000e1f00000, 0x00000000e1f00000, 0x00000000e2000000|  0%| F|  |TAMS 0x00000000e1f00000, 0x00000000e1f00000| Untracked 
|  32|0x00000000e2000000, 0x00000000e2000000, 0x00000000e2100000|  0%| F|  |TAMS 0x00000000e2000000, 0x00000000e2000000| Untracked 
|  33|0x00000000e2100000, 0x00000000e2100000, 0x00000000e2200000|  0%| F|  |TAMS 0x00000000e2100000, 0x00000000e2100000| Untracked 
|  34|0x00000000e2200000, 0x00000000e2200000, 0x00000000e2300000|  0%| F|  |TAMS 0x00000000e2200000, 0x00000000e2200000| Untracked 
|  35|0x00000000e2300000, 0x00000000e2300000, 0x00000000e2400000|  0%| F|  |TAMS 0x00000000e2300000, 0x00000000e2300000| Untracked 
|  36|0x00000000e2400000, 0x00000000e2400000, 0x00000000e2500000|  0%| F|  |TAMS 0x00000000e2400000, 0x00000000e2400000| Untracked 
|  37|0x00000000e2500000, 0x00000000e2500000, 0x00000000e2600000|  0%| F|  |TAMS 0x00000000e2500000, 0x00000000e2500000| Untracked 
|  38|0x00000000e2600000, 0x00000000e2600000, 0x00000000e2700000|  0%| F|  |TAMS 0x00000000e2600000, 0x00000000e2600000| Untracked 
|  39|0x00000000e2700000, 0x00000000e2700000, 0x00000000e2800000|  0%| F|  |TAMS 0x00000000e2700000, 0x00000000e2700000| Untracked 
|  40|0x00000000e2800000, 0x00000000e2800000, 0x00000000e2900000|  0%| F|  |TAMS 0x00000000e2800000, 0x00000000e2800000| Untracked 
|  41|0x00000000e2900000, 0x00000000e2900000, 0x00000000e2a00000|  0%| F|  |TAMS 0x00000000e2900000, 0x00000000e2900000| Untracked 
|  42|0x00000000e2a00000, 0x00000000e2a00000, 0x00000000e2b00000|  0%| F|  |TAMS 0x00000000e2a00000, 0x00000000e2a00000| Untracked 
|  43|0x00000000e2b00000, 0x00000000e2b00000, 0x00000000e2c00000|  0%| F|  |TAMS 0x00000000e2b00000, 0x00000000e2b00000| Untracked 
|  44|0x00000000e2c00000, 0x00000000e2c00000, 0x00000000e2d00000|  0%| F|  |TAMS 0x00000000e2c00000, 0x00000000e2c00000| Untracked 
|  45|0x00000000e2d00000, 0x00000000e2d00000, 0x00000000e2e00000|  0%| F|  |TAMS 0x00000000e2d00000, 0x00000000e2d00000| Untracked 
|  46|0x00000000e2e00000, 0x00000000e2e00000, 0x00000000e2f00000|  0%| F|  |TAMS 0x00000000e2e00000, 0x00000000e2e00000| Untracked 
|  47|0x00000000e2f00000, 0x00000000e2f00000, 0x00000000e3000000|  0%| F|  |TAMS 0x00000000e2f00000, 0x00000000e2f00000| Untracked 
|  48|0x00000000e3000000, 0x00000000e3000000, 0x00000000e3100000|  0%| F|  |TAMS 0x00000000e3000000, 0x00000000e3000000| Untracked 
|  49|0x00000000e3100000, 0x00000000e3100000, 0x00000000e3200000|  0%| F|  |TAMS 0x00000000e3100000, 0x00000000e3100000| Untracked 
|  50|0x00000000e3200000, 0x00000000e3200000, 0x00000000e3300000|  0%| F|  |TAMS 0x00000000e3200000, 0x00000000e3200000| Untracked 
|  51|0x00000000e3300000, 0x00000000e3300000, 0x00000000e3400000|  0%| F|  |TAMS 0x00000000e3300000, 0x00000000e3300000| Untracked 
|  52|0x00000000e3400000, 0x00000000e3400000, 0x00000000e3500000|  0%| F|  |TAMS 0x00000000e3400000, 0x00000000e3400000| Untracked 
|  53|0x00000000e3500000, 0x00000000e3500000, 0x00000000e3600000|  0%| F|  |TAMS 0x00000000e3500000, 0x00000000e3500000| Untracked 
|  54|0x00000000e3600000, 0x00000000e3600000, 0x00000000e3700000|  0%| F|  |TAMS 0x00000000e3600000, 0x00000000e3600000| Untracked 
|  55|0x00000000e3700000, 0x00000000e3700000, 0x00000000e3800000|  0%| F|  |TAMS 0x00000000e3700000, 0x00000000e3700000| Untracked 
|  56|0x00000000e3800000, 0x00000000e3800000, 0x00000000e3900000|  0%| F|  |TAMS 0x00000000e3800000, 0x00000000e3800000| Untracked 
|  57|0x00000000e3900000, 0x00000000e3900000, 0x00000000e3a00000|  0%| F|  |TAMS 0x00000000e3900000, 0x00000000e3900000| Untracked 
|  58|0x00000000e3a00000, 0x00000000e3a00000, 0x00000000e3b00000|  0%| F|  |TAMS 0x00000000e3a00000, 0x00000000e3a00000| Untracked 
|  59|0x00000000e3b00000, 0x00000000e3b00000, 0x00000000e3c00000|  0%| F|  |TAMS 0x00000000e3b00000, 0x00000000e3b00000| Untracked 
|  60|0x00000000e3c00000, 0x00000000e3c00000, 0x00000000e3d00000|  0%| F|  |TAMS 0x00000000e3c00000, 0x00000000e3c00000| Untracked 
|  61|0x00000000e3d00000, 0x00000000e3d00000, 0x00000000e3e00000|  0%| F|  |TAMS 0x00000000e3d00000, 0x00000000e3d00000| Untracked 
|  62|0x00000000e3e00000, 0x00000000e3e00000, 0x00000000e3f00000|  0%| F|  |TAMS 0x00000000e3e00000, 0x00000000e3e00000| Untracked 
|  63|0x00000000e3f00000, 0x00000000e3f00000, 0x00000000e4000000|  0%| F|  |TAMS 0x00000000e3f00000, 0x00000000e3f00000| Untracked 
|  64|0x00000000e4000000, 0x00000000e4000000, 0x00000000e4100000|  0%| F|  |TAMS 0x00000000e4000000, 0x00000000e4000000| Untracked 
|  65|0x00000000e4100000, 0x00000000e4100000, 0x00000000e4200000|  0%| F|  |TAMS 0x00000000e4100000, 0x00000000e4100000| Untracked 
|  66|0x00000000e4200000, 0x00000000e4200000, 0x00000000e4300000|  0%| F|  |TAMS 0x00000000e4200000, 0x00000000e4200000| Untracked 
|  67|0x00000000e4300000, 0x00000000e4300000, 0x00000000e4400000|  0%| F|  |TAMS 0x00000000e4300000, 0x00000000e4300000| Untracked 
|  68|0x00000000e4400000, 0x00000000e4400000, 0x00000000e4500000|  0%| F|  |TAMS 0x00000000e4400000, 0x00000000e4400000| Untracked 
|  69|0x00000000e4500000, 0x00000000e4500000, 0x00000000e4600000|  0%| F|  |TAMS 0x00000000e4500000, 0x00000000e4500000| Untracked 
|  70|0x00000000e4600000, 0x00000000e4600000, 0x00000000e4700000|  0%| F|  |TAMS 0x00000000e4600000, 0x00000000e4600000| Untracked 
|  71|0x00000000e4700000, 0x00000000e4700000, 0x00000000e4800000|  0%| F|  |TAMS 0x00000000e4700000, 0x00000000e4700000| Untracked 
|  72|0x00000000e4800000, 0x00000000e4800000, 0x00000000e4900000|  0%| F|  |TAMS 0x00000000e4800000, 0x00000000e4800000| Untracked 
|  73|0x00000000e4900000, 0x00000000e4900000, 0x00000000e4a00000|  0%| F|  |TAMS 0x00000000e4900000, 0x00000000e4900000| Untracked 
|  74|0x00000000e4a00000, 0x00000000e4a00000, 0x00000000e4b00000|  0%| F|  |TAMS 0x00000000e4a00000, 0x00000000e4a00000| Untracked 
|  75|0x00000000e4b00000, 0x00000000e4b00000, 0x00000000e4c00000|  0%| F|  |TAMS 0x00000000e4b00000, 0x00000000e4b00000| Untracked 
|  76|0x00000000e4c00000, 0x00000000e4c00000, 0x00000000e4d00000|  0%| F|  |TAMS 0x00000000e4c00000, 0x00000000e4c00000| Untracked 
|  77|0x00000000e4d00000, 0x00000000e4d00000, 0x00000000e4e00000|  0%| F|  |TAMS 0x00000000e4d00000, 0x00000000e4d00000| Untracked 
|  78|0x00000000e4e00000, 0x00000000e4e00000, 0x00000000e4f00000|  0%| F|  |TAMS 0x00000000e4e00000, 0x00000000e4e00000| Untracked 
|  79|0x00000000e4f00000, 0x00000000e4f00000, 0x00000000e5000000|  0%| F|  |TAMS 0x00000000e4f00000, 0x00000000e4f00000| Untracked 
|  80|0x00000000e5000000, 0x00000000e5000000, 0x00000000e5100000|  0%| F|  |TAMS 0x00000000e5000000, 0x00000000e5000000| Untracked 
|  81|0x00000000e5100000, 0x00000000e5100000, 0x00000000e5200000|  0%| F|  |TAMS 0x00000000e5100000, 0x00000000e5100000| Untracked 
|  82|0x00000000e5200000, 0x00000000e5200000, 0x00000000e5300000|  0%| F|  |TAMS 0x00000000e5200000, 0x00000000e5200000| Untracked 
|  83|0x00000000e5300000, 0x00000000e5300000, 0x00000000e5400000|  0%| F|  |TAMS 0x00000000e5300000, 0x00000000e5300000| Untracked 
|  84|0x00000000e5400000, 0x00000000e5400000, 0x00000000e5500000|  0%| F|  |TAMS 0x00000000e5400000, 0x00000000e5400000| Untracked 
|  85|0x00000000e5500000, 0x00000000e5500000, 0x00000000e5600000|  0%| F|  |TAMS 0x00000000e5500000, 0x00000000e5500000| Untracked 
|  86|0x00000000e5600000, 0x00000000e5600000, 0x00000000e5700000|  0%| F|  |TAMS 0x00000000e5600000, 0x00000000e5600000| Untracked 
|  87|0x00000000e5700000, 0x00000000e5700000, 0x00000000e5800000|  0%| F|  |TAMS 0x00000000e5700000, 0x00000000e5700000| Untracked 
|  88|0x00000000e5800000, 0x00000000e5800000, 0x00000000e5900000|  0%| F|  |TAMS 0x00000000e5800000, 0x00000000e5800000| Untracked 
|  89|0x00000000e5900000, 0x00000000e5900000, 0x00000000e5a00000|  0%| F|  |TAMS 0x00000000e5900000, 0x00000000e5900000| Untracked 
|  90|0x00000000e5a00000, 0x00000000e5a00000, 0x00000000e5b00000|  0%| F|  |TAMS 0x00000000e5a00000, 0x00000000e5a00000| Untracked 
|  91|0x00000000e5b00000, 0x00000000e5b00000, 0x00000000e5c00000|  0%| F|  |TAMS 0x00000000e5b00000, 0x00000000e5b00000| Untracked 
|  92|0x00000000e5c00000, 0x00000000e5c00000, 0x00000000e5d00000|  0%| F|  |TAMS 0x00000000e5c00000, 0x00000000e5c00000| Untracked 
|  93|0x00000000e5d00000, 0x00000000e5d00000, 0x00000000e5e00000|  0%| F|  |TAMS 0x00000000e5d00000, 0x00000000e5d00000| Untracked 
|  94|0x00000000e5e00000, 0x00000000e5e00000, 0x00000000e5f00000|  0%| F|  |TAMS 0x00000000e5e00000, 0x00000000e5e00000| Untracked 
|  95|0x00000000e5f00000, 0x00000000e5f00000, 0x00000000e6000000|  0%| F|  |TAMS 0x00000000e5f00000, 0x00000000e5f00000| Untracked 
|  96|0x00000000e6000000, 0x00000000e6000000, 0x00000000e6100000|  0%| F|  |TAMS 0x00000000e6000000, 0x00000000e6000000| Untracked 
|  97|0x00000000e6100000, 0x00000000e6100000, 0x00000000e6200000|  0%| F|  |TAMS 0x00000000e6100000, 0x00000000e6100000| Untracked 
|  98|0x00000000e6200000, 0x00000000e6200000, 0x00000000e6300000|  0%| F|  |TAMS 0x00000000e6200000, 0x00000000e6200000| Untracked 
|  99|0x00000000e6300000, 0x00000000e6300000, 0x00000000e6400000|  0%| F|  |TAMS 0x00000000e6300000, 0x00000000e6300000| Untracked 
| 100|0x00000000e6400000, 0x00000000e6400000, 0x00000000e6500000|  0%| F|  |TAMS 0x00000000e6400000, 0x00000000e6400000| Untracked 
| 101|0x00000000e6500000, 0x00000000e6500000, 0x00000000e6600000|  0%| F|  |TAMS 0x00000000e6500000, 0x00000000e6500000| Untracked 
| 102|0x00000000e6600000, 0x00000000e6600000, 0x00000000e6700000|  0%| F|  |TAMS 0x00000000e6600000, 0x00000000e6600000| Untracked 
| 103|0x00000000e6700000, 0x00000000e6700000, 0x00000000e6800000|  0%| F|  |TAMS 0x00000000e6700000, 0x00000000e6700000| Untracked 
| 104|0x00000000e6800000, 0x00000000e6800000, 0x00000000e6900000|  0%| F|  |TAMS 0x00000000e6800000, 0x00000000e6800000| Untracked 
| 105|0x00000000e6900000, 0x00000000e6900000, 0x00000000e6a00000|  0%| F|  |TAMS 0x00000000e6900000, 0x00000000e6900000| Untracked 
| 106|0x00000000e6a00000, 0x00000000e6a00000, 0x00000000e6b00000|  0%| F|  |TAMS 0x00000000e6a00000, 0x00000000e6a00000| Untracked 
| 107|0x00000000e6b00000, 0x00000000e6b00000, 0x00000000e6c00000|  0%| F|  |TAMS 0x00000000e6b00000, 0x00000000e6b00000| Untracked 
| 108|0x00000000e6c00000, 0x00000000e6c00000, 0x00000000e6d00000|  0%| F|  |TAMS 0x00000000e6c00000, 0x00000000e6c00000| Untracked 
| 109|0x00000000e6d00000, 0x00000000e6d00000, 0x00000000e6e00000|  0%| F|  |TAMS 0x00000000e6d00000, 0x00000000e6d00000| Untracked 
| 110|0x00000000e6e00000, 0x00000000e6e00000, 0x00000000e6f00000|  0%| F|  |TAMS 0x00000000e6e00000, 0x00000000e6e00000| Untracked 
| 111|0x00000000e6f00000, 0x00000000e6f00000, 0x00000000e7000000|  0%| F|  |TAMS 0x00000000e6f00000, 0x00000000e6f00000| Untracked 
| 112|0x00000000e7000000, 0x00000000e7000000, 0x00000000e7100000|  0%| F|  |TAMS 0x00000000e7000000, 0x00000000e7000000| Untracked 
| 113|0x00000000e7100000, 0x00000000e7100000, 0x00000000e7200000|  0%| F|  |TAMS 0x00000000e7100000, 0x00000000e7100000| Untracked 
| 114|0x00000000e7200000, 0x00000000e7200000, 0x00000000e7300000|  0%| F|  |TAMS 0x00000000e7200000, 0x00000000e7200000| Untracked 
| 115|0x00000000e7300000, 0x00000000e7300000, 0x00000000e7400000|  0%| F|  |TAMS 0x00000000e7300000, 0x00000000e7300000| Untracked 
| 116|0x00000000e7400000, 0x00000000e7400000, 0x00000000e7500000|  0%| F|  |TAMS 0x00000000e7400000, 0x00000000e7400000| Untracked 
| 117|0x00000000e7500000, 0x00000000e7500000, 0x00000000e7600000|  0%| F|  |TAMS 0x00000000e7500000, 0x00000000e7500000| Untracked 
| 118|0x00000000e7600000, 0x00000000e7600000, 0x00000000e7700000|  0%| F|  |TAMS 0x00000000e7600000, 0x00000000e7600000| Untracked 
| 119|0x00000000e7700000, 0x00000000e7700000, 0x00000000e7800000|  0%| F|  |TAMS 0x00000000e7700000, 0x00000000e7700000| Untracked 
| 120|0x00000000e7800000, 0x00000000e7800000, 0x00000000e7900000|  0%| F|  |TAMS 0x00000000e7800000, 0x00000000e7800000| Untracked 
| 121|0x00000000e7900000, 0x00000000e7900000, 0x00000000e7a00000|  0%| F|  |TAMS 0x00000000e7900000, 0x00000000e7900000| Untracked 
| 122|0x00000000e7a00000, 0x00000000e7a00000, 0x00000000e7b00000|  0%| F|  |TAMS 0x00000000e7a00000, 0x00000000e7a00000| Untracked 
| 123|0x00000000e7b00000, 0x00000000e7b00000, 0x00000000e7c00000|  0%| F|  |TAMS 0x00000000e7b00000, 0x00000000e7b00000| Untracked 
| 124|0x00000000e7c00000, 0x00000000e7c00000, 0x00000000e7d00000|  0%| F|  |TAMS 0x00000000e7c00000, 0x00000000e7c00000| Untracked 
| 125|0x00000000e7d00000, 0x00000000e7d00000, 0x00000000e7e00000|  0%| F|  |TAMS 0x00000000e7d00000, 0x00000000e7d00000| Untracked 
| 126|0x00000000e7e00000, 0x00000000e7e00000, 0x00000000e7f00000|  0%| F|  |TAMS 0x00000000e7e00000, 0x00000000e7e00000| Untracked 
| 127|0x00000000e7f00000, 0x00000000e7f00000, 0x00000000e8000000|  0%| F|  |TAMS 0x00000000e7f00000, 0x00000000e7f00000| Untracked 
| 128|0x00000000e8000000, 0x00000000e8000000, 0x00000000e8100000|  0%| F|  |TAMS 0x00000000e8000000, 0x00000000e8000000| Untracked 
| 129|0x00000000e8100000, 0x00000000e8100000, 0x00000000e8200000|  0%| F|  |TAMS 0x00000000e8100000, 0x00000000e8100000| Untracked 
| 130|0x00000000e8200000, 0x00000000e8200000, 0x00000000e8300000|  0%| F|  |TAMS 0x00000000e8200000, 0x00000000e8200000| Untracked 
| 131|0x00000000e8300000, 0x00000000e8300000, 0x00000000e8400000|  0%| F|  |TAMS 0x00000000e8300000, 0x00000000e8300000| Untracked 
| 132|0x00000000e8400000, 0x00000000e8400000, 0x00000000e8500000|  0%| F|  |TAMS 0x00000000e8400000, 0x00000000e8400000| Untracked 
| 133|0x00000000e8500000, 0x00000000e8500000, 0x00000000e8600000|  0%| F|  |TAMS 0x00000000e8500000, 0x00000000e8500000| Untracked 
| 134|0x00000000e8600000, 0x00000000e8600000, 0x00000000e8700000|  0%| F|  |TAMS 0x00000000e8600000, 0x00000000e8600000| Untracked 
| 135|0x00000000e8700000, 0x00000000e8700000, 0x00000000e8800000|  0%| F|  |TAMS 0x00000000e8700000, 0x00000000e8700000| Untracked 
| 136|0x00000000e8800000, 0x00000000e8800000, 0x00000000e8900000|  0%| F|  |TAMS 0x00000000e8800000, 0x00000000e8800000| Untracked 
| 137|0x00000000e8900000, 0x00000000e8900000, 0x00000000e8a00000|  0%| F|  |TAMS 0x00000000e8900000, 0x00000000e8900000| Untracked 
| 138|0x00000000e8a00000, 0x00000000e8a00000, 0x00000000e8b00000|  0%| F|  |TAMS 0x00000000e8a00000, 0x00000000e8a00000| Untracked 
| 139|0x00000000e8b00000, 0x00000000e8b00000, 0x00000000e8c00000|  0%| F|  |TAMS 0x00000000e8b00000, 0x00000000e8b00000| Untracked 
| 140|0x00000000e8c00000, 0x00000000e8c00000, 0x00000000e8d00000|  0%| F|  |TAMS 0x00000000e8c00000, 0x00000000e8c00000| Untracked 
| 141|0x00000000e8d00000, 0x00000000e8d00000, 0x00000000e8e00000|  0%| F|  |TAMS 0x00000000e8d00000, 0x00000000e8d00000| Untracked 
| 142|0x00000000e8e00000, 0x00000000e8e00000, 0x00000000e8f00000|  0%| F|  |TAMS 0x00000000e8e00000, 0x00000000e8e00000| Untracked 
| 143|0x00000000e8f00000, 0x00000000e8f00000, 0x00000000e9000000|  0%| F|  |TAMS 0x00000000e8f00000, 0x00000000e8f00000| Untracked 
| 144|0x00000000e9000000, 0x00000000e9000000, 0x00000000e9100000|  0%| F|  |TAMS 0x00000000e9000000, 0x00000000e9000000| Untracked 
| 145|0x00000000e9100000, 0x00000000e9100000, 0x00000000e9200000|  0%| F|  |TAMS 0x00000000e9100000, 0x00000000e9100000| Untracked 
| 146|0x00000000e9200000, 0x00000000e9200000, 0x00000000e9300000|  0%| F|  |TAMS 0x00000000e9200000, 0x00000000e9200000| Untracked 
| 147|0x00000000e9300000, 0x00000000e9300000, 0x00000000e9400000|  0%| F|  |TAMS 0x00000000e9300000, 0x00000000e9300000| Untracked 
| 148|0x00000000e9400000, 0x00000000e9400000, 0x00000000e9500000|  0%| F|  |TAMS 0x00000000e9400000, 0x00000000e9400000| Untracked 
| 149|0x00000000e9500000, 0x00000000e9500000, 0x00000000e9600000|  0%| F|  |TAMS 0x00000000e9500000, 0x00000000e9500000| Untracked 
| 150|0x00000000e9600000, 0x00000000e9600000, 0x00000000e9700000|  0%| F|  |TAMS 0x00000000e9600000, 0x00000000e9600000| Untracked 
| 151|0x00000000e9700000, 0x00000000e9700000, 0x00000000e9800000|  0%| F|  |TAMS 0x00000000e9700000, 0x00000000e9700000| Untracked 
| 152|0x00000000e9800000, 0x00000000e9800000, 0x00000000e9900000|  0%| F|  |TAMS 0x00000000e9800000, 0x00000000e9800000| Untracked 
| 153|0x00000000e9900000, 0x00000000e9900000, 0x00000000e9a00000|  0%| F|  |TAMS 0x00000000e9900000, 0x00000000e9900000| Untracked 
| 154|0x00000000e9a00000, 0x00000000e9a00000, 0x00000000e9b00000|  0%| F|  |TAMS 0x00000000e9a00000, 0x00000000e9a00000| Untracked 
| 155|0x00000000e9b00000, 0x00000000e9b00000, 0x00000000e9c00000|  0%| F|  |TAMS 0x00000000e9b00000, 0x00000000e9b00000| Untracked 
| 156|0x00000000e9c00000, 0x00000000e9c00000, 0x00000000e9d00000|  0%| F|  |TAMS 0x00000000e9c00000, 0x00000000e9c00000| Untracked 
| 157|0x00000000e9d00000, 0x00000000e9d00000, 0x00000000e9e00000|  0%| F|  |TAMS 0x00000000e9d00000, 0x00000000e9d00000| Untracked 
| 158|0x00000000e9e00000, 0x00000000e9e00000, 0x00000000e9f00000|  0%| F|  |TAMS 0x00000000e9e00000, 0x00000000e9e00000| Untracked 
| 159|0x00000000e9f00000, 0x00000000e9f00000, 0x00000000ea000000|  0%| F|  |TAMS 0x00000000e9f00000, 0x00000000e9f00000| Untracked 
| 160|0x00000000ea000000, 0x00000000ea000000, 0x00000000ea100000|  0%| F|  |TAMS 0x00000000ea000000, 0x00000000ea000000| Untracked 
| 161|0x00000000ea100000, 0x00000000ea100000, 0x00000000ea200000|  0%| F|  |TAMS 0x00000000ea100000, 0x00000000ea100000| Untracked 
| 162|0x00000000ea200000, 0x00000000ea200000, 0x00000000ea300000|  0%| F|  |TAMS 0x00000000ea200000, 0x00000000ea200000| Untracked 
| 163|0x00000000ea300000, 0x00000000ea300000, 0x00000000ea400000|  0%| F|  |TAMS 0x00000000ea300000, 0x00000000ea300000| Untracked 
| 164|0x00000000ea400000, 0x00000000ea400000, 0x00000000ea500000|  0%| F|  |TAMS 0x00000000ea400000, 0x00000000ea400000| Untracked 
| 165|0x00000000ea500000, 0x00000000ea500000, 0x00000000ea600000|  0%| F|  |TAMS 0x00000000ea500000, 0x00000000ea500000| Untracked 
| 166|0x00000000ea600000, 0x00000000ea600000, 0x00000000ea700000|  0%| F|  |TAMS 0x00000000ea600000, 0x00000000ea600000| Untracked 
| 167|0x00000000ea700000, 0x00000000ea700000, 0x00000000ea800000|  0%| F|  |TAMS 0x00000000ea700000, 0x00000000ea700000| Untracked 
| 168|0x00000000ea800000, 0x00000000ea800000, 0x00000000ea900000|  0%| F|  |TAMS 0x00000000ea800000, 0x00000000ea800000| Untracked 
| 169|0x00000000ea900000, 0x00000000ea900000, 0x00000000eaa00000|  0%| F|  |TAMS 0x00000000ea900000, 0x00000000ea900000| Untracked 
| 170|0x00000000eaa00000, 0x00000000eaa00000, 0x00000000eab00000|  0%| F|  |TAMS 0x00000000eaa00000, 0x00000000eaa00000| Untracked 
| 171|0x00000000eab00000, 0x00000000eab00000, 0x00000000eac00000|  0%| F|  |TAMS 0x00000000eab00000, 0x00000000eab00000| Untracked 
| 172|0x00000000eac00000, 0x00000000eac00000, 0x00000000ead00000|  0%| F|  |TAMS 0x00000000eac00000, 0x00000000eac00000| Untracked 
| 173|0x00000000ead00000, 0x00000000ead00000, 0x00000000eae00000|  0%| F|  |TAMS 0x00000000ead00000, 0x00000000ead00000| Untracked 
| 174|0x00000000eae00000, 0x00000000eae00000, 0x00000000eaf00000|  0%| F|  |TAMS 0x00000000eae00000, 0x00000000eae00000| Untracked 
| 175|0x00000000eaf00000, 0x00000000eaf00000, 0x00000000eb000000|  0%| F|  |TAMS 0x00000000eaf00000, 0x00000000eaf00000| Untracked 
| 176|0x00000000eb000000, 0x00000000eb000000, 0x00000000eb100000|  0%| F|  |TAMS 0x00000000eb000000, 0x00000000eb000000| Untracked 
| 177|0x00000000eb100000, 0x00000000eb100000, 0x00000000eb200000|  0%| F|  |TAMS 0x00000000eb100000, 0x00000000eb100000| Untracked 
| 178|0x00000000eb200000, 0x00000000eb200000, 0x00000000eb300000|  0%| F|  |TAMS 0x00000000eb200000, 0x00000000eb200000| Untracked 
| 179|0x00000000eb300000, 0x00000000eb300000, 0x00000000eb400000|  0%| F|  |TAMS 0x00000000eb300000, 0x00000000eb300000| Untracked 
| 180|0x00000000eb400000, 0x00000000eb400000, 0x00000000eb500000|  0%| F|  |TAMS 0x00000000eb400000, 0x00000000eb400000| Untracked 
| 181|0x00000000eb500000, 0x00000000eb500000, 0x00000000eb600000|  0%| F|  |TAMS 0x00000000eb500000, 0x00000000eb500000| Untracked 
| 182|0x00000000eb600000, 0x00000000eb600000, 0x00000000eb700000|  0%| F|  |TAMS 0x00000000eb600000, 0x00000000eb600000| Untracked 
| 183|0x00000000eb700000, 0x00000000eb700000, 0x00000000eb800000|  0%| F|  |TAMS 0x00000000eb700000, 0x00000000eb700000| Untracked 
| 184|0x00000000eb800000, 0x00000000eb800000, 0x00000000eb900000|  0%| F|  |TAMS 0x00000000eb800000, 0x00000000eb800000| Untracked 
| 185|0x00000000eb900000, 0x00000000eb900000, 0x00000000eba00000|  0%| F|  |TAMS 0x00000000eb900000, 0x00000000eb900000| Untracked 
| 186|0x00000000eba00000, 0x00000000eba00000, 0x00000000ebb00000|  0%| F|  |TAMS 0x00000000eba00000, 0x00000000eba00000| Untracked 
| 187|0x00000000ebb00000, 0x00000000ebb00000, 0x00000000ebc00000|  0%| F|  |TAMS 0x00000000ebb00000, 0x00000000ebb00000| Untracked 
| 188|0x00000000ebc00000, 0x00000000ebc00000, 0x00000000ebd00000|  0%| F|  |TAMS 0x00000000ebc00000, 0x00000000ebc00000| Untracked 
| 189|0x00000000ebd00000, 0x00000000ebd00000, 0x00000000ebe00000|  0%| F|  |TAMS 0x00000000ebd00000, 0x00000000ebd00000| Untracked 
| 190|0x00000000ebe00000, 0x00000000ebe00000, 0x00000000ebf00000|  0%| F|  |TAMS 0x00000000ebe00000, 0x00000000ebe00000| Untracked 
| 191|0x00000000ebf00000, 0x00000000ebf00000, 0x00000000ec000000|  0%| F|  |TAMS 0x00000000ebf00000, 0x00000000ebf00000| Untracked 
| 192|0x00000000ec000000, 0x00000000ec000000, 0x00000000ec100000|  0%| F|  |TAMS 0x00000000ec000000, 0x00000000ec000000| Untracked 
| 193|0x00000000ec100000, 0x00000000ec100000, 0x00000000ec200000|  0%| F|  |TAMS 0x00000000ec100000, 0x00000000ec100000| Untracked 
| 194|0x00000000ec200000, 0x00000000ec200000, 0x00000000ec300000|  0%| F|  |TAMS 0x00000000ec200000, 0x00000000ec200000| Untracked 
| 195|0x00000000ec300000, 0x00000000ec300000, 0x00000000ec400000|  0%| F|  |TAMS 0x00000000ec300000, 0x00000000ec300000| Untracked 
| 196|0x00000000ec400000, 0x00000000ec400000, 0x00000000ec500000|  0%| F|  |TAMS 0x00000000ec400000, 0x00000000ec400000| Untracked 
| 197|0x00000000ec500000, 0x00000000ec500000, 0x00000000ec600000|  0%| F|  |TAMS 0x00000000ec500000, 0x00000000ec500000| Untracked 
| 198|0x00000000ec600000, 0x00000000ec600000, 0x00000000ec700000|  0%| F|  |TAMS 0x00000000ec600000, 0x00000000ec600000| Untracked 
| 199|0x00000000ec700000, 0x00000000ec700000, 0x00000000ec800000|  0%| F|  |TAMS 0x00000000ec700000, 0x00000000ec700000| Untracked 
| 200|0x00000000ec800000, 0x00000000ec8f8700, 0x00000000ec900000| 97%| E|  |TAMS 0x00000000ec800000, 0x00000000ec800000| Complete 
| 201|0x00000000ec900000, 0x00000000eca00000, 0x00000000eca00000|100%| E|CS|TAMS 0x00000000ec900000, 0x00000000ec900000| Complete 
| 202|0x00000000eca00000, 0x00000000ecb00000, 0x00000000ecb00000|100%| E|CS|TAMS 0x00000000eca00000, 0x00000000eca00000| Complete 
| 203|0x00000000ecb00000, 0x00000000ecc00000, 0x00000000ecc00000|100%| E|CS|TAMS 0x00000000ecb00000, 0x00000000ecb00000| Complete 
| 204|0x00000000ecc00000, 0x00000000ecd00000, 0x00000000ecd00000|100%| E|CS|TAMS 0x00000000ecc00000, 0x00000000ecc00000| Complete 
| 205|0x00000000ecd00000, 0x00000000ece00000, 0x00000000ece00000|100%| E|CS|TAMS 0x00000000ecd00000, 0x00000000ecd00000| Complete 
| 206|0x00000000ece00000, 0x00000000ecf00000, 0x00000000ecf00000|100%| E|CS|TAMS 0x00000000ece00000, 0x00000000ece00000| Complete 
| 207|0x00000000ecf00000, 0x00000000ed000000, 0x00000000ed000000|100%| E|CS|TAMS 0x00000000ecf00000, 0x00000000ecf00000| Complete 
| 208|0x00000000ed000000, 0x00000000ed100000, 0x00000000ed100000|100%| E|CS|TAMS 0x00000000ed000000, 0x00000000ed000000| Complete 
| 209|0x00000000ed100000, 0x00000000ed200000, 0x00000000ed200000|100%| E|CS|TAMS 0x00000000ed100000, 0x00000000ed100000| Complete 
| 210|0x00000000ed200000, 0x00000000ed300000, 0x00000000ed300000|100%| E|CS|TAMS 0x00000000ed200000, 0x00000000ed200000| Complete 
| 211|0x00000000ed300000, 0x00000000ed400000, 0x00000000ed400000|100%| E|CS|TAMS 0x00000000ed300000, 0x00000000ed300000| Complete 
| 212|0x00000000ed400000, 0x00000000ed500000, 0x00000000ed500000|100%| E|CS|TAMS 0x00000000ed400000, 0x00000000ed400000| Complete 
| 213|0x00000000ed500000, 0x00000000ed600000, 0x00000000ed600000|100%| E|CS|TAMS 0x00000000ed500000, 0x00000000ed500000| Complete 
| 214|0x00000000ed600000, 0x00000000ed700000, 0x00000000ed700000|100%| E|CS|TAMS 0x00000000ed600000, 0x00000000ed600000| Complete 
| 215|0x00000000ed700000, 0x00000000ed800000, 0x00000000ed800000|100%| E|CS|TAMS 0x00000000ed700000, 0x00000000ed700000| Complete 
| 216|0x00000000ed800000, 0x00000000ed900000, 0x00000000ed900000|100%| E|CS|TAMS 0x00000000ed800000, 0x00000000ed800000| Complete 
| 217|0x00000000ed900000, 0x00000000eda00000, 0x00000000eda00000|100%| E|CS|TAMS 0x00000000ed900000, 0x00000000ed900000| Complete 
| 218|0x00000000eda00000, 0x00000000edb00000, 0x00000000edb00000|100%| E|CS|TAMS 0x00000000eda00000, 0x00000000eda00000| Complete 
| 219|0x00000000edb00000, 0x00000000edc00000, 0x00000000edc00000|100%| E|CS|TAMS 0x00000000edb00000, 0x00000000edb00000| Complete 
| 220|0x00000000edc00000, 0x00000000edd00000, 0x00000000edd00000|100%| E|CS|TAMS 0x00000000edc00000, 0x00000000edc00000| Complete 
| 221|0x00000000edd00000, 0x00000000ede00000, 0x00000000ede00000|100%| E|CS|TAMS 0x00000000edd00000, 0x00000000edd00000| Complete 
| 222|0x00000000ede00000, 0x00000000ede88a20, 0x00000000edf00000| 53%| S|CS|TAMS 0x00000000ede00000, 0x00000000ede00000| Complete 
| 223|0x00000000edf00000, 0x00000000ee000000, 0x00000000ee000000|100%| S|CS|TAMS 0x00000000edf00000, 0x00000000edf00000| Complete 
| 224|0x00000000ee000000, 0x00000000ee100000, 0x00000000ee100000|100%| S|CS|TAMS 0x00000000ee000000, 0x00000000ee000000| Complete 
| 225|0x00000000ee100000, 0x00000000ee200000, 0x00000000ee200000|100%| E|CS|TAMS 0x00000000ee100000, 0x00000000ee100000| Complete 
| 226|0x00000000ee200000, 0x00000000ee300000, 0x00000000ee300000|100%| E|CS|TAMS 0x00000000ee200000, 0x00000000ee200000| Complete 
| 227|0x00000000ee300000, 0x00000000ee400000, 0x00000000ee400000|100%| E|CS|TAMS 0x00000000ee300000, 0x00000000ee300000| Complete 
| 228|0x00000000ee400000, 0x00000000ee500000, 0x00000000ee500000|100%| E|CS|TAMS 0x00000000ee400000, 0x00000000ee400000| Complete 
| 229|0x00000000ee500000, 0x00000000ee600000, 0x00000000ee600000|100%| E|CS|TAMS 0x00000000ee500000, 0x00000000ee500000| Complete 
| 230|0x00000000ee600000, 0x00000000ee700000, 0x00000000ee700000|100%| E|CS|TAMS 0x00000000ee600000, 0x00000000ee600000| Complete 
| 231|0x00000000ee700000, 0x00000000ee800000, 0x00000000ee800000|100%| E|CS|TAMS 0x00000000ee700000, 0x00000000ee700000| Complete 
| 232|0x00000000ee800000, 0x00000000ee900000, 0x00000000ee900000|100%| E|CS|TAMS 0x00000000ee800000, 0x00000000ee800000| Complete 
| 233|0x00000000ee900000, 0x00000000eea00000, 0x00000000eea00000|100%| E|CS|TAMS 0x00000000ee900000, 0x00000000ee900000| Complete 
| 234|0x00000000eea00000, 0x00000000eeb00000, 0x00000000eeb00000|100%| E|CS|TAMS 0x00000000eea00000, 0x00000000eea00000| Complete 
| 235|0x00000000eeb00000, 0x00000000eec00000, 0x00000000eec00000|100%| E|CS|TAMS 0x00000000eeb00000, 0x00000000eeb00000| Complete 
| 236|0x00000000eec00000, 0x00000000eed00000, 0x00000000eed00000|100%| E|CS|TAMS 0x00000000eec00000, 0x00000000eec00000| Complete 
| 237|0x00000000eed00000, 0x00000000eee00000, 0x00000000eee00000|100%| E|CS|TAMS 0x00000000eed00000, 0x00000000eed00000| Complete 
| 238|0x00000000eee00000, 0x00000000eef00000, 0x00000000eef00000|100%| E|CS|TAMS 0x00000000eee00000, 0x00000000eee00000| Complete 
| 239|0x00000000eef00000, 0x00000000ef000000, 0x00000000ef000000|100%| E|CS|TAMS 0x00000000eef00000, 0x00000000eef00000| Complete 
| 240|0x00000000ef000000, 0x00000000ef100000, 0x00000000ef100000|100%| E|CS|TAMS 0x00000000ef000000, 0x00000000ef000000| Complete 
| 241|0x00000000ef100000, 0x00000000ef200000, 0x00000000ef200000|100%| E|CS|TAMS 0x00000000ef100000, 0x00000000ef100000| Complete 
| 242|0x00000000ef200000, 0x00000000ef300000, 0x00000000ef300000|100%| E|CS|TAMS 0x00000000ef200000, 0x00000000ef200000| Complete 
| 243|0x00000000ef300000, 0x00000000ef400000, 0x00000000ef400000|100%| E|CS|TAMS 0x00000000ef300000, 0x00000000ef300000| Complete 
| 244|0x00000000ef400000, 0x00000000ef500000, 0x00000000ef500000|100%| E|CS|TAMS 0x00000000ef400000, 0x00000000ef400000| Complete 
| 245|0x00000000ef500000, 0x00000000ef600000, 0x00000000ef600000|100%| E|CS|TAMS 0x00000000ef500000, 0x00000000ef500000| Complete 
| 246|0x00000000ef600000, 0x00000000ef700000, 0x00000000ef700000|100%| E|CS|TAMS 0x00000000ef600000, 0x00000000ef600000| Complete 
| 247|0x00000000ef700000, 0x00000000ef800000, 0x00000000ef800000|100%| E|CS|TAMS 0x00000000ef700000, 0x00000000ef700000| Complete 
| 248|0x00000000ef800000, 0x00000000ef900000, 0x00000000ef900000|100%| E|CS|TAMS 0x00000000ef800000, 0x00000000ef800000| Complete 
| 249|0x00000000ef900000, 0x00000000efa00000, 0x00000000efa00000|100%| E|CS|TAMS 0x00000000ef900000, 0x00000000ef900000| Complete 
| 250|0x00000000efa00000, 0x00000000efb00000, 0x00000000efb00000|100%| E|CS|TAMS 0x00000000efa00000, 0x00000000efa00000| Complete 
| 251|0x00000000efb00000, 0x00000000efc00000, 0x00000000efc00000|100%| E|CS|TAMS 0x00000000efb00000, 0x00000000efb00000| Complete 
| 252|0x00000000efc00000, 0x00000000efd00000, 0x00000000efd00000|100%| E|CS|TAMS 0x00000000efc00000, 0x00000000efc00000| Complete 
| 253|0x00000000efd00000, 0x00000000efe00000, 0x00000000efe00000|100%| E|CS|TAMS 0x00000000efd00000, 0x00000000efd00000| Complete 
| 254|0x00000000efe00000, 0x00000000eff00000, 0x00000000eff00000|100%| E|CS|TAMS 0x00000000efe00000, 0x00000000efe00000| Complete 
| 255|0x00000000eff00000, 0x00000000f0000000, 0x00000000f0000000|100%| E|CS|TAMS 0x00000000eff00000, 0x00000000eff00000| Complete 

Card table byte_map: [0x00000211fa090000,0x00000211fa190000] _byte_map_base: 0x00000211f9990000

Marking Bits (Prev, Next): (CMBitMap*) 0x00000211f7cd7760, (CMBitMap*) 0x00000211f7cd7720
 Prev Bits: [0x00000211faa90000, 0x00000211fb290000)
 Next Bits: [0x00000211fa290000, 0x00000211faa90000)

Polling page: 0x00000211f7d50000

Metaspace:

Usage:
  Non-class:     23.49 MB used.
      Class:      4.09 MB used.
       Both:     27.58 MB used.

Virtual space:
  Non-class space:       64.00 MB reserved,      23.69 MB ( 37%) committed,  1 nodes.
      Class space:      320.00 MB reserved,       4.25 MB (  1%) committed,  1 nodes.
             Both:      384.00 MB reserved,      27.94 MB (  7%) committed. 

Chunk freelists:
   Non-Class:  7.61 MB
       Class:  11.78 MB
        Both:  19.39 MB

MaxMetaspaceSize: 384.00 MB
CompressedClassSpaceSize: 320.00 MB
Initial GC threshold: 21.00 MB
Current GC threshold: 35.12 MB
CDS: on
MetaspaceReclaimPolicy: balanced
 - commit_granule_bytes: 65536.
 - commit_granule_words: 8192.
 - virtual_space_node_default_size: 8388608.
 - enlarge_chunks_in_place: 1.
 - new_chunks_are_fully_committed: 0.
 - uncommit_free_chunks: 1.
 - use_allocation_guard: 0.
 - handle_deallocations: 1.


Internal statistics:

num_allocs_failed_limit: 3.
num_arena_births: 320.
num_arena_deaths: 0.
num_vsnodes_births: 2.
num_vsnodes_deaths: 0.
num_space_committed: 447.
num_space_uncommitted: 0.
num_chunks_returned_to_freelist: 3.
num_chunks_taken_from_freelist: 1395.
num_chunk_merges: 3.
num_chunk_splits: 925.
num_chunks_enlarged: 655.
num_inconsistent_stats: 0.

CodeHeap 'non-profiled nmethods': size=120000Kb used=1946Kb max_used=1946Kb free=118053Kb
 bounds [0x000002118f2b0000, 0x000002118f520000, 0x00000211967e0000]
CodeHeap 'profiled nmethods': size=120000Kb used=7022Kb max_used=7022Kb free=112978Kb
 bounds [0x00000211877e0000, 0x0000021187ec0000, 0x000002118ed10000]
CodeHeap 'non-nmethods': size=5760Kb used=1264Kb max_used=1298Kb free=4496Kb
 bounds [0x000002118ed10000, 0x000002118ef80000, 0x000002118f2b0000]
 total_blobs=3979 nmethods=3418 adapters=472
 compilation: enabled
              stopped_count=0, restarted_count=0
 full_count=0

Compilation events (20 events):
Event: 49.526 Thread 0x00000211fdd2c740 3420       3       java.util.concurrent.atomic.AtomicInteger::<init> (5 bytes)
Event: 49.527 Thread 0x00000211fdd2c740 nmethod 3420 0x0000021187eb8f90 code [0x0000021187eb9140, 0x0000021187eb92f8]
Event: 49.528 Thread 0x00000211fdd2c740 3422       3       org.codehaus.groovy.util.LockableObject::lock (25 bytes)
Event: 49.528 Thread 0x00000211fdd2c740 nmethod 3422 0x0000021187eb9410 code [0x0000021187eb95c0, 0x0000021187eb9838]
Event: 49.528 Thread 0x00000211fdd2c740 3423       3       org.codehaus.groovy.util.LockableObject::unlock (7 bytes)
Event: 49.528 Thread 0x00000211fdd2c740 nmethod 3423 0x0000021187eb9910 code [0x0000021187eb9ac0, 0x0000021187eb9d98]
Event: 49.528 Thread 0x00000211fdd2c740 3424       3       org.codehaus.groovy.util.LockableObject::tryRelease (45 bytes)
Event: 49.529 Thread 0x00000211fdd2c740 nmethod 3424 0x0000021187eb9e90 code [0x0000021187eba040, 0x0000021187eba328]
Event: 49.529 Thread 0x00000211fdd2c740 3425       1       java.util.stream.Collectors$CollectorImpl::supplier (5 bytes)
Event: 49.529 Thread 0x00000211fdd2c740 nmethod 3425 0x000002118f496290 code [0x000002118f496420, 0x000002118f4964f8]
Event: 49.529 Thread 0x00000211fdd2c740 3426       1       java.util.stream.Collectors$CollectorImpl::accumulator (5 bytes)
Event: 49.529 Thread 0x00000211fdd2c740 nmethod 3426 0x000002118f496590 code [0x000002118f496720, 0x000002118f4967f8]
Event: 49.529 Thread 0x00000211fdd2c740 3427       1       java.util.stream.Collectors$CollectorImpl::combiner (5 bytes)
Event: 49.529 Thread 0x00000211fdd2c740 nmethod 3427 0x000002118f496890 code [0x000002118f496a20, 0x000002118f496af8]
Event: 49.530 Thread 0x00000211fdd2c740 3428       3       org.codehaus.groovy.reflection.CachedClass::getInterfaces (11 bytes)
Event: 49.531 Thread 0x00000211fdd2c740 nmethod 3428 0x0000021187eba410 code [0x0000021187eba5c0, 0x0000021187eba8a8]
Event: 49.532 Thread 0x00000211fdd2c740 3429       3       org.codehaus.groovy.util.ReferenceType$1::createReference (11 bytes)
Event: 49.532 Thread 0x00000211fdd2c740 nmethod 3429 0x0000021187eba990 code [0x0000021187ebab60, 0x0000021187ebafd8]
Event: 49.532 Thread 0x00000211fdd2c740 3430       3       org.codehaus.groovy.util.ReferenceType$SoftRef::<init> (12 bytes)
Event: 49.533 Thread 0x00000211fdd2c740 nmethod 3430 0x0000021187ebb190 code [0x0000021187ebb340, 0x0000021187ebb6f8]

GC Heap History (8 events):
Event: 5.960 GC heap before
{Heap before GC invocations=0 (full 0):
 garbage-first heap   total 262144K, used 26624K [0x00000000e0000000, 0x0000000100000000)
  region size 1024K, 23 young (23552K), 0 survivors (0K)
 Metaspace       used 2950K, committed 3072K, reserved 393216K
  class space    used 370K, committed 448K, reserved 327680K
}
Event: 5.993 GC heap after
{Heap after GC invocations=1 (full 0):
 garbage-first heap   total 262144K, used 10656K [0x00000000e0000000, 0x0000000100000000)
  region size 1024K, 3 young (3072K), 3 survivors (3072K)
 Metaspace       used 2950K, committed 3072K, reserved 393216K
  class space    used 370K, committed 448K, reserved 327680K
}
Event: 11.131 GC heap before
{Heap before GC invocations=1 (full 0):
 garbage-first heap   total 262144K, used 37280K [0x00000000e0000000, 0x0000000100000000)
  region size 1024K, 29 young (29696K), 3 survivors (3072K)
 Metaspace       used 4010K, committed 4160K, reserved 393216K
  class space    used 494K, committed 576K, reserved 327680K
}
Event: 11.137 GC heap after
{Heap after GC invocations=2 (full 0):
 garbage-first heap   total 262144K, used 11854K [0x00000000e0000000, 0x0000000100000000)
  region size 1024K, 1 young (1024K), 1 survivors (1024K)
 Metaspace       used 4010K, committed 4160K, reserved 393216K
  class space    used 494K, committed 576K, reserved 327680K
}
Event: 32.060 GC heap before
{Heap before GC invocations=2 (full 0):
 garbage-first heap   total 262144K, used 101966K [0x00000000e0000000, 0x0000000100000000)
  region size 1024K, 88 young (90112K), 1 survivors (1024K)
 Metaspace       used 17275K, committed 17536K, reserved 393216K
  class space    used 2476K, committed 2560K, reserved 327680K
}
Event: 32.182 GC heap after
{Heap after GC invocations=3 (full 0):
 garbage-first heap   total 262144K, used 21240K [0x00000000e0000000, 0x0000000100000000)
  region size 1024K, 10 young (10240K), 10 survivors (10240K)
 Metaspace       used 17275K, committed 17536K, reserved 393216K
  class space    used 2476K, committed 2560K, reserved 327680K
}
Event: 39.896 GC heap before
{Heap before GC invocations=3 (full 0):
 garbage-first heap   total 262144K, used 51960K [0x00000000e0000000, 0x0000000100000000)
  region size 1024K, 41 young (41984K), 10 survivors (10240K)
 Metaspace       used 21184K, committed 21504K, reserved 393216K
  class space    used 3116K, committed 3264K, reserved 327680K
}
Event: 40.082 GC heap after
{Heap after GC invocations=4 (full 0):
 garbage-first heap   total 262144K, used 23803K [0x00000000e0000000, 0x0000000100000000)
  region size 1024K, 3 young (3072K), 3 survivors (3072K)
 Metaspace       used 21184K, committed 21504K, reserved 393216K
  class space    used 3116K, committed 3264K, reserved 327680K
}

Deoptimization events (20 events):
Event: 49.157 Thread 0x00000211b0a6ef80 Uncommon trap: trap_request=0xffffffc6 fr.pc=0x000002118f47b9a4 relative=0x00000000000006a4
Event: 49.158 Thread 0x00000211b0a6ef80 Uncommon trap: reason=bimorphic_or_optimized_type_check action=maybe_recompile pc=0x000002118f47b9a4 method=java.io.BufferedInputStream.read([BII)I @ 101 c2
Event: 49.158 Thread 0x00000211b0a6ef80 DEOPT PACKING pc=0x000002118f47b9a4 sp=0x000000d3582f7d70
Event: 49.158 Thread 0x00000211b0a6ef80 DEOPT UNPACKING pc=0x000002118ed65ba3 sp=0x000000d3582f7d28 mode 2
Event: 49.158 Thread 0x00000211b0a6ef80 Uncommon trap: trap_request=0xffffffc6 fr.pc=0x000002118f47b9a4 relative=0x00000000000006a4
Event: 49.158 Thread 0x00000211b0a6ef80 Uncommon trap: reason=bimorphic_or_optimized_type_check action=maybe_recompile pc=0x000002118f47b9a4 method=java.io.BufferedInputStream.read([BII)I @ 101 c2
Event: 49.158 Thread 0x00000211b0a6ef80 DEOPT PACKING pc=0x000002118f47b9a4 sp=0x000000d3582f7d70
Event: 49.158 Thread 0x00000211b0a6ef80 DEOPT UNPACKING pc=0x000002118ed65ba3 sp=0x000000d3582f7d28 mode 2
Event: 49.159 Thread 0x00000211b0a6ef80 Uncommon trap: trap_request=0xffffffc6 fr.pc=0x000002118f47b9a4 relative=0x00000000000006a4
Event: 49.159 Thread 0x00000211b0a6ef80 Uncommon trap: reason=bimorphic_or_optimized_type_check action=maybe_recompile pc=0x000002118f47b9a4 method=java.io.BufferedInputStream.read([BII)I @ 101 c2
Event: 49.159 Thread 0x00000211b0a6ef80 DEOPT PACKING pc=0x000002118f47b9a4 sp=0x000000d3582f7d70
Event: 49.159 Thread 0x00000211b0a6ef80 DEOPT UNPACKING pc=0x000002118ed65ba3 sp=0x000000d3582f7d28 mode 2
Event: 49.160 Thread 0x00000211b0a6ef80 Uncommon trap: trap_request=0xffffffc6 fr.pc=0x000002118f47b9a4 relative=0x00000000000006a4
Event: 49.160 Thread 0x00000211b0a6ef80 Uncommon trap: reason=bimorphic_or_optimized_type_check action=maybe_recompile pc=0x000002118f47b9a4 method=java.io.BufferedInputStream.read([BII)I @ 101 c2
Event: 49.160 Thread 0x00000211b0a6ef80 DEOPT PACKING pc=0x000002118f47b9a4 sp=0x000000d3582f7d70
Event: 49.160 Thread 0x00000211b0a6ef80 DEOPT UNPACKING pc=0x000002118ed65ba3 sp=0x000000d3582f7d28 mode 2
Event: 49.348 Thread 0x00000211b0a6ef80 Uncommon trap: trap_request=0xffffff45 fr.pc=0x000002118f476ca0 relative=0x00000000000005c0
Event: 49.348 Thread 0x00000211b0a6ef80 Uncommon trap: reason=unstable_if action=reinterpret pc=0x000002118f476ca0 method=jdk.internal.org.objectweb.asm.MethodWriter.visitVarInsn(II)V @ 108 c2
Event: 49.348 Thread 0x00000211b0a6ef80 DEOPT PACKING pc=0x000002118f476ca0 sp=0x000000d3582f0f50
Event: 49.348 Thread 0x00000211b0a6ef80 DEOPT UNPACKING pc=0x000002118ed65ba3 sp=0x000000d3582f0f18 mode 2

Classes unloaded (0 events):
No events

Classes redefined (0 events):
No events

Internal exceptions (20 events):
Event: 41.828 Thread 0x00000211b0a6ef80 Exception <a 'java/lang/NoSuchMethodError'{0x00000000ef61d9f8}: 'java.lang.Object java.lang.invoke.Invokers$Holder.linkToTargetMethod(java.lang.Object, java.lang.Object, java.lang.Object, java.lang.Object, java.lang.Object, java.lang.Object, java.lang.Object, java.lang.Object, java.lang.Object, java.lang.Object)'> (0x00000000ef61d9f8) 
thrown [s\open\src\hotspot\share\interpreter\linkResolver.cpp, line 759]
Event: 41.859 Thread 0x00000211b0a6ef80 Exception <a 'java/lang/NoSuchMethodError'{0x00000000ef690d98}: 'java.lang.Object java.lang.invoke.DirectMethodHandle$Holder.newInvokeSpecial(java.lang.Object, java.lang.Object, java.lang.Object, java.lang.Object, java.lang.Object, java.lang.Object, java.lang.Object, java.lang.Object, java.lang.Object, java.lang.Object, java.lang.Object)'> (0x00000000ef690d98) 
thrown [s\open\src\hotspot\share\interpreter\linkResolver.cpp, line 759]
Event: 41.860 Thread 0x00000211b0a6ef80 Exception <a 'java/lang/NoSuchMethodError'{0x00000000ef6968d0}: 'java.lang.Object java.lang.invoke.DirectMethodHandle$Holder.invokeSpecial(java.lang.Object, java.lang.Object, java.lang.Object, java.lang.Object, java.lang.Object, java.lang.Object, java.lang.Object, java.lang.Object, java.lang.Object, java.lang.Object, java.lang.Object, java.lang.Object)'> (0x00000000ef6968d0) 
thrown [s\open\src\hotspot\share\interpreter\linkResolver.cpp, line 759]
Event: 41.866 Thread 0x00000211b0a6ef80 Exception <a 'java/lang/NoSuchMethodError'{0x00000000ef69bf68}: 'java.lang.Object java.lang.invoke.Invokers$Holder.linkToTargetMethod(java.lang.Object, java.lang.Object, java.lang.Object, java.lang.Object, java.lang.Object, java.lang.Object, java.lang.Object, java.lang.Object, java.lang.Object, java.lang.Object, java.lang.Object)'> (0x00000000ef69bf68) 
thrown [s\open\src\hotspot\share\interpreter\linkResolver.cpp, line 759]
Event: 42.826 Thread 0x00000211b0a6ef80 Implicit null exception at 0x000002118f32180f to 0x000002118f321d68
Event: 43.565 Thread 0x00000211b0a6ef80 Exception <a 'java/lang/NoSuchMethodError'{0x00000000eed01bd8}: 'java.lang.Object java.lang.invoke.DirectMethodHandle$Holder.newInvokeSpecial(java.lang.Object, java.lang.Object, int, int)'> (0x00000000eed01bd8) 
thrown [s\open\src\hotspot\share\interpreter\linkResolver.cpp, line 759]
Event: 46.037 Thread 0x00000211b0a6ef80 Exception <a 'java/lang/IncompatibleClassChangeError'{0x00000000ed92ec50}: Found class java.lang.Object, but interface was expected> (0x00000000ed92ec50) 
thrown [s\open\src\hotspot\share\interpreter\linkResolver.cpp, line 826]
Event: 46.250 Thread 0x00000211b0a6ef80 Exception <a 'java/lang/NoSuchMethodError'{0x00000000ed9e6cc0}: 'int java.lang.invoke.DirectMethodHandle$Holder.invokeStaticInit(java.lang.Object, java.lang.Object, java.lang.Object)'> (0x00000000ed9e6cc0) 
thrown [s\open\src\hotspot\share\interpreter\linkResolver.cpp, line 759]
Event: 46.255 Thread 0x00000211b0a6ef80 Exception <a 'java/lang/NoSuchMethodError'{0x00000000ed9fc818}: 'java.lang.Object java.lang.invoke.DirectMethodHandle$Holder.newInvokeSpecial(java.lang.Object, java.lang.Object, long)'> (0x00000000ed9fc818) 
thrown [s\open\src\hotspot\share\interpreter\linkResolver.cpp, line 759]
Event: 46.256 Thread 0x00000211b0a6ef80 Exception <a 'java/lang/NoSuchMethodError'{0x00000000ed8743a0}: 'java.lang.Object java.lang.invoke.Invokers$Holder.linkToTargetMethod(java.lang.Object, long, java.lang.Object)'> (0x00000000ed8743a0) 
thrown [s\open\src\hotspot\share\interpreter\linkResolver.cpp, line 759]
Event: 46.681 Thread 0x00000211b0a6ef80 Exception <a 'java/lang/NoSuchMethodError'{0x00000000ed6e85b0}: 'java.lang.Object java.lang.invoke.DirectMethodHandle$Holder.invokeVirtual(java.lang.Object, java.lang.Object, int)'> (0x00000000ed6e85b0) 
thrown [s\open\src\hotspot\share\interpreter\linkResolver.cpp, line 759]
Event: 47.373 Thread 0x00000211b0a6ef80 Exception <a 'java/lang/NoSuchMethodError'{0x00000000ed5d4128}: 'java.lang.Object java.lang.invoke.DirectMethodHandle$Holder.invokeStatic(java.lang.Object, java.lang.Object, int, java.lang.Object)'> (0x00000000ed5d4128) 
thrown [s\open\src\hotspot\share\interpreter\linkResolver.cpp, line 759]
Event: 47.375 Thread 0x00000211b0a6ef80 Exception <a 'java/lang/NoSuchMethodError'{0x00000000ed5dbec8}: 'java.lang.Object java.lang.invoke.DirectMethodHandle$Holder.newInvokeSpecial(java.lang.Object, java.lang.Object, int, java.lang.Object)'> (0x00000000ed5dbec8) 
thrown [s\open\src\hotspot\share\interpreter\linkResolver.cpp, line 759]
Event: 47.377 Thread 0x00000211b0a6ef80 Exception <a 'java/lang/NoSuchMethodError'{0x00000000ed5e07b0}: 'java.lang.Object java.lang.invoke.DirectMethodHandle$Holder.invokeSpecial(java.lang.Object, java.lang.Object, java.lang.Object, int, java.lang.Object)'> (0x00000000ed5e07b0) 
thrown [s\open\src\hotspot\share\interpreter\linkResolver.cpp, line 759]
Event: 48.809 Thread 0x00000211b0a6ef80 Exception <a 'java/lang/NoSuchMethodError'{0x00000000ed1fb348}: 'java.lang.Object java.lang.invoke.DirectMethodHandle$Holder.invokeSpecial(java.lang.Object, java.lang.Object, java.lang.Object, int, java.lang.Object, java.lang.Object)'> (0x00000000ed1fb348) 
thrown [s\open\src\hotspot\share\interpreter\linkResolver.cpp, line 759]
Event: 49.348 Thread 0x00000211b0a6ef80 Implicit null exception at 0x000002118f476799 to 0x000002118f476c94
Event: 49.472 Thread 0x00000211b0a6ef80 Exception <a 'java/lang/NoSuchMethodError'{0x00000000eca154a8}: 'void java.lang.invoke.DirectMethodHandle$Holder.invokeStaticInit(java.lang.Object, java.lang.Object, java.lang.Object)'> (0x00000000eca154a8) 
thrown [s\open\src\hotspot\share\interpreter\linkResolver.cpp, line 759]
Event: 49.473 Thread 0x00000211b0a6ef80 Exception <a 'java/lang/NoSuchMethodError'{0x00000000eca1c948}: 'void java.lang.invoke.DirectMethodHandle$Holder.invokeStaticInit(java.lang.Object, java.lang.Object, java.lang.Object, java.lang.Object)'> (0x00000000eca1c948) 
thrown [s\open\src\hotspot\share\interpreter\linkResolver.cpp, line 759]
Event: 49.477 Thread 0x00000211b0a6ef80 Exception <a 'java/lang/NoSuchMethodError'{0x00000000eca3eed8}: 'void java.lang.invoke.DirectMethodHandle$Holder.invokeStaticInit(java.lang.Object, java.lang.Object, java.lang.Object, java.lang.Object, java.lang.Object)'> (0x00000000eca3eed8) 
thrown [s\open\src\hotspot\share\interpreter\linkResolver.cpp, line 759]
Event: 49.489 Thread 0x00000211b0a6ef80 Exception <a 'java/lang/NoSuchMethodError'{0x00000000eca9a740}: 'int java.lang.invoke.DirectMethodHandle$Holder.invokeStaticInit(java.lang.Object, java.lang.Object, java.lang.Object, java.lang.Object)'> (0x00000000eca9a740) 
thrown [s\open\src\hotspot\share\interpreter\linkResolver.cpp, line 759]

VM Operations (20 events):
Event: 43.844 Executing VM operation: Cleanup
Event: 43.845 Executing VM operation: Cleanup done
Event: 44.489 Executing VM operation: HandshakeAllThreads
Event: 44.489 Executing VM operation: HandshakeAllThreads done
Event: 44.784 Executing VM operation: HandshakeAllThreads
Event: 44.784 Executing VM operation: HandshakeAllThreads done
Event: 45.796 Executing VM operation: Cleanup
Event: 45.831 Executing VM operation: Cleanup done
Event: 46.045 Executing VM operation: HandshakeAllThreads
Event: 46.045 Executing VM operation: HandshakeAllThreads done
Event: 46.301 Executing VM operation: HandshakeAllThreads
Event: 46.301 Executing VM operation: HandshakeAllThreads done
Event: 46.307 Executing VM operation: HandshakeAllThreads
Event: 46.307 Executing VM operation: HandshakeAllThreads done
Event: 47.316 Executing VM operation: Cleanup
Event: 47.316 Executing VM operation: Cleanup done
Event: 48.326 Executing VM operation: Cleanup
Event: 48.327 Executing VM operation: Cleanup done
Event: 49.291 Executing VM operation: HandshakeAllThreads
Event: 49.291 Executing VM operation: HandshakeAllThreads done

Events (20 events):
Event: 49.115 loading class java/util/TimerTask
Event: 49.140 loading class java/util/TimerTask done
Event: 49.140 loading class java/util/Timer
Event: 49.144 loading class java/util/Timer done
Event: 49.288 loading class java/security/AccessControlException
Event: 49.290 loading class java/security/AccessControlException done
Event: 49.388 loading class java/lang/reflect/MalformedParameterizedTypeException
Event: 49.389 loading class java/lang/reflect/MalformedParameterizedTypeException done
Event: 49.452 loading class java/lang/IllegalCallerException
Event: 49.455 loading class java/lang/IllegalCallerException done
Event: 49.457 loading class sun/nio/fs/ExtendedFileSystemProvider
Event: 49.459 loading class sun/nio/fs/ExtendedFileSystemProvider done
Event: 49.517 loading class java/lang/ClassFormatError
Event: 49.519 loading class java/lang/ClassFormatError done
Event: 49.529 loading class java/lang/ProcessHandle$Info
Event: 49.529 loading class java/lang/ProcessHandle$Info done
Event: 49.529 loading class java/lang/ProcessHandle
Event: 49.530 loading class java/lang/ProcessHandle done
Event: 49.538 loading class java/io/UnsupportedEncodingException
Event: 49.541 loading class java/io/UnsupportedEncodingException done


Dynamic libraries:
0x00007ff6e1f40000 - 0x00007ff6e1f50000 	C:\Java\bin\java.exe
0x00007ffa26610000 - 0x00007ffa26826000 	C:\Windows\SYSTEM32\ntdll.dll
0x00007ffa25320000 - 0x00007ffa253e4000 	C:\Windows\System32\KERNEL32.DLL
0x00007ffa23930000 - 0x00007ffa23cd7000 	C:\Windows\System32\KERNELBASE.dll
0x000000006ac50000 - 0x000000006af82000 	C:\Program Files\Norton Security\NortonData\22.24.2.6\Definitions\IPSDefs\20240503.064\IPSEng64.dll
0x00007ffa25af0000 - 0x00007ffa25ba2000 	C:\Windows\System32\ADVAPI32.dll
0x00007ffa25610000 - 0x00007ffa256b7000 	C:\Windows\System32\msvcrt.dll
0x00007ffa24340000 - 0x00007ffa243e8000 	C:\Windows\System32\sechost.dll
0x00007ffa24130000 - 0x00007ffa24158000 	C:\Windows\System32\bcrypt.dll
0x00007ffa25bc0000 - 0x00007ffa25cd5000 	C:\Windows\System32\RPCRT4.dll
0x00007ffa25bb0000 - 0x00007ffa25bb8000 	C:\Windows\System32\PSAPI.DLL
0x00007ffa23ce0000 - 0x00007ffa23df1000 	C:\Windows\System32\ucrtbase.dll
0x00007ff9e2c00000 - 0x00007ff9e2c19000 	C:\Java\bin\jli.dll
0x00007ffa25d00000 - 0x00007ffa25eae000 	C:\Windows\System32\USER32.dll
0x00007ffa23e00000 - 0x00007ffa23e26000 	C:\Windows\System32\win32u.dll
0x00007ffa265a0000 - 0x00007ffa265c9000 	C:\Windows\System32\GDI32.dll
0x00007ffa24010000 - 0x00007ffa24129000 	C:\Windows\System32\gdi32full.dll
0x00007ffa242a0000 - 0x00007ffa2433a000 	C:\Windows\System32\msvcp_win.dll
0x00007ff9e2700000 - 0x00007ff9e271b000 	C:\Java\bin\VCRUNTIME140.dll
0x00007ffa07900000 - 0x00007ffa07b93000 	C:\Windows\WinSxS\amd64_microsoft.windows.common-controls_6595b64144ccf1df_6.0.22621.3235_none_270f74e173860f98\COMCTL32.dll
0x00007ffa1b320000 - 0x00007ffa1b32a000 	C:\Windows\SYSTEM32\VERSION.dll
0x00007ffa25fc0000 - 0x00007ffa25ff1000 	C:\Windows\System32\IMM32.DLL
0x00007ffa01a60000 - 0x00007ffa01a6c000 	C:\Java\bin\vcruntime140_1.dll
0x00007ff9c1d10000 - 0x00007ff9c1d9e000 	C:\Java\bin\msvcp140.dll
0x00007ff9882c0000 - 0x00007ff988e9f000 	C:\Java\bin\server\jvm.dll
0x00007ffa072e0000 - 0x00007ffa072e9000 	C:\Windows\SYSTEM32\WSOCK32.dll
0x00007ffa24e20000 - 0x00007ffa24e91000 	C:\Windows\System32\WS2_32.dll
0x00007ffa21370000 - 0x00007ffa213a4000 	C:\Windows\SYSTEM32\WINMM.dll
0x00007ffa22970000 - 0x00007ffa22988000 	C:\Windows\SYSTEM32\kernel.appcore.dll
0x00007ff9f8ec0000 - 0x00007ff9f8eca000 	C:\Java\bin\jimage.dll
0x00007ffa210a0000 - 0x00007ffa212d3000 	C:\Windows\SYSTEM32\DBGHELP.DLL
0x00007ffa26000000 - 0x00007ffa26388000 	C:\Windows\System32\combase.dll
0x00007ffa25a00000 - 0x00007ffa25ad7000 	C:\Windows\System32\OLEAUT32.dll
0x00007ffa21330000 - 0x00007ffa21362000 	C:\Windows\SYSTEM32\dbgcore.DLL
0x00007ffa24220000 - 0x00007ffa24299000 	C:\Windows\System32\bcryptPrimitives.dll
0x00007ffa17e20000 - 0x00007ffa17e2e000 	C:\Java\bin\instrument.dll
0x00007ff9d4220000 - 0x00007ff9d4245000 	C:\Java\bin\java.dll
0x00007ff9b6980000 - 0x00007ff9b6a57000 	C:\Java\bin\jsvml.dll
0x00007ffa24460000 - 0x00007ffa24cbc000 	C:\Windows\System32\SHELL32.dll
0x00007ffa21890000 - 0x00007ffa22189000 	C:\Windows\SYSTEM32\windows.storage.dll
0x00007ffa21750000 - 0x00007ffa2188e000 	C:\Windows\SYSTEM32\wintypes.dll
0x00007ffa25750000 - 0x00007ffa25843000 	C:\Windows\System32\SHCORE.dll
0x00007ffa25550000 - 0x00007ffa255ae000 	C:\Windows\System32\shlwapi.dll
0x00007ffa23860000 - 0x00007ffa23881000 	C:\Windows\SYSTEM32\profapi.dll
0x00007ff9d4120000 - 0x00007ff9d4138000 	C:\Java\bin\zip.dll
0x00007ff9e21b0000 - 0x00007ff9e21c9000 	C:\Java\bin\net.dll
0x00007ffa1d3a0000 - 0x00007ffa1d4d6000 	C:\Windows\SYSTEM32\WINHTTP.dll
0x00007ffa22de0000 - 0x00007ffa22e49000 	C:\Windows\system32\mswsock.dll
0x00007ff9d4140000 - 0x00007ff9d4156000 	C:\Java\bin\nio.dll
0x00007ff9f2fe0000 - 0x00007ff9f2ff0000 	C:\Java\bin\verify.dll
0x00007ffa17e30000 - 0x00007ffa17e57000 	C:\Users\kimys\.gradle\native\c067742578af261105cb4f569cf0c3c89f3d7b1fecec35dd04571415982c5e48\windows-amd64\native-platform.dll
0x00007ff99cc80000 - 0x00007ff99cdc4000 	C:\Users\kimys\.gradle\native\38dada09dfb8b06ba9b0570ebf7e218e3eb74d4ef43ca46872605cf95ebc2f47\windows-amd64\native-platform-file-events.dll
0x00007ffa16620000 - 0x00007ffa1662a000 	C:\Java\bin\management.dll
0x00007ffa0db90000 - 0x00007ffa0db9b000 	C:\Java\bin\management_ext.dll
0x00007ffa23040000 - 0x00007ffa2305b000 	C:\Windows\SYSTEM32\CRYPTSP.dll
0x00007ffa228d0000 - 0x00007ffa22905000 	C:\Windows\system32\rsaenh.dll
0x00007ffa22ee0000 - 0x00007ffa22f08000 	C:\Windows\SYSTEM32\USERENV.dll
0x00007ffa23060000 - 0x00007ffa2306c000 	C:\Windows\SYSTEM32\CRYPTBASE.dll
0x00007ffa22430000 - 0x00007ffa2245d000 	C:\Windows\SYSTEM32\IPHLPAPI.DLL
0x00007ffa25ae0000 - 0x00007ffa25ae9000 	C:\Windows\System32\NSI.dll
0x00007ffa1cf20000 - 0x00007ffa1cf39000 	C:\Windows\SYSTEM32\dhcpcsvc6.DLL
0x00007ffa1ce70000 - 0x00007ffa1ce8f000 	C:\Windows\SYSTEM32\dhcpcsvc.DLL
0x00007ffa22460000 - 0x00007ffa22559000 	C:\Windows\SYSTEM32\DNSAPI.dll
0x00007ffa0db80000 - 0x00007ffa0db8e000 	C:\Java\bin\sunmscapi.dll
0x00007ffa23e30000 - 0x00007ffa23f97000 	C:\Windows\System32\CRYPT32.dll
0x00007ffa23200000 - 0x00007ffa2322e000 	C:\Windows\SYSTEM32\ncrypt.dll
0x00007ffa231c0000 - 0x00007ffa231f7000 	C:\Windows\SYSTEM32\NTASN1.dll
0x00007ff9fe180000 - 0x00007ff9fe188000 	C:\Windows\system32\wshunix.dll

dbghelp: loaded successfully - version: 4.0.5 - missing functions: none
symbol engine: initialized successfully - sym options: 0x614 - pdb path: .;C:\Java\bin;C:\Windows\SYSTEM32;C:\Program Files\Norton Security\NortonData\22.24.2.6\Definitions\IPSDefs\20240503.064;C:\Windows\WinSxS\amd64_microsoft.windows.common-controls_6595b64144ccf1df_6.0.22621.3235_none_270f74e173860f98;C:\Java\bin\server;C:\Users\kimys\.gradle\native\c067742578af261105cb4f569cf0c3c89f3d7b1fecec35dd04571415982c5e48\windows-amd64;C:\Users\kimys\.gradle\native\38dada09dfb8b06ba9b0570ebf7e218e3eb74d4ef43ca46872605cf95ebc2f47\windows-amd64

VM Arguments:
jvm_args: --add-opens=java.base/java.util=ALL-UNNAMED --add-opens=java.base/java.lang=ALL-UNNAMED --add-opens=java.base/java.lang.invoke=ALL-UNNAMED --add-opens=java.prefs/java.util.prefs=ALL-UNNAMED --add-opens=java.base/java.nio.charset=ALL-UNNAMED --add-opens=java.base/java.net=ALL-UNNAMED --add-opens=java.base/java.util.concurrent.atomic=ALL-UNNAMED -XX:MaxMetaspaceSize=384m -XX:+HeapDumpOnOutOfMemoryError -Xms256m -Xmx512m -Dfile.encoding=x-windows-949 -Duser.country=KR -Duser.language=ko -Duser.variant -javaagent:C:\Users\kimys\.gradle\wrapper\dists\gradle-8.7-bin\bhs2wmbdwecv87pi65oeuq5iu\gradle-8.7\lib\agents\gradle-instrumentation-agent-8.7.jar 
java_command: org.gradle.launcher.daemon.bootstrap.GradleDaemon 8.7
java_class_path (initial): C:\Users\kimys\.gradle\wrapper\dists\gradle-8.7-bin\bhs2wmbdwecv87pi65oeuq5iu\gradle-8.7\lib\gradle-launcher-8.7.jar
Launcher Type: SUN_STANDARD

[Global flags]
     intx CICompilerCount                          = 4                                         {product} {ergonomic}
   size_t CompressedClassSpaceSize                 = 335544320                                 {product} {ergonomic}
     uint ConcGCThreads                            = 2                                         {product} {ergonomic}
     uint G1ConcRefinementThreads                  = 8                                         {product} {ergonomic}
   size_t G1HeapRegionSize                         = 1048576                                   {product} {ergonomic}
    uintx GCDrainStackTargetSize                   = 64                                        {product} {ergonomic}
     bool HeapDumpOnOutOfMemoryError               = true                                   {manageable} {command line}
   size_t InitialHeapSize                          = 268435456                                 {product} {command line}
   size_t MarkStackSize                            = 4194304                                   {product} {ergonomic}
   size_t MaxHeapSize                              = 536870912                                 {product} {command line}
   size_t MaxMetaspaceSize                         = 402653184                                 {product} {command line}
   size_t MaxNewSize                               = 321912832                                 {product} {ergonomic}
   size_t MinHeapDeltaBytes                        = 1048576                                   {product} {ergonomic}
   size_t MinHeapSize                              = 268435456                                 {product} {command line}
    uintx NonNMethodCodeHeapSize                   = 5839372                                {pd product} {ergonomic}
    uintx NonProfiledCodeHeapSize                  = 122909434                              {pd product} {ergonomic}
    uintx ProfiledCodeHeapSize                     = 122909434                              {pd product} {ergonomic}
    uintx ReservedCodeCacheSize                    = 251658240                              {pd product} {ergonomic}
     bool SegmentedCodeCache                       = true                                      {product} {ergonomic}
   size_t SoftMaxHeapSize                          = 536870912                              {manageable} {ergonomic}
     bool UseCompressedClassPointers               = true                           {product lp64_product} {ergonomic}
     bool UseCompressedOops                        = true                           {product lp64_product} {ergonomic}
     bool UseG1GC                                  = true                                      {product} {ergonomic}
     bool UseLargePagesIndividualAllocation        = false                                  {pd product} {ergonomic}

Logging:
Log output configuration:
 #0: stdout all=warning uptime,level,tags
 #1: stderr all=off uptime,level,tags

Environment Variables:
PATH=C:\nodejs\;C:\oraclexe\app\oracle\product\11.2.0\server\bin;C:\Program Files\Common Files\Oracle\Java\javapath;C:\Windows\system32;C:\Windows;C:\Windows\System32\Wbem;C:\Windows\System32\WindowsPowerShell\v1.0\;C:\Windows\System32\OpenSSH\;C:\Git\cmd;C:\Program Files\Bandizip\;C:\Users\kimys\AppData\Local\Microsoft\WindowsApps;;D:\IntelliJ IDEA 2023.3.6\bin;;C:\Microsoft VS Code\bin;C:\Users\kimys\AppData\Roaming\npm
USERNAME=kimys
OS=Windows_NT
PROCESSOR_IDENTIFIER=Intel64 Family 6 Model 140 Stepping 2, GenuineIntel



---------------  S Y S T E M  ---------------

OS:
 Windows 11 , 64 bit Build 22621 (10.0.22621.3374)
OS uptime: 13 days 3:03 hours

CPU: total 8 (initial active 8) (4 cores per cpu, 2 threads per core) family 6 model 140 stepping 2 microcode 0x16, cx8, cmov, fxsr, ht, mmx, 3dnowpref, sse, sse2, sse3, ssse3, sse4.1, sse4.2, popcnt, lzcnt, tsc, tscinvbit, avx, avx2, aes, erms, clmul, bmi1, bmi2, adx, avx512f, avx512dq, avx512cd, avx512bw, avx512vl, sha, fma, vzeroupper, avx512_vpopcntdq, avx512_vpclmulqdq, avx512_vaes, avx512_vnni, clflush, clflushopt, clwb, avx512_vbmi2, avx512_vbmi

Memory: 4k page, system-wide physical 7900M (88M free)
TotalPageFile size 25566M (AvailPageFile size 6M)
current process WorkingSet (physical memory assigned to process): 100M, peak: 118M
current process commit charge ("private bytes"): 422M, peak: 423M

vm_info: Java HotSpot(TM) 64-Bit Server VM (17.0.10+11-LTS-240) for windows-amd64 JRE (17.0.10+11-LTS-240), built on Dec 19 2023 21:47:25 by "mach5one" with MS VC++ 17.1 (VS2022)

END.
