#
# There is insufficient memory for the Java Runtime Environment to continue.
# Native memory allocation (malloc) failed to allocate 1044656 bytes for Chunk::new
# Possible reasons:
#   The system is out of physical RAM or swap space
#   The process is running with CompressedOops enabled, and the Java Heap may be blocking the growth of the native heap
# Possible solutions:
#   Reduce memory load on the system
#   Increase physical memory or swap space
#   Check if swap backing store is full
#   Decrease Java heap size (-Xmx/-Xms)
#   Decrease number of Java threads
#   Decrease Java thread stack sizes (-Xss)
#   Set larger code cache with -XX:ReservedCodeCacheSize=
#   JVM is running with Unscaled Compressed Oops mode in which the Java heap is
#     placed in the first 4GB address space. The Java Heap base address is the
#     maximum limit for the native heap growth. Please use -XX:HeapBaseMinAddress
#     to set the Java Heap base and to place the Java Heap above 4GB virtual address.
# This output file may be truncated or incomplete.
#
#  Out of Memory Error (arena.cpp:189), pid=4608, tid=24140
#
# JRE version: Java(TM) SE Runtime Environment (17.0.10+11) (build 17.0.10+11-LTS-240)
# Java VM: Java HotSpot(TM) 64-Bit Server VM (17.0.10+11-LTS-240, mixed mode, sharing, tiered, compressed oops, compressed class ptrs, g1 gc, windows-amd64)
# No core dump will be written. Minidumps are not enabled by default on client versions of Windows
#

---------------  S U M M A R Y ------------

Command Line: --add-opens=java.base/java.util=ALL-UNNAMED --add-opens=java.base/java.lang=ALL-UNNAMED --add-opens=java.base/java.lang.invoke=ALL-UNNAMED --add-opens=java.prefs/java.util.prefs=ALL-UNNAMED --add-opens=java.base/java.nio.charset=ALL-UNNAMED --add-opens=java.base/java.net=ALL-UNNAMED --add-opens=java.base/java.util.concurrent.atomic=ALL-UNNAMED -XX:MaxMetaspaceSize=384m -XX:+HeapDumpOnOutOfMemoryError -Xms256m -Xmx512m -Dfile.encoding=x-windows-949 -Duser.country=KR -Duser.language=ko -Duser.variant -javaagent:C:\Users\kimys\.gradle\wrapper\dists\gradle-8.7-bin\bhs2wmbdwecv87pi65oeuq5iu\gradle-8.7\lib\agents\gradle-instrumentation-agent-8.7.jar org.gradle.launcher.daemon.bootstrap.GradleDaemon 8.7

Host: 11th Gen Intel(R) Core(TM) i5-1155G7 @ 2.50GHz, 8 cores, 7G,  Windows 11 , 64 bit Build 22621 (10.0.22621.3374)
Time: Mon May  6 21:30:40 2024  Windows 11 , 64 bit Build 22621 (10.0.22621.3374) elapsed time: 30.697302 seconds (0d 0h 0m 30s)

---------------  T H R E A D  ---------------

Current thread (0x00000286b38a04e0):  JavaThread "C2 CompilerThread0" daemon [_thread_in_native, id=24140, stack(0x0000008893800000,0x0000008893900000)]


Current CompileTask:
C2:  30697 4221       4       groovy.lang.MetaClassImpl$1MOPIter::methodNameAction (325 bytes)

Stack: [0x0000008893800000,0x0000008893900000]
Native frames: (J=compiled Java code, j=interpreted, Vv=VM code, C=native code)
V  [jvm.dll+0x677a5a]
V  [jvm.dll+0x7d8b2d]
V  [jvm.dll+0x7da48e]
V  [jvm.dll+0x7daaf3]
V  [jvm.dll+0x2455ff]
V  [jvm.dll+0xaaafb]
V  [jvm.dll+0xab09c]
V  [jvm.dll+0x2aafef]
V  [jvm.dll+0x57fd55]
V  [jvm.dll+0x220472]
V  [jvm.dll+0x22084f]
V  [jvm.dll+0x2197a6]
V  [jvm.dll+0x216c79]
V  [jvm.dll+0x1a3410]
V  [jvm.dll+0x226aeb]
V  [jvm.dll+0x224cab]
V  [jvm.dll+0x78e45c]
V  [jvm.dll+0x78888a]
V  [jvm.dll+0x676935]
C  [ucrtbase.dll+0x29333]
C  [KERNEL32.DLL+0x1257d]
C  [ntdll.dll+0x5aa48]


---------------  P R O C E S S  ---------------

Threads class SMR info:
_java_thread_list=0x00000286cfaff340, length=39, elements={
0x0000028698f9d910, 0x00000286b387fcb0, 0x00000286b3881330, 0x00000286b389b540,
0x00000286b389bf00, 0x00000286b389c8c0, 0x00000286b389f3e0, 0x00000286b38a04e0,
0x00000286b38a0ea0, 0x00000286b38a3750, 0x00000286b38cea60, 0x00000286b3b137a0,
0x00000286ce4e6030, 0x00000286ce88e040, 0x00000286cd837280, 0x00000286cd717b30,
0x00000286b391fb10, 0x00000286cda2a810, 0x00000286cda29df0, 0x00000286cda27570,
0x00000286cda293d0, 0x00000286cda2a300, 0x00000286cda27a80, 0x00000286cda2ad20,
0x00000286cda28ec0, 0x00000286cda27f90, 0x00000286cda284a0, 0x00000286cda289b0,
0x00000286ce7948a0, 0x00000286ce794390, 0x00000286ce792f50, 0x00000286ce78f7a0,
0x00000286ce78ed80, 0x00000286ce794db0, 0x00000286ce78fcb0, 0x00000286ce7906d0,
0x00000286ce793460, 0x00000286ce7952c0, 0x00000286ce792a40
}

Java Threads: ( => current thread )
  0x0000028698f9d910 JavaThread "main" [_thread_blocked, id=23164, stack(0x0000008892b00000,0x0000008892c00000)]
  0x00000286b387fcb0 JavaThread "Reference Handler" daemon [_thread_blocked, id=29412, stack(0x0000008893200000,0x0000008893300000)]
  0x00000286b3881330 JavaThread "Finalizer" daemon [_thread_blocked, id=29468, stack(0x0000008893300000,0x0000008893400000)]
  0x00000286b389b540 JavaThread "Signal Dispatcher" daemon [_thread_blocked, id=15252, stack(0x0000008893400000,0x0000008893500000)]
  0x00000286b389bf00 JavaThread "Attach Listener" daemon [_thread_blocked, id=27092, stack(0x0000008893500000,0x0000008893600000)]
  0x00000286b389c8c0 JavaThread "Service Thread" daemon [_thread_blocked, id=27120, stack(0x0000008893600000,0x0000008893700000)]
  0x00000286b389f3e0 JavaThread "Monitor Deflation Thread" daemon [_thread_blocked, id=28544, stack(0x0000008893700000,0x0000008893800000)]
=>0x00000286b38a04e0 JavaThread "C2 CompilerThread0" daemon [_thread_in_native, id=24140, stack(0x0000008893800000,0x0000008893900000)]
  0x00000286b38a0ea0 JavaThread "C1 CompilerThread0" daemon [_thread_blocked, id=4320, stack(0x0000008893900000,0x0000008893a00000)]
  0x00000286b38a3750 JavaThread "Sweeper thread" daemon [_thread_blocked, id=21740, stack(0x0000008893a00000,0x0000008893b00000)]
  0x00000286b38cea60 JavaThread "Common-Cleaner" daemon [_thread_blocked, id=30004, stack(0x0000008893b00000,0x0000008893c00000)]
  0x00000286b3b137a0 JavaThread "Notification Thread" daemon [_thread_blocked, id=31136, stack(0x0000008893c00000,0x0000008893d00000)]
  0x00000286ce4e6030 JavaThread "Daemon health stats" [_thread_blocked, id=15188, stack(0x0000008893e00000,0x0000008893f00000)]
  0x00000286ce88e040 JavaThread "Incoming local TCP Connector on port 54092" [_thread_in_native, id=16420, stack(0x0000008894400000,0x0000008894500000)]
  0x00000286cd837280 JavaThread "Daemon periodic checks" [_thread_blocked, id=32608, stack(0x0000008894500000,0x0000008894600000)]
  0x00000286cd717b30 JavaThread "Daemon" [_thread_blocked, id=16972, stack(0x0000008894600000,0x0000008894700000)]
  0x00000286b391fb10 JavaThread "Handler for socket connection from /127.0.0.1:54092 to /127.0.0.1:54099" [_thread_in_native, id=7508, stack(0x0000008894700000,0x0000008894800000)]
  0x00000286cda2a810 JavaThread "Cancel handler" [_thread_blocked, id=28380, stack(0x0000008894800000,0x0000008894900000)]
  0x00000286cda29df0 JavaThread "Daemon worker" [_thread_in_vm, id=21064, stack(0x0000008894900000,0x0000008894a00000)]
  0x00000286cda27570 JavaThread "Asynchronous log dispatcher for DefaultDaemonConnection: socket connection from /127.0.0.1:54092 to /127.0.0.1:54099" [_thread_blocked, id=30848, stack(0x0000008894a00000,0x0000008894b00000)]
  0x00000286cda293d0 JavaThread "Stdin handler" [_thread_blocked, id=21976, stack(0x0000008894b00000,0x0000008894c00000)]
  0x00000286cda2a300 JavaThread "Daemon client event forwarder" [_thread_blocked, id=6924, stack(0x0000008894c00000,0x0000008894d00000)]
  0x00000286cda27a80 JavaThread "Cache worker for journal cache (C:\Users\kimys\.gradle\caches\journal-1)" [_thread_blocked, id=11904, stack(0x0000008894d00000,0x0000008894e00000)]
  0x00000286cda2ad20 JavaThread "File lock request listener" [_thread_in_native, id=1128, stack(0x0000008894e00000,0x0000008894f00000)]
  0x00000286cda28ec0 JavaThread "File lock release action executor" [_thread_blocked, id=7640, stack(0x0000008894f00000,0x0000008895000000)]
  0x00000286cda27f90 JavaThread "Cache worker for file hash cache (C:\Users\kimys\.gradle\caches\8.7\fileHashes)" [_thread_blocked, id=1916, stack(0x0000008895000000,0x0000008895100000)]
  0x00000286cda284a0 JavaThread "Cache worker for file hash cache (E:\_____spring___\스프링 자료\board_final\.gradle\8.7\fileHashes)" [_thread_blocked, id=12584, stack(0x0000008895300000,0x0000008895400000)]
  0x00000286cda289b0 JavaThread "File watcher server" daemon [_thread_in_native, id=21380, stack(0x0000008895400000,0x0000008895500000)]
  0x00000286ce7948a0 JavaThread "File watcher consumer" daemon [_thread_blocked, id=6260, stack(0x0000008895500000,0x0000008895600000)]
  0x00000286ce794390 JavaThread "Cache worker for checksums cache (E:\_____spring___\스프링 자료\board_final\.gradle\8.7\checksums)" [_thread_blocked, id=18988, stack(0x0000008895700000,0x0000008895800000)]
  0x00000286ce792f50 JavaThread "Cache worker for cache directory md-supplier (C:\Users\kimys\.gradle\caches\8.7\md-supplier)" [_thread_blocked, id=15040, stack(0x0000008895800000,0x0000008895900000)]
  0x00000286ce78f7a0 JavaThread "Cache worker for cache directory md-rule (C:\Users\kimys\.gradle\caches\8.7\md-rule)" [_thread_blocked, id=25152, stack(0x0000008895900000,0x0000008895a00000)]
  0x00000286ce78ed80 JavaThread "Cache worker for file content cache (C:\Users\kimys\.gradle\caches\8.7\fileContent)" [_thread_blocked, id=23116, stack(0x0000008895a00000,0x0000008895b00000)]
  0x00000286ce794db0 JavaThread "jar transforms" [_thread_blocked, id=28644, stack(0x0000008895b00000,0x0000008895c00000)]
  0x00000286ce78fcb0 JavaThread "jar transforms Thread 2" [_thread_blocked, id=16224, stack(0x0000008895c00000,0x0000008895d00000)]
  0x00000286ce7906d0 JavaThread "jar transforms Thread 3" [_thread_blocked, id=25148, stack(0x0000008895d00000,0x0000008895e00000)]
  0x00000286ce793460 JavaThread "jar transforms Thread 4" [_thread_blocked, id=16632, stack(0x0000008895e00000,0x0000008895f00000)]
  0x00000286ce7952c0 JavaThread "jar transforms Thread 5" [_thread_blocked, id=1844, stack(0x0000008895f00000,0x0000008896000000)]
  0x00000286ce792a40 JavaThread "jar transforms Thread 6" [_thread_blocked, id=31152, stack(0x0000008896000000,0x0000008896100000)]

Other Threads:
  0x00000286b387a640 VMThread "VM Thread" [stack: 0x0000008893100000,0x0000008893200000] [id=7116]
  0x00000286b3b13c80 WatcherThread [stack: 0x0000008893d00000,0x0000008893e00000] [id=31140]
  0x0000028698fcac70 GCTaskThread "GC Thread#0" [stack: 0x0000008892c00000,0x0000008892d00000] [id=14460]
  0x00000286cd037910 GCTaskThread "GC Thread#1" [stack: 0x0000008893f00000,0x0000008894000000] [id=27428]
  0x00000286cd6be450 GCTaskThread "GC Thread#2" [stack: 0x0000008894000000,0x0000008894100000] [id=32072]
  0x00000286cd6bef30 GCTaskThread "GC Thread#3" [stack: 0x0000008894100000,0x0000008894200000] [id=6420]
  0x00000286cd6bfc10 GCTaskThread "GC Thread#4" [stack: 0x0000008894200000,0x0000008894300000] [id=19052]
  0x00000286cd6c0b00 GCTaskThread "GC Thread#5" [stack: 0x0000008894300000,0x0000008894400000] [id=22168]
  0x00000286cefcf360 GCTaskThread "GC Thread#6" [stack: 0x0000008895100000,0x0000008895200000] [id=14768]
  0x00000286cefcfba0 GCTaskThread "GC Thread#7" [stack: 0x0000008895200000,0x0000008895300000] [id=14936]
  0x0000028698fcba90 ConcurrentGCThread "G1 Main Marker" [stack: 0x0000008892d00000,0x0000008892e00000] [id=27980]
  0x0000028696dee3f0 ConcurrentGCThread "G1 Conc#0" [stack: 0x0000008892e00000,0x0000008892f00000] [id=3948]
  0x00000286cefcfe60 ConcurrentGCThread "G1 Conc#1" [stack: 0x0000008895600000,0x0000008895700000] [id=15952]
  0x000002869903da90 ConcurrentGCThread "G1 Refine#0" [stack: 0x0000008892f00000,0x0000008893000000] [id=10284]
  0x000002869903e3c0 ConcurrentGCThread "G1 Service" [stack: 0x0000008893000000,0x0000008893100000] [id=12260]

Threads with active compile tasks:
C2 CompilerThread0    30798 4221       4       groovy.lang.MetaClassImpl$1MOPIter::methodNameAction (325 bytes)
C1 CompilerThread0    30799 4304       3       com.google.common.collect.ImmutableMap$Builder::put (35 bytes)

VM state: not at safepoint (normal execution)

VM Mutex/Monitor currently owned by a thread: None

Heap address: 0x00000000e0000000, size: 512 MB, Compressed Oops mode: 32-bit

CDS archive(s) mapped at: [0x00000286b4000000-0x00000286b4bd0000-0x00000286b4bd0000), size 12386304, SharedBaseAddress: 0x00000286b4000000, ArchiveRelocationMode: 1.
Compressed class space mapped at: 0x00000286b5000000-0x00000286c9000000, reserved size: 335544320
Narrow klass base: 0x00000286b4000000, Narrow klass shift: 0, Narrow klass range: 0x100000000

GC Precious Log:
 CPUs: 8 total, 8 available
 Memory: 7900M
 Large Page Support: Disabled
 NUMA Support: Disabled
 Compressed Oops: Enabled (32-bit)
 Heap Region Size: 1M
 Heap Min Capacity: 256M
 Heap Initial Capacity: 256M
 Heap Max Capacity: 512M
 Pre-touch: Disabled
 Parallel Workers: 8
 Concurrent Workers: 2
 Concurrent Refinement Workers: 8
 Periodic GC: Disabled

Heap:
 garbage-first heap   total 262144K, used 142099K [0x00000000e0000000, 0x0000000100000000)
  region size 1024K, 126 young (129024K), 13 survivors (13312K)
 Metaspace       used 35630K, committed 36032K, reserved 393216K
  class space    used 4954K, committed 5120K, reserved 327680K

Heap Regions: E=young(eden), S=young(survivor), O=old, HS=humongous(starts), HC=humongous(continues), CS=collection set, F=free, OA=open archive, CA=closed archive, TAMS=top-at-mark-start (previous, next)
|   0|0x00000000e0000000, 0x00000000e0100000, 0x00000000e0100000|100%|HS|  |TAMS 0x00000000e0100000, 0x00000000e0000000| Complete 
|   1|0x00000000e0100000, 0x00000000e0200000, 0x00000000e0200000|100%|HC|  |TAMS 0x00000000e0200000, 0x00000000e0100000| Complete 
|   2|0x00000000e0200000, 0x00000000e0300000, 0x00000000e0300000|100%|HC|  |TAMS 0x00000000e0300000, 0x00000000e0200000| Complete 
|   3|0x00000000e0300000, 0x00000000e0400000, 0x00000000e0400000|100%|HC|  |TAMS 0x00000000e0400000, 0x00000000e0300000| Complete 
|   4|0x00000000e0400000, 0x00000000e0500000, 0x00000000e0500000|100%| O|  |TAMS 0x00000000e0500000, 0x00000000e0400000| Complete 
|   5|0x00000000e0500000, 0x00000000e0600000, 0x00000000e0600000|100%| O|  |TAMS 0x00000000e0600000, 0x00000000e0500000| Untracked 
|   6|0x00000000e0600000, 0x00000000e0700000, 0x00000000e0700000|100%| O|  |TAMS 0x00000000e0700000, 0x00000000e0600000| Untracked 
|   7|0x00000000e0700000, 0x00000000e0800000, 0x00000000e0800000|100%| O|  |TAMS 0x00000000e0800000, 0x00000000e0700000| Untracked 
|   8|0x00000000e0800000, 0x00000000e0900000, 0x00000000e0900000|100%| O|  |TAMS 0x00000000e0900000, 0x00000000e0800000| Untracked 
|   9|0x00000000e0900000, 0x00000000e0a00000, 0x00000000e0a00000|100%| O|  |TAMS 0x00000000e0a00000, 0x00000000e0900000| Untracked 
|  10|0x00000000e0a00000, 0x00000000e0a82c00, 0x00000000e0b00000| 51%| O|  |TAMS 0x00000000e0a82c00, 0x00000000e0a00000| Untracked 
|  11|0x00000000e0b00000, 0x00000000e0c00000, 0x00000000e0c00000|100%|HS|  |TAMS 0x00000000e0b00000, 0x00000000e0b00000| Complete 
|  12|0x00000000e0c00000, 0x00000000e0d00000, 0x00000000e0d00000|100%|HS|  |TAMS 0x00000000e0c00000, 0x00000000e0c00000| Complete 
|  13|0x00000000e0d00000, 0x00000000e0e00000, 0x00000000e0e00000|100%|HC|  |TAMS 0x00000000e0d00000, 0x00000000e0d00000| Complete 
|  14|0x00000000e0e00000, 0x00000000e0f00000, 0x00000000e0f00000|100%|HS|  |TAMS 0x00000000e0e00000, 0x00000000e0e00000| Complete 
|  15|0x00000000e0f00000, 0x00000000e1000000, 0x00000000e1000000|100%|HC|  |TAMS 0x00000000e0f00000, 0x00000000e0f00000| Complete 
|  16|0x00000000e1000000, 0x00000000e1000000, 0x00000000e1100000|  0%| F|  |TAMS 0x00000000e1000000, 0x00000000e1000000| Untracked 
|  17|0x00000000e1100000, 0x00000000e1100000, 0x00000000e1200000|  0%| F|  |TAMS 0x00000000e1100000, 0x00000000e1100000| Untracked 
|  18|0x00000000e1200000, 0x00000000e1200000, 0x00000000e1300000|  0%| F|  |TAMS 0x00000000e1200000, 0x00000000e1200000| Untracked 
|  19|0x00000000e1300000, 0x00000000e1300000, 0x00000000e1400000|  0%| F|  |TAMS 0x00000000e1300000, 0x00000000e1300000| Untracked 
|  20|0x00000000e1400000, 0x00000000e1400000, 0x00000000e1500000|  0%| F|  |TAMS 0x00000000e1400000, 0x00000000e1400000| Untracked 
|  21|0x00000000e1500000, 0x00000000e1500000, 0x00000000e1600000|  0%| F|  |TAMS 0x00000000e1500000, 0x00000000e1500000| Untracked 
|  22|0x00000000e1600000, 0x00000000e1600000, 0x00000000e1700000|  0%| F|  |TAMS 0x00000000e1600000, 0x00000000e1600000| Untracked 
|  23|0x00000000e1700000, 0x00000000e1700000, 0x00000000e1800000|  0%| F|  |TAMS 0x00000000e1700000, 0x00000000e1700000| Untracked 
|  24|0x00000000e1800000, 0x00000000e1800000, 0x00000000e1900000|  0%| F|  |TAMS 0x00000000e1800000, 0x00000000e1800000| Untracked 
|  25|0x00000000e1900000, 0x00000000e1900000, 0x00000000e1a00000|  0%| F|  |TAMS 0x00000000e1900000, 0x00000000e1900000| Untracked 
|  26|0x00000000e1a00000, 0x00000000e1a00000, 0x00000000e1b00000|  0%| F|  |TAMS 0x00000000e1a00000, 0x00000000e1a00000| Untracked 
|  27|0x00000000e1b00000, 0x00000000e1b00000, 0x00000000e1c00000|  0%| F|  |TAMS 0x00000000e1b00000, 0x00000000e1b00000| Untracked 
|  28|0x00000000e1c00000, 0x00000000e1c00000, 0x00000000e1d00000|  0%| F|  |TAMS 0x00000000e1c00000, 0x00000000e1c00000| Untracked 
|  29|0x00000000e1d00000, 0x00000000e1d00000, 0x00000000e1e00000|  0%| F|  |TAMS 0x00000000e1d00000, 0x00000000e1d00000| Untracked 
|  30|0x00000000e1e00000, 0x00000000e1e00000, 0x00000000e1f00000|  0%| F|  |TAMS 0x00000000e1e00000, 0x00000000e1e00000| Untracked 
|  31|0x00000000e1f00000, 0x00000000e1f00000, 0x00000000e2000000|  0%| F|  |TAMS 0x00000000e1f00000, 0x00000000e1f00000| Untracked 
|  32|0x00000000e2000000, 0x00000000e2000000, 0x00000000e2100000|  0%| F|  |TAMS 0x00000000e2000000, 0x00000000e2000000| Untracked 
|  33|0x00000000e2100000, 0x00000000e2100000, 0x00000000e2200000|  0%| F|  |TAMS 0x00000000e2100000, 0x00000000e2100000| Untracked 
|  34|0x00000000e2200000, 0x00000000e2200000, 0x00000000e2300000|  0%| F|  |TAMS 0x00000000e2200000, 0x00000000e2200000| Untracked 
|  35|0x00000000e2300000, 0x00000000e2300000, 0x00000000e2400000|  0%| F|  |TAMS 0x00000000e2300000, 0x00000000e2300000| Untracked 
|  36|0x00000000e2400000, 0x00000000e2400000, 0x00000000e2500000|  0%| F|  |TAMS 0x00000000e2400000, 0x00000000e2400000| Untracked 
|  37|0x00000000e2500000, 0x00000000e2500000, 0x00000000e2600000|  0%| F|  |TAMS 0x00000000e2500000, 0x00000000e2500000| Untracked 
|  38|0x00000000e2600000, 0x00000000e2600000, 0x00000000e2700000|  0%| F|  |TAMS 0x00000000e2600000, 0x00000000e2600000| Untracked 
|  39|0x00000000e2700000, 0x00000000e2700000, 0x00000000e2800000|  0%| F|  |TAMS 0x00000000e2700000, 0x00000000e2700000| Untracked 
|  40|0x00000000e2800000, 0x00000000e2800000, 0x00000000e2900000|  0%| F|  |TAMS 0x00000000e2800000, 0x00000000e2800000| Untracked 
|  41|0x00000000e2900000, 0x00000000e2900000, 0x00000000e2a00000|  0%| F|  |TAMS 0x00000000e2900000, 0x00000000e2900000| Untracked 
|  42|0x00000000e2a00000, 0x00000000e2a00000, 0x00000000e2b00000|  0%| F|  |TAMS 0x00000000e2a00000, 0x00000000e2a00000| Untracked 
|  43|0x00000000e2b00000, 0x00000000e2b00000, 0x00000000e2c00000|  0%| F|  |TAMS 0x00000000e2b00000, 0x00000000e2b00000| Untracked 
|  44|0x00000000e2c00000, 0x00000000e2c00000, 0x00000000e2d00000|  0%| F|  |TAMS 0x00000000e2c00000, 0x00000000e2c00000| Untracked 
|  45|0x00000000e2d00000, 0x00000000e2d00000, 0x00000000e2e00000|  0%| F|  |TAMS 0x00000000e2d00000, 0x00000000e2d00000| Untracked 
|  46|0x00000000e2e00000, 0x00000000e2e00000, 0x00000000e2f00000|  0%| F|  |TAMS 0x00000000e2e00000, 0x00000000e2e00000| Untracked 
|  47|0x00000000e2f00000, 0x00000000e2f00000, 0x00000000e3000000|  0%| F|  |TAMS 0x00000000e2f00000, 0x00000000e2f00000| Untracked 
|  48|0x00000000e3000000, 0x00000000e3000000, 0x00000000e3100000|  0%| F|  |TAMS 0x00000000e3000000, 0x00000000e3000000| Untracked 
|  49|0x00000000e3100000, 0x00000000e3100000, 0x00000000e3200000|  0%| F|  |TAMS 0x00000000e3100000, 0x00000000e3100000| Untracked 
|  50|0x00000000e3200000, 0x00000000e3200000, 0x00000000e3300000|  0%| F|  |TAMS 0x00000000e3200000, 0x00000000e3200000| Untracked 
|  51|0x00000000e3300000, 0x00000000e3300000, 0x00000000e3400000|  0%| F|  |TAMS 0x00000000e3300000, 0x00000000e3300000| Untracked 
|  52|0x00000000e3400000, 0x00000000e3400000, 0x00000000e3500000|  0%| F|  |TAMS 0x00000000e3400000, 0x00000000e3400000| Untracked 
|  53|0x00000000e3500000, 0x00000000e3500000, 0x00000000e3600000|  0%| F|  |TAMS 0x00000000e3500000, 0x00000000e3500000| Untracked 
|  54|0x00000000e3600000, 0x00000000e3600000, 0x00000000e3700000|  0%| F|  |TAMS 0x00000000e3600000, 0x00000000e3600000| Untracked 
|  55|0x00000000e3700000, 0x00000000e3700000, 0x00000000e3800000|  0%| F|  |TAMS 0x00000000e3700000, 0x00000000e3700000| Untracked 
|  56|0x00000000e3800000, 0x00000000e3800000, 0x00000000e3900000|  0%| F|  |TAMS 0x00000000e3800000, 0x00000000e3800000| Untracked 
|  57|0x00000000e3900000, 0x00000000e3900000, 0x00000000e3a00000|  0%| F|  |TAMS 0x00000000e3900000, 0x00000000e3900000| Untracked 
|  58|0x00000000e3a00000, 0x00000000e3a00000, 0x00000000e3b00000|  0%| F|  |TAMS 0x00000000e3a00000, 0x00000000e3a00000| Untracked 
|  59|0x00000000e3b00000, 0x00000000e3b00000, 0x00000000e3c00000|  0%| F|  |TAMS 0x00000000e3b00000, 0x00000000e3b00000| Untracked 
|  60|0x00000000e3c00000, 0x00000000e3c00000, 0x00000000e3d00000|  0%| F|  |TAMS 0x00000000e3c00000, 0x00000000e3c00000| Untracked 
|  61|0x00000000e3d00000, 0x00000000e3d00000, 0x00000000e3e00000|  0%| F|  |TAMS 0x00000000e3d00000, 0x00000000e3d00000| Untracked 
|  62|0x00000000e3e00000, 0x00000000e3e00000, 0x00000000e3f00000|  0%| F|  |TAMS 0x00000000e3e00000, 0x00000000e3e00000| Untracked 
|  63|0x00000000e3f00000, 0x00000000e3f00000, 0x00000000e4000000|  0%| F|  |TAMS 0x00000000e3f00000, 0x00000000e3f00000| Untracked 
|  64|0x00000000e4000000, 0x00000000e4000000, 0x00000000e4100000|  0%| F|  |TAMS 0x00000000e4000000, 0x00000000e4000000| Untracked 
|  65|0x00000000e4100000, 0x00000000e4100000, 0x00000000e4200000|  0%| F|  |TAMS 0x00000000e4100000, 0x00000000e4100000| Untracked 
|  66|0x00000000e4200000, 0x00000000e4200000, 0x00000000e4300000|  0%| F|  |TAMS 0x00000000e4200000, 0x00000000e4200000| Untracked 
|  67|0x00000000e4300000, 0x00000000e4300000, 0x00000000e4400000|  0%| F|  |TAMS 0x00000000e4300000, 0x00000000e4300000| Untracked 
|  68|0x00000000e4400000, 0x00000000e4400000, 0x00000000e4500000|  0%| F|  |TAMS 0x00000000e4400000, 0x00000000e4400000| Untracked 
|  69|0x00000000e4500000, 0x00000000e4500000, 0x00000000e4600000|  0%| F|  |TAMS 0x00000000e4500000, 0x00000000e4500000| Untracked 
|  70|0x00000000e4600000, 0x00000000e4600000, 0x00000000e4700000|  0%| F|  |TAMS 0x00000000e4600000, 0x00000000e4600000| Untracked 
|  71|0x00000000e4700000, 0x00000000e4700000, 0x00000000e4800000|  0%| F|  |TAMS 0x00000000e4700000, 0x00000000e4700000| Untracked 
|  72|0x00000000e4800000, 0x00000000e4800000, 0x00000000e4900000|  0%| F|  |TAMS 0x00000000e4800000, 0x00000000e4800000| Untracked 
|  73|0x00000000e4900000, 0x00000000e4900000, 0x00000000e4a00000|  0%| F|  |TAMS 0x00000000e4900000, 0x00000000e4900000| Untracked 
|  74|0x00000000e4a00000, 0x00000000e4a00000, 0x00000000e4b00000|  0%| F|  |TAMS 0x00000000e4a00000, 0x00000000e4a00000| Untracked 
|  75|0x00000000e4b00000, 0x00000000e4b00000, 0x00000000e4c00000|  0%| F|  |TAMS 0x00000000e4b00000, 0x00000000e4b00000| Untracked 
|  76|0x00000000e4c00000, 0x00000000e4c00000, 0x00000000e4d00000|  0%| F|  |TAMS 0x00000000e4c00000, 0x00000000e4c00000| Untracked 
|  77|0x00000000e4d00000, 0x00000000e4d00000, 0x00000000e4e00000|  0%| F|  |TAMS 0x00000000e4d00000, 0x00000000e4d00000| Untracked 
|  78|0x00000000e4e00000, 0x00000000e4e00000, 0x00000000e4f00000|  0%| F|  |TAMS 0x00000000e4e00000, 0x00000000e4e00000| Untracked 
|  79|0x00000000e4f00000, 0x00000000e4f00000, 0x00000000e5000000|  0%| F|  |TAMS 0x00000000e4f00000, 0x00000000e4f00000| Untracked 
|  80|0x00000000e5000000, 0x00000000e5000000, 0x00000000e5100000|  0%| F|  |TAMS 0x00000000e5000000, 0x00000000e5000000| Untracked 
|  81|0x00000000e5100000, 0x00000000e5100000, 0x00000000e5200000|  0%| F|  |TAMS 0x00000000e5100000, 0x00000000e5100000| Untracked 
|  82|0x00000000e5200000, 0x00000000e5200000, 0x00000000e5300000|  0%| F|  |TAMS 0x00000000e5200000, 0x00000000e5200000| Untracked 
|  83|0x00000000e5300000, 0x00000000e5300000, 0x00000000e5400000|  0%| F|  |TAMS 0x00000000e5300000, 0x00000000e5300000| Untracked 
|  84|0x00000000e5400000, 0x00000000e5400000, 0x00000000e5500000|  0%| F|  |TAMS 0x00000000e5400000, 0x00000000e5400000| Untracked 
|  85|0x00000000e5500000, 0x00000000e5500000, 0x00000000e5600000|  0%| F|  |TAMS 0x00000000e5500000, 0x00000000e5500000| Untracked 
|  86|0x00000000e5600000, 0x00000000e5600000, 0x00000000e5700000|  0%| F|  |TAMS 0x00000000e5600000, 0x00000000e5600000| Untracked 
|  87|0x00000000e5700000, 0x00000000e5700000, 0x00000000e5800000|  0%| F|  |TAMS 0x00000000e5700000, 0x00000000e5700000| Untracked 
|  88|0x00000000e5800000, 0x00000000e5800000, 0x00000000e5900000|  0%| F|  |TAMS 0x00000000e5800000, 0x00000000e5800000| Untracked 
|  89|0x00000000e5900000, 0x00000000e5900000, 0x00000000e5a00000|  0%| F|  |TAMS 0x00000000e5900000, 0x00000000e5900000| Untracked 
|  90|0x00000000e5a00000, 0x00000000e5a00000, 0x00000000e5b00000|  0%| F|  |TAMS 0x00000000e5a00000, 0x00000000e5a00000| Untracked 
|  91|0x00000000e5b00000, 0x00000000e5b00000, 0x00000000e5c00000|  0%| F|  |TAMS 0x00000000e5b00000, 0x00000000e5b00000| Untracked 
|  92|0x00000000e5c00000, 0x00000000e5c00000, 0x00000000e5d00000|  0%| F|  |TAMS 0x00000000e5c00000, 0x00000000e5c00000| Untracked 
|  93|0x00000000e5d00000, 0x00000000e5d00000, 0x00000000e5e00000|  0%| F|  |TAMS 0x00000000e5d00000, 0x00000000e5d00000| Untracked 
|  94|0x00000000e5e00000, 0x00000000e5e00000, 0x00000000e5f00000|  0%| F|  |TAMS 0x00000000e5e00000, 0x00000000e5e00000| Untracked 
|  95|0x00000000e5f00000, 0x00000000e5f00000, 0x00000000e6000000|  0%| F|  |TAMS 0x00000000e5f00000, 0x00000000e5f00000| Untracked 
|  96|0x00000000e6000000, 0x00000000e6000000, 0x00000000e6100000|  0%| F|  |TAMS 0x00000000e6000000, 0x00000000e6000000| Untracked 
|  97|0x00000000e6100000, 0x00000000e6100000, 0x00000000e6200000|  0%| F|  |TAMS 0x00000000e6100000, 0x00000000e6100000| Untracked 
|  98|0x00000000e6200000, 0x00000000e6200000, 0x00000000e6300000|  0%| F|  |TAMS 0x00000000e6200000, 0x00000000e6200000| Untracked 
|  99|0x00000000e6300000, 0x00000000e6300000, 0x00000000e6400000|  0%| F|  |TAMS 0x00000000e6300000, 0x00000000e6300000| Untracked 
| 100|0x00000000e6400000, 0x00000000e6400000, 0x00000000e6500000|  0%| F|  |TAMS 0x00000000e6400000, 0x00000000e6400000| Untracked 
| 101|0x00000000e6500000, 0x00000000e6500000, 0x00000000e6600000|  0%| F|  |TAMS 0x00000000e6500000, 0x00000000e6500000| Untracked 
| 102|0x00000000e6600000, 0x00000000e6600000, 0x00000000e6700000|  0%| F|  |TAMS 0x00000000e6600000, 0x00000000e6600000| Untracked 
| 103|0x00000000e6700000, 0x00000000e6700000, 0x00000000e6800000|  0%| F|  |TAMS 0x00000000e6700000, 0x00000000e6700000| Untracked 
| 104|0x00000000e6800000, 0x00000000e6800000, 0x00000000e6900000|  0%| F|  |TAMS 0x00000000e6800000, 0x00000000e6800000| Untracked 
| 105|0x00000000e6900000, 0x00000000e6900000, 0x00000000e6a00000|  0%| F|  |TAMS 0x00000000e6900000, 0x00000000e6900000| Untracked 
| 106|0x00000000e6a00000, 0x00000000e6a00000, 0x00000000e6b00000|  0%| F|  |TAMS 0x00000000e6a00000, 0x00000000e6a00000| Untracked 
| 107|0x00000000e6b00000, 0x00000000e6b00000, 0x00000000e6c00000|  0%| F|  |TAMS 0x00000000e6b00000, 0x00000000e6b00000| Untracked 
| 108|0x00000000e6c00000, 0x00000000e6c00000, 0x00000000e6d00000|  0%| F|  |TAMS 0x00000000e6c00000, 0x00000000e6c00000| Untracked 
| 109|0x00000000e6d00000, 0x00000000e6d00000, 0x00000000e6e00000|  0%| F|  |TAMS 0x00000000e6d00000, 0x00000000e6d00000| Untracked 
| 110|0x00000000e6e00000, 0x00000000e6e00000, 0x00000000e6f00000|  0%| F|  |TAMS 0x00000000e6e00000, 0x00000000e6e00000| Untracked 
| 111|0x00000000e6f00000, 0x00000000e6f00000, 0x00000000e7000000|  0%| F|  |TAMS 0x00000000e6f00000, 0x00000000e6f00000| Untracked 
| 112|0x00000000e7000000, 0x00000000e7000000, 0x00000000e7100000|  0%| F|  |TAMS 0x00000000e7000000, 0x00000000e7000000| Untracked 
| 113|0x00000000e7100000, 0x00000000e7100000, 0x00000000e7200000|  0%| F|  |TAMS 0x00000000e7100000, 0x00000000e7100000| Untracked 
| 114|0x00000000e7200000, 0x00000000e7200000, 0x00000000e7300000|  0%| F|  |TAMS 0x00000000e7200000, 0x00000000e7200000| Untracked 
| 115|0x00000000e7300000, 0x00000000e7300000, 0x00000000e7400000|  0%| F|  |TAMS 0x00000000e7300000, 0x00000000e7300000| Untracked 
| 116|0x00000000e7400000, 0x00000000e7400000, 0x00000000e7500000|  0%| F|  |TAMS 0x00000000e7400000, 0x00000000e7400000| Untracked 
| 117|0x00000000e7500000, 0x00000000e7500000, 0x00000000e7600000|  0%| F|  |TAMS 0x00000000e7500000, 0x00000000e7500000| Untracked 
| 118|0x00000000e7600000, 0x00000000e7600000, 0x00000000e7700000|  0%| F|  |TAMS 0x00000000e7600000, 0x00000000e7600000| Untracked 
| 119|0x00000000e7700000, 0x00000000e7700000, 0x00000000e7800000|  0%| F|  |TAMS 0x00000000e7700000, 0x00000000e7700000| Untracked 
| 120|0x00000000e7800000, 0x00000000e7800000, 0x00000000e7900000|  0%| F|  |TAMS 0x00000000e7800000, 0x00000000e7800000| Untracked 
| 121|0x00000000e7900000, 0x00000000e7900000, 0x00000000e7a00000|  0%| F|  |TAMS 0x00000000e7900000, 0x00000000e7900000| Untracked 
| 122|0x00000000e7a00000, 0x00000000e7a00000, 0x00000000e7b00000|  0%| F|  |TAMS 0x00000000e7a00000, 0x00000000e7a00000| Untracked 
| 123|0x00000000e7b00000, 0x00000000e7b00000, 0x00000000e7c00000|  0%| F|  |TAMS 0x00000000e7b00000, 0x00000000e7b00000| Untracked 
| 124|0x00000000e7c00000, 0x00000000e7c00000, 0x00000000e7d00000|  0%| F|  |TAMS 0x00000000e7c00000, 0x00000000e7c00000| Untracked 
| 125|0x00000000e7d00000, 0x00000000e7d00000, 0x00000000e7e00000|  0%| F|  |TAMS 0x00000000e7d00000, 0x00000000e7d00000| Untracked 
| 126|0x00000000e7e00000, 0x00000000e7e00000, 0x00000000e7f00000|  0%| F|  |TAMS 0x00000000e7e00000, 0x00000000e7e00000| Untracked 
| 127|0x00000000e7f00000, 0x00000000e7f00000, 0x00000000e8000000|  0%| F|  |TAMS 0x00000000e7f00000, 0x00000000e7f00000| Untracked 
| 128|0x00000000e8000000, 0x00000000e8000000, 0x00000000e8100000|  0%| F|  |TAMS 0x00000000e8000000, 0x00000000e8000000| Untracked 
| 129|0x00000000e8100000, 0x00000000e8100000, 0x00000000e8200000|  0%| F|  |TAMS 0x00000000e8100000, 0x00000000e8100000| Untracked 
| 130|0x00000000e8200000, 0x00000000e8300000, 0x00000000e8300000|100%| E|  |TAMS 0x00000000e8200000, 0x00000000e8200000| Complete 
| 131|0x00000000e8300000, 0x00000000e8400000, 0x00000000e8400000|100%| E|CS|TAMS 0x00000000e8300000, 0x00000000e8300000| Complete 
| 132|0x00000000e8400000, 0x00000000e8500000, 0x00000000e8500000|100%| E|CS|TAMS 0x00000000e8400000, 0x00000000e8400000| Complete 
| 133|0x00000000e8500000, 0x00000000e8600000, 0x00000000e8600000|100%| E|CS|TAMS 0x00000000e8500000, 0x00000000e8500000| Complete 
| 134|0x00000000e8600000, 0x00000000e8700000, 0x00000000e8700000|100%| E|CS|TAMS 0x00000000e8600000, 0x00000000e8600000| Complete 
| 135|0x00000000e8700000, 0x00000000e8800000, 0x00000000e8800000|100%| E|CS|TAMS 0x00000000e8700000, 0x00000000e8700000| Complete 
| 136|0x00000000e8800000, 0x00000000e8900000, 0x00000000e8900000|100%| E|CS|TAMS 0x00000000e8800000, 0x00000000e8800000| Complete 
| 137|0x00000000e8900000, 0x00000000e8a00000, 0x00000000e8a00000|100%| E|CS|TAMS 0x00000000e8900000, 0x00000000e8900000| Complete 
| 138|0x00000000e8a00000, 0x00000000e8b00000, 0x00000000e8b00000|100%| E|CS|TAMS 0x00000000e8a00000, 0x00000000e8a00000| Complete 
| 139|0x00000000e8b00000, 0x00000000e8c00000, 0x00000000e8c00000|100%| E|CS|TAMS 0x00000000e8b00000, 0x00000000e8b00000| Complete 
| 140|0x00000000e8c00000, 0x00000000e8d00000, 0x00000000e8d00000|100%| E|CS|TAMS 0x00000000e8c00000, 0x00000000e8c00000| Complete 
| 141|0x00000000e8d00000, 0x00000000e8e00000, 0x00000000e8e00000|100%| E|CS|TAMS 0x00000000e8d00000, 0x00000000e8d00000| Complete 
| 142|0x00000000e8e00000, 0x00000000e8f00000, 0x00000000e8f00000|100%| E|CS|TAMS 0x00000000e8e00000, 0x00000000e8e00000| Complete 
| 143|0x00000000e8f00000, 0x00000000e9000000, 0x00000000e9000000|100%| E|CS|TAMS 0x00000000e8f00000, 0x00000000e8f00000| Complete 
| 144|0x00000000e9000000, 0x00000000e9100000, 0x00000000e9100000|100%| E|CS|TAMS 0x00000000e9000000, 0x00000000e9000000| Complete 
| 145|0x00000000e9100000, 0x00000000e9200000, 0x00000000e9200000|100%| E|CS|TAMS 0x00000000e9100000, 0x00000000e9100000| Complete 
| 146|0x00000000e9200000, 0x00000000e9300000, 0x00000000e9300000|100%| E|CS|TAMS 0x00000000e9200000, 0x00000000e9200000| Complete 
| 147|0x00000000e9300000, 0x00000000e9400000, 0x00000000e9400000|100%| E|CS|TAMS 0x00000000e9300000, 0x00000000e9300000| Complete 
| 148|0x00000000e9400000, 0x00000000e9500000, 0x00000000e9500000|100%| E|CS|TAMS 0x00000000e9400000, 0x00000000e9400000| Complete 
| 149|0x00000000e9500000, 0x00000000e9600000, 0x00000000e9600000|100%| E|CS|TAMS 0x00000000e9500000, 0x00000000e9500000| Complete 
| 150|0x00000000e9600000, 0x00000000e9700000, 0x00000000e9700000|100%| E|CS|TAMS 0x00000000e9600000, 0x00000000e9600000| Complete 
| 151|0x00000000e9700000, 0x00000000e9800000, 0x00000000e9800000|100%| E|CS|TAMS 0x00000000e9700000, 0x00000000e9700000| Complete 
| 152|0x00000000e9800000, 0x00000000e9900000, 0x00000000e9900000|100%| E|CS|TAMS 0x00000000e9800000, 0x00000000e9800000| Complete 
| 153|0x00000000e9900000, 0x00000000e9a00000, 0x00000000e9a00000|100%| E|CS|TAMS 0x00000000e9900000, 0x00000000e9900000| Complete 
| 154|0x00000000e9a00000, 0x00000000e9b00000, 0x00000000e9b00000|100%| E|CS|TAMS 0x00000000e9a00000, 0x00000000e9a00000| Complete 
| 155|0x00000000e9b00000, 0x00000000e9c00000, 0x00000000e9c00000|100%| E|CS|TAMS 0x00000000e9b00000, 0x00000000e9b00000| Complete 
| 156|0x00000000e9c00000, 0x00000000e9d00000, 0x00000000e9d00000|100%| E|CS|TAMS 0x00000000e9c00000, 0x00000000e9c00000| Complete 
| 157|0x00000000e9d00000, 0x00000000e9e00000, 0x00000000e9e00000|100%| E|CS|TAMS 0x00000000e9d00000, 0x00000000e9d00000| Complete 
| 158|0x00000000e9e00000, 0x00000000e9f00000, 0x00000000e9f00000|100%| E|CS|TAMS 0x00000000e9e00000, 0x00000000e9e00000| Complete 
| 159|0x00000000e9f00000, 0x00000000ea000000, 0x00000000ea000000|100%| E|CS|TAMS 0x00000000e9f00000, 0x00000000e9f00000| Complete 
| 160|0x00000000ea000000, 0x00000000ea100000, 0x00000000ea100000|100%| E|CS|TAMS 0x00000000ea000000, 0x00000000ea000000| Complete 
| 161|0x00000000ea100000, 0x00000000ea200000, 0x00000000ea200000|100%| E|CS|TAMS 0x00000000ea100000, 0x00000000ea100000| Complete 
| 162|0x00000000ea200000, 0x00000000ea300000, 0x00000000ea300000|100%| E|CS|TAMS 0x00000000ea200000, 0x00000000ea200000| Complete 
| 163|0x00000000ea300000, 0x00000000ea400000, 0x00000000ea400000|100%| E|CS|TAMS 0x00000000ea300000, 0x00000000ea300000| Complete 
| 164|0x00000000ea400000, 0x00000000ea500000, 0x00000000ea500000|100%| E|CS|TAMS 0x00000000ea400000, 0x00000000ea400000| Complete 
| 165|0x00000000ea500000, 0x00000000ea600000, 0x00000000ea600000|100%| E|CS|TAMS 0x00000000ea500000, 0x00000000ea500000| Complete 
| 166|0x00000000ea600000, 0x00000000ea700000, 0x00000000ea700000|100%| E|CS|TAMS 0x00000000ea600000, 0x00000000ea600000| Complete 
| 167|0x00000000ea700000, 0x00000000ea800000, 0x00000000ea800000|100%| E|CS|TAMS 0x00000000ea700000, 0x00000000ea700000| Complete 
| 168|0x00000000ea800000, 0x00000000ea900000, 0x00000000ea900000|100%| E|CS|TAMS 0x00000000ea800000, 0x00000000ea800000| Complete 
| 169|0x00000000ea900000, 0x00000000eaa00000, 0x00000000eaa00000|100%| E|CS|TAMS 0x00000000ea900000, 0x00000000ea900000| Complete 
| 170|0x00000000eaa00000, 0x00000000eab00000, 0x00000000eab00000|100%| E|CS|TAMS 0x00000000eaa00000, 0x00000000eaa00000| Complete 
| 171|0x00000000eab00000, 0x00000000eac00000, 0x00000000eac00000|100%| E|CS|TAMS 0x00000000eab00000, 0x00000000eab00000| Complete 
| 172|0x00000000eac00000, 0x00000000ead00000, 0x00000000ead00000|100%| E|CS|TAMS 0x00000000eac00000, 0x00000000eac00000| Complete 
| 173|0x00000000ead00000, 0x00000000eae00000, 0x00000000eae00000|100%| E|CS|TAMS 0x00000000ead00000, 0x00000000ead00000| Complete 
| 174|0x00000000eae00000, 0x00000000eaf00000, 0x00000000eaf00000|100%| E|CS|TAMS 0x00000000eae00000, 0x00000000eae00000| Complete 
| 175|0x00000000eaf00000, 0x00000000eb000000, 0x00000000eb000000|100%| E|CS|TAMS 0x00000000eaf00000, 0x00000000eaf00000| Complete 
| 176|0x00000000eb000000, 0x00000000eb100000, 0x00000000eb100000|100%| E|CS|TAMS 0x00000000eb000000, 0x00000000eb000000| Complete 
| 177|0x00000000eb100000, 0x00000000eb200000, 0x00000000eb200000|100%| E|CS|TAMS 0x00000000eb100000, 0x00000000eb100000| Complete 
| 178|0x00000000eb200000, 0x00000000eb300000, 0x00000000eb300000|100%| E|CS|TAMS 0x00000000eb200000, 0x00000000eb200000| Complete 
| 179|0x00000000eb300000, 0x00000000eb400000, 0x00000000eb400000|100%| E|CS|TAMS 0x00000000eb300000, 0x00000000eb300000| Complete 
| 180|0x00000000eb400000, 0x00000000eb500000, 0x00000000eb500000|100%| E|CS|TAMS 0x00000000eb400000, 0x00000000eb400000| Complete 
| 181|0x00000000eb500000, 0x00000000eb600000, 0x00000000eb600000|100%| E|CS|TAMS 0x00000000eb500000, 0x00000000eb500000| Complete 
| 182|0x00000000eb600000, 0x00000000eb700000, 0x00000000eb700000|100%| E|CS|TAMS 0x00000000eb600000, 0x00000000eb600000| Complete 
| 183|0x00000000eb700000, 0x00000000eb800000, 0x00000000eb800000|100%| E|CS|TAMS 0x00000000eb700000, 0x00000000eb700000| Complete 
| 184|0x00000000eb800000, 0x00000000eb900000, 0x00000000eb900000|100%| E|CS|TAMS 0x00000000eb800000, 0x00000000eb800000| Complete 
| 185|0x00000000eb900000, 0x00000000eba00000, 0x00000000eba00000|100%| E|CS|TAMS 0x00000000eb900000, 0x00000000eb900000| Complete 
| 186|0x00000000eba00000, 0x00000000ebb00000, 0x00000000ebb00000|100%| E|CS|TAMS 0x00000000eba00000, 0x00000000eba00000| Complete 
| 187|0x00000000ebb00000, 0x00000000ebc00000, 0x00000000ebc00000|100%| E|CS|TAMS 0x00000000ebb00000, 0x00000000ebb00000| Complete 
| 188|0x00000000ebc00000, 0x00000000ebd00000, 0x00000000ebd00000|100%| E|CS|TAMS 0x00000000ebc00000, 0x00000000ebc00000| Complete 
| 189|0x00000000ebd00000, 0x00000000ebe00000, 0x00000000ebe00000|100%| E|CS|TAMS 0x00000000ebd00000, 0x00000000ebd00000| Complete 
| 190|0x00000000ebe00000, 0x00000000ebf00000, 0x00000000ebf00000|100%| E|CS|TAMS 0x00000000ebe00000, 0x00000000ebe00000| Complete 
| 191|0x00000000ebf00000, 0x00000000ec000000, 0x00000000ec000000|100%| E|CS|TAMS 0x00000000ebf00000, 0x00000000ebf00000| Complete 
| 192|0x00000000ec000000, 0x00000000ec100000, 0x00000000ec100000|100%| E|CS|TAMS 0x00000000ec000000, 0x00000000ec000000| Complete 
| 193|0x00000000ec100000, 0x00000000ec200000, 0x00000000ec200000|100%| E|CS|TAMS 0x00000000ec100000, 0x00000000ec100000| Complete 
| 194|0x00000000ec200000, 0x00000000ec300000, 0x00000000ec300000|100%| E|CS|TAMS 0x00000000ec200000, 0x00000000ec200000| Complete 
| 195|0x00000000ec300000, 0x00000000ec400000, 0x00000000ec400000|100%| E|CS|TAMS 0x00000000ec300000, 0x00000000ec300000| Complete 
| 196|0x00000000ec400000, 0x00000000ec500000, 0x00000000ec500000|100%| E|CS|TAMS 0x00000000ec400000, 0x00000000ec400000| Complete 
| 197|0x00000000ec500000, 0x00000000ec600000, 0x00000000ec600000|100%| E|CS|TAMS 0x00000000ec500000, 0x00000000ec500000| Complete 
| 198|0x00000000ec600000, 0x00000000ec700000, 0x00000000ec700000|100%| E|CS|TAMS 0x00000000ec600000, 0x00000000ec600000| Untracked 
| 199|0x00000000ec700000, 0x00000000ec700000, 0x00000000ec800000|  0%| F|  |TAMS 0x00000000ec700000, 0x00000000ec700000| Untracked 
| 200|0x00000000ec800000, 0x00000000ec800000, 0x00000000ec900000|  0%| F|  |TAMS 0x00000000ec800000, 0x00000000ec800000| Untracked 
| 201|0x00000000ec900000, 0x00000000ec900000, 0x00000000eca00000|  0%| F|  |TAMS 0x00000000ec900000, 0x00000000ec900000| Untracked 
| 202|0x00000000eca00000, 0x00000000eca00000, 0x00000000ecb00000|  0%| F|  |TAMS 0x00000000eca00000, 0x00000000eca00000| Untracked 
| 203|0x00000000ecb00000, 0x00000000ecb00000, 0x00000000ecc00000|  0%| F|  |TAMS 0x00000000ecb00000, 0x00000000ecb00000| Untracked 
| 204|0x00000000ecc00000, 0x00000000ecc00000, 0x00000000ecd00000|  0%| F|  |TAMS 0x00000000ecc00000, 0x00000000ecc00000| Untracked 
| 205|0x00000000ecd00000, 0x00000000ecd00000, 0x00000000ece00000|  0%| F|  |TAMS 0x00000000ecd00000, 0x00000000ecd00000| Untracked 
| 206|0x00000000ece00000, 0x00000000ece00000, 0x00000000ecf00000|  0%| F|  |TAMS 0x00000000ece00000, 0x00000000ece00000| Untracked 
| 207|0x00000000ecf00000, 0x00000000ecf00000, 0x00000000ed000000|  0%| F|  |TAMS 0x00000000ecf00000, 0x00000000ecf00000| Untracked 
| 208|0x00000000ed000000, 0x00000000ed000000, 0x00000000ed100000|  0%| F|  |TAMS 0x00000000ed000000, 0x00000000ed000000| Untracked 
| 209|0x00000000ed100000, 0x00000000ed100000, 0x00000000ed200000|  0%| F|  |TAMS 0x00000000ed100000, 0x00000000ed100000| Untracked 
| 210|0x00000000ed200000, 0x00000000ed200000, 0x00000000ed300000|  0%| F|  |TAMS 0x00000000ed200000, 0x00000000ed200000| Untracked 
| 211|0x00000000ed300000, 0x00000000ed300000, 0x00000000ed400000|  0%| F|  |TAMS 0x00000000ed300000, 0x00000000ed300000| Untracked 
| 212|0x00000000ed400000, 0x00000000ed400000, 0x00000000ed500000|  0%| F|  |TAMS 0x00000000ed400000, 0x00000000ed400000| Untracked 
| 213|0x00000000ed500000, 0x00000000ed500000, 0x00000000ed600000|  0%| F|  |TAMS 0x00000000ed500000, 0x00000000ed500000| Untracked 
| 214|0x00000000ed600000, 0x00000000ed600000, 0x00000000ed700000|  0%| F|  |TAMS 0x00000000ed600000, 0x00000000ed600000| Untracked 
| 215|0x00000000ed700000, 0x00000000ed700000, 0x00000000ed800000|  0%| F|  |TAMS 0x00000000ed700000, 0x00000000ed700000| Untracked 
| 216|0x00000000ed800000, 0x00000000ed800000, 0x00000000ed900000|  0%| F|  |TAMS 0x00000000ed800000, 0x00000000ed800000| Untracked 
| 217|0x00000000ed900000, 0x00000000ed900000, 0x00000000eda00000|  0%| F|  |TAMS 0x00000000ed900000, 0x00000000ed900000| Untracked 
| 218|0x00000000eda00000, 0x00000000eda00000, 0x00000000edb00000|  0%| F|  |TAMS 0x00000000eda00000, 0x00000000eda00000| Untracked 
| 219|0x00000000edb00000, 0x00000000edb00000, 0x00000000edc00000|  0%| F|  |TAMS 0x00000000edb00000, 0x00000000edb00000| Untracked 
| 220|0x00000000edc00000, 0x00000000edc00000, 0x00000000edd00000|  0%| F|  |TAMS 0x00000000edc00000, 0x00000000edc00000| Untracked 
| 221|0x00000000edd00000, 0x00000000edd00000, 0x00000000ede00000|  0%| F|  |TAMS 0x00000000edd00000, 0x00000000edd00000| Untracked 
| 222|0x00000000ede00000, 0x00000000ede00000, 0x00000000edf00000|  0%| F|  |TAMS 0x00000000ede00000, 0x00000000ede00000| Untracked 
| 223|0x00000000edf00000, 0x00000000edf00000, 0x00000000ee000000|  0%| F|  |TAMS 0x00000000edf00000, 0x00000000edf00000| Untracked 
| 224|0x00000000ee000000, 0x00000000ee000000, 0x00000000ee100000|  0%| F|  |TAMS 0x00000000ee000000, 0x00000000ee000000| Untracked 
| 225|0x00000000ee100000, 0x00000000ee100000, 0x00000000ee200000|  0%| F|  |TAMS 0x00000000ee100000, 0x00000000ee100000| Untracked 
| 226|0x00000000ee200000, 0x00000000ee200000, 0x00000000ee300000|  0%| F|  |TAMS 0x00000000ee200000, 0x00000000ee200000| Untracked 
| 227|0x00000000ee300000, 0x00000000ee300000, 0x00000000ee400000|  0%| F|  |TAMS 0x00000000ee300000, 0x00000000ee300000| Untracked 
| 228|0x00000000ee400000, 0x00000000ee400000, 0x00000000ee500000|  0%| F|  |TAMS 0x00000000ee400000, 0x00000000ee400000| Untracked 
| 229|0x00000000ee500000, 0x00000000ee500000, 0x00000000ee600000|  0%| F|  |TAMS 0x00000000ee500000, 0x00000000ee500000| Untracked 
| 230|0x00000000ee600000, 0x00000000ee600000, 0x00000000ee700000|  0%| F|  |TAMS 0x00000000ee600000, 0x00000000ee600000| Untracked 
| 231|0x00000000ee700000, 0x00000000ee700000, 0x00000000ee800000|  0%| F|  |TAMS 0x00000000ee700000, 0x00000000ee700000| Untracked 
| 232|0x00000000ee800000, 0x00000000ee800000, 0x00000000ee900000|  0%| F|  |TAMS 0x00000000ee800000, 0x00000000ee800000| Untracked 
| 233|0x00000000ee900000, 0x00000000ee900000, 0x00000000eea00000|  0%| F|  |TAMS 0x00000000ee900000, 0x00000000ee900000| Untracked 
| 234|0x00000000eea00000, 0x00000000eea00000, 0x00000000eeb00000|  0%| F|  |TAMS 0x00000000eea00000, 0x00000000eea00000| Untracked 
| 235|0x00000000eeb00000, 0x00000000eeb00000, 0x00000000eec00000|  0%| F|  |TAMS 0x00000000eeb00000, 0x00000000eeb00000| Untracked 
| 236|0x00000000eec00000, 0x00000000eec00000, 0x00000000eed00000|  0%| F|  |TAMS 0x00000000eec00000, 0x00000000eec00000| Untracked 
| 237|0x00000000eed00000, 0x00000000eed00000, 0x00000000eee00000|  0%| F|  |TAMS 0x00000000eed00000, 0x00000000eed00000| Untracked 
| 238|0x00000000eee00000, 0x00000000eee00000, 0x00000000eef00000|  0%| F|  |TAMS 0x00000000eee00000, 0x00000000eee00000| Untracked 
| 239|0x00000000eef00000, 0x00000000eef00000, 0x00000000ef000000|  0%| F|  |TAMS 0x00000000eef00000, 0x00000000eef00000| Untracked 
| 240|0x00000000ef000000, 0x00000000ef000000, 0x00000000ef100000|  0%| F|  |TAMS 0x00000000ef000000, 0x00000000ef000000| Untracked 
| 241|0x00000000ef100000, 0x00000000ef100000, 0x00000000ef200000|  0%| F|  |TAMS 0x00000000ef100000, 0x00000000ef100000| Untracked 
| 242|0x00000000ef200000, 0x00000000ef200000, 0x00000000ef300000|  0%| F|  |TAMS 0x00000000ef200000, 0x00000000ef200000| Untracked 
| 243|0x00000000ef300000, 0x00000000ef300000, 0x00000000ef400000|  0%| F|  |TAMS 0x00000000ef300000, 0x00000000ef300000| Untracked 
| 244|0x00000000ef400000, 0x00000000ef400000, 0x00000000ef500000|  0%| F|  |TAMS 0x00000000ef400000, 0x00000000ef400000| Untracked 
| 245|0x00000000ef500000, 0x00000000ef500000, 0x00000000ef600000|  0%| F|  |TAMS 0x00000000ef500000, 0x00000000ef500000| Untracked 
| 246|0x00000000ef600000, 0x00000000ef600000, 0x00000000ef700000|  0%| F|  |TAMS 0x00000000ef600000, 0x00000000ef600000| Untracked 
| 247|0x00000000ef700000, 0x00000000ef700000, 0x00000000ef800000|  0%| F|  |TAMS 0x00000000ef700000, 0x00000000ef700000| Untracked 
| 248|0x00000000ef800000, 0x00000000ef800000, 0x00000000ef900000|  0%| F|  |TAMS 0x00000000ef800000, 0x00000000ef800000| Untracked 
| 249|0x00000000ef900000, 0x00000000ef900000, 0x00000000efa00000|  0%| F|  |TAMS 0x00000000ef900000, 0x00000000ef900000| Untracked 
| 250|0x00000000efa00000, 0x00000000efa00000, 0x00000000efb00000|  0%| F|  |TAMS 0x00000000efa00000, 0x00000000efa00000| Untracked 
| 251|0x00000000efb00000, 0x00000000efb00000, 0x00000000efc00000|  0%| F|  |TAMS 0x00000000efb00000, 0x00000000efb00000| Untracked 
| 252|0x00000000efc00000, 0x00000000efc00000, 0x00000000efd00000|  0%| F|  |TAMS 0x00000000efc00000, 0x00000000efc00000| Untracked 
| 253|0x00000000efd00000, 0x00000000efd00000, 0x00000000efe00000|  0%| F|  |TAMS 0x00000000efd00000, 0x00000000efd00000| Untracked 
| 254|0x00000000efe00000, 0x00000000efe00000, 0x00000000eff00000|  0%| F|  |TAMS 0x00000000efe00000, 0x00000000efe00000| Untracked 
| 255|0x00000000eff00000, 0x00000000eff07658, 0x00000000f0000000|  2%| E|  |TAMS 0x00000000eff00000, 0x00000000eff00000| Complete 

Card table byte_map: [0x00000286afc50000,0x00000286afd50000] _byte_map_base: 0x00000286af550000

Marking Bits (Prev, Next): (CMBitMap*) 0x0000028698fcb1d0, (CMBitMap*) 0x0000028698fcb190
 Prev Bits: [0x00000286b0650000, 0x00000286b0e50000)
 Next Bits: [0x00000286afe50000, 0x00000286b0650000)

Polling page: 0x0000028696f50000

Metaspace:

Usage:
  Non-class:     30.02 MB used.
      Class:      4.85 MB used.
       Both:     34.87 MB used.

Virtual space:
  Non-class space:       64.00 MB reserved,      30.25 MB ( 47%) committed,  1 nodes.
      Class space:      320.00 MB reserved,       5.06 MB (  2%) committed,  1 nodes.
             Both:      384.00 MB reserved,      35.31 MB (  9%) committed. 

Chunk freelists:
   Non-Class:  1.41 MB
       Class:  10.80 MB
        Both:  12.20 MB

MaxMetaspaceSize: 384.00 MB
CompressedClassSpaceSize: 320.00 MB
Initial GC threshold: 21.00 MB
Current GC threshold: 35.56 MB
CDS: on
MetaspaceReclaimPolicy: balanced
 - commit_granule_bytes: 65536.
 - commit_granule_words: 8192.
 - virtual_space_node_default_size: 8388608.
 - enlarge_chunks_in_place: 1.
 - new_chunks_are_fully_committed: 0.
 - uncommit_free_chunks: 1.
 - use_allocation_guard: 0.
 - handle_deallocations: 1.


Internal statistics:

num_allocs_failed_limit: 6.
num_arena_births: 352.
num_arena_deaths: 0.
num_vsnodes_births: 2.
num_vsnodes_deaths: 0.
num_space_committed: 565.
num_space_uncommitted: 0.
num_chunks_returned_to_freelist: 6.
num_chunks_taken_from_freelist: 1665.
num_chunk_merges: 6.
num_chunk_splits: 1109.
num_chunks_enlarged: 781.
num_inconsistent_stats: 0.

CodeHeap 'non-profiled nmethods': size=120000Kb used=2343Kb max_used=2343Kb free=117656Kb
 bounds [0x00000286a82f0000, 0x00000286a8560000, 0x00000286af820000]
CodeHeap 'profiled nmethods': size=120000Kb used=8996Kb max_used=8996Kb free=111003Kb
 bounds [0x00000286a0820000, 0x00000286a10f0000, 0x00000286a7d50000]
CodeHeap 'non-nmethods': size=5760Kb used=2304Kb max_used=2337Kb free=3455Kb
 bounds [0x00000286a7d50000, 0x00000286a7fc0000, 0x00000286a82f0000]
 total_blobs=5108 nmethods=4307 adapters=713
 compilation: enabled
              stopped_count=0, restarted_count=0
 full_count=0

Compilation events (20 events):
Event: 30.617 Thread 0x00000286b38a0ea0 4267       3       java.lang.invoke.BoundMethodHandle$Species_L::make (11 bytes)
Event: 30.618 Thread 0x00000286b38a0ea0 nmethod 4267 0x00000286a10cc310 code [0x00000286a10cc4c0, 0x00000286a10cc728]
Event: 30.621 Thread 0x00000286b38a0ea0 4268       3       com.google.common.cache.LocalCache::recordsAccess (5 bytes)
Event: 30.621 Thread 0x00000286b38a0ea0 nmethod 4268 0x00000286a10cc810 code [0x00000286a10cc9a0, 0x00000286a10ccb98]
Event: 30.625 Thread 0x00000286b38a0ea0 4270       3       com.google.common.collect.Iterators$9::hasNext (13 bytes)
Event: 30.626 Thread 0x00000286b38a0ea0 nmethod 4270 0x00000286a10ccc90 code [0x00000286a10cce20, 0x00000286a10ccf98]
Event: 30.644 Thread 0x00000286b38a0ea0 4271       3       java.lang.StringUTF16::compress (59 bytes)
Event: 30.645 Thread 0x00000286b38a0ea0 nmethod 4271 0x00000286a10cd010 code [0x00000286a10cd1e0, 0x00000286a10cd528]
Event: 30.652 Thread 0x00000286b38a0ea0 4272       3       org.gradle.model.internal.asm.MethodVisitorScope::_ASTORE (8 bytes)
Event: 30.652 Thread 0x00000286b38a0ea0 nmethod 4272 0x00000286a10cd710 code [0x00000286a10cd8c0, 0x00000286a10cdb48]
Event: 30.659 Thread 0x00000286b38a0ea0 4274       3       java.io.File::getName (42 bytes)
Event: 30.660 Thread 0x00000286b38a0ea0 nmethod 4274 0x00000286a10cdc90 code [0x00000286a10cdee0, 0x00000286a10ce718]
Event: 30.671 Thread 0x00000286b38a0ea0 4275   !   3       org.gradle.internal.event.AbstractBroadcastDispatch::dispatch (74 bytes)
Event: 30.673 Thread 0x00000286b38a0ea0 nmethod 4275 0x00000286a10cea90 code [0x00000286a10ced60, 0x00000286a10cfe58]
Event: 30.685 Thread 0x00000286b38a0ea0 4276       3       java.util.Arrays::hashCode (56 bytes)
Event: 30.685 Thread 0x00000286b38a0ea0 nmethod 4276 0x00000286a10d0490 code [0x00000286a10d0640, 0x00000286a10d09a8]
Event: 30.685 Thread 0x00000286b38a0ea0 4277       3       java.util.TreeMap::rotateLeft (96 bytes)
Event: 30.685 Thread 0x00000286b38a0ea0 nmethod 4277 0x00000286a10d0b10 code [0x00000286a10d0ce0, 0x00000286a10d1218]
Event: 30.685 Thread 0x00000286b38a0ea0 4278       3       org.gradle.internal.reflect.MutableClassDetails::field (49 bytes)
Event: 30.686 Thread 0x00000286b38a0ea0 nmethod 4278 0x00000286a10d1390 code [0x00000286a10d15a0, 0x00000286a10d1d48]

GC Heap History (8 events):
Event: 4.333 GC heap before
{Heap before GC invocations=0 (full 0):
 garbage-first heap   total 262144K, used 26624K [0x00000000e0000000, 0x0000000100000000)
  region size 1024K, 23 young (23552K), 0 survivors (0K)
 Metaspace       used 2948K, committed 3072K, reserved 393216K
  class space    used 368K, committed 448K, reserved 327680K
}
Event: 4.341 GC heap after
{Heap after GC invocations=1 (full 0):
 garbage-first heap   total 262144K, used 11177K [0x00000000e0000000, 0x0000000100000000)
  region size 1024K, 3 young (3072K), 3 survivors (3072K)
 Metaspace       used 2948K, committed 3072K, reserved 393216K
  class space    used 368K, committed 448K, reserved 327680K
}
Event: 8.985 GC heap before
{Heap before GC invocations=1 (full 0):
 garbage-first heap   total 262144K, used 38825K [0x00000000e0000000, 0x0000000100000000)
  region size 1024K, 30 young (30720K), 3 survivors (3072K)
 Metaspace       used 4030K, committed 4224K, reserved 393216K
  class space    used 494K, committed 576K, reserved 327680K
}
Event: 9.000 GC heap after
{Heap after GC invocations=2 (full 0):
 garbage-first heap   total 262144K, used 11592K [0x00000000e0000000, 0x0000000100000000)
  region size 1024K, 1 young (1024K), 1 survivors (1024K)
 Metaspace       used 4030K, committed 4224K, reserved 393216K
  class space    used 494K, committed 576K, reserved 327680K
}
Event: 20.695 GC heap before
{Heap before GC invocations=2 (full 0):
 garbage-first heap   total 262144K, used 101704K [0x00000000e0000000, 0x0000000100000000)
  region size 1024K, 88 young (90112K), 1 survivors (1024K)
 Metaspace       used 17390K, committed 17728K, reserved 393216K
  class space    used 2490K, committed 2624K, reserved 327680K
}
Event: 20.776 GC heap after
{Heap after GC invocations=3 (full 0):
 garbage-first heap   total 262144K, used 21153K [0x00000000e0000000, 0x0000000100000000)
  region size 1024K, 11 young (11264K), 11 survivors (11264K)
 Metaspace       used 17390K, committed 17728K, reserved 393216K
  class space    used 2490K, committed 2624K, reserved 327680K
}
Event: 22.627 GC heap before
{Heap before GC invocations=3 (full 0):
 garbage-first heap   total 262144K, used 51873K [0x00000000e0000000, 0x0000000100000000)
  region size 1024K, 42 young (43008K), 11 survivors (11264K)
 Metaspace       used 21242K, committed 21504K, reserved 393216K
  class space    used 3117K, committed 3264K, reserved 327680K
}
Event: 22.636 GC heap after
{Heap after GC invocations=4 (full 0):
 garbage-first heap   total 262144K, used 23315K [0x00000000e0000000, 0x0000000100000000)
  region size 1024K, 13 young (13312K), 13 survivors (13312K)
 Metaspace       used 21242K, committed 21504K, reserved 393216K
  class space    used 3117K, committed 3264K, reserved 327680K
}

Deoptimization events (20 events):
Event: 30.452 Thread 0x00000286cda29df0 Uncommon trap: trap_request=0xffffffde fr.pc=0x00000286a8525c80 relative=0x0000000000000060
Event: 30.452 Thread 0x00000286cda29df0 Uncommon trap: reason=class_check action=maybe_recompile pc=0x00000286a8525c80 method=java.util.stream.StreamOpFlag.fromCharacteristics(Ljava/util/Spliterator;)I @ 14 c2
Event: 30.452 Thread 0x00000286cda29df0 DEOPT PACKING pc=0x00000286a8525c80 sp=0x00000088949f9d60
Event: 30.452 Thread 0x00000286cda29df0 DEOPT UNPACKING pc=0x00000286a7da5ba3 sp=0x00000088949f9cf8 mode 2
Event: 30.493 Thread 0x00000286cda29df0 Uncommon trap: trap_request=0xffffff45 fr.pc=0x00000286a8472fcc relative=0x000000000000058c
Event: 30.493 Thread 0x00000286cda29df0 Uncommon trap: reason=unstable_if action=reinterpret pc=0x00000286a8472fcc method=java.lang.String.regionMatches(ZILjava/lang/String;II)Z @ 86 c2
Event: 30.493 Thread 0x00000286cda29df0 DEOPT PACKING pc=0x00000286a8472fcc sp=0x00000088949fa990
Event: 30.493 Thread 0x00000286cda29df0 DEOPT UNPACKING pc=0x00000286a7da5ba3 sp=0x00000088949fa8b0 mode 2
Event: 30.493 Thread 0x00000286cda29df0 Uncommon trap: trap_request=0xffffff45 fr.pc=0x00000286a83fad44 relative=0x0000000000000584
Event: 30.493 Thread 0x00000286cda29df0 Uncommon trap: reason=unstable_if action=reinterpret pc=0x00000286a83fad44 method=java.lang.String.regionMatches(ZILjava/lang/String;II)Z @ 86 c2
Event: 30.493 Thread 0x00000286cda29df0 DEOPT PACKING pc=0x00000286a83fad44 sp=0x00000088949fa5e0
Event: 30.493 Thread 0x00000286cda29df0 DEOPT UNPACKING pc=0x00000286a7da5ba3 sp=0x00000088949fa588 mode 2
Event: 30.604 Thread 0x00000286cda29df0 Uncommon trap: trap_request=0xffffffde fr.pc=0x00000286a843c318 relative=0x0000000000000078
Event: 30.604 Thread 0x00000286cda29df0 Uncommon trap: reason=class_check action=maybe_recompile pc=0x00000286a843c318 method=java.util.Collections$SetFromMap.remove(Ljava/lang/Object;)Z @ 5 c2
Event: 30.604 Thread 0x00000286cda29df0 DEOPT PACKING pc=0x00000286a843c318 sp=0x00000088949facc0
Event: 30.604 Thread 0x00000286cda29df0 DEOPT UNPACKING pc=0x00000286a7da5ba3 sp=0x00000088949fac58 mode 2
Event: 30.604 Thread 0x00000286cda29df0 Uncommon trap: trap_request=0xffffff45 fr.pc=0x00000286a84b61b0 relative=0x0000000000000110
Event: 30.604 Thread 0x00000286cda29df0 Uncommon trap: reason=unstable_if action=reinterpret pc=0x00000286a84b61b0 method=java.util.Arrays.hashCode([Ljava/lang/Object;)I @ 34 c2
Event: 30.604 Thread 0x00000286cda29df0 DEOPT PACKING pc=0x00000286a84b61b0 sp=0x00000088949fb0c0
Event: 30.604 Thread 0x00000286cda29df0 DEOPT UNPACKING pc=0x00000286a7da5ba3 sp=0x00000088949fb038 mode 2

Classes unloaded (0 events):
No events

Classes redefined (0 events):
No events

Internal exceptions (20 events):
Event: 30.420 Thread 0x00000286cda29df0 Exception <a 'java/lang/ClassNotFoundException'{0x00000000e8fa07b0}: org/gradle/configuration/internal/DefaultListenerBuildOperationDecorator$BuildOperationEmittingClosureCustomizer> (0x00000000e8fa07b0) 
thrown [s\open\src\hotspot\share\classfile\systemDictionary.cpp, line 256]
Event: 30.491 Thread 0x00000286cda29df0 Exception <a 'sun/nio/fs/WindowsException'{0x00000000e8dca6d0}> (0x00000000e8dca6d0) 
thrown [s\open\src\hotspot\share\prims\jni.cpp, line 516]
Event: 30.492 Thread 0x00000286cda29df0 Exception <a 'sun/nio/fs/WindowsException'{0x00000000e8dcbc90}> (0x00000000e8dcbc90) 
thrown [s\open\src\hotspot\share\prims\jni.cpp, line 516]
Event: 30.492 Thread 0x00000286cda29df0 Exception <a 'sun/nio/fs/WindowsException'{0x00000000e8dcd208}> (0x00000000e8dcd208) 
thrown [s\open\src\hotspot\share\prims\jni.cpp, line 516]
Event: 30.493 Thread 0x00000286cda29df0 Exception <a 'sun/nio/fs/WindowsException'{0x00000000e8dce790}> (0x00000000e8dce790) 
thrown [s\open\src\hotspot\share\prims\jni.cpp, line 516]
Event: 30.503 Thread 0x00000286cda29df0 Exception <a 'java/lang/IncompatibleClassChangeError'{0x00000000e8df3990}: Found class java.lang.Object, but interface was expected> (0x00000000e8df3990) 
thrown [s\open\src\hotspot\share\interpreter\linkResolver.cpp, line 826]
Event: 30.522 Thread 0x00000286cda29df0 Exception <a 'java/lang/ClassNotFoundException'{0x00000000e8b18860}: settings_e4k8z7lbtzf93vlccl970bkndBeanInfo> (0x00000000e8b18860) 
thrown [s\open\src\hotspot\share\classfile\systemDictionary.cpp, line 256]
Event: 30.522 Thread 0x00000286cda29df0 Exception <a 'java/lang/ClassNotFoundException'{0x00000000e8b23190}: org/gradle/initialization/SettingsScriptBeanInfo> (0x00000000e8b23190) 
thrown [s\open\src\hotspot\share\classfile\systemDictionary.cpp, line 256]
Event: 30.522 Thread 0x00000286cda29df0 Exception <a 'java/lang/ClassNotFoundException'{0x00000000e8b2dc40}: org/gradle/plugin/use/internal/PluginsAwareScriptBeanInfo> (0x00000000e8b2dc40) 
thrown [s\open\src\hotspot\share\classfile\systemDictionary.cpp, line 256]
Event: 30.523 Thread 0x00000286cda29df0 Exception <a 'java/lang/ClassNotFoundException'{0x00000000e8b386e8}: org/gradle/plugin/use/internal/PluginsAwareScriptCustomizer> (0x00000000e8b386e8) 
thrown [s\open\src\hotspot\share\classfile\systemDictionary.cpp, line 256]
Event: 30.524 Thread 0x00000286cda29df0 Exception <a 'java/lang/ClassNotFoundException'{0x00000000e8b4b0e8}: org/gradle/initialization/SettingsScriptCustomizer> (0x00000000e8b4b0e8) 
thrown [s\open\src\hotspot\share\classfile\systemDictionary.cpp, line 256]
Event: 30.525 Thread 0x00000286cda29df0 Exception <a 'java/lang/ClassNotFoundException'{0x00000000e8b59148}: settings_e4k8z7lbtzf93vlccl970bkndCustomizer> (0x00000000e8b59148) 
thrown [s\open\src\hotspot\share\classfile\systemDictionary.cpp, line 256]
Event: 30.533 Thread 0x00000286cda29df0 Exception <a 'java/lang/ClassNotFoundException'{0x00000000e8bf26a8}: org/gradle/initialization/DefaultSettings_DecoratedBeanInfo> (0x00000000e8bf26a8) 
thrown [s\open\src\hotspot\share\classfile\systemDictionary.cpp, line 256]
Event: 30.534 Thread 0x00000286cda29df0 Exception <a 'java/lang/ClassNotFoundException'{0x00000000e8a03050}: org/gradle/initialization/DefaultSettingsBeanInfo> (0x00000000e8a03050) 
thrown [s\open\src\hotspot\share\classfile\systemDictionary.cpp, line 256]
Event: 30.535 Thread 0x00000286cda29df0 Exception <a 'java/lang/ClassNotFoundException'{0x00000000e8a12cd8}: org/gradle/initialization/DefaultSettingsCustomizer> (0x00000000e8a12cd8) 
thrown [s\open\src\hotspot\share\classfile\systemDictionary.cpp, line 256]
Event: 30.542 Thread 0x00000286cda29df0 Exception <a 'java/lang/ClassNotFoundException'{0x00000000e8a58be0}: org/gradle/initialization/DefaultSettings_DecoratedCustomizer> (0x00000000e8a58be0) 
thrown [s\open\src\hotspot\share\classfile\systemDictionary.cpp, line 256]
Event: 30.550 Thread 0x00000286cda29df0 Exception <a 'java/lang/ClassNotFoundException'{0x00000000e8acf318}: org/gradle/initialization/DefaultProjectDescriptorBeanInfo> (0x00000000e8acf318) 
thrown [s\open\src\hotspot\share\classfile\systemDictionary.cpp, line 256]
Event: 30.551 Thread 0x00000286cda29df0 Exception <a 'java/lang/ClassNotFoundException'{0x00000000e8addee0}: org/gradle/initialization/DefaultProjectDescriptorCustomizer> (0x00000000e8addee0) 
thrown [s\open\src\hotspot\share\classfile\systemDictionary.cpp, line 256]
Event: 30.560 Thread 0x00000286cda29df0 Exception <a 'java/lang/NoSuchMethodError'{0x00000000e89266f8}: 'void java.lang.invoke.DirectMethodHandle$Holder.invokeInterface(java.lang.Object, java.lang.Object)'> (0x00000000e89266f8) 
thrown [s\open\src\hotspot\share\interpreter\linkResolver.cpp, line 759]
Event: 30.604 Thread 0x00000286cda29df0 Implicit null exception at 0x00000286a84b60ec to 0x00000286a84b6194

VM Operations (20 events):
Event: 28.081 Executing VM operation: HandshakeAllThreads
Event: 28.082 Executing VM operation: HandshakeAllThreads done
Event: 28.082 Executing VM operation: Cleanup
Event: 28.082 Executing VM operation: Cleanup done
Event: 28.308 Executing VM operation: HandshakeAllThreads
Event: 28.308 Executing VM operation: HandshakeAllThreads done
Event: 28.535 Executing VM operation: HandshakeAllThreads
Event: 28.536 Executing VM operation: HandshakeAllThreads done
Event: 28.536 Executing VM operation: HandshakeAllThreads
Event: 28.536 Executing VM operation: HandshakeAllThreads done
Event: 28.544 Executing VM operation: HandshakeAllThreads
Event: 28.544 Executing VM operation: HandshakeAllThreads done
Event: 28.553 Executing VM operation: HandshakeAllThreads
Event: 28.553 Executing VM operation: HandshakeAllThreads done
Event: 28.711 Executing VM operation: HandshakeAllThreads
Event: 28.711 Executing VM operation: HandshakeAllThreads done
Event: 29.480 Executing VM operation: ICBufferFull
Event: 29.480 Executing VM operation: ICBufferFull done
Event: 30.490 Executing VM operation: Cleanup
Event: 30.491 Executing VM operation: Cleanup done

Events (20 events):
Event: 29.769 loading class com/sun/beans/finder/MethodFinder$1
Event: 29.769 loading class com/sun/beans/finder/MethodFinder$1 done
Event: 29.769 loading class com/sun/beans/finder/FinderUtils
Event: 29.769 loading class com/sun/beans/finder/FinderUtils done
Event: 30.316 Thread 0x00000286ce7906d0 Thread added: 0x00000286ce7906d0
Event: 30.332 Thread 0x00000286ce793460 Thread added: 0x00000286ce793460
Event: 30.450 loading class java/util/BitSet$1BitSetSpliterator
Event: 30.452 loading class java/util/BitSet$1BitSetSpliterator done
Event: 30.462 loading class java/lang/ThreadLocal$SuppliedThreadLocal
Event: 30.462 loading class java/lang/ThreadLocal$SuppliedThreadLocal done
Event: 30.491 loading class sun/nio/fs/WindowsException
Event: 30.491 loading class sun/nio/fs/WindowsException done
Event: 30.501 Thread 0x00000286ce7952c0 Thread added: 0x00000286ce7952c0
Event: 30.511 Thread 0x00000286ce792a40 Thread added: 0x00000286ce792a40
Event: 30.555 loading class jdk/internal/math/FDBigInteger
Event: 30.555 loading class jdk/internal/math/FDBigInteger done
Event: 30.580 loading class java/util/zip/GZIPOutputStream
Event: 30.581 loading class java/util/zip/GZIPOutputStream done
Event: 30.581 loading class java/util/zip/GZIPInputStream
Event: 30.581 loading class java/util/zip/GZIPInputStream done


Dynamic libraries:
0x00007ff6e1f40000 - 0x00007ff6e1f50000 	C:\Java\bin\java.exe
0x00007ffa26610000 - 0x00007ffa26826000 	C:\Windows\SYSTEM32\ntdll.dll
0x00007ffa25320000 - 0x00007ffa253e4000 	C:\Windows\System32\KERNEL32.DLL
0x00007ffa23930000 - 0x00007ffa23cd7000 	C:\Windows\System32\KERNELBASE.dll
0x000000006ac50000 - 0x000000006af82000 	C:\Program Files\Norton Security\NortonData\22.24.2.6\Definitions\IPSDefs\20240503.064\IPSEng64.dll
0x00007ffa25af0000 - 0x00007ffa25ba2000 	C:\Windows\System32\ADVAPI32.dll
0x00007ffa25610000 - 0x00007ffa256b7000 	C:\Windows\System32\msvcrt.dll
0x00007ffa24340000 - 0x00007ffa243e8000 	C:\Windows\System32\sechost.dll
0x00007ffa24130000 - 0x00007ffa24158000 	C:\Windows\System32\bcrypt.dll
0x00007ffa25bc0000 - 0x00007ffa25cd5000 	C:\Windows\System32\RPCRT4.dll
0x00007ffa25bb0000 - 0x00007ffa25bb8000 	C:\Windows\System32\PSAPI.DLL
0x00007ffa23ce0000 - 0x00007ffa23df1000 	C:\Windows\System32\ucrtbase.dll
0x00007ff9e2700000 - 0x00007ff9e271b000 	C:\Java\bin\VCRUNTIME140.dll
0x00007ff9e2c00000 - 0x00007ff9e2c19000 	C:\Java\bin\jli.dll
0x00007ffa25d00000 - 0x00007ffa25eae000 	C:\Windows\System32\USER32.dll
0x00007ffa23e00000 - 0x00007ffa23e26000 	C:\Windows\System32\win32u.dll
0x00007ffa265a0000 - 0x00007ffa265c9000 	C:\Windows\System32\GDI32.dll
0x00007ffa24010000 - 0x00007ffa24129000 	C:\Windows\System32\gdi32full.dll
0x00007ffa242a0000 - 0x00007ffa2433a000 	C:\Windows\System32\msvcp_win.dll
0x00007ffa1b320000 - 0x00007ffa1b32a000 	C:\Windows\SYSTEM32\VERSION.dll
0x00007ffa07900000 - 0x00007ffa07b93000 	C:\Windows\WinSxS\amd64_microsoft.windows.common-controls_6595b64144ccf1df_6.0.22621.3235_none_270f74e173860f98\COMCTL32.dll
0x00007ffa25fc0000 - 0x00007ffa25ff1000 	C:\Windows\System32\IMM32.DLL
0x00007ffa01a60000 - 0x00007ffa01a6c000 	C:\Java\bin\vcruntime140_1.dll
0x00007ff9c1d10000 - 0x00007ff9c1d9e000 	C:\Java\bin\msvcp140.dll
0x00007ff9882c0000 - 0x00007ff988e9f000 	C:\Java\bin\server\jvm.dll
0x00007ffa072e0000 - 0x00007ffa072e9000 	C:\Windows\SYSTEM32\WSOCK32.dll
0x00007ffa24e20000 - 0x00007ffa24e91000 	C:\Windows\System32\WS2_32.dll
0x00007ffa21370000 - 0x00007ffa213a4000 	C:\Windows\SYSTEM32\WINMM.dll
0x00007ffa22970000 - 0x00007ffa22988000 	C:\Windows\SYSTEM32\kernel.appcore.dll
0x00007ff9f8ec0000 - 0x00007ff9f8eca000 	C:\Java\bin\jimage.dll
0x00007ffa210a0000 - 0x00007ffa212d3000 	C:\Windows\SYSTEM32\DBGHELP.DLL
0x00007ffa26000000 - 0x00007ffa26388000 	C:\Windows\System32\combase.dll
0x00007ffa25a00000 - 0x00007ffa25ad7000 	C:\Windows\System32\OLEAUT32.dll
0x00007ffa21330000 - 0x00007ffa21362000 	C:\Windows\SYSTEM32\dbgcore.DLL
0x00007ffa24220000 - 0x00007ffa24299000 	C:\Windows\System32\bcryptPrimitives.dll
0x00007ffa17e20000 - 0x00007ffa17e2e000 	C:\Java\bin\instrument.dll
0x00007ff9d4220000 - 0x00007ff9d4245000 	C:\Java\bin\java.dll
0x00007ff9b6980000 - 0x00007ff9b6a57000 	C:\Java\bin\jsvml.dll
0x00007ffa24460000 - 0x00007ffa24cbc000 	C:\Windows\System32\SHELL32.dll
0x00007ffa21890000 - 0x00007ffa22189000 	C:\Windows\SYSTEM32\windows.storage.dll
0x00007ffa21750000 - 0x00007ffa2188e000 	C:\Windows\SYSTEM32\wintypes.dll
0x00007ffa25750000 - 0x00007ffa25843000 	C:\Windows\System32\SHCORE.dll
0x00007ffa25550000 - 0x00007ffa255ae000 	C:\Windows\System32\shlwapi.dll
0x00007ffa23860000 - 0x00007ffa23881000 	C:\Windows\SYSTEM32\profapi.dll
0x00007ff9d4120000 - 0x00007ff9d4138000 	C:\Java\bin\zip.dll
0x00007ff9e21b0000 - 0x00007ff9e21c9000 	C:\Java\bin\net.dll
0x00007ffa1d3a0000 - 0x00007ffa1d4d6000 	C:\Windows\SYSTEM32\WINHTTP.dll
0x00007ffa22de0000 - 0x00007ffa22e49000 	C:\Windows\system32\mswsock.dll
0x00007ff9d4140000 - 0x00007ff9d4156000 	C:\Java\bin\nio.dll
0x00007ff9f2fe0000 - 0x00007ff9f2ff0000 	C:\Java\bin\verify.dll
0x00007ffa17e30000 - 0x00007ffa17e57000 	C:\Users\kimys\.gradle\native\c067742578af261105cb4f569cf0c3c89f3d7b1fecec35dd04571415982c5e48\windows-amd64\native-platform.dll
0x00007ff99cc80000 - 0x00007ff99cdc4000 	C:\Users\kimys\.gradle\native\38dada09dfb8b06ba9b0570ebf7e218e3eb74d4ef43ca46872605cf95ebc2f47\windows-amd64\native-platform-file-events.dll
0x00007ffa16620000 - 0x00007ffa1662a000 	C:\Java\bin\management.dll
0x00007ffa0db90000 - 0x00007ffa0db9b000 	C:\Java\bin\management_ext.dll
0x00007ffa23040000 - 0x00007ffa2305b000 	C:\Windows\SYSTEM32\CRYPTSP.dll
0x00007ffa228d0000 - 0x00007ffa22905000 	C:\Windows\system32\rsaenh.dll
0x00007ffa22ee0000 - 0x00007ffa22f08000 	C:\Windows\SYSTEM32\USERENV.dll
0x00007ffa23060000 - 0x00007ffa2306c000 	C:\Windows\SYSTEM32\CRYPTBASE.dll
0x00007ffa22430000 - 0x00007ffa2245d000 	C:\Windows\SYSTEM32\IPHLPAPI.DLL
0x00007ffa25ae0000 - 0x00007ffa25ae9000 	C:\Windows\System32\NSI.dll
0x00007ffa1cf20000 - 0x00007ffa1cf39000 	C:\Windows\SYSTEM32\dhcpcsvc6.DLL
0x00007ffa1ce70000 - 0x00007ffa1ce8f000 	C:\Windows\SYSTEM32\dhcpcsvc.DLL
0x00007ffa22460000 - 0x00007ffa22559000 	C:\Windows\SYSTEM32\DNSAPI.dll
0x00007ffa0db80000 - 0x00007ffa0db8e000 	C:\Java\bin\sunmscapi.dll
0x00007ffa23e30000 - 0x00007ffa23f97000 	C:\Windows\System32\CRYPT32.dll
0x00007ffa23200000 - 0x00007ffa2322e000 	C:\Windows\SYSTEM32\ncrypt.dll
0x00007ffa231c0000 - 0x00007ffa231f7000 	C:\Windows\SYSTEM32\NTASN1.dll
0x00007ff9fe180000 - 0x00007ff9fe188000 	C:\Windows\system32\wshunix.dll

dbghelp: loaded successfully - version: 4.0.5 - missing functions: none
symbol engine: initialized successfully - sym options: 0x614 - pdb path: .;C:\Java\bin;C:\Windows\SYSTEM32;C:\Program Files\Norton Security\NortonData\22.24.2.6\Definitions\IPSDefs\20240503.064;C:\Windows\WinSxS\amd64_microsoft.windows.common-controls_6595b64144ccf1df_6.0.22621.3235_none_270f74e173860f98;C:\Java\bin\server;C:\Users\kimys\.gradle\native\c067742578af261105cb4f569cf0c3c89f3d7b1fecec35dd04571415982c5e48\windows-amd64;C:\Users\kimys\.gradle\native\38dada09dfb8b06ba9b0570ebf7e218e3eb74d4ef43ca46872605cf95ebc2f47\windows-amd64

VM Arguments:
jvm_args: --add-opens=java.base/java.util=ALL-UNNAMED --add-opens=java.base/java.lang=ALL-UNNAMED --add-opens=java.base/java.lang.invoke=ALL-UNNAMED --add-opens=java.prefs/java.util.prefs=ALL-UNNAMED --add-opens=java.base/java.nio.charset=ALL-UNNAMED --add-opens=java.base/java.net=ALL-UNNAMED --add-opens=java.base/java.util.concurrent.atomic=ALL-UNNAMED -XX:MaxMetaspaceSize=384m -XX:+HeapDumpOnOutOfMemoryError -Xms256m -Xmx512m -Dfile.encoding=x-windows-949 -Duser.country=KR -Duser.language=ko -Duser.variant -javaagent:C:\Users\kimys\.gradle\wrapper\dists\gradle-8.7-bin\bhs2wmbdwecv87pi65oeuq5iu\gradle-8.7\lib\agents\gradle-instrumentation-agent-8.7.jar 
java_command: org.gradle.launcher.daemon.bootstrap.GradleDaemon 8.7
java_class_path (initial): C:\Users\kimys\.gradle\wrapper\dists\gradle-8.7-bin\bhs2wmbdwecv87pi65oeuq5iu\gradle-8.7\lib\gradle-launcher-8.7.jar
Launcher Type: SUN_STANDARD

[Global flags]
     intx CICompilerCount                          = 4                                         {product} {ergonomic}
   size_t CompressedClassSpaceSize                 = 335544320                                 {product} {ergonomic}
     uint ConcGCThreads                            = 2                                         {product} {ergonomic}
     uint G1ConcRefinementThreads                  = 8                                         {product} {ergonomic}
   size_t G1HeapRegionSize                         = 1048576                                   {product} {ergonomic}
    uintx GCDrainStackTargetSize                   = 64                                        {product} {ergonomic}
     bool HeapDumpOnOutOfMemoryError               = true                                   {manageable} {command line}
   size_t InitialHeapSize                          = 268435456                                 {product} {command line}
   size_t MarkStackSize                            = 4194304                                   {product} {ergonomic}
   size_t MaxHeapSize                              = 536870912                                 {product} {command line}
   size_t MaxMetaspaceSize                         = 402653184                                 {product} {command line}
   size_t MaxNewSize                               = 321912832                                 {product} {ergonomic}
   size_t MinHeapDeltaBytes                        = 1048576                                   {product} {ergonomic}
   size_t MinHeapSize                              = 268435456                                 {product} {command line}
    uintx NonNMethodCodeHeapSize                   = 5839372                                {pd product} {ergonomic}
    uintx NonProfiledCodeHeapSize                  = 122909434                              {pd product} {ergonomic}
    uintx ProfiledCodeHeapSize                     = 122909434                              {pd product} {ergonomic}
    uintx ReservedCodeCacheSize                    = 251658240                              {pd product} {ergonomic}
     bool SegmentedCodeCache                       = true                                      {product} {ergonomic}
   size_t SoftMaxHeapSize                          = 536870912                              {manageable} {ergonomic}
     bool UseCompressedClassPointers               = true                           {product lp64_product} {ergonomic}
     bool UseCompressedOops                        = true                           {product lp64_product} {ergonomic}
     bool UseG1GC                                  = true                                      {product} {ergonomic}
     bool UseLargePagesIndividualAllocation        = false                                  {pd product} {ergonomic}

Logging:
Log output configuration:
 #0: stdout all=warning uptime,level,tags
 #1: stderr all=off uptime,level,tags

Environment Variables:
PATH=C:\nodejs\;C:\oraclexe\app\oracle\product\11.2.0\server\bin;C:\Program Files\Common Files\Oracle\Java\javapath;C:\Windows\system32;C:\Windows;C:\Windows\System32\Wbem;C:\Windows\System32\WindowsPowerShell\v1.0\;C:\Windows\System32\OpenSSH\;C:\Git\cmd;C:\Program Files\Bandizip\;C:\Users\kimys\AppData\Local\Microsoft\WindowsApps;;D:\IntelliJ IDEA 2023.3.6\bin;;C:\Microsoft VS Code\bin;C:\Users\kimys\AppData\Roaming\npm
USERNAME=kimys
OS=Windows_NT
PROCESSOR_IDENTIFIER=Intel64 Family 6 Model 140 Stepping 2, GenuineIntel



---------------  S Y S T E M  ---------------

OS:
 Windows 11 , 64 bit Build 22621 (10.0.22621.3374)
OS uptime: 13 days 4:19 hours

CPU: total 8 (initial active 8) (4 cores per cpu, 2 threads per core) family 6 model 140 stepping 2 microcode 0x16, cx8, cmov, fxsr, ht, mmx, 3dnowpref, sse, sse2, sse3, ssse3, sse4.1, sse4.2, popcnt, lzcnt, tsc, tscinvbit, avx, avx2, aes, erms, clmul, bmi1, bmi2, adx, avx512f, avx512dq, avx512cd, avx512bw, avx512vl, sha, fma, vzeroupper, avx512_vpopcntdq, avx512_vpclmulqdq, avx512_vaes, avx512_vnni, clflush, clflushopt, clwb, avx512_vbmi2, avx512_vbmi

Memory: 4k page, system-wide physical 7900M (172M free)
TotalPageFile size 25566M (AvailPageFile size 1M)
current process WorkingSet (physical memory assigned to process): 269M, peak: 269M
current process commit charge ("private bytes"): 435M, peak: 436M

vm_info: Java HotSpot(TM) 64-Bit Server VM (17.0.10+11-LTS-240) for windows-amd64 JRE (17.0.10+11-LTS-240), built on Dec 19 2023 21:47:25 by "mach5one" with MS VC++ 17.1 (VS2022)

END.
