#
# There is insufficient memory for the Java Runtime Environment to continue.
# Native memory allocation (malloc) failed to allocate 692336 bytes for Chunk::new
# Possible reasons:
#   The system is out of physical RAM or swap space
#   The process is running with CompressedOops enabled, and the Java Heap may be blocking the growth of the native heap
# Possible solutions:
#   Reduce memory load on the system
#   Increase physical memory or swap space
#   Check if swap backing store is full
#   Decrease Java heap size (-Xmx/-Xms)
#   Decrease number of Java threads
#   Decrease Java thread stack sizes (-Xss)
#   Set larger code cache with -XX:ReservedCodeCacheSize=
#   JVM is running with Unscaled Compressed Oops mode in which the Java heap is
#     placed in the first 4GB address space. The Java Heap base address is the
#     maximum limit for the native heap growth. Please use -XX:HeapBaseMinAddress
#     to set the Java Heap base and to place the Java Heap above 4GB virtual address.
# This output file may be truncated or incomplete.
#
#  Out of Memory Error (arena.cpp:189), pid=17208, tid=29848
#
# JRE version: Java(TM) SE Runtime Environment (17.0.10+11) (build 17.0.10+11-LTS-240)
# Java VM: Java HotSpot(TM) 64-Bit Server VM (17.0.10+11-LTS-240, mixed mode, sharing, tiered, compressed oops, compressed class ptrs, g1 gc, windows-amd64)
# No core dump will be written. Minidumps are not enabled by default on client versions of Windows
#

---------------  S U M M A R Y ------------

Command Line: --add-opens=java.base/java.util=ALL-UNNAMED --add-opens=java.base/java.lang=ALL-UNNAMED --add-opens=java.base/java.lang.invoke=ALL-UNNAMED --add-opens=java.prefs/java.util.prefs=ALL-UNNAMED --add-opens=java.base/java.nio.charset=ALL-UNNAMED --add-opens=java.base/java.net=ALL-UNNAMED --add-opens=java.base/java.util.concurrent.atomic=ALL-UNNAMED -XX:MaxMetaspaceSize=384m -XX:+HeapDumpOnOutOfMemoryError -Xms256m -Xmx512m -Dfile.encoding=x-windows-949 -Duser.country=KR -Duser.language=ko -Duser.variant -javaagent:C:\Users\kimys\.gradle\wrapper\dists\gradle-8.7-bin\bhs2wmbdwecv87pi65oeuq5iu\gradle-8.7\lib\agents\gradle-instrumentation-agent-8.7.jar org.gradle.launcher.daemon.bootstrap.GradleDaemon 8.7

Host: 11th Gen Intel(R) Core(TM) i5-1155G7 @ 2.50GHz, 8 cores, 7G,  Windows 11 , 64 bit Build 22621 (10.0.22621.3374)
Time: Mon May  6 21:30:40 2024  Windows 11 , 64 bit Build 22621 (10.0.22621.3374) elapsed time: 30.808872 seconds (0d 0h 0m 30s)

---------------  T H R E A D  ---------------

Current thread (0x0000025fc7009a20):  JavaThread "C2 CompilerThread0" daemon [_thread_in_native, id=29848, stack(0x0000006275100000,0x0000006275200000)]


Current CompileTask:
C2:  30809 4357       4       jdk.internal.org.objectweb.asm.SymbolTable::addConstantMemberReference (147 bytes)

Stack: [0x0000006275100000,0x0000006275200000]
Native frames: (J=compiled Java code, j=interpreted, Vv=VM code, C=native code)
V  [jvm.dll+0x677a5a]
V  [jvm.dll+0x7d8b2d]
V  [jvm.dll+0x7da48e]
V  [jvm.dll+0x7daaf3]
V  [jvm.dll+0x2455ff]
V  [jvm.dll+0xaaafb]
V  [jvm.dll+0xab09c]
V  [jvm.dll+0x361b5f]
V  [jvm.dll+0x32c211]
V  [jvm.dll+0x32b6aa]
V  [jvm.dll+0x21794f]
V  [jvm.dll+0x216d81]
V  [jvm.dll+0x1a3410]
V  [jvm.dll+0x226aeb]
V  [jvm.dll+0x224cab]
V  [jvm.dll+0x78e45c]
V  [jvm.dll+0x78888a]
V  [jvm.dll+0x676935]
C  [ucrtbase.dll+0x29333]
C  [KERNEL32.DLL+0x1257d]
C  [ntdll.dll+0x5aa48]


---------------  P R O C E S S  ---------------

Threads class SMR info:
_java_thread_list=0x0000025fc8f4db00, length=39, elements={
0x0000025f934f61a0, 0x0000025fade24900, 0x0000025fade254c0, 0x0000025fade3e750,
0x0000025fc7005490, 0x0000025fc7007f60, 0x0000025fc7008920, 0x0000025fc7009a20,
0x0000025fc700caf0, 0x0000025fc700ea20, 0x0000025fc71188e0, 0x0000025fc71d4c40,
0x0000025fc758e990, 0x0000025fc9558830, 0x0000025fc8804900, 0x0000025fc830f650,
0x0000025fc8bb5870, 0x0000025fc867b280, 0x0000025fc867b790, 0x0000025fc8679420,
0x0000025fc867ad70, 0x0000025fc8678a00, 0x0000025fc8679930, 0x0000025fc8678f10,
0x0000025fc8679e40, 0x0000025fc867a350, 0x0000025fc86784f0, 0x0000025fc7caeec0,
0x0000025fc7caf3d0, 0x0000025fc7cad570, 0x0000025fc7cafdf0, 0x0000025fc7cb0300,
0x0000025fc7cada80, 0x0000025fc7cb0810, 0x0000025fc7cad060, 0x0000025fc8ac24c0,
0x0000025fc8abe800, 0x0000025fc8ac4320, 0x0000025fc8abdde0
}

Java Threads: ( => current thread )
  0x0000025f934f61a0 JavaThread "main" [_thread_blocked, id=5968, stack(0x0000006274400000,0x0000006274500000)]
  0x0000025fade24900 JavaThread "Reference Handler" daemon [_thread_blocked, id=30044, stack(0x0000006274b00000,0x0000006274c00000)]
  0x0000025fade254c0 JavaThread "Finalizer" daemon [_thread_blocked, id=26136, stack(0x0000006274c00000,0x0000006274d00000)]
  0x0000025fade3e750 JavaThread "Signal Dispatcher" daemon [_thread_blocked, id=476, stack(0x0000006274d00000,0x0000006274e00000)]
  0x0000025fc7005490 JavaThread "Attach Listener" daemon [_thread_blocked, id=720, stack(0x0000006274e00000,0x0000006274f00000)]
  0x0000025fc7007f60 JavaThread "Service Thread" daemon [_thread_blocked, id=11972, stack(0x0000006274f00000,0x0000006275000000)]
  0x0000025fc7008920 JavaThread "Monitor Deflation Thread" daemon [_thread_blocked, id=20568, stack(0x0000006275000000,0x0000006275100000)]
=>0x0000025fc7009a20 JavaThread "C2 CompilerThread0" daemon [_thread_in_native, id=29848, stack(0x0000006275100000,0x0000006275200000)]
  0x0000025fc700caf0 JavaThread "C1 CompilerThread0" daemon [_thread_blocked, id=7784, stack(0x0000006275200000,0x0000006275300000)]
  0x0000025fc700ea20 JavaThread "Sweeper thread" daemon [_thread_blocked, id=21624, stack(0x0000006275300000,0x0000006275400000)]
  0x0000025fc71188e0 JavaThread "Common-Cleaner" daemon [_thread_blocked, id=24632, stack(0x0000006275400000,0x0000006275500000)]
  0x0000025fc71d4c40 JavaThread "Notification Thread" daemon [_thread_blocked, id=22728, stack(0x0000006275500000,0x0000006275600000)]
  0x0000025fc758e990 JavaThread "Daemon health stats" [_thread_blocked, id=1580, stack(0x0000006275c00000,0x0000006275d00000)]
  0x0000025fc9558830 JavaThread "Incoming local TCP Connector on port 54091" [_thread_in_native, id=13696, stack(0x0000006275d00000,0x0000006275e00000)]
  0x0000025fc8804900 JavaThread "Daemon periodic checks" [_thread_blocked, id=14488, stack(0x0000006275e00000,0x0000006275f00000)]
  0x0000025fc830f650 JavaThread "Daemon" [_thread_blocked, id=22656, stack(0x0000006275f00000,0x0000006276000000)]
  0x0000025fc8bb5870 JavaThread "Handler for socket connection from /127.0.0.1:54091 to /127.0.0.1:54098" [_thread_in_native, id=18536, stack(0x0000006276000000,0x0000006276100000)]
  0x0000025fc867b280 JavaThread "Cancel handler" [_thread_blocked, id=9540, stack(0x0000006276100000,0x0000006276200000)]
  0x0000025fc867b790 JavaThread "Daemon worker" [_thread_in_native, id=15996, stack(0x0000006276200000,0x0000006276300000)]
  0x0000025fc8679420 JavaThread "Asynchronous log dispatcher for DefaultDaemonConnection: socket connection from /127.0.0.1:54091 to /127.0.0.1:54098" [_thread_blocked, id=16680, stack(0x0000006276300000,0x0000006276400000)]
  0x0000025fc867ad70 JavaThread "Stdin handler" [_thread_blocked, id=7272, stack(0x0000006276400000,0x0000006276500000)]
  0x0000025fc8678a00 JavaThread "Daemon client event forwarder" [_thread_blocked, id=19064, stack(0x0000006276500000,0x0000006276600000)]
  0x0000025fc8679930 JavaThread "Cache worker for journal cache (C:\Users\kimys\.gradle\caches\journal-1)" [_thread_blocked, id=11372, stack(0x0000006276600000,0x0000006276700000)]
  0x0000025fc8678f10 JavaThread "File lock request listener" [_thread_in_native, id=17520, stack(0x0000006276700000,0x0000006276800000)]
  0x0000025fc8679e40 JavaThread "File lock release action executor" [_thread_blocked, id=29612, stack(0x0000006276800000,0x0000006276900000)]
  0x0000025fc867a350 JavaThread "Cache worker for file hash cache (C:\Users\kimys\.gradle\caches\8.7\fileHashes)" [_thread_blocked, id=14184, stack(0x0000006276900000,0x0000006276a00000)]
  0x0000025fc86784f0 JavaThread "Cache worker for file hash cache (E:\_____spring___\스프링 자료\board_final\.gradle\8.7\fileHashes)" [_thread_blocked, id=24504, stack(0x0000006276c00000,0x0000006276d00000)]
  0x0000025fc7caeec0 JavaThread "File watcher server" daemon [_thread_in_native, id=30928, stack(0x0000006276d00000,0x0000006276e00000)]
  0x0000025fc7caf3d0 JavaThread "File watcher consumer" daemon [_thread_blocked, id=8560, stack(0x0000006276e00000,0x0000006276f00000)]
  0x0000025fc7cad570 JavaThread "Cache worker for checksums cache (E:\_____spring___\스프링 자료\board_final\.gradle\8.7\checksums)" [_thread_blocked, id=29504, stack(0x0000006277000000,0x0000006277100000)]
  0x0000025fc7cafdf0 JavaThread "Cache worker for cache directory md-supplier (C:\Users\kimys\.gradle\caches\8.7\md-supplier)" [_thread_blocked, id=24844, stack(0x0000006277100000,0x0000006277200000)]
  0x0000025fc7cb0300 JavaThread "Cache worker for cache directory md-rule (C:\Users\kimys\.gradle\caches\8.7\md-rule)" [_thread_blocked, id=14756, stack(0x0000006277200000,0x0000006277300000)]
  0x0000025fc7cada80 JavaThread "Cache worker for file content cache (C:\Users\kimys\.gradle\caches\8.7\fileContent)" [_thread_blocked, id=21168, stack(0x0000006277300000,0x0000006277400000)]
  0x0000025fc7cb0810 JavaThread "jar transforms" [_thread_blocked, id=11240, stack(0x0000006277400000,0x0000006277500000)]
  0x0000025fc7cad060 JavaThread "jar transforms Thread 2" [_thread_blocked, id=15304, stack(0x0000006277500000,0x0000006277600000)]
  0x0000025fc8ac24c0 JavaThread "jar transforms Thread 3" [_thread_blocked, id=9484, stack(0x0000006277600000,0x0000006277700000)]
  0x0000025fc8abe800 JavaThread "jar transforms Thread 4" [_thread_blocked, id=16600, stack(0x0000006277700000,0x0000006277800000)]
  0x0000025fc8ac4320 JavaThread "jar transforms Thread 5" [_thread_blocked, id=1028, stack(0x0000006277800000,0x0000006277900000)]
  0x0000025fc8abdde0 JavaThread "jar transforms Thread 6" [_thread_blocked, id=14908, stack(0x0000006277900000,0x0000006277a00000)]

Other Threads:
  0x0000025fade21e60 VMThread "VM Thread" [stack: 0x0000006274a00000,0x0000006274b00000] [id=2608]
  0x0000025f93584a00 WatcherThread [stack: 0x0000006275600000,0x0000006275700000] [id=9932]
  0x0000025f93525710 GCTaskThread "GC Thread#0" [stack: 0x0000006274500000,0x0000006274600000] [id=1732]
  0x0000025fc7f56ca0 GCTaskThread "GC Thread#1" [stack: 0x0000006275700000,0x0000006275800000] [id=3992]
  0x0000025fc7f577a0 GCTaskThread "GC Thread#2" [stack: 0x0000006275800000,0x0000006275900000] [id=15840]
  0x0000025fc7f569e0 GCTaskThread "GC Thread#3" [stack: 0x0000006275900000,0x0000006275a00000] [id=23532]
  0x0000025fc7f56720 GCTaskThread "GC Thread#4" [stack: 0x0000006275a00000,0x0000006275b00000] [id=24080]
  0x0000025fc7f574e0 GCTaskThread "GC Thread#5" [stack: 0x0000006275b00000,0x0000006275c00000] [id=10784]
  0x0000025fc7f56f60 GCTaskThread "GC Thread#6" [stack: 0x0000006276a00000,0x0000006276b00000] [id=26256]
  0x0000025fc7f57220 GCTaskThread "GC Thread#7" [stack: 0x0000006276b00000,0x0000006276c00000] [id=26992]
  0x0000025f9352a7b0 ConcurrentGCThread "G1 Main Marker" [stack: 0x0000006274600000,0x0000006274700000] [id=8928]
  0x0000025f9352bd30 ConcurrentGCThread "G1 Conc#0" [stack: 0x0000006274700000,0x0000006274800000] [id=26856]
  0x0000025fc7f561a0 ConcurrentGCThread "G1 Conc#1" [stack: 0x0000006276f00000,0x0000006277000000] [id=31276]
  0x0000025f9359d950 ConcurrentGCThread "G1 Refine#0" [stack: 0x0000006274800000,0x0000006274900000] [id=28712]
  0x0000025fc70539a0 ConcurrentGCThread "G1 Refine#1" [stack: 0x0000006277a00000,0x0000006277b00000] [id=9676]
  0x0000025fc7053c90 ConcurrentGCThread "G1 Refine#2" [stack: 0x0000006277b00000,0x0000006277c00000] [id=21332]
  0x0000025f9359e380 ConcurrentGCThread "G1 Service" [stack: 0x0000006274900000,0x0000006274a00000] [id=9348]

Threads with active compile tasks:
C2 CompilerThread0    30910 4357       4       jdk.internal.org.objectweb.asm.SymbolTable::addConstantMemberReference (147 bytes)

VM state: not at safepoint (normal execution)

VM Mutex/Monitor currently owned by a thread: None

Heap address: 0x00000000e0000000, size: 512 MB, Compressed Oops mode: 32-bit

CDS archive(s) mapped at: [0x0000025fae000000-0x0000025faebd0000-0x0000025faebd0000), size 12386304, SharedBaseAddress: 0x0000025fae000000, ArchiveRelocationMode: 1.
Compressed class space mapped at: 0x0000025faf000000-0x0000025fc3000000, reserved size: 335544320
Narrow klass base: 0x0000025fae000000, Narrow klass shift: 0, Narrow klass range: 0x100000000

GC Precious Log:
 CPUs: 8 total, 8 available
 Memory: 7900M
 Large Page Support: Disabled
 NUMA Support: Disabled
 Compressed Oops: Enabled (32-bit)
 Heap Region Size: 1M
 Heap Min Capacity: 256M
 Heap Initial Capacity: 256M
 Heap Max Capacity: 512M
 Pre-touch: Disabled
 Parallel Workers: 8
 Concurrent Workers: 2
 Concurrent Refinement Workers: 8
 Periodic GC: Disabled

Heap:
 garbage-first heap   total 262144K, used 48376K [0x00000000e0000000, 0x0000000100000000)
  region size 1024K, 18 young (18432K), 1 survivors (1024K)
 Metaspace       used 38455K, committed 38912K, reserved 393216K
  class space    used 5300K, committed 5504K, reserved 327680K

Heap Regions: E=young(eden), S=young(survivor), O=old, HS=humongous(starts), HC=humongous(continues), CS=collection set, F=free, OA=open archive, CA=closed archive, TAMS=top-at-mark-start (previous, next)
|   0|0x00000000e0000000, 0x00000000e0100000, 0x00000000e0100000|100%|HS|  |TAMS 0x00000000e0100000, 0x00000000e0000000| Complete 
|   1|0x00000000e0100000, 0x00000000e0200000, 0x00000000e0200000|100%|HC|  |TAMS 0x00000000e0200000, 0x00000000e0100000| Complete 
|   2|0x00000000e0200000, 0x00000000e0300000, 0x00000000e0300000|100%|HC|  |TAMS 0x00000000e0300000, 0x00000000e0200000| Complete 
|   3|0x00000000e0300000, 0x00000000e0400000, 0x00000000e0400000|100%|HC|  |TAMS 0x00000000e0400000, 0x00000000e0300000| Complete 
|   4|0x00000000e0400000, 0x00000000e0500000, 0x00000000e0500000|100%| O|  |TAMS 0x00000000e0500000, 0x00000000e0400000| Untracked 
|   5|0x00000000e0500000, 0x00000000e0600000, 0x00000000e0600000|100%| O|  |TAMS 0x00000000e0600000, 0x00000000e0500000| Untracked 
|   6|0x00000000e0600000, 0x00000000e0700000, 0x00000000e0700000|100%| O|  |TAMS 0x00000000e0700000, 0x00000000e0600000| Untracked 
|   7|0x00000000e0700000, 0x00000000e0800000, 0x00000000e0800000|100%| O|  |TAMS 0x00000000e0800000, 0x00000000e0700000| Untracked 
|   8|0x00000000e0800000, 0x00000000e0900000, 0x00000000e0900000|100%| O|  |TAMS 0x00000000e0900000, 0x00000000e0800000| Untracked 
|   9|0x00000000e0900000, 0x00000000e0a00000, 0x00000000e0a00000|100%| O|  |TAMS 0x00000000e0a00000, 0x00000000e0900000| Untracked 
|  10|0x00000000e0a00000, 0x00000000e0b00000, 0x00000000e0b00000|100%|HS|  |TAMS 0x00000000e0a00000, 0x00000000e0a00000| Complete 
|  11|0x00000000e0b00000, 0x00000000e0c00000, 0x00000000e0c00000|100%| O|  |TAMS 0x00000000e0c00000, 0x00000000e0b00000| Untracked 
|  12|0x00000000e0c00000, 0x00000000e0d00000, 0x00000000e0d00000|100%| O|  |TAMS 0x00000000e0d00000, 0x00000000e0c00000| Untracked 
|  13|0x00000000e0d00000, 0x00000000e0e00000, 0x00000000e0e00000|100%| O|  |TAMS 0x00000000e0e00000, 0x00000000e0d00000| Untracked 
|  14|0x00000000e0e00000, 0x00000000e0f00000, 0x00000000e0f00000|100%| O|  |TAMS 0x00000000e0f00000, 0x00000000e0e00000| Untracked 
|  15|0x00000000e0f00000, 0x00000000e1000000, 0x00000000e1000000|100%| O|  |TAMS 0x00000000e1000000, 0x00000000e0f00000| Untracked 
|  16|0x00000000e1000000, 0x00000000e1100000, 0x00000000e1100000|100%| O|  |TAMS 0x00000000e1100000, 0x00000000e1000000| Untracked 
|  17|0x00000000e1100000, 0x00000000e1200000, 0x00000000e1200000|100%| O|  |TAMS 0x00000000e1200000, 0x00000000e1100000| Untracked 
|  18|0x00000000e1200000, 0x00000000e1300000, 0x00000000e1300000|100%| O|  |TAMS 0x00000000e1300000, 0x00000000e1200000| Complete 
|  19|0x00000000e1300000, 0x00000000e1400000, 0x00000000e1400000|100%| O|  |TAMS 0x00000000e1400000, 0x00000000e1300000| Untracked 
|  20|0x00000000e1400000, 0x00000000e1500000, 0x00000000e1500000|100%| O|  |TAMS 0x00000000e1500000, 0x00000000e1400000| Untracked 
|  21|0x00000000e1500000, 0x00000000e1600000, 0x00000000e1600000|100%| O|  |TAMS 0x00000000e1600000, 0x00000000e1500000| Untracked 
|  22|0x00000000e1600000, 0x00000000e1700000, 0x00000000e1700000|100%| O|  |TAMS 0x00000000e1700000, 0x00000000e1600000| Untracked 
|  23|0x00000000e1700000, 0x00000000e1800000, 0x00000000e1800000|100%| O|  |TAMS 0x00000000e1800000, 0x00000000e1700000| Untracked 
|  24|0x00000000e1800000, 0x00000000e1900000, 0x00000000e1900000|100%| O|  |TAMS 0x00000000e1900000, 0x00000000e1800000| Untracked 
|  25|0x00000000e1900000, 0x00000000e1a00000, 0x00000000e1a00000|100%| O|  |TAMS 0x00000000e1a00000, 0x00000000e1900000| Untracked 
|  26|0x00000000e1a00000, 0x00000000e1b00000, 0x00000000e1b00000|100%| O|  |TAMS 0x00000000e1b00000, 0x00000000e1a00000| Untracked 
|  27|0x00000000e1b00000, 0x00000000e1c00000, 0x00000000e1c00000|100%| O|  |TAMS 0x00000000e1c00000, 0x00000000e1b00000| Untracked 
|  28|0x00000000e1c00000, 0x00000000e1d00000, 0x00000000e1d00000|100%| O|  |TAMS 0x00000000e1d00000, 0x00000000e1c00000| Untracked 
|  29|0x00000000e1d00000, 0x00000000e1e00000, 0x00000000e1e00000|100%| O|  |TAMS 0x00000000e1e00000, 0x00000000e1d00000| Untracked 
|  30|0x00000000e1e00000, 0x00000000e1ee9000, 0x00000000e1f00000| 91%| O|  |TAMS 0x00000000e1ee9000, 0x00000000e1e00000| Untracked 
|  31|0x00000000e1f00000, 0x00000000e2000000, 0x00000000e2000000|100%|HS|  |TAMS 0x00000000e1f00000, 0x00000000e1f00000| Complete 
|  32|0x00000000e2000000, 0x00000000e2000000, 0x00000000e2100000|  0%| F|  |TAMS 0x00000000e2000000, 0x00000000e2000000| Untracked 
|  33|0x00000000e2100000, 0x00000000e2100000, 0x00000000e2200000|  0%| F|  |TAMS 0x00000000e2100000, 0x00000000e2100000| Untracked 
|  34|0x00000000e2200000, 0x00000000e2200000, 0x00000000e2300000|  0%| F|  |TAMS 0x00000000e2200000, 0x00000000e2200000| Untracked 
|  35|0x00000000e2300000, 0x00000000e2300000, 0x00000000e2400000|  0%| F|  |TAMS 0x00000000e2300000, 0x00000000e2300000| Untracked 
|  36|0x00000000e2400000, 0x00000000e2400000, 0x00000000e2500000|  0%| F|  |TAMS 0x00000000e2400000, 0x00000000e2400000| Untracked 
|  37|0x00000000e2500000, 0x00000000e2500000, 0x00000000e2600000|  0%| F|  |TAMS 0x00000000e2500000, 0x00000000e2500000| Untracked 
|  38|0x00000000e2600000, 0x00000000e2600000, 0x00000000e2700000|  0%| F|  |TAMS 0x00000000e2600000, 0x00000000e2600000| Untracked 
|  39|0x00000000e2700000, 0x00000000e2700000, 0x00000000e2800000|  0%| F|  |TAMS 0x00000000e2700000, 0x00000000e2700000| Untracked 
|  40|0x00000000e2800000, 0x00000000e2800000, 0x00000000e2900000|  0%| F|  |TAMS 0x00000000e2800000, 0x00000000e2800000| Untracked 
|  41|0x00000000e2900000, 0x00000000e2900000, 0x00000000e2a00000|  0%| F|  |TAMS 0x00000000e2900000, 0x00000000e2900000| Untracked 
|  42|0x00000000e2a00000, 0x00000000e2a00000, 0x00000000e2b00000|  0%| F|  |TAMS 0x00000000e2a00000, 0x00000000e2a00000| Untracked 
|  43|0x00000000e2b00000, 0x00000000e2b00000, 0x00000000e2c00000|  0%| F|  |TAMS 0x00000000e2b00000, 0x00000000e2b00000| Untracked 
|  44|0x00000000e2c00000, 0x00000000e2c00000, 0x00000000e2d00000|  0%| F|  |TAMS 0x00000000e2c00000, 0x00000000e2c00000| Untracked 
|  45|0x00000000e2d00000, 0x00000000e2d00000, 0x00000000e2e00000|  0%| F|  |TAMS 0x00000000e2d00000, 0x00000000e2d00000| Untracked 
|  46|0x00000000e2e00000, 0x00000000e2e00000, 0x00000000e2f00000|  0%| F|  |TAMS 0x00000000e2e00000, 0x00000000e2e00000| Untracked 
|  47|0x00000000e2f00000, 0x00000000e2f00000, 0x00000000e3000000|  0%| F|  |TAMS 0x00000000e2f00000, 0x00000000e2f00000| Untracked 
|  48|0x00000000e3000000, 0x00000000e3000000, 0x00000000e3100000|  0%| F|  |TAMS 0x00000000e3000000, 0x00000000e3000000| Untracked 
|  49|0x00000000e3100000, 0x00000000e3100000, 0x00000000e3200000|  0%| F|  |TAMS 0x00000000e3100000, 0x00000000e3100000| Untracked 
|  50|0x00000000e3200000, 0x00000000e3200000, 0x00000000e3300000|  0%| F|  |TAMS 0x00000000e3200000, 0x00000000e3200000| Untracked 
|  51|0x00000000e3300000, 0x00000000e3300000, 0x00000000e3400000|  0%| F|  |TAMS 0x00000000e3300000, 0x00000000e3300000| Untracked 
|  52|0x00000000e3400000, 0x00000000e3400000, 0x00000000e3500000|  0%| F|  |TAMS 0x00000000e3400000, 0x00000000e3400000| Untracked 
|  53|0x00000000e3500000, 0x00000000e3500000, 0x00000000e3600000|  0%| F|  |TAMS 0x00000000e3500000, 0x00000000e3500000| Untracked 
|  54|0x00000000e3600000, 0x00000000e3600000, 0x00000000e3700000|  0%| F|  |TAMS 0x00000000e3600000, 0x00000000e3600000| Untracked 
|  55|0x00000000e3700000, 0x00000000e3700000, 0x00000000e3800000|  0%| F|  |TAMS 0x00000000e3700000, 0x00000000e3700000| Untracked 
|  56|0x00000000e3800000, 0x00000000e3800000, 0x00000000e3900000|  0%| F|  |TAMS 0x00000000e3800000, 0x00000000e3800000| Untracked 
|  57|0x00000000e3900000, 0x00000000e3900000, 0x00000000e3a00000|  0%| F|  |TAMS 0x00000000e3900000, 0x00000000e3900000| Untracked 
|  58|0x00000000e3a00000, 0x00000000e3a00000, 0x00000000e3b00000|  0%| F|  |TAMS 0x00000000e3a00000, 0x00000000e3a00000| Untracked 
|  59|0x00000000e3b00000, 0x00000000e3b00000, 0x00000000e3c00000|  0%| F|  |TAMS 0x00000000e3b00000, 0x00000000e3b00000| Untracked 
|  60|0x00000000e3c00000, 0x00000000e3c00000, 0x00000000e3d00000|  0%| F|  |TAMS 0x00000000e3c00000, 0x00000000e3c00000| Untracked 
|  61|0x00000000e3d00000, 0x00000000e3d00000, 0x00000000e3e00000|  0%| F|  |TAMS 0x00000000e3d00000, 0x00000000e3d00000| Untracked 
|  62|0x00000000e3e00000, 0x00000000e3e00000, 0x00000000e3f00000|  0%| F|  |TAMS 0x00000000e3e00000, 0x00000000e3e00000| Untracked 
|  63|0x00000000e3f00000, 0x00000000e3f00000, 0x00000000e4000000|  0%| F|  |TAMS 0x00000000e3f00000, 0x00000000e3f00000| Untracked 
|  64|0x00000000e4000000, 0x00000000e4000000, 0x00000000e4100000|  0%| F|  |TAMS 0x00000000e4000000, 0x00000000e4000000| Untracked 
|  65|0x00000000e4100000, 0x00000000e4100000, 0x00000000e4200000|  0%| F|  |TAMS 0x00000000e4100000, 0x00000000e4100000| Untracked 
|  66|0x00000000e4200000, 0x00000000e4200000, 0x00000000e4300000|  0%| F|  |TAMS 0x00000000e4200000, 0x00000000e4200000| Untracked 
|  67|0x00000000e4300000, 0x00000000e4300000, 0x00000000e4400000|  0%| F|  |TAMS 0x00000000e4300000, 0x00000000e4300000| Untracked 
|  68|0x00000000e4400000, 0x00000000e4400000, 0x00000000e4500000|  0%| F|  |TAMS 0x00000000e4400000, 0x00000000e4400000| Untracked 
|  69|0x00000000e4500000, 0x00000000e4500000, 0x00000000e4600000|  0%| F|  |TAMS 0x00000000e4500000, 0x00000000e4500000| Untracked 
|  70|0x00000000e4600000, 0x00000000e4600000, 0x00000000e4700000|  0%| F|  |TAMS 0x00000000e4600000, 0x00000000e4600000| Untracked 
|  71|0x00000000e4700000, 0x00000000e4700000, 0x00000000e4800000|  0%| F|  |TAMS 0x00000000e4700000, 0x00000000e4700000| Untracked 
|  72|0x00000000e4800000, 0x00000000e4800000, 0x00000000e4900000|  0%| F|  |TAMS 0x00000000e4800000, 0x00000000e4800000| Untracked 
|  73|0x00000000e4900000, 0x00000000e4900000, 0x00000000e4a00000|  0%| F|  |TAMS 0x00000000e4900000, 0x00000000e4900000| Untracked 
|  74|0x00000000e4a00000, 0x00000000e4a00000, 0x00000000e4b00000|  0%| F|  |TAMS 0x00000000e4a00000, 0x00000000e4a00000| Untracked 
|  75|0x00000000e4b00000, 0x00000000e4b00000, 0x00000000e4c00000|  0%| F|  |TAMS 0x00000000e4b00000, 0x00000000e4b00000| Untracked 
|  76|0x00000000e4c00000, 0x00000000e4c00000, 0x00000000e4d00000|  0%| F|  |TAMS 0x00000000e4c00000, 0x00000000e4c00000| Untracked 
|  77|0x00000000e4d00000, 0x00000000e4d00000, 0x00000000e4e00000|  0%| F|  |TAMS 0x00000000e4d00000, 0x00000000e4d00000| Untracked 
|  78|0x00000000e4e00000, 0x00000000e4e00000, 0x00000000e4f00000|  0%| F|  |TAMS 0x00000000e4e00000, 0x00000000e4e00000| Untracked 
|  79|0x00000000e4f00000, 0x00000000e4f00000, 0x00000000e5000000|  0%| F|  |TAMS 0x00000000e4f00000, 0x00000000e4f00000| Untracked 
|  80|0x00000000e5000000, 0x00000000e5000000, 0x00000000e5100000|  0%| F|  |TAMS 0x00000000e5000000, 0x00000000e5000000| Untracked 
|  81|0x00000000e5100000, 0x00000000e5100000, 0x00000000e5200000|  0%| F|  |TAMS 0x00000000e5100000, 0x00000000e5100000| Untracked 
|  82|0x00000000e5200000, 0x00000000e5200000, 0x00000000e5300000|  0%| F|  |TAMS 0x00000000e5200000, 0x00000000e5200000| Untracked 
|  83|0x00000000e5300000, 0x00000000e5300000, 0x00000000e5400000|  0%| F|  |TAMS 0x00000000e5300000, 0x00000000e5300000| Untracked 
|  84|0x00000000e5400000, 0x00000000e5400000, 0x00000000e5500000|  0%| F|  |TAMS 0x00000000e5400000, 0x00000000e5400000| Untracked 
|  85|0x00000000e5500000, 0x00000000e5500000, 0x00000000e5600000|  0%| F|  |TAMS 0x00000000e5500000, 0x00000000e5500000| Untracked 
|  86|0x00000000e5600000, 0x00000000e5600000, 0x00000000e5700000|  0%| F|  |TAMS 0x00000000e5600000, 0x00000000e5600000| Untracked 
|  87|0x00000000e5700000, 0x00000000e5700000, 0x00000000e5800000|  0%| F|  |TAMS 0x00000000e5700000, 0x00000000e5700000| Untracked 
|  88|0x00000000e5800000, 0x00000000e5800000, 0x00000000e5900000|  0%| F|  |TAMS 0x00000000e5800000, 0x00000000e5800000| Untracked 
|  89|0x00000000e5900000, 0x00000000e5900000, 0x00000000e5a00000|  0%| F|  |TAMS 0x00000000e5900000, 0x00000000e5900000| Untracked 
|  90|0x00000000e5a00000, 0x00000000e5a00000, 0x00000000e5b00000|  0%| F|  |TAMS 0x00000000e5a00000, 0x00000000e5a00000| Untracked 
|  91|0x00000000e5b00000, 0x00000000e5b00000, 0x00000000e5c00000|  0%| F|  |TAMS 0x00000000e5b00000, 0x00000000e5b00000| Untracked 
|  92|0x00000000e5c00000, 0x00000000e5c00000, 0x00000000e5d00000|  0%| F|  |TAMS 0x00000000e5c00000, 0x00000000e5c00000| Untracked 
|  93|0x00000000e5d00000, 0x00000000e5d00000, 0x00000000e5e00000|  0%| F|  |TAMS 0x00000000e5d00000, 0x00000000e5d00000| Untracked 
|  94|0x00000000e5e00000, 0x00000000e5e00000, 0x00000000e5f00000|  0%| F|  |TAMS 0x00000000e5e00000, 0x00000000e5e00000| Untracked 
|  95|0x00000000e5f00000, 0x00000000e5f00000, 0x00000000e6000000|  0%| F|  |TAMS 0x00000000e5f00000, 0x00000000e5f00000| Untracked 
|  96|0x00000000e6000000, 0x00000000e6000000, 0x00000000e6100000|  0%| F|  |TAMS 0x00000000e6000000, 0x00000000e6000000| Untracked 
|  97|0x00000000e6100000, 0x00000000e6100000, 0x00000000e6200000|  0%| F|  |TAMS 0x00000000e6100000, 0x00000000e6100000| Untracked 
|  98|0x00000000e6200000, 0x00000000e6200000, 0x00000000e6300000|  0%| F|  |TAMS 0x00000000e6200000, 0x00000000e6200000| Untracked 
|  99|0x00000000e6300000, 0x00000000e6300000, 0x00000000e6400000|  0%| F|  |TAMS 0x00000000e6300000, 0x00000000e6300000| Untracked 
| 100|0x00000000e6400000, 0x00000000e6400000, 0x00000000e6500000|  0%| F|  |TAMS 0x00000000e6400000, 0x00000000e6400000| Untracked 
| 101|0x00000000e6500000, 0x00000000e6500000, 0x00000000e6600000|  0%| F|  |TAMS 0x00000000e6500000, 0x00000000e6500000| Untracked 
| 102|0x00000000e6600000, 0x00000000e6600000, 0x00000000e6700000|  0%| F|  |TAMS 0x00000000e6600000, 0x00000000e6600000| Untracked 
| 103|0x00000000e6700000, 0x00000000e6700000, 0x00000000e6800000|  0%| F|  |TAMS 0x00000000e6700000, 0x00000000e6700000| Untracked 
| 104|0x00000000e6800000, 0x00000000e6800000, 0x00000000e6900000|  0%| F|  |TAMS 0x00000000e6800000, 0x00000000e6800000| Untracked 
| 105|0x00000000e6900000, 0x00000000e6900000, 0x00000000e6a00000|  0%| F|  |TAMS 0x00000000e6900000, 0x00000000e6900000| Untracked 
| 106|0x00000000e6a00000, 0x00000000e6a00000, 0x00000000e6b00000|  0%| F|  |TAMS 0x00000000e6a00000, 0x00000000e6a00000| Untracked 
| 107|0x00000000e6b00000, 0x00000000e6b00000, 0x00000000e6c00000|  0%| F|  |TAMS 0x00000000e6b00000, 0x00000000e6b00000| Untracked 
| 108|0x00000000e6c00000, 0x00000000e6c00000, 0x00000000e6d00000|  0%| F|  |TAMS 0x00000000e6c00000, 0x00000000e6c00000| Untracked 
| 109|0x00000000e6d00000, 0x00000000e6d00000, 0x00000000e6e00000|  0%| F|  |TAMS 0x00000000e6d00000, 0x00000000e6d00000| Untracked 
| 110|0x00000000e6e00000, 0x00000000e6e00000, 0x00000000e6f00000|  0%| F|  |TAMS 0x00000000e6e00000, 0x00000000e6e00000| Untracked 
| 111|0x00000000e6f00000, 0x00000000e6f00000, 0x00000000e7000000|  0%| F|  |TAMS 0x00000000e6f00000, 0x00000000e6f00000| Untracked 
| 112|0x00000000e7000000, 0x00000000e7000000, 0x00000000e7100000|  0%| F|  |TAMS 0x00000000e7000000, 0x00000000e7000000| Untracked 
| 113|0x00000000e7100000, 0x00000000e7100000, 0x00000000e7200000|  0%| F|  |TAMS 0x00000000e7100000, 0x00000000e7100000| Untracked 
| 114|0x00000000e7200000, 0x00000000e7200000, 0x00000000e7300000|  0%| F|  |TAMS 0x00000000e7200000, 0x00000000e7200000| Untracked 
| 115|0x00000000e7300000, 0x00000000e7300000, 0x00000000e7400000|  0%| F|  |TAMS 0x00000000e7300000, 0x00000000e7300000| Untracked 
| 116|0x00000000e7400000, 0x00000000e7400000, 0x00000000e7500000|  0%| F|  |TAMS 0x00000000e7400000, 0x00000000e7400000| Untracked 
| 117|0x00000000e7500000, 0x00000000e7500000, 0x00000000e7600000|  0%| F|  |TAMS 0x00000000e7500000, 0x00000000e7500000| Untracked 
| 118|0x00000000e7600000, 0x00000000e7600000, 0x00000000e7700000|  0%| F|  |TAMS 0x00000000e7600000, 0x00000000e7600000| Untracked 
| 119|0x00000000e7700000, 0x00000000e7700000, 0x00000000e7800000|  0%| F|  |TAMS 0x00000000e7700000, 0x00000000e7700000| Untracked 
| 120|0x00000000e7800000, 0x00000000e7800000, 0x00000000e7900000|  0%| F|  |TAMS 0x00000000e7800000, 0x00000000e7800000| Untracked 
| 121|0x00000000e7900000, 0x00000000e7900000, 0x00000000e7a00000|  0%| F|  |TAMS 0x00000000e7900000, 0x00000000e7900000| Untracked 
| 122|0x00000000e7a00000, 0x00000000e7a00000, 0x00000000e7b00000|  0%| F|  |TAMS 0x00000000e7a00000, 0x00000000e7a00000| Untracked 
| 123|0x00000000e7b00000, 0x00000000e7b00000, 0x00000000e7c00000|  0%| F|  |TAMS 0x00000000e7b00000, 0x00000000e7b00000| Untracked 
| 124|0x00000000e7c00000, 0x00000000e7c00000, 0x00000000e7d00000|  0%| F|  |TAMS 0x00000000e7c00000, 0x00000000e7c00000| Untracked 
| 125|0x00000000e7d00000, 0x00000000e7d00000, 0x00000000e7e00000|  0%| F|  |TAMS 0x00000000e7d00000, 0x00000000e7d00000| Untracked 
| 126|0x00000000e7e00000, 0x00000000e7e00000, 0x00000000e7f00000|  0%| F|  |TAMS 0x00000000e7e00000, 0x00000000e7e00000| Untracked 
| 127|0x00000000e7f00000, 0x00000000e7f00000, 0x00000000e8000000|  0%| F|  |TAMS 0x00000000e7f00000, 0x00000000e7f00000| Untracked 
| 128|0x00000000e8000000, 0x00000000e8000000, 0x00000000e8100000|  0%| F|  |TAMS 0x00000000e8000000, 0x00000000e8000000| Untracked 
| 129|0x00000000e8100000, 0x00000000e8100000, 0x00000000e8200000|  0%| F|  |TAMS 0x00000000e8100000, 0x00000000e8100000| Untracked 
| 130|0x00000000e8200000, 0x00000000e8200000, 0x00000000e8300000|  0%| F|  |TAMS 0x00000000e8200000, 0x00000000e8200000| Untracked 
| 131|0x00000000e8300000, 0x00000000e8300000, 0x00000000e8400000|  0%| F|  |TAMS 0x00000000e8300000, 0x00000000e8300000| Untracked 
| 132|0x00000000e8400000, 0x00000000e8400000, 0x00000000e8500000|  0%| F|  |TAMS 0x00000000e8400000, 0x00000000e8400000| Untracked 
| 133|0x00000000e8500000, 0x00000000e8500000, 0x00000000e8600000|  0%| F|  |TAMS 0x00000000e8500000, 0x00000000e8500000| Untracked 
| 134|0x00000000e8600000, 0x00000000e8600000, 0x00000000e8700000|  0%| F|  |TAMS 0x00000000e8600000, 0x00000000e8600000| Untracked 
| 135|0x00000000e8700000, 0x00000000e8700000, 0x00000000e8800000|  0%| F|  |TAMS 0x00000000e8700000, 0x00000000e8700000| Untracked 
| 136|0x00000000e8800000, 0x00000000e8800000, 0x00000000e8900000|  0%| F|  |TAMS 0x00000000e8800000, 0x00000000e8800000| Untracked 
| 137|0x00000000e8900000, 0x00000000e8900000, 0x00000000e8a00000|  0%| F|  |TAMS 0x00000000e8900000, 0x00000000e8900000| Untracked 
| 138|0x00000000e8a00000, 0x00000000e8a00000, 0x00000000e8b00000|  0%| F|  |TAMS 0x00000000e8a00000, 0x00000000e8a00000| Untracked 
| 139|0x00000000e8b00000, 0x00000000e8b00000, 0x00000000e8c00000|  0%| F|  |TAMS 0x00000000e8b00000, 0x00000000e8b00000| Untracked 
| 140|0x00000000e8c00000, 0x00000000e8c00000, 0x00000000e8d00000|  0%| F|  |TAMS 0x00000000e8c00000, 0x00000000e8c00000| Untracked 
| 141|0x00000000e8d00000, 0x00000000e8d00000, 0x00000000e8e00000|  0%| F|  |TAMS 0x00000000e8d00000, 0x00000000e8d00000| Untracked 
| 142|0x00000000e8e00000, 0x00000000e8e00000, 0x00000000e8f00000|  0%| F|  |TAMS 0x00000000e8e00000, 0x00000000e8e00000| Untracked 
| 143|0x00000000e8f00000, 0x00000000e8f00000, 0x00000000e9000000|  0%| F|  |TAMS 0x00000000e8f00000, 0x00000000e8f00000| Untracked 
| 144|0x00000000e9000000, 0x00000000e9000000, 0x00000000e9100000|  0%| F|  |TAMS 0x00000000e9000000, 0x00000000e9000000| Untracked 
| 145|0x00000000e9100000, 0x00000000e9100000, 0x00000000e9200000|  0%| F|  |TAMS 0x00000000e9100000, 0x00000000e9100000| Untracked 
| 146|0x00000000e9200000, 0x00000000e9200000, 0x00000000e9300000|  0%| F|  |TAMS 0x00000000e9200000, 0x00000000e9200000| Untracked 
| 147|0x00000000e9300000, 0x00000000e9300000, 0x00000000e9400000|  0%| F|  |TAMS 0x00000000e9300000, 0x00000000e9300000| Untracked 
| 148|0x00000000e9400000, 0x00000000e9400000, 0x00000000e9500000|  0%| F|  |TAMS 0x00000000e9400000, 0x00000000e9400000| Untracked 
| 149|0x00000000e9500000, 0x00000000e9500000, 0x00000000e9600000|  0%| F|  |TAMS 0x00000000e9500000, 0x00000000e9500000| Untracked 
| 150|0x00000000e9600000, 0x00000000e9600000, 0x00000000e9700000|  0%| F|  |TAMS 0x00000000e9600000, 0x00000000e9600000| Untracked 
| 151|0x00000000e9700000, 0x00000000e9700000, 0x00000000e9800000|  0%| F|  |TAMS 0x00000000e9700000, 0x00000000e9700000| Untracked 
| 152|0x00000000e9800000, 0x00000000e9800000, 0x00000000e9900000|  0%| F|  |TAMS 0x00000000e9800000, 0x00000000e9800000| Untracked 
| 153|0x00000000e9900000, 0x00000000e9900000, 0x00000000e9a00000|  0%| F|  |TAMS 0x00000000e9900000, 0x00000000e9900000| Untracked 
| 154|0x00000000e9a00000, 0x00000000e9a00000, 0x00000000e9b00000|  0%| F|  |TAMS 0x00000000e9a00000, 0x00000000e9a00000| Untracked 
| 155|0x00000000e9b00000, 0x00000000e9b00000, 0x00000000e9c00000|  0%| F|  |TAMS 0x00000000e9b00000, 0x00000000e9b00000| Untracked 
| 156|0x00000000e9c00000, 0x00000000e9c00000, 0x00000000e9d00000|  0%| F|  |TAMS 0x00000000e9c00000, 0x00000000e9c00000| Untracked 
| 157|0x00000000e9d00000, 0x00000000e9d00000, 0x00000000e9e00000|  0%| F|  |TAMS 0x00000000e9d00000, 0x00000000e9d00000| Untracked 
| 158|0x00000000e9e00000, 0x00000000e9e00000, 0x00000000e9f00000|  0%| F|  |TAMS 0x00000000e9e00000, 0x00000000e9e00000| Untracked 
| 159|0x00000000e9f00000, 0x00000000e9f00000, 0x00000000ea000000|  0%| F|  |TAMS 0x00000000e9f00000, 0x00000000e9f00000| Untracked 
| 160|0x00000000ea000000, 0x00000000ea000000, 0x00000000ea100000|  0%| F|  |TAMS 0x00000000ea000000, 0x00000000ea000000| Untracked 
| 161|0x00000000ea100000, 0x00000000ea100000, 0x00000000ea200000|  0%| F|  |TAMS 0x00000000ea100000, 0x00000000ea100000| Untracked 
| 162|0x00000000ea200000, 0x00000000ea200000, 0x00000000ea300000|  0%| F|  |TAMS 0x00000000ea200000, 0x00000000ea200000| Untracked 
| 163|0x00000000ea300000, 0x00000000ea300000, 0x00000000ea400000|  0%| F|  |TAMS 0x00000000ea300000, 0x00000000ea300000| Untracked 
| 164|0x00000000ea400000, 0x00000000ea400000, 0x00000000ea500000|  0%| F|  |TAMS 0x00000000ea400000, 0x00000000ea400000| Untracked 
| 165|0x00000000ea500000, 0x00000000ea500000, 0x00000000ea600000|  0%| F|  |TAMS 0x00000000ea500000, 0x00000000ea500000| Untracked 
| 166|0x00000000ea600000, 0x00000000ea600000, 0x00000000ea700000|  0%| F|  |TAMS 0x00000000ea600000, 0x00000000ea600000| Untracked 
| 167|0x00000000ea700000, 0x00000000ea700000, 0x00000000ea800000|  0%| F|  |TAMS 0x00000000ea700000, 0x00000000ea700000| Untracked 
| 168|0x00000000ea800000, 0x00000000ea800000, 0x00000000ea900000|  0%| F|  |TAMS 0x00000000ea800000, 0x00000000ea800000| Untracked 
| 169|0x00000000ea900000, 0x00000000ea900000, 0x00000000eaa00000|  0%| F|  |TAMS 0x00000000ea900000, 0x00000000ea900000| Untracked 
| 170|0x00000000eaa00000, 0x00000000eaa00000, 0x00000000eab00000|  0%| F|  |TAMS 0x00000000eaa00000, 0x00000000eaa00000| Untracked 
| 171|0x00000000eab00000, 0x00000000eab00000, 0x00000000eac00000|  0%| F|  |TAMS 0x00000000eab00000, 0x00000000eab00000| Untracked 
| 172|0x00000000eac00000, 0x00000000eac00000, 0x00000000ead00000|  0%| F|  |TAMS 0x00000000eac00000, 0x00000000eac00000| Untracked 
| 173|0x00000000ead00000, 0x00000000ead00000, 0x00000000eae00000|  0%| F|  |TAMS 0x00000000ead00000, 0x00000000ead00000| Untracked 
| 174|0x00000000eae00000, 0x00000000eae00000, 0x00000000eaf00000|  0%| F|  |TAMS 0x00000000eae00000, 0x00000000eae00000| Untracked 
| 175|0x00000000eaf00000, 0x00000000eaf00000, 0x00000000eb000000|  0%| F|  |TAMS 0x00000000eaf00000, 0x00000000eaf00000| Untracked 
| 176|0x00000000eb000000, 0x00000000eb000000, 0x00000000eb100000|  0%| F|  |TAMS 0x00000000eb000000, 0x00000000eb000000| Untracked 
| 177|0x00000000eb100000, 0x00000000eb100000, 0x00000000eb200000|  0%| F|  |TAMS 0x00000000eb100000, 0x00000000eb100000| Untracked 
| 178|0x00000000eb200000, 0x00000000eb200000, 0x00000000eb300000|  0%| F|  |TAMS 0x00000000eb200000, 0x00000000eb200000| Untracked 
| 179|0x00000000eb300000, 0x00000000eb300000, 0x00000000eb400000|  0%| F|  |TAMS 0x00000000eb300000, 0x00000000eb300000| Untracked 
| 180|0x00000000eb400000, 0x00000000eb400000, 0x00000000eb500000|  0%| F|  |TAMS 0x00000000eb400000, 0x00000000eb400000| Untracked 
| 181|0x00000000eb500000, 0x00000000eb500000, 0x00000000eb600000|  0%| F|  |TAMS 0x00000000eb500000, 0x00000000eb500000| Untracked 
| 182|0x00000000eb600000, 0x00000000eb600000, 0x00000000eb700000|  0%| F|  |TAMS 0x00000000eb600000, 0x00000000eb600000| Untracked 
| 183|0x00000000eb700000, 0x00000000eb700000, 0x00000000eb800000|  0%| F|  |TAMS 0x00000000eb700000, 0x00000000eb700000| Untracked 
| 184|0x00000000eb800000, 0x00000000eb800000, 0x00000000eb900000|  0%| F|  |TAMS 0x00000000eb800000, 0x00000000eb800000| Untracked 
| 185|0x00000000eb900000, 0x00000000eb900000, 0x00000000eba00000|  0%| F|  |TAMS 0x00000000eb900000, 0x00000000eb900000| Untracked 
| 186|0x00000000eba00000, 0x00000000eba00000, 0x00000000ebb00000|  0%| F|  |TAMS 0x00000000eba00000, 0x00000000eba00000| Untracked 
| 187|0x00000000ebb00000, 0x00000000ebb00000, 0x00000000ebc00000|  0%| F|  |TAMS 0x00000000ebb00000, 0x00000000ebb00000| Untracked 
| 188|0x00000000ebc00000, 0x00000000ebc00000, 0x00000000ebd00000|  0%| F|  |TAMS 0x00000000ebc00000, 0x00000000ebc00000| Untracked 
| 189|0x00000000ebd00000, 0x00000000ebd00000, 0x00000000ebe00000|  0%| F|  |TAMS 0x00000000ebd00000, 0x00000000ebd00000| Untracked 
| 190|0x00000000ebe00000, 0x00000000ebe00000, 0x00000000ebf00000|  0%| F|  |TAMS 0x00000000ebe00000, 0x00000000ebe00000| Untracked 
| 191|0x00000000ebf00000, 0x00000000ebf00000, 0x00000000ec000000|  0%| F|  |TAMS 0x00000000ebf00000, 0x00000000ebf00000| Untracked 
| 192|0x00000000ec000000, 0x00000000ec000000, 0x00000000ec100000|  0%| F|  |TAMS 0x00000000ec000000, 0x00000000ec000000| Untracked 
| 193|0x00000000ec100000, 0x00000000ec100000, 0x00000000ec200000|  0%| F|  |TAMS 0x00000000ec100000, 0x00000000ec100000| Untracked 
| 194|0x00000000ec200000, 0x00000000ec200000, 0x00000000ec300000|  0%| F|  |TAMS 0x00000000ec200000, 0x00000000ec200000| Untracked 
| 195|0x00000000ec300000, 0x00000000ec300000, 0x00000000ec400000|  0%| F|  |TAMS 0x00000000ec300000, 0x00000000ec300000| Untracked 
| 196|0x00000000ec400000, 0x00000000ec400000, 0x00000000ec500000|  0%| F|  |TAMS 0x00000000ec400000, 0x00000000ec400000| Untracked 
| 197|0x00000000ec500000, 0x00000000ec500000, 0x00000000ec600000|  0%| F|  |TAMS 0x00000000ec500000, 0x00000000ec500000| Untracked 
| 198|0x00000000ec600000, 0x00000000ec600000, 0x00000000ec700000|  0%| F|  |TAMS 0x00000000ec600000, 0x00000000ec600000| Untracked 
| 199|0x00000000ec700000, 0x00000000ec700000, 0x00000000ec800000|  0%| F|  |TAMS 0x00000000ec700000, 0x00000000ec700000| Untracked 
| 200|0x00000000ec800000, 0x00000000ec800000, 0x00000000ec900000|  0%| F|  |TAMS 0x00000000ec800000, 0x00000000ec800000| Untracked 
| 201|0x00000000ec900000, 0x00000000ec900000, 0x00000000eca00000|  0%| F|  |TAMS 0x00000000ec900000, 0x00000000ec900000| Untracked 
| 202|0x00000000eca00000, 0x00000000eca00000, 0x00000000ecb00000|  0%| F|  |TAMS 0x00000000eca00000, 0x00000000eca00000| Untracked 
| 203|0x00000000ecb00000, 0x00000000ecb00000, 0x00000000ecc00000|  0%| F|  |TAMS 0x00000000ecb00000, 0x00000000ecb00000| Untracked 
| 204|0x00000000ecc00000, 0x00000000ecc00000, 0x00000000ecd00000|  0%| F|  |TAMS 0x00000000ecc00000, 0x00000000ecc00000| Untracked 
| 205|0x00000000ecd00000, 0x00000000ecd00000, 0x00000000ece00000|  0%| F|  |TAMS 0x00000000ecd00000, 0x00000000ecd00000| Untracked 
| 206|0x00000000ece00000, 0x00000000ece00000, 0x00000000ecf00000|  0%| F|  |TAMS 0x00000000ece00000, 0x00000000ece00000| Untracked 
| 207|0x00000000ecf00000, 0x00000000ecf00000, 0x00000000ed000000|  0%| F|  |TAMS 0x00000000ecf00000, 0x00000000ecf00000| Untracked 
| 208|0x00000000ed000000, 0x00000000ed000000, 0x00000000ed100000|  0%| F|  |TAMS 0x00000000ed000000, 0x00000000ed000000| Untracked 
| 209|0x00000000ed100000, 0x00000000ed100000, 0x00000000ed200000|  0%| F|  |TAMS 0x00000000ed100000, 0x00000000ed100000| Untracked 
| 210|0x00000000ed200000, 0x00000000ed200000, 0x00000000ed300000|  0%| F|  |TAMS 0x00000000ed200000, 0x00000000ed200000| Untracked 
| 211|0x00000000ed300000, 0x00000000ed300000, 0x00000000ed400000|  0%| F|  |TAMS 0x00000000ed300000, 0x00000000ed300000| Untracked 
| 212|0x00000000ed400000, 0x00000000ed400000, 0x00000000ed500000|  0%| F|  |TAMS 0x00000000ed400000, 0x00000000ed400000| Untracked 
| 213|0x00000000ed500000, 0x00000000ed500000, 0x00000000ed600000|  0%| F|  |TAMS 0x00000000ed500000, 0x00000000ed500000| Untracked 
| 214|0x00000000ed600000, 0x00000000ed600000, 0x00000000ed700000|  0%| F|  |TAMS 0x00000000ed600000, 0x00000000ed600000| Untracked 
| 215|0x00000000ed700000, 0x00000000ed700000, 0x00000000ed800000|  0%| F|  |TAMS 0x00000000ed700000, 0x00000000ed700000| Untracked 
| 216|0x00000000ed800000, 0x00000000ed800000, 0x00000000ed900000|  0%| F|  |TAMS 0x00000000ed800000, 0x00000000ed800000| Untracked 
| 217|0x00000000ed900000, 0x00000000ed900000, 0x00000000eda00000|  0%| F|  |TAMS 0x00000000ed900000, 0x00000000ed900000| Untracked 
| 218|0x00000000eda00000, 0x00000000eda00000, 0x00000000edb00000|  0%| F|  |TAMS 0x00000000eda00000, 0x00000000eda00000| Untracked 
| 219|0x00000000edb00000, 0x00000000edb00000, 0x00000000edc00000|  0%| F|  |TAMS 0x00000000edb00000, 0x00000000edb00000| Untracked 
| 220|0x00000000edc00000, 0x00000000edc00000, 0x00000000edd00000|  0%| F|  |TAMS 0x00000000edc00000, 0x00000000edc00000| Untracked 
| 221|0x00000000edd00000, 0x00000000edd00000, 0x00000000ede00000|  0%| F|  |TAMS 0x00000000edd00000, 0x00000000edd00000| Untracked 
| 222|0x00000000ede00000, 0x00000000ede00000, 0x00000000edf00000|  0%| F|  |TAMS 0x00000000ede00000, 0x00000000ede00000| Untracked 
| 223|0x00000000edf00000, 0x00000000edf00000, 0x00000000ee000000|  0%| F|  |TAMS 0x00000000edf00000, 0x00000000edf00000| Untracked 
| 224|0x00000000ee000000, 0x00000000ee000000, 0x00000000ee100000|  0%| F|  |TAMS 0x00000000ee000000, 0x00000000ee000000| Untracked 
| 225|0x00000000ee100000, 0x00000000ee100000, 0x00000000ee200000|  0%| F|  |TAMS 0x00000000ee100000, 0x00000000ee100000| Untracked 
| 226|0x00000000ee200000, 0x00000000ee200000, 0x00000000ee300000|  0%| F|  |TAMS 0x00000000ee200000, 0x00000000ee200000| Untracked 
| 227|0x00000000ee300000, 0x00000000ee300000, 0x00000000ee400000|  0%| F|  |TAMS 0x00000000ee300000, 0x00000000ee300000| Untracked 
| 228|0x00000000ee400000, 0x00000000ee400000, 0x00000000ee500000|  0%| F|  |TAMS 0x00000000ee400000, 0x00000000ee400000| Untracked 
| 229|0x00000000ee500000, 0x00000000ee500000, 0x00000000ee600000|  0%| F|  |TAMS 0x00000000ee500000, 0x00000000ee500000| Untracked 
| 230|0x00000000ee600000, 0x00000000ee600000, 0x00000000ee700000|  0%| F|  |TAMS 0x00000000ee600000, 0x00000000ee600000| Untracked 
| 231|0x00000000ee700000, 0x00000000ee700000, 0x00000000ee800000|  0%| F|  |TAMS 0x00000000ee700000, 0x00000000ee700000| Untracked 
| 232|0x00000000ee800000, 0x00000000ee800000, 0x00000000ee900000|  0%| F|  |TAMS 0x00000000ee800000, 0x00000000ee800000| Untracked 
| 233|0x00000000ee900000, 0x00000000ee900000, 0x00000000eea00000|  0%| F|  |TAMS 0x00000000ee900000, 0x00000000ee900000| Untracked 
| 234|0x00000000eea00000, 0x00000000eea00000, 0x00000000eeb00000|  0%| F|  |TAMS 0x00000000eea00000, 0x00000000eea00000| Untracked 
| 235|0x00000000eeb00000, 0x00000000eeb00000, 0x00000000eec00000|  0%| F|  |TAMS 0x00000000eeb00000, 0x00000000eeb00000| Untracked 
| 236|0x00000000eec00000, 0x00000000eec00000, 0x00000000eed00000|  0%| F|  |TAMS 0x00000000eec00000, 0x00000000eec00000| Untracked 
| 237|0x00000000eed00000, 0x00000000eed80800, 0x00000000eee00000| 50%| E|  |TAMS 0x00000000eed00000, 0x00000000eed00000| Complete 
| 238|0x00000000eee00000, 0x00000000eef00000, 0x00000000eef00000|100%| E|CS|TAMS 0x00000000eee00000, 0x00000000eee00000| Complete 
| 239|0x00000000eef00000, 0x00000000ef000000, 0x00000000ef000000|100%| E|CS|TAMS 0x00000000eef00000, 0x00000000eef00000| Complete 
| 240|0x00000000ef000000, 0x00000000ef100000, 0x00000000ef100000|100%| E|CS|TAMS 0x00000000ef000000, 0x00000000ef000000| Complete 
| 241|0x00000000ef100000, 0x00000000ef200000, 0x00000000ef200000|100%| E|  |TAMS 0x00000000ef100000, 0x00000000ef100000| Complete 
| 242|0x00000000ef200000, 0x00000000ef300000, 0x00000000ef300000|100%| E|CS|TAMS 0x00000000ef200000, 0x00000000ef200000| Complete 
| 243|0x00000000ef300000, 0x00000000ef400000, 0x00000000ef400000|100%| E|CS|TAMS 0x00000000ef300000, 0x00000000ef300000| Complete 
| 244|0x00000000ef400000, 0x00000000ef500000, 0x00000000ef500000|100%| E|CS|TAMS 0x00000000ef400000, 0x00000000ef400000| Complete 
| 245|0x00000000ef500000, 0x00000000ef600000, 0x00000000ef600000|100%| E|CS|TAMS 0x00000000ef500000, 0x00000000ef500000| Complete 
| 246|0x00000000ef600000, 0x00000000ef700000, 0x00000000ef700000|100%| E|CS|TAMS 0x00000000ef600000, 0x00000000ef600000| Complete 
| 247|0x00000000ef700000, 0x00000000ef800000, 0x00000000ef800000|100%| E|CS|TAMS 0x00000000ef700000, 0x00000000ef700000| Complete 
| 248|0x00000000ef800000, 0x00000000ef900000, 0x00000000ef900000|100%| E|CS|TAMS 0x00000000ef800000, 0x00000000ef800000| Complete 
| 249|0x00000000ef900000, 0x00000000efa00000, 0x00000000efa00000|100%| E|CS|TAMS 0x00000000ef900000, 0x00000000ef900000| Complete 
| 250|0x00000000efa00000, 0x00000000efb00000, 0x00000000efb00000|100%| E|CS|TAMS 0x00000000efa00000, 0x00000000efa00000| Complete 
| 251|0x00000000efb00000, 0x00000000efb55080, 0x00000000efc00000| 33%| S|CS|TAMS 0x00000000efb00000, 0x00000000efb00000| Complete 
| 252|0x00000000efc00000, 0x00000000efd00000, 0x00000000efd00000|100%| E|CS|TAMS 0x00000000efc00000, 0x00000000efc00000| Complete 
| 253|0x00000000efd00000, 0x00000000efe00000, 0x00000000efe00000|100%| E|CS|TAMS 0x00000000efd00000, 0x00000000efd00000| Complete 
| 254|0x00000000efe00000, 0x00000000eff00000, 0x00000000eff00000|100%| E|CS|TAMS 0x00000000efe00000, 0x00000000efe00000| Complete 
| 255|0x00000000eff00000, 0x00000000f0000000, 0x00000000f0000000|100%| E|CS|TAMS 0x00000000eff00000, 0x00000000eff00000| Complete 

Card table byte_map: [0x0000025faa1c0000,0x0000025faa2c0000] _byte_map_base: 0x0000025fa9ac0000

Marking Bits (Prev, Next): (CMBitMap*) 0x0000025f93525d30, (CMBitMap*) 0x0000025f93525d70
 Prev Bits: [0x0000025faa3c0000, 0x0000025faabc0000)
 Next Bits: [0x0000025faabc0000, 0x0000025fab3c0000)

Polling page: 0x0000025f92ca0000

Metaspace:

Usage:
  Non-class:     32.43 MB used.
      Class:      5.19 MB used.
       Both:     37.62 MB used.

Virtual space:
  Non-class space:       64.00 MB reserved,      32.62 MB ( 51%) committed,  1 nodes.
      Class space:      320.00 MB reserved,       5.38 MB (  2%) committed,  1 nodes.
             Both:      384.00 MB reserved,      38.00 MB ( 10%) committed. 

Chunk freelists:
   Non-Class:  15.06 MB
       Class:  10.47 MB
        Both:  25.53 MB

MaxMetaspaceSize: 384.00 MB
CompressedClassSpaceSize: 320.00 MB
Initial GC threshold: 21.00 MB
Current GC threshold: 59.38 MB
CDS: on
MetaspaceReclaimPolicy: balanced
 - commit_granule_bytes: 65536.
 - commit_granule_words: 8192.
 - virtual_space_node_default_size: 8388608.
 - enlarge_chunks_in_place: 1.
 - new_chunks_are_fully_committed: 0.
 - uncommit_free_chunks: 1.
 - use_allocation_guard: 0.
 - handle_deallocations: 1.


Internal statistics:

num_allocs_failed_limit: 9.
num_arena_births: 354.
num_arena_deaths: 0.
num_vsnodes_births: 2.
num_vsnodes_deaths: 0.
num_space_committed: 608.
num_space_uncommitted: 0.
num_chunks_returned_to_freelist: 9.
num_chunks_taken_from_freelist: 1762.
num_chunk_merges: 6.
num_chunk_splits: 1196.
num_chunks_enlarged: 859.
num_inconsistent_stats: 0.

CodeHeap 'non-profiled nmethods': size=120000Kb used=2399Kb max_used=2399Kb free=117600Kb
 bounds [0x0000025fa2850000, 0x0000025fa2ac0000, 0x0000025fa9d80000]
CodeHeap 'profiled nmethods': size=120000Kb used=9267Kb max_used=9267Kb free=110732Kb
 bounds [0x0000025f9ad80000, 0x0000025f9b690000, 0x0000025fa22b0000]
CodeHeap 'non-nmethods': size=5760Kb used=2311Kb max_used=2340Kb free=3448Kb
 bounds [0x0000025fa22b0000, 0x0000025fa2520000, 0x0000025fa2850000]
 total_blobs=5188 nmethods=4379 adapters=721
 compilation: enabled
              stopped_count=0, restarted_count=0
 full_count=0

Compilation events (20 events):
Event: 30.721 Thread 0x0000025fc700caf0 4370       3       org.objectweb.asm.Label::addLineNumber (106 bytes)
Event: 30.721 Thread 0x0000025fc700caf0 nmethod 4370 0x0000025f9b66dc90 code [0x0000025f9b66de60, 0x0000025f9b66e3a8]
Event: 30.721 Thread 0x0000025fc700caf0 4371       3       org.objectweb.asm.MethodWriter::visitLineNumber (50 bytes)
Event: 30.721 Thread 0x0000025fc700caf0 nmethod 4371 0x0000025f9b66e590 code [0x0000025f9b66e760, 0x0000025f9b66ebf8]
Event: 30.736 Thread 0x0000025fc700caf0 4372       1       org.objectweb.asm.Handle::getTag (5 bytes)
Event: 30.736 Thread 0x0000025fc700caf0 nmethod 4372 0x0000025fa2aa4f10 code [0x0000025fa2aa50a0, 0x0000025fa2aa5178]
Event: 30.736 Thread 0x0000025fc700caf0 4373       1       org.objectweb.asm.Handle::getOwner (5 bytes)
Event: 30.736 Thread 0x0000025fc700caf0 nmethod 4373 0x0000025fa2aa5210 code [0x0000025fa2aa53a0, 0x0000025fa2aa5478]
Event: 30.736 Thread 0x0000025fc700caf0 4374       1       org.objectweb.asm.Handle::getName (5 bytes)
Event: 30.737 Thread 0x0000025fc700caf0 nmethod 4374 0x0000025fa2aa5510 code [0x0000025fa2aa56a0, 0x0000025fa2aa5778]
Event: 30.737 Thread 0x0000025fc700caf0 4375       1       org.objectweb.asm.Handle::getDesc (5 bytes)
Event: 30.737 Thread 0x0000025fc700caf0 nmethod 4375 0x0000025fa2aa5810 code [0x0000025fa2aa59a0, 0x0000025fa2aa5a78]
Event: 30.737 Thread 0x0000025fc700caf0 4376       1       org.objectweb.asm.Handle::isInterface (5 bytes)
Event: 30.737 Thread 0x0000025fc700caf0 nmethod 4376 0x0000025fa2aa5b10 code [0x0000025fa2aa5ca0, 0x0000025fa2aa5d78]
Event: 30.738 Thread 0x0000025fc700caf0 4378       3       org.objectweb.asm.MethodWriter::visitLocalVariable (222 bytes)
Event: 30.740 Thread 0x0000025fc700caf0 nmethod 4378 0x0000025f9b66ed90 code [0x0000025f9b66f0e0, 0x0000025f9b6702d8]
Event: 30.740 Thread 0x0000025fc700caf0 4379       3       org.objectweb.asm.ClassReader::readCode (5117 bytes)
Event: 30.744 Thread 0x0000025fc7009a20 nmethod 4353 0x0000025fa2aa5e10 code [0x0000025fa2aa5fe0, 0x0000025fa2aa7448]
Event: 30.744 Thread 0x0000025fc7009a20 4357       4       jdk.internal.org.objectweb.asm.SymbolTable::addConstantMemberReference (147 bytes)
Event: 30.764 Thread 0x0000025fc700caf0 nmethod 4379 0x0000025f9b670b10 code [0x0000025f9b672060, 0x0000025f9b683f68]

GC Heap History (14 events):
Event: 4.346 GC heap before
{Heap before GC invocations=0 (full 0):
 garbage-first heap   total 262144K, used 26624K [0x00000000e0000000, 0x0000000100000000)
  region size 1024K, 23 young (23552K), 0 survivors (0K)
 Metaspace       used 2961K, committed 3136K, reserved 393216K
  class space    used 369K, committed 448K, reserved 327680K
}
Event: 4.358 GC heap after
{Heap after GC invocations=1 (full 0):
 garbage-first heap   total 262144K, used 10858K [0x00000000e0000000, 0x0000000100000000)
  region size 1024K, 3 young (3072K), 3 survivors (3072K)
 Metaspace       used 2961K, committed 3136K, reserved 393216K
  class space    used 369K, committed 448K, reserved 327680K
}
Event: 9.665 GC heap before
{Heap before GC invocations=1 (full 0):
 garbage-first heap   total 262144K, used 38506K [0x00000000e0000000, 0x0000000100000000)
  region size 1024K, 30 young (30720K), 3 survivors (3072K)
 Metaspace       used 4023K, committed 4224K, reserved 393216K
  class space    used 494K, committed 576K, reserved 327680K
}
Event: 9.671 GC heap after
{Heap after GC invocations=2 (full 0):
 garbage-first heap   total 262144K, used 11440K [0x00000000e0000000, 0x0000000100000000)
  region size 1024K, 1 young (1024K), 1 survivors (1024K)
 Metaspace       used 4023K, committed 4224K, reserved 393216K
  class space    used 494K, committed 576K, reserved 327680K
}
Event: 22.351 GC heap before
{Heap before GC invocations=2 (full 0):
 garbage-first heap   total 262144K, used 109744K [0x00000000e0000000, 0x0000000100000000)
  region size 1024K, 96 young (98304K), 1 survivors (1024K)
 Metaspace       used 18318K, committed 18560K, reserved 393216K
  class space    used 2645K, committed 2752K, reserved 327680K
}
Event: 22.365 GC heap after
{Heap after GC invocations=3 (full 0):
 garbage-first heap   total 262144K, used 21879K [0x00000000e0000000, 0x0000000100000000)
  region size 1024K, 11 young (11264K), 11 survivors (11264K)
 Metaspace       used 18318K, committed 18560K, reserved 393216K
  class space    used 2645K, committed 2752K, reserved 327680K
}
Event: 23.581 GC heap before
{Heap before GC invocations=3 (full 0):
 garbage-first heap   total 262144K, used 44407K [0x00000000e0000000, 0x0000000100000000)
  region size 1024K, 34 young (34816K), 11 survivors (11264K)
 Metaspace       used 21173K, committed 21504K, reserved 393216K
  class space    used 3109K, committed 3264K, reserved 327680K
}
Event: 23.588 GC heap after
{Heap after GC invocations=4 (full 0):
 garbage-first heap   total 262144K, used 23412K [0x00000000e0000000, 0x0000000100000000)
  region size 1024K, 12 young (12288K), 12 survivors (12288K)
 Metaspace       used 21173K, committed 21504K, reserved 393216K
  class space    used 3109K, committed 3264K, reserved 327680K
}
Event: 30.333 GC heap before
{Heap before GC invocations=5 (full 0):
 garbage-first heap   total 262144K, used 143220K [0x00000000e0000000, 0x0000000100000000)
  region size 1024K, 126 young (129024K), 12 survivors (12288K)
 Metaspace       used 35655K, committed 35968K, reserved 393216K
  class space    used 4958K, committed 5120K, reserved 327680K
}
Event: 30.351 GC heap after
{Heap after GC invocations=6 (full 0):
 garbage-first heap   total 262144K, used 32162K [0x00000000e0000000, 0x0000000100000000)
  region size 1024K, 11 young (11264K), 11 survivors (11264K)
 Metaspace       used 35655K, committed 35968K, reserved 393216K
  class space    used 4958K, committed 5120K, reserved 327680K
}
Event: 30.386 GC heap before
{Heap before GC invocations=6 (full 0):
 garbage-first heap   total 262144K, used 33186K [0x00000000e0000000, 0x0000000100000000)
  region size 1024K, 12 young (12288K), 11 survivors (11264K)
 Metaspace       used 35741K, committed 36160K, reserved 393216K
  class space    used 4977K, committed 5184K, reserved 327680K
}
Event: 30.396 GC heap after
{Heap after GC invocations=7 (full 0):
 garbage-first heap   total 262144K, used 32096K [0x00000000e0000000, 0x0000000100000000)
  region size 1024K, 2 young (2048K), 2 survivors (2048K)
 Metaspace       used 35741K, committed 36160K, reserved 393216K
  class space    used 4977K, committed 5184K, reserved 327680K
}
Event: 30.438 GC heap before
{Heap before GC invocations=7 (full 0):
 garbage-first heap   total 262144K, used 33120K [0x00000000e0000000, 0x0000000100000000)
  region size 1024K, 4 young (4096K), 2 survivors (2048K)
 Metaspace       used 35923K, committed 36288K, reserved 393216K
  class space    used 5016K, committed 5184K, reserved 327680K
}
Event: 30.439 GC heap after
{Heap after GC invocations=8 (full 0):
 garbage-first heap   total 262144K, used 30968K [0x00000000e0000000, 0x0000000100000000)
  region size 1024K, 1 young (1024K), 1 survivors (1024K)
 Metaspace       used 35923K, committed 36288K, reserved 393216K
  class space    used 5016K, committed 5184K, reserved 327680K
}

Deoptimization events (20 events):
Event: 30.407 Thread 0x0000025fc867b790 Uncommon trap: trap_request=0xffffffde fr.pc=0x0000025fa2a5bee4 relative=0x00000000000033a4
Event: 30.407 Thread 0x0000025fc867b790 Uncommon trap: reason=class_check action=maybe_recompile pc=0x0000025fa2a5bee4 method=java.util.regex.Pattern$CharProperty.study(Ljava/util/regex/Pattern$TreeInfo;)Z @ 25 c2
Event: 30.407 Thread 0x0000025fc867b790 DEOPT PACKING pc=0x0000025fa2a5bee4 sp=0x00000062762f9fe0
Event: 30.407 Thread 0x0000025fc867b790 DEOPT UNPACKING pc=0x0000025fa2305ba3 sp=0x00000062762f9ed8 mode 2
Event: 30.409 Thread 0x0000025fc867b790 Uncommon trap: trap_request=0xffffffde fr.pc=0x0000025fa2a5bee4 relative=0x00000000000033a4
Event: 30.409 Thread 0x0000025fc867b790 Uncommon trap: reason=class_check action=maybe_recompile pc=0x0000025fa2a5bee4 method=java.util.regex.Pattern$CharProperty.study(Ljava/util/regex/Pattern$TreeInfo;)Z @ 25 c2
Event: 30.409 Thread 0x0000025fc867b790 DEOPT PACKING pc=0x0000025fa2a5bee4 sp=0x00000062762f9fe0
Event: 30.409 Thread 0x0000025fc867b790 DEOPT UNPACKING pc=0x0000025fa2305ba3 sp=0x00000062762f9ed8 mode 2
Event: 30.583 Thread 0x0000025fc867b790 Uncommon trap: trap_request=0xffffff45 fr.pc=0x0000025fa2a081b8 relative=0x00000000000002f8
Event: 30.583 Thread 0x0000025fc867b790 Uncommon trap: reason=unstable_if action=reinterpret pc=0x0000025fa2a081b8 method=org.gradle.internal.reflect.PropertyAccessorType.isGetGetterName(Ljava/lang/String;)Z @ 14 c2
Event: 30.583 Thread 0x0000025fc867b790 DEOPT PACKING pc=0x0000025fa2a081b8 sp=0x00000062762f9250
Event: 30.583 Thread 0x0000025fc867b790 DEOPT UNPACKING pc=0x0000025fa2305ba3 sp=0x00000062762f91a8 mode 2
Event: 30.632 Thread 0x0000025fc867b790 Uncommon trap: trap_request=0xffffff45 fr.pc=0x0000025fa29f1ee8 relative=0x00000000000000e8
Event: 30.632 Thread 0x0000025fc867b790 Uncommon trap: reason=unstable_if action=reinterpret pc=0x0000025fa29f1ee8 method=org.objectweb.asm.ByteVector.putShort(I)Lorg/objectweb/asm/ByteVector; @ 13 c2
Event: 30.632 Thread 0x0000025fc867b790 DEOPT PACKING pc=0x0000025fa29f1ee8 sp=0x00000062762f8e70
Event: 30.632 Thread 0x0000025fc867b790 DEOPT UNPACKING pc=0x0000025fa2305ba3 sp=0x00000062762f8e08 mode 2
Event: 30.690 Thread 0x0000025fc867b790 Uncommon trap: trap_request=0xffffff45 fr.pc=0x0000025fa2a21778 relative=0x0000000000001c78
Event: 30.690 Thread 0x0000025fc867b790 Uncommon trap: reason=unstable_if action=reinterpret pc=0x0000025fa2a21778 method=java.util.concurrent.ConcurrentHashMap.computeIfAbsent(Ljava/lang/Object;Ljava/util/function/Function;)Ljava/lang/Object; @ 123 c2
Event: 30.691 Thread 0x0000025fc867b790 DEOPT PACKING pc=0x0000025fa2a21778 sp=0x00000062762fa140
Event: 30.691 Thread 0x0000025fc867b790 DEOPT UNPACKING pc=0x0000025fa2305ba3 sp=0x00000062762fa0d0 mode 2

Classes unloaded (0 events):
No events

Classes redefined (0 events):
No events

Internal exceptions (20 events):
Event: 30.046 Thread 0x0000025fc867b790 Exception <a 'sun/nio/fs/WindowsException'{0x00000000e8d142d0}> (0x00000000e8d142d0) 
thrown [s\open\src\hotspot\share\prims\jni.cpp, line 516]
Event: 30.047 Thread 0x0000025fc867b790 Exception <a 'sun/nio/fs/WindowsException'{0x00000000e8d15890}> (0x00000000e8d15890) 
thrown [s\open\src\hotspot\share\prims\jni.cpp, line 516]
Event: 30.048 Thread 0x0000025fc867b790 Exception <a 'sun/nio/fs/WindowsException'{0x00000000e8d16e08}> (0x00000000e8d16e08) 
thrown [s\open\src\hotspot\share\prims\jni.cpp, line 516]
Event: 30.049 Thread 0x0000025fc867b790 Exception <a 'sun/nio/fs/WindowsException'{0x00000000e8d18390}> (0x00000000e8d18390) 
thrown [s\open\src\hotspot\share\prims\jni.cpp, line 516]
Event: 30.065 Thread 0x0000025fc867b790 Exception <a 'java/lang/IncompatibleClassChangeError'{0x00000000e8d3d5d0}: Found class java.lang.Object, but interface was expected> (0x00000000e8d3d5d0) 
thrown [s\open\src\hotspot\share\interpreter\linkResolver.cpp, line 826]
Event: 30.090 Thread 0x0000025fc867b790 Exception <a 'java/lang/ClassNotFoundException'{0x00000000e8cbc438}: settings_e4k8z7lbtzf93vlccl970bkndBeanInfo> (0x00000000e8cbc438) 
thrown [s\open\src\hotspot\share\classfile\systemDictionary.cpp, line 256]
Event: 30.091 Thread 0x0000025fc867b790 Exception <a 'java/lang/ClassNotFoundException'{0x00000000e8cc6d68}: org/gradle/initialization/SettingsScriptBeanInfo> (0x00000000e8cc6d68) 
thrown [s\open\src\hotspot\share\classfile\systemDictionary.cpp, line 256]
Event: 30.092 Thread 0x0000025fc867b790 Exception <a 'java/lang/ClassNotFoundException'{0x00000000e8cd1818}: org/gradle/plugin/use/internal/PluginsAwareScriptBeanInfo> (0x00000000e8cd1818) 
thrown [s\open\src\hotspot\share\classfile\systemDictionary.cpp, line 256]
Event: 30.093 Thread 0x0000025fc867b790 Exception <a 'java/lang/ClassNotFoundException'{0x00000000e8cdc508}: org/gradle/plugin/use/internal/PluginsAwareScriptCustomizer> (0x00000000e8cdc508) 
thrown [s\open\src\hotspot\share\classfile\systemDictionary.cpp, line 256]
Event: 30.096 Thread 0x0000025fc867b790 Exception <a 'java/lang/ClassNotFoundException'{0x00000000e8ceef08}: org/gradle/initialization/SettingsScriptCustomizer> (0x00000000e8ceef08) 
thrown [s\open\src\hotspot\share\classfile\systemDictionary.cpp, line 256]
Event: 30.097 Thread 0x0000025fc867b790 Exception <a 'java/lang/ClassNotFoundException'{0x00000000e8cfcf68}: settings_e4k8z7lbtzf93vlccl970bkndCustomizer> (0x00000000e8cfcf68) 
thrown [s\open\src\hotspot\share\classfile\systemDictionary.cpp, line 256]
Event: 30.107 Thread 0x0000025fc867b790 Exception <a 'java/lang/ClassNotFoundException'{0x00000000e8b96fc0}: org/gradle/initialization/DefaultSettings_DecoratedBeanInfo> (0x00000000e8b96fc0) 
thrown [s\open\src\hotspot\share\classfile\systemDictionary.cpp, line 256]
Event: 30.109 Thread 0x0000025fc867b790 Exception <a 'java/lang/ClassNotFoundException'{0x00000000e8ba7458}: org/gradle/initialization/DefaultSettingsBeanInfo> (0x00000000e8ba7458) 
thrown [s\open\src\hotspot\share\classfile\systemDictionary.cpp, line 256]
Event: 30.110 Thread 0x0000025fc867b790 Exception <a 'java/lang/ClassNotFoundException'{0x00000000e8bb70e0}: org/gradle/initialization/DefaultSettingsCustomizer> (0x00000000e8bb70e0) 
thrown [s\open\src\hotspot\share\classfile\systemDictionary.cpp, line 256]
Event: 30.115 Thread 0x0000025fc867b790 Exception <a 'java/lang/ClassNotFoundException'{0x00000000e8bfcff8}: org/gradle/initialization/DefaultSettings_DecoratedCustomizer> (0x00000000e8bfcff8) 
thrown [s\open\src\hotspot\share\classfile\systemDictionary.cpp, line 256]
Event: 30.126 Thread 0x0000025fc867b790 Exception <a 'java/lang/ClassNotFoundException'{0x00000000e8a73898}: org/gradle/initialization/DefaultProjectDescriptorBeanInfo> (0x00000000e8a73898) 
thrown [s\open\src\hotspot\share\classfile\systemDictionary.cpp, line 256]
Event: 30.127 Thread 0x0000025fc867b790 Exception <a 'java/lang/ClassNotFoundException'{0x00000000e8a82718}: org/gradle/initialization/DefaultProjectDescriptorCustomizer> (0x00000000e8a82718) 
thrown [s\open\src\hotspot\share\classfile\systemDictionary.cpp, line 256]
Event: 30.136 Thread 0x0000025fc867b790 Exception <a 'java/lang/NoSuchMethodError'{0x00000000e8acaaa8}: 'void java.lang.invoke.DirectMethodHandle$Holder.invokeInterface(java.lang.Object, java.lang.Object)'> (0x00000000e8acaaa8) 
thrown [s\open\src\hotspot\share\interpreter\linkResolver.cpp, line 759]
Event: 30.173 Thread 0x0000025fc867b790 Implicit null exception at 0x0000025fa2a25f6c to 0x0000025fa2a2601c
Event: 30.561 Thread 0x0000025fc867b790 Exception <a 'java/lang/NoSuchMethodError'{0x00000000ef9a4690}: 'long java.lang.invoke.DirectMethodHandle$Holder.invokeStatic(java.lang.Object, long)'> (0x00000000ef9a4690) 
thrown [s\open\src\hotspot\share\interpreter\linkResolver.cpp, line 759]

VM Operations (20 events):
Event: 28.707 Executing VM operation: HandshakeAllThreads
Event: 28.707 Executing VM operation: HandshakeAllThreads done
Event: 29.694 Executing VM operation: ICBufferFull
Event: 29.694 Executing VM operation: ICBufferFull done
Event: 30.312 Executing VM operation: HandshakeAllThreads
Event: 30.313 Executing VM operation: HandshakeAllThreads done
Event: 30.333 Executing VM operation: CollectForMetadataAllocation
Event: 30.351 Executing VM operation: CollectForMetadataAllocation done
Event: 30.386 Executing VM operation: G1CollectForAllocation
Event: 30.397 Executing VM operation: G1CollectForAllocation done
Event: 30.404 Executing VM operation: HandshakeAllThreads
Event: 30.404 Executing VM operation: HandshakeAllThreads done
Event: 30.438 Executing VM operation: CollectForMetadataAllocation
Event: 30.439 Executing VM operation: CollectForMetadataAllocation done
Event: 30.467 Executing VM operation: G1Concurrent
Event: 30.470 Executing VM operation: G1Concurrent done
Event: 30.485 Executing VM operation: G1Concurrent
Event: 30.485 Executing VM operation: G1Concurrent done
Event: 30.594 Executing VM operation: HandshakeAllThreads
Event: 30.594 Executing VM operation: HandshakeAllThreads done

Events (20 events):
Event: 30.062 Thread 0x0000025fc8ac4320 Thread added: 0x0000025fc8ac4320
Event: 30.075 Thread 0x0000025fc8abdde0 Thread added: 0x0000025fc8abdde0
Event: 30.131 loading class jdk/internal/math/FDBigInteger
Event: 30.131 loading class jdk/internal/math/FDBigInteger done
Event: 30.152 loading class java/util/zip/GZIPOutputStream
Event: 30.152 loading class java/util/zip/GZIPOutputStream done
Event: 30.152 loading class java/util/zip/GZIPInputStream
Event: 30.153 loading class java/util/zip/GZIPInputStream done
Event: 30.287 loading class java/nio/file/AtomicMoveNotSupportedException
Event: 30.287 loading class java/nio/file/AtomicMoveNotSupportedException done
Event: 30.312 loading class java/io/FileWriter
Event: 30.312 loading class java/io/FileWriter done
Event: 30.403 loading class java/util/ArrayList$ListItr
Event: 30.403 loading class java/util/ArrayList$ListItr done
Event: 30.496 loading class java/util/DualPivotQuicksort
Event: 30.496 loading class java/util/DualPivotQuicksort done
Event: 30.560 loading class java/util/function/LongUnaryOperator
Event: 30.560 loading class java/util/function/LongUnaryOperator done
Event: 30.565 loading class java/lang/StringIndexOutOfBoundsException
Event: 30.566 loading class java/lang/StringIndexOutOfBoundsException done


Dynamic libraries:
0x00007ff6e1f40000 - 0x00007ff6e1f50000 	C:\Java\bin\java.exe
0x00007ffa26610000 - 0x00007ffa26826000 	C:\Windows\SYSTEM32\ntdll.dll
0x00007ffa25320000 - 0x00007ffa253e4000 	C:\Windows\System32\KERNEL32.DLL
0x00007ffa23930000 - 0x00007ffa23cd7000 	C:\Windows\System32\KERNELBASE.dll
0x000000006ac50000 - 0x000000006af82000 	C:\Program Files\Norton Security\NortonData\22.24.2.6\Definitions\IPSDefs\20240503.064\IPSEng64.dll
0x00007ffa25af0000 - 0x00007ffa25ba2000 	C:\Windows\System32\ADVAPI32.dll
0x00007ffa25610000 - 0x00007ffa256b7000 	C:\Windows\System32\msvcrt.dll
0x00007ffa24340000 - 0x00007ffa243e8000 	C:\Windows\System32\sechost.dll
0x00007ffa24130000 - 0x00007ffa24158000 	C:\Windows\System32\bcrypt.dll
0x00007ffa25bc0000 - 0x00007ffa25cd5000 	C:\Windows\System32\RPCRT4.dll
0x00007ffa25bb0000 - 0x00007ffa25bb8000 	C:\Windows\System32\PSAPI.DLL
0x00007ffa23ce0000 - 0x00007ffa23df1000 	C:\Windows\System32\ucrtbase.dll
0x00007ff9e2c00000 - 0x00007ff9e2c19000 	C:\Java\bin\jli.dll
0x00007ffa25d00000 - 0x00007ffa25eae000 	C:\Windows\System32\USER32.dll
0x00007ffa23e00000 - 0x00007ffa23e26000 	C:\Windows\System32\win32u.dll
0x00007ffa265a0000 - 0x00007ffa265c9000 	C:\Windows\System32\GDI32.dll
0x00007ffa24010000 - 0x00007ffa24129000 	C:\Windows\System32\gdi32full.dll
0x00007ffa242a0000 - 0x00007ffa2433a000 	C:\Windows\System32\msvcp_win.dll
0x00007ff9e2700000 - 0x00007ff9e271b000 	C:\Java\bin\VCRUNTIME140.dll
0x00007ffa1b320000 - 0x00007ffa1b32a000 	C:\Windows\SYSTEM32\VERSION.dll
0x00007ffa07900000 - 0x00007ffa07b93000 	C:\Windows\WinSxS\amd64_microsoft.windows.common-controls_6595b64144ccf1df_6.0.22621.3235_none_270f74e173860f98\COMCTL32.dll
0x00007ffa25fc0000 - 0x00007ffa25ff1000 	C:\Windows\System32\IMM32.DLL
0x00007ffa01a60000 - 0x00007ffa01a6c000 	C:\Java\bin\vcruntime140_1.dll
0x00007ff9c1d10000 - 0x00007ff9c1d9e000 	C:\Java\bin\msvcp140.dll
0x00007ff9882c0000 - 0x00007ff988e9f000 	C:\Java\bin\server\jvm.dll
0x00007ffa072e0000 - 0x00007ffa072e9000 	C:\Windows\SYSTEM32\WSOCK32.dll
0x00007ffa24e20000 - 0x00007ffa24e91000 	C:\Windows\System32\WS2_32.dll
0x00007ffa21370000 - 0x00007ffa213a4000 	C:\Windows\SYSTEM32\WINMM.dll
0x00007ffa22970000 - 0x00007ffa22988000 	C:\Windows\SYSTEM32\kernel.appcore.dll
0x00007ff9f8ec0000 - 0x00007ff9f8eca000 	C:\Java\bin\jimage.dll
0x00007ffa210a0000 - 0x00007ffa212d3000 	C:\Windows\SYSTEM32\DBGHELP.DLL
0x00007ffa26000000 - 0x00007ffa26388000 	C:\Windows\System32\combase.dll
0x00007ffa25a00000 - 0x00007ffa25ad7000 	C:\Windows\System32\OLEAUT32.dll
0x00007ffa21330000 - 0x00007ffa21362000 	C:\Windows\SYSTEM32\dbgcore.DLL
0x00007ffa24220000 - 0x00007ffa24299000 	C:\Windows\System32\bcryptPrimitives.dll
0x00007ffa17e20000 - 0x00007ffa17e2e000 	C:\Java\bin\instrument.dll
0x00007ff9d4220000 - 0x00007ff9d4245000 	C:\Java\bin\java.dll
0x00007ff9b6980000 - 0x00007ff9b6a57000 	C:\Java\bin\jsvml.dll
0x00007ffa24460000 - 0x00007ffa24cbc000 	C:\Windows\System32\SHELL32.dll
0x00007ffa21890000 - 0x00007ffa22189000 	C:\Windows\SYSTEM32\windows.storage.dll
0x00007ffa21750000 - 0x00007ffa2188e000 	C:\Windows\SYSTEM32\wintypes.dll
0x00007ffa25750000 - 0x00007ffa25843000 	C:\Windows\System32\SHCORE.dll
0x00007ffa25550000 - 0x00007ffa255ae000 	C:\Windows\System32\shlwapi.dll
0x00007ffa23860000 - 0x00007ffa23881000 	C:\Windows\SYSTEM32\profapi.dll
0x00007ff9d4120000 - 0x00007ff9d4138000 	C:\Java\bin\zip.dll
0x00007ff9e21b0000 - 0x00007ff9e21c9000 	C:\Java\bin\net.dll
0x00007ffa1d3a0000 - 0x00007ffa1d4d6000 	C:\Windows\SYSTEM32\WINHTTP.dll
0x00007ffa22de0000 - 0x00007ffa22e49000 	C:\Windows\system32\mswsock.dll
0x00007ff9d4140000 - 0x00007ff9d4156000 	C:\Java\bin\nio.dll
0x00007ff9f2fe0000 - 0x00007ff9f2ff0000 	C:\Java\bin\verify.dll
0x00007ffa17e30000 - 0x00007ffa17e57000 	C:\Users\kimys\.gradle\native\c067742578af261105cb4f569cf0c3c89f3d7b1fecec35dd04571415982c5e48\windows-amd64\native-platform.dll
0x00007ff99cc80000 - 0x00007ff99cdc4000 	C:\Users\kimys\.gradle\native\38dada09dfb8b06ba9b0570ebf7e218e3eb74d4ef43ca46872605cf95ebc2f47\windows-amd64\native-platform-file-events.dll
0x00007ffa16620000 - 0x00007ffa1662a000 	C:\Java\bin\management.dll
0x00007ffa0db90000 - 0x00007ffa0db9b000 	C:\Java\bin\management_ext.dll
0x00007ffa23040000 - 0x00007ffa2305b000 	C:\Windows\SYSTEM32\CRYPTSP.dll
0x00007ffa228d0000 - 0x00007ffa22905000 	C:\Windows\system32\rsaenh.dll
0x00007ffa22ee0000 - 0x00007ffa22f08000 	C:\Windows\SYSTEM32\USERENV.dll
0x00007ffa23060000 - 0x00007ffa2306c000 	C:\Windows\SYSTEM32\CRYPTBASE.dll
0x00007ffa22430000 - 0x00007ffa2245d000 	C:\Windows\SYSTEM32\IPHLPAPI.DLL
0x00007ffa25ae0000 - 0x00007ffa25ae9000 	C:\Windows\System32\NSI.dll
0x00007ffa1cf20000 - 0x00007ffa1cf39000 	C:\Windows\SYSTEM32\dhcpcsvc6.DLL
0x00007ffa1ce70000 - 0x00007ffa1ce8f000 	C:\Windows\SYSTEM32\dhcpcsvc.DLL
0x00007ffa22460000 - 0x00007ffa22559000 	C:\Windows\SYSTEM32\DNSAPI.dll
0x00007ffa0db80000 - 0x00007ffa0db8e000 	C:\Java\bin\sunmscapi.dll
0x00007ffa23e30000 - 0x00007ffa23f97000 	C:\Windows\System32\CRYPT32.dll
0x00007ffa23200000 - 0x00007ffa2322e000 	C:\Windows\SYSTEM32\ncrypt.dll
0x00007ffa231c0000 - 0x00007ffa231f7000 	C:\Windows\SYSTEM32\NTASN1.dll
0x00007ff9fe180000 - 0x00007ff9fe188000 	C:\Windows\system32\wshunix.dll

dbghelp: loaded successfully - version: 4.0.5 - missing functions: none
symbol engine: initialized successfully - sym options: 0x614 - pdb path: .;C:\Java\bin;C:\Windows\SYSTEM32;C:\Program Files\Norton Security\NortonData\22.24.2.6\Definitions\IPSDefs\20240503.064;C:\Windows\WinSxS\amd64_microsoft.windows.common-controls_6595b64144ccf1df_6.0.22621.3235_none_270f74e173860f98;C:\Java\bin\server;C:\Users\kimys\.gradle\native\c067742578af261105cb4f569cf0c3c89f3d7b1fecec35dd04571415982c5e48\windows-amd64;C:\Users\kimys\.gradle\native\38dada09dfb8b06ba9b0570ebf7e218e3eb74d4ef43ca46872605cf95ebc2f47\windows-amd64

VM Arguments:
jvm_args: --add-opens=java.base/java.util=ALL-UNNAMED --add-opens=java.base/java.lang=ALL-UNNAMED --add-opens=java.base/java.lang.invoke=ALL-UNNAMED --add-opens=java.prefs/java.util.prefs=ALL-UNNAMED --add-opens=java.base/java.nio.charset=ALL-UNNAMED --add-opens=java.base/java.net=ALL-UNNAMED --add-opens=java.base/java.util.concurrent.atomic=ALL-UNNAMED -XX:MaxMetaspaceSize=384m -XX:+HeapDumpOnOutOfMemoryError -Xms256m -Xmx512m -Dfile.encoding=x-windows-949 -Duser.country=KR -Duser.language=ko -Duser.variant -javaagent:C:\Users\kimys\.gradle\wrapper\dists\gradle-8.7-bin\bhs2wmbdwecv87pi65oeuq5iu\gradle-8.7\lib\agents\gradle-instrumentation-agent-8.7.jar 
java_command: org.gradle.launcher.daemon.bootstrap.GradleDaemon 8.7
java_class_path (initial): C:\Users\kimys\.gradle\wrapper\dists\gradle-8.7-bin\bhs2wmbdwecv87pi65oeuq5iu\gradle-8.7\lib\gradle-launcher-8.7.jar
Launcher Type: SUN_STANDARD

[Global flags]
     intx CICompilerCount                          = 4                                         {product} {ergonomic}
   size_t CompressedClassSpaceSize                 = 335544320                                 {product} {ergonomic}
     uint ConcGCThreads                            = 2                                         {product} {ergonomic}
     uint G1ConcRefinementThreads                  = 8                                         {product} {ergonomic}
   size_t G1HeapRegionSize                         = 1048576                                   {product} {ergonomic}
    uintx GCDrainStackTargetSize                   = 64                                        {product} {ergonomic}
     bool HeapDumpOnOutOfMemoryError               = true                                   {manageable} {command line}
   size_t InitialHeapSize                          = 268435456                                 {product} {command line}
   size_t MarkStackSize                            = 4194304                                   {product} {ergonomic}
   size_t MaxHeapSize                              = 536870912                                 {product} {command line}
   size_t MaxMetaspaceSize                         = 402653184                                 {product} {command line}
   size_t MaxNewSize                               = 321912832                                 {product} {ergonomic}
   size_t MinHeapDeltaBytes                        = 1048576                                   {product} {ergonomic}
   size_t MinHeapSize                              = 268435456                                 {product} {command line}
    uintx NonNMethodCodeHeapSize                   = 5839372                                {pd product} {ergonomic}
    uintx NonProfiledCodeHeapSize                  = 122909434                              {pd product} {ergonomic}
    uintx ProfiledCodeHeapSize                     = 122909434                              {pd product} {ergonomic}
    uintx ReservedCodeCacheSize                    = 251658240                              {pd product} {ergonomic}
     bool SegmentedCodeCache                       = true                                      {product} {ergonomic}
   size_t SoftMaxHeapSize                          = 536870912                              {manageable} {ergonomic}
     bool UseCompressedClassPointers               = true                           {product lp64_product} {ergonomic}
     bool UseCompressedOops                        = true                           {product lp64_product} {ergonomic}
     bool UseG1GC                                  = true                                      {product} {ergonomic}
     bool UseLargePagesIndividualAllocation        = false                                  {pd product} {ergonomic}

Logging:
Log output configuration:
 #0: stdout all=warning uptime,level,tags
 #1: stderr all=off uptime,level,tags

Environment Variables:
PATH=C:\nodejs\;C:\oraclexe\app\oracle\product\11.2.0\server\bin;C:\Program Files\Common Files\Oracle\Java\javapath;C:\Windows\system32;C:\Windows;C:\Windows\System32\Wbem;C:\Windows\System32\WindowsPowerShell\v1.0\;C:\Windows\System32\OpenSSH\;C:\Git\cmd;C:\Program Files\Bandizip\;C:\Users\kimys\AppData\Local\Microsoft\WindowsApps;;D:\IntelliJ IDEA 2023.3.6\bin;;C:\Microsoft VS Code\bin;C:\Users\kimys\AppData\Roaming\npm
USERNAME=kimys
OS=Windows_NT
PROCESSOR_IDENTIFIER=Intel64 Family 6 Model 140 Stepping 2, GenuineIntel



---------------  S Y S T E M  ---------------

OS:
 Windows 11 , 64 bit Build 22621 (10.0.22621.3374)
OS uptime: 13 days 4:19 hours

CPU: total 8 (initial active 8) (4 cores per cpu, 2 threads per core) family 6 model 140 stepping 2 microcode 0x16, cx8, cmov, fxsr, ht, mmx, 3dnowpref, sse, sse2, sse3, ssse3, sse4.1, sse4.2, popcnt, lzcnt, tsc, tscinvbit, avx, avx2, aes, erms, clmul, bmi1, bmi2, adx, avx512f, avx512dq, avx512cd, avx512bw, avx512vl, sha, fma, vzeroupper, avx512_vpopcntdq, avx512_vpclmulqdq, avx512_vaes, avx512_vnni, clflush, clflushopt, clwb, avx512_vbmi2, avx512_vbmi

Memory: 4k page, system-wide physical 7900M (178M free)
TotalPageFile size 25566M (AvailPageFile size 0M)
current process WorkingSet (physical memory assigned to process): 284M, peak: 293M
current process commit charge ("private bytes"): 436M, peak: 437M

vm_info: Java HotSpot(TM) 64-Bit Server VM (17.0.10+11-LTS-240) for windows-amd64 JRE (17.0.10+11-LTS-240), built on Dec 19 2023 21:47:25 by "mach5one" with MS VC++ 17.1 (VS2022)

END.
