#
# There is insufficient memory for the Java Runtime Environment to continue.
# Native memory allocation (malloc) failed to allocate 32744 bytes for ChunkPool::allocate
# Possible reasons:
#   The system is out of physical RAM or swap space
#   The process is running with CompressedOops enabled, and the Java Heap may be blocking the growth of the native heap
# Possible solutions:
#   Reduce memory load on the system
#   Increase physical memory or swap space
#   Check if swap backing store is full
#   Decrease Java heap size (-Xmx/-Xms)
#   Decrease number of Java threads
#   Decrease Java thread stack sizes (-Xss)
#   Set larger code cache with -XX:ReservedCodeCacheSize=
#   JVM is running with Unscaled Compressed Oops mode in which the Java heap is
#     placed in the first 4GB address space. The Java Heap base address is the
#     maximum limit for the native heap growth. Please use -XX:HeapBaseMinAddress
#     to set the Java Heap base and to place the Java Heap above 4GB virtual address.
# This output file may be truncated or incomplete.
#
#  Out of Memory Error (arena.cpp:78), pid=17580, tid=31348
#
# JRE version: Java(TM) SE Runtime Environment (17.0.10+11) (build 17.0.10+11-LTS-240)
# Java VM: Java HotSpot(TM) 64-Bit Server VM (17.0.10+11-LTS-240, mixed mode, sharing, tiered, compressed oops, compressed class ptrs, g1 gc, windows-amd64)
# No core dump will be written. Minidumps are not enabled by default on client versions of Windows
#

---------------  S U M M A R Y ------------

Command Line: --add-opens=java.base/java.util=ALL-UNNAMED --add-opens=java.base/java.lang=ALL-UNNAMED --add-opens=java.base/java.lang.invoke=ALL-UNNAMED --add-opens=java.prefs/java.util.prefs=ALL-UNNAMED --add-opens=java.base/java.nio.charset=ALL-UNNAMED --add-opens=java.base/java.net=ALL-UNNAMED --add-opens=java.base/java.util.concurrent.atomic=ALL-UNNAMED -XX:MaxMetaspaceSize=384m -XX:+HeapDumpOnOutOfMemoryError -Xms256m -Xmx512m -Dfile.encoding=x-windows-949 -Duser.country=KR -Duser.language=ko -Duser.variant -javaagent:C:\Users\kimys\.gradle\wrapper\dists\gradle-8.7-bin\bhs2wmbdwecv87pi65oeuq5iu\gradle-8.7\lib\agents\gradle-instrumentation-agent-8.7.jar org.gradle.launcher.daemon.bootstrap.GradleDaemon 8.7

Host: 11th Gen Intel(R) Core(TM) i5-1155G7 @ 2.50GHz, 8 cores, 7G,  Windows 11 , 64 bit Build 22621 (10.0.22621.3374)
Time: Mon May  6 20:14:48 2024  Windows 11 , 64 bit Build 22621 (10.0.22621.3374) elapsed time: 61.093443 seconds (0d 0h 1m 1s)

---------------  T H R E A D  ---------------

Current thread (0x0000026c5d68e440):  JavaThread "C2 CompilerThread0" daemon [_thread_in_native, id=31348, stack(0x000000c098200000,0x000000c098300000)]


Current CompileTask:
C2:  61094 3473       4       org.objectweb.asm.ClassReader::readUtf (161 bytes)

Stack: [0x000000c098200000,0x000000c098300000]
Native frames: (J=compiled Java code, j=interpreted, Vv=VM code, C=native code)
V  [jvm.dll+0x677a5a]
V  [jvm.dll+0x7d8b2d]
V  [jvm.dll+0x7da48e]
V  [jvm.dll+0x7daaf3]
V  [jvm.dll+0x2455ff]
V  [jvm.dll+0xaad50]
V  [jvm.dll+0xab09c]
V  [jvm.dll+0x11d4f5]
V  [jvm.dll+0x6a14e7]
V  [jvm.dll+0x1bb497]
V  [jvm.dll+0x217aa7]
V  [jvm.dll+0x216d81]
V  [jvm.dll+0x1a3410]
V  [jvm.dll+0x226aeb]
V  [jvm.dll+0x224cab]
V  [jvm.dll+0x78e45c]
V  [jvm.dll+0x78888a]
V  [jvm.dll+0x676935]
C  [ucrtbase.dll+0x29333]
C  [KERNEL32.DLL+0x1257d]
C  [ntdll.dll+0x5aa48]


---------------  P R O C E S S  ---------------

Threads class SMR info:
_java_thread_list=0x0000026c79a36940, length=41, elements={
0x0000026c42d7d970, 0x0000026c5d66f740, 0x0000026c5d670100, 0x0000026c5d689540,
0x0000026c5d689f00, 0x0000026c5d68c8d0, 0x0000026c5d68d290, 0x0000026c5d68e440,
0x0000026c5d68fe10, 0x0000026c5d690720, 0x0000026c5d658d00, 0x0000026c5d8f91e0,
0x0000026c78389450, 0x0000026c7836fb30, 0x0000026c5db47d10, 0x0000026c77c06040,
0x0000026c77fafa30, 0x0000026c5d859810, 0x0000026c5d85a740, 0x0000026c5d85ac50,
0x0000026c5d85b160, 0x0000026c5d859d20, 0x0000026c5d85bb80, 0x0000026c5d85c090,
0x0000026c5d85c5a0, 0x0000026c5d85cab0, 0x0000026c5d85cfc0, 0x0000026c5d85a230,
0x0000026c78665e90, 0x0000026c786663a0, 0x0000026c78664a50, 0x0000026c78663100,
0x0000026c78663610, 0x0000026c78663b20, 0x0000026c78669640, 0x0000026c78664540,
0x0000026c78665470, 0x0000026c78667cf0, 0x0000026c786672d0, 0x0000026c78669b50,
0x0000026c78665980
}

Java Threads: ( => current thread )
  0x0000026c42d7d970 JavaThread "main" [_thread_blocked, id=19596, stack(0x000000c097500000,0x000000c097600000)]
  0x0000026c5d66f740 JavaThread "Reference Handler" daemon [_thread_blocked, id=20620, stack(0x000000c097c00000,0x000000c097d00000)]
  0x0000026c5d670100 JavaThread "Finalizer" daemon [_thread_blocked, id=22832, stack(0x000000c097d00000,0x000000c097e00000)]
  0x0000026c5d689540 JavaThread "Signal Dispatcher" daemon [_thread_blocked, id=22808, stack(0x000000c097e00000,0x000000c097f00000)]
  0x0000026c5d689f00 JavaThread "Attach Listener" daemon [_thread_blocked, id=24504, stack(0x000000c097f00000,0x000000c098000000)]
  0x0000026c5d68c8d0 JavaThread "Service Thread" daemon [_thread_blocked, id=17520, stack(0x000000c098000000,0x000000c098100000)]
  0x0000026c5d68d290 JavaThread "Monitor Deflation Thread" daemon [_thread_blocked, id=8844, stack(0x000000c098100000,0x000000c098200000)]
=>0x0000026c5d68e440 JavaThread "C2 CompilerThread0" daemon [_thread_in_native, id=31348, stack(0x000000c098200000,0x000000c098300000)]
  0x0000026c5d68fe10 JavaThread "C1 CompilerThread0" daemon [_thread_in_native, id=572, stack(0x000000c098300000,0x000000c098400000)]
  0x0000026c5d690720 JavaThread "Sweeper thread" daemon [_thread_blocked, id=18276, stack(0x000000c098400000,0x000000c098500000)]
  0x0000026c5d658d00 JavaThread "Common-Cleaner" daemon [_thread_blocked, id=19256, stack(0x000000c098500000,0x000000c098600000)]
  0x0000026c5d8f91e0 JavaThread "Notification Thread" daemon [_thread_blocked, id=30772, stack(0x000000c098700000,0x000000c098800000)]
  0x0000026c78389450 JavaThread "Daemon health stats" [_thread_blocked, id=24612, stack(0x000000c098e00000,0x000000c098f00000)]
  0x0000026c7836fb30 JavaThread "Incoming local TCP Connector on port 49152" [_thread_in_native, id=12024, stack(0x000000c098f00000,0x000000c099000000)]
  0x0000026c5db47d10 JavaThread "Daemon periodic checks" [_thread_blocked, id=32472, stack(0x000000c099000000,0x000000c099100000)]
  0x0000026c77c06040 JavaThread "Daemon" [_thread_blocked, id=22968, stack(0x000000c099100000,0x000000c099200000)]
  0x0000026c77fafa30 JavaThread "Handler for socket connection from /127.0.0.1:49152 to /127.0.0.1:49158" [_thread_in_native, id=30060, stack(0x000000c099200000,0x000000c099300000)]
  0x0000026c5d859810 JavaThread "Cancel handler" [_thread_blocked, id=23648, stack(0x000000c099300000,0x000000c099400000)]
  0x0000026c5d85a740 JavaThread "Daemon worker" [_thread_in_vm, id=8736, stack(0x000000c099400000,0x000000c099500000)]
  0x0000026c5d85ac50 JavaThread "Asynchronous log dispatcher for DefaultDaemonConnection: socket connection from /127.0.0.1:49152 to /127.0.0.1:49158" [_thread_blocked, id=16596, stack(0x000000c099500000,0x000000c099600000)]
  0x0000026c5d85b160 JavaThread "Stdin handler" [_thread_blocked, id=27076, stack(0x000000c099600000,0x000000c099700000)]
  0x0000026c5d859d20 JavaThread "Daemon client event forwarder" [_thread_blocked, id=22284, stack(0x000000c099700000,0x000000c099800000)]
  0x0000026c5d85bb80 JavaThread "Cache worker for journal cache (C:\Users\kimys\.gradle\caches\journal-1)" [_thread_blocked, id=29308, stack(0x000000c099800000,0x000000c099900000)]
  0x0000026c5d85c090 JavaThread "File lock request listener" [_thread_in_native, id=32240, stack(0x000000c099900000,0x000000c099a00000)]
  0x0000026c5d85c5a0 JavaThread "Cache worker for file hash cache (C:\Users\kimys\.gradle\caches\8.7\fileHashes)" [_thread_blocked, id=29772, stack(0x000000c099a00000,0x000000c099b00000)]
  0x0000026c5d85cab0 JavaThread "File lock release action executor" [_thread_blocked, id=19832, stack(0x000000c099b00000,0x000000c099c00000)]
  0x0000026c5d85cfc0 JavaThread "Cache worker for file hash cache (D:\web\workspace\project1\.gradle\8.7\fileHashes)" [_thread_blocked, id=14556, stack(0x000000c099e00000,0x000000c099f00000)]
  0x0000026c5d85a230 JavaThread "File watcher server" daemon [_thread_in_native, id=15040, stack(0x000000c09a100000,0x000000c09a200000)]
  0x0000026c78665e90 JavaThread "File watcher consumer" daemon [_thread_blocked, id=1580, stack(0x000000c09a300000,0x000000c09a400000)]
  0x0000026c786663a0 JavaThread "jar transforms" [_thread_blocked, id=7436, stack(0x000000c09a400000,0x000000c09a500000)]
  0x0000026c78664a50 JavaThread "jar transforms Thread 2" [_thread_blocked, id=27128, stack(0x000000c09a500000,0x000000c09a600000)]
  0x0000026c78663100 JavaThread "jar transforms Thread 3" [_thread_blocked, id=14788, stack(0x000000c09a600000,0x000000c09a700000)]
  0x0000026c78663610 JavaThread "jar transforms Thread 4" [_thread_blocked, id=29944, stack(0x000000c09a700000,0x000000c09a800000)]
  0x0000026c78663b20 JavaThread "jar transforms Thread 5" [_thread_blocked, id=31288, stack(0x000000c09a800000,0x000000c09a900000)]
  0x0000026c78669640 JavaThread "jar transforms Thread 6" [_thread_blocked, id=25112, stack(0x000000c09a900000,0x000000c09aa00000)]
  0x0000026c78664540 JavaThread "jar transforms Thread 7" [_thread_blocked, id=7724, stack(0x000000c09aa00000,0x000000c09ab00000)]
  0x0000026c78665470 JavaThread "jar transforms Thread 8" [_thread_blocked, id=13112, stack(0x000000c09ab00000,0x000000c09ac00000)]
  0x0000026c78667cf0 JavaThread "Cache worker for checksums cache (D:\web\workspace\project1\.gradle\8.7\checksums)" [_thread_blocked, id=19116, stack(0x000000c09ac00000,0x000000c09ad00000)]
  0x0000026c786672d0 JavaThread "Cache worker for cache directory md-supplier (C:\Users\kimys\.gradle\caches\8.7\md-supplier)" [_thread_blocked, id=25216, stack(0x000000c09ad00000,0x000000c09ae00000)]
  0x0000026c78669b50 JavaThread "Cache worker for cache directory md-rule (C:\Users\kimys\.gradle\caches\8.7\md-rule)" [_thread_blocked, id=22060, stack(0x000000c09ae00000,0x000000c09af00000)]
  0x0000026c78665980 JavaThread "Cache worker for file content cache (C:\Users\kimys\.gradle\caches\8.7\fileContent)" [_thread_blocked, id=29428, stack(0x000000c09af00000,0x000000c09b000000)]

Other Threads:
  0x0000026c5d669310 VMThread "VM Thread" [stack: 0x000000c097b00000,0x000000c097c00000] [id=3716]
  0x0000026c42d7e5f0 WatcherThread [stack: 0x000000c098800000,0x000000c098900000] [id=29192]
  0x0000026c42dabcd0 GCTaskThread "GC Thread#0" [stack: 0x000000c097600000,0x000000c097700000] [id=27144]
  0x0000026c7799ddb0 GCTaskThread "GC Thread#1" [stack: 0x000000c098900000,0x000000c098a00000] [id=8448]
  0x0000026c7799e070 GCTaskThread "GC Thread#2" [stack: 0x000000c098a00000,0x000000c098b00000] [id=21988]
  0x0000026c7799e330 GCTaskThread "GC Thread#3" [stack: 0x000000c098b00000,0x000000c098c00000] [id=24372]
  0x0000026c7799e5f0 GCTaskThread "GC Thread#4" [stack: 0x000000c098c00000,0x000000c098d00000] [id=12464]
  0x0000026c7799e8b0 GCTaskThread "GC Thread#5" [stack: 0x000000c098d00000,0x000000c098e00000] [id=7316]
  0x0000026c78a56010 GCTaskThread "GC Thread#6" [stack: 0x000000c099c00000,0x000000c099d00000] [id=2772]
  0x0000026c78a562d0 GCTaskThread "GC Thread#7" [stack: 0x000000c099d00000,0x000000c099e00000] [id=29496]
  0x0000026c40c6eb10 ConcurrentGCThread "G1 Main Marker" [stack: 0x000000c097700000,0x000000c097800000] [id=1448]
  0x0000026c42dac4e0 ConcurrentGCThread "G1 Conc#0" [stack: 0x000000c097800000,0x000000c097900000] [id=11644]
  0x0000026c7979e830 ConcurrentGCThread "G1 Conc#1" [stack: 0x000000c09a000000,0x000000c09a100000] [id=29720]
  0x0000026c42e1d530 ConcurrentGCThread "G1 Refine#0" [stack: 0x000000c097900000,0x000000c097a00000] [id=27012]
  0x0000026c5d52c130 ConcurrentGCThread "G1 Service" [stack: 0x000000c097a00000,0x000000c097b00000] [id=8116]

Threads with active compile tasks:
C2 CompilerThread0    61242 3473       4       org.objectweb.asm.ClassReader::readUtf (161 bytes)
C1 CompilerThread0    61242 3472       3       org.objectweb.asm.ClassReader::readCode (5117 bytes)

VM state: not at safepoint (normal execution)

VM Mutex/Monitor currently owned by a thread: None

Heap address: 0x00000000e0000000, size: 512 MB, Compressed Oops mode: 32-bit

CDS archive(s) mapped at: [0x0000026c5e000000-0x0000026c5ebd0000-0x0000026c5ebd0000), size 12386304, SharedBaseAddress: 0x0000026c5e000000, ArchiveRelocationMode: 1.
Compressed class space mapped at: 0x0000026c5f000000-0x0000026c73000000, reserved size: 335544320
Narrow klass base: 0x0000026c5e000000, Narrow klass shift: 0, Narrow klass range: 0x100000000

GC Precious Log:
 CPUs: 8 total, 8 available
 Memory: 7900M
 Large Page Support: Disabled
 NUMA Support: Disabled
 Compressed Oops: Enabled (32-bit)
 Heap Region Size: 1M
 Heap Min Capacity: 256M
 Heap Initial Capacity: 256M
 Heap Max Capacity: 512M
 Pre-touch: Disabled
 Parallel Workers: 8
 Concurrent Workers: 2
 Concurrent Refinement Workers: 8
 Periodic GC: Disabled

Heap:
 garbage-first heap   total 262144K, used 96761K [0x00000000e0000000, 0x0000000100000000)
  region size 1024K, 75 young (76800K), 12 survivors (12288K)
 Metaspace       used 28104K, committed 28480K, reserved 393216K
  class space    used 4209K, committed 4352K, reserved 327680K

Heap Regions: E=young(eden), S=young(survivor), O=old, HS=humongous(starts), HC=humongous(continues), CS=collection set, F=free, OA=open archive, CA=closed archive, TAMS=top-at-mark-start (previous, next)
|   0|0x00000000e0000000, 0x00000000e0100000, 0x00000000e0100000|100%|HS|  |TAMS 0x00000000e0100000, 0x00000000e0000000| Complete 
|   1|0x00000000e0100000, 0x00000000e0200000, 0x00000000e0200000|100%|HC|  |TAMS 0x00000000e0200000, 0x00000000e0100000| Complete 
|   2|0x00000000e0200000, 0x00000000e0300000, 0x00000000e0300000|100%|HC|  |TAMS 0x00000000e0300000, 0x00000000e0200000| Complete 
|   3|0x00000000e0300000, 0x00000000e0400000, 0x00000000e0400000|100%|HC|  |TAMS 0x00000000e0400000, 0x00000000e0300000| Complete 
|   4|0x00000000e0400000, 0x00000000e0500000, 0x00000000e0500000|100%| O|  |TAMS 0x00000000e0500000, 0x00000000e0400000| Untracked 
|   5|0x00000000e0500000, 0x00000000e0600000, 0x00000000e0600000|100%| O|  |TAMS 0x00000000e0600000, 0x00000000e0500000| Untracked 
|   6|0x00000000e0600000, 0x00000000e0700000, 0x00000000e0700000|100%| O|  |TAMS 0x00000000e0700000, 0x00000000e0600000| Untracked 
|   7|0x00000000e0700000, 0x00000000e0800000, 0x00000000e0800000|100%| O|  |TAMS 0x00000000e0800000, 0x00000000e0700000| Complete 
|   8|0x00000000e0800000, 0x00000000e0900000, 0x00000000e0900000|100%| O|  |TAMS 0x00000000e0900000, 0x00000000e0800000| Untracked 
|   9|0x00000000e0900000, 0x00000000e0a00000, 0x00000000e0a00000|100%| O|  |TAMS 0x00000000e0a00000, 0x00000000e0900000| Untracked 
|  10|0x00000000e0a00000, 0x00000000e0a7e400, 0x00000000e0b00000| 49%| O|  |TAMS 0x00000000e0a7e400, 0x00000000e0a00000| Untracked 
|  11|0x00000000e0b00000, 0x00000000e0c00000, 0x00000000e0c00000|100%|HS|  |TAMS 0x00000000e0b00000, 0x00000000e0b00000| Complete 
|  12|0x00000000e0c00000, 0x00000000e0d00000, 0x00000000e0d00000|100%|HC|  |TAMS 0x00000000e0c00000, 0x00000000e0c00000| Complete 
|  13|0x00000000e0d00000, 0x00000000e0e00000, 0x00000000e0e00000|100%|HS|  |TAMS 0x00000000e0d00000, 0x00000000e0d00000| Complete 
|  14|0x00000000e0e00000, 0x00000000e0f00000, 0x00000000e0f00000|100%|HC|  |TAMS 0x00000000e0e00000, 0x00000000e0e00000| Complete 
|  15|0x00000000e0f00000, 0x00000000e1000000, 0x00000000e1000000|100%|HC|  |TAMS 0x00000000e0f00000, 0x00000000e0f00000| Complete 
|  16|0x00000000e1000000, 0x00000000e1100000, 0x00000000e1100000|100%|HS|  |TAMS 0x00000000e1000000, 0x00000000e1000000| Complete 
|  17|0x00000000e1100000, 0x00000000e1200000, 0x00000000e1200000|100%|HC|  |TAMS 0x00000000e1100000, 0x00000000e1100000| Complete 
|  18|0x00000000e1200000, 0x00000000e1300000, 0x00000000e1300000|100%|HC|  |TAMS 0x00000000e1200000, 0x00000000e1200000| Complete 
|  19|0x00000000e1300000, 0x00000000e1400000, 0x00000000e1400000|100%|HS|  |TAMS 0x00000000e1300000, 0x00000000e1300000| Complete 
|  20|0x00000000e1400000, 0x00000000e1500000, 0x00000000e1500000|100%|HC|  |TAMS 0x00000000e1400000, 0x00000000e1400000| Complete 
|  21|0x00000000e1500000, 0x00000000e1600000, 0x00000000e1600000|100%|HC|  |TAMS 0x00000000e1500000, 0x00000000e1500000| Complete 
|  22|0x00000000e1600000, 0x00000000e1600000, 0x00000000e1700000|  0%| F|  |TAMS 0x00000000e1600000, 0x00000000e1600000| Untracked 
|  23|0x00000000e1700000, 0x00000000e1700000, 0x00000000e1800000|  0%| F|  |TAMS 0x00000000e1700000, 0x00000000e1700000| Untracked 
|  24|0x00000000e1800000, 0x00000000e1800000, 0x00000000e1900000|  0%| F|  |TAMS 0x00000000e1800000, 0x00000000e1800000| Untracked 
|  25|0x00000000e1900000, 0x00000000e1900000, 0x00000000e1a00000|  0%| F|  |TAMS 0x00000000e1900000, 0x00000000e1900000| Untracked 
|  26|0x00000000e1a00000, 0x00000000e1a00000, 0x00000000e1b00000|  0%| F|  |TAMS 0x00000000e1a00000, 0x00000000e1a00000| Untracked 
|  27|0x00000000e1b00000, 0x00000000e1b00000, 0x00000000e1c00000|  0%| F|  |TAMS 0x00000000e1b00000, 0x00000000e1b00000| Untracked 
|  28|0x00000000e1c00000, 0x00000000e1c00000, 0x00000000e1d00000|  0%| F|  |TAMS 0x00000000e1c00000, 0x00000000e1c00000| Untracked 
|  29|0x00000000e1d00000, 0x00000000e1d00000, 0x00000000e1e00000|  0%| F|  |TAMS 0x00000000e1d00000, 0x00000000e1d00000| Untracked 
|  30|0x00000000e1e00000, 0x00000000e1e00000, 0x00000000e1f00000|  0%| F|  |TAMS 0x00000000e1e00000, 0x00000000e1e00000| Untracked 
|  31|0x00000000e1f00000, 0x00000000e1f00000, 0x00000000e2000000|  0%| F|  |TAMS 0x00000000e1f00000, 0x00000000e1f00000| Untracked 
|  32|0x00000000e2000000, 0x00000000e2000000, 0x00000000e2100000|  0%| F|  |TAMS 0x00000000e2000000, 0x00000000e2000000| Untracked 
|  33|0x00000000e2100000, 0x00000000e2100000, 0x00000000e2200000|  0%| F|  |TAMS 0x00000000e2100000, 0x00000000e2100000| Untracked 
|  34|0x00000000e2200000, 0x00000000e2200000, 0x00000000e2300000|  0%| F|  |TAMS 0x00000000e2200000, 0x00000000e2200000| Untracked 
|  35|0x00000000e2300000, 0x00000000e2300000, 0x00000000e2400000|  0%| F|  |TAMS 0x00000000e2300000, 0x00000000e2300000| Untracked 
|  36|0x00000000e2400000, 0x00000000e2400000, 0x00000000e2500000|  0%| F|  |TAMS 0x00000000e2400000, 0x00000000e2400000| Untracked 
|  37|0x00000000e2500000, 0x00000000e2500000, 0x00000000e2600000|  0%| F|  |TAMS 0x00000000e2500000, 0x00000000e2500000| Untracked 
|  38|0x00000000e2600000, 0x00000000e2600000, 0x00000000e2700000|  0%| F|  |TAMS 0x00000000e2600000, 0x00000000e2600000| Untracked 
|  39|0x00000000e2700000, 0x00000000e2700000, 0x00000000e2800000|  0%| F|  |TAMS 0x00000000e2700000, 0x00000000e2700000| Untracked 
|  40|0x00000000e2800000, 0x00000000e2800000, 0x00000000e2900000|  0%| F|  |TAMS 0x00000000e2800000, 0x00000000e2800000| Untracked 
|  41|0x00000000e2900000, 0x00000000e2900000, 0x00000000e2a00000|  0%| F|  |TAMS 0x00000000e2900000, 0x00000000e2900000| Untracked 
|  42|0x00000000e2a00000, 0x00000000e2a00000, 0x00000000e2b00000|  0%| F|  |TAMS 0x00000000e2a00000, 0x00000000e2a00000| Untracked 
|  43|0x00000000e2b00000, 0x00000000e2b00000, 0x00000000e2c00000|  0%| F|  |TAMS 0x00000000e2b00000, 0x00000000e2b00000| Untracked 
|  44|0x00000000e2c00000, 0x00000000e2c00000, 0x00000000e2d00000|  0%| F|  |TAMS 0x00000000e2c00000, 0x00000000e2c00000| Untracked 
|  45|0x00000000e2d00000, 0x00000000e2d00000, 0x00000000e2e00000|  0%| F|  |TAMS 0x00000000e2d00000, 0x00000000e2d00000| Untracked 
|  46|0x00000000e2e00000, 0x00000000e2e00000, 0x00000000e2f00000|  0%| F|  |TAMS 0x00000000e2e00000, 0x00000000e2e00000| Untracked 
|  47|0x00000000e2f00000, 0x00000000e2f00000, 0x00000000e3000000|  0%| F|  |TAMS 0x00000000e2f00000, 0x00000000e2f00000| Untracked 
|  48|0x00000000e3000000, 0x00000000e3000000, 0x00000000e3100000|  0%| F|  |TAMS 0x00000000e3000000, 0x00000000e3000000| Untracked 
|  49|0x00000000e3100000, 0x00000000e3100000, 0x00000000e3200000|  0%| F|  |TAMS 0x00000000e3100000, 0x00000000e3100000| Untracked 
|  50|0x00000000e3200000, 0x00000000e3200000, 0x00000000e3300000|  0%| F|  |TAMS 0x00000000e3200000, 0x00000000e3200000| Untracked 
|  51|0x00000000e3300000, 0x00000000e3300000, 0x00000000e3400000|  0%| F|  |TAMS 0x00000000e3300000, 0x00000000e3300000| Untracked 
|  52|0x00000000e3400000, 0x00000000e3400000, 0x00000000e3500000|  0%| F|  |TAMS 0x00000000e3400000, 0x00000000e3400000| Untracked 
|  53|0x00000000e3500000, 0x00000000e3500000, 0x00000000e3600000|  0%| F|  |TAMS 0x00000000e3500000, 0x00000000e3500000| Untracked 
|  54|0x00000000e3600000, 0x00000000e3600000, 0x00000000e3700000|  0%| F|  |TAMS 0x00000000e3600000, 0x00000000e3600000| Untracked 
|  55|0x00000000e3700000, 0x00000000e3700000, 0x00000000e3800000|  0%| F|  |TAMS 0x00000000e3700000, 0x00000000e3700000| Untracked 
|  56|0x00000000e3800000, 0x00000000e3800000, 0x00000000e3900000|  0%| F|  |TAMS 0x00000000e3800000, 0x00000000e3800000| Untracked 
|  57|0x00000000e3900000, 0x00000000e3900000, 0x00000000e3a00000|  0%| F|  |TAMS 0x00000000e3900000, 0x00000000e3900000| Untracked 
|  58|0x00000000e3a00000, 0x00000000e3a00000, 0x00000000e3b00000|  0%| F|  |TAMS 0x00000000e3a00000, 0x00000000e3a00000| Untracked 
|  59|0x00000000e3b00000, 0x00000000e3b00000, 0x00000000e3c00000|  0%| F|  |TAMS 0x00000000e3b00000, 0x00000000e3b00000| Untracked 
|  60|0x00000000e3c00000, 0x00000000e3c00000, 0x00000000e3d00000|  0%| F|  |TAMS 0x00000000e3c00000, 0x00000000e3c00000| Untracked 
|  61|0x00000000e3d00000, 0x00000000e3d00000, 0x00000000e3e00000|  0%| F|  |TAMS 0x00000000e3d00000, 0x00000000e3d00000| Untracked 
|  62|0x00000000e3e00000, 0x00000000e3e00000, 0x00000000e3f00000|  0%| F|  |TAMS 0x00000000e3e00000, 0x00000000e3e00000| Untracked 
|  63|0x00000000e3f00000, 0x00000000e3f00000, 0x00000000e4000000|  0%| F|  |TAMS 0x00000000e3f00000, 0x00000000e3f00000| Untracked 
|  64|0x00000000e4000000, 0x00000000e4000000, 0x00000000e4100000|  0%| F|  |TAMS 0x00000000e4000000, 0x00000000e4000000| Untracked 
|  65|0x00000000e4100000, 0x00000000e4100000, 0x00000000e4200000|  0%| F|  |TAMS 0x00000000e4100000, 0x00000000e4100000| Untracked 
|  66|0x00000000e4200000, 0x00000000e4200000, 0x00000000e4300000|  0%| F|  |TAMS 0x00000000e4200000, 0x00000000e4200000| Untracked 
|  67|0x00000000e4300000, 0x00000000e4300000, 0x00000000e4400000|  0%| F|  |TAMS 0x00000000e4300000, 0x00000000e4300000| Untracked 
|  68|0x00000000e4400000, 0x00000000e4400000, 0x00000000e4500000|  0%| F|  |TAMS 0x00000000e4400000, 0x00000000e4400000| Untracked 
|  69|0x00000000e4500000, 0x00000000e4500000, 0x00000000e4600000|  0%| F|  |TAMS 0x00000000e4500000, 0x00000000e4500000| Untracked 
|  70|0x00000000e4600000, 0x00000000e4600000, 0x00000000e4700000|  0%| F|  |TAMS 0x00000000e4600000, 0x00000000e4600000| Untracked 
|  71|0x00000000e4700000, 0x00000000e4700000, 0x00000000e4800000|  0%| F|  |TAMS 0x00000000e4700000, 0x00000000e4700000| Untracked 
|  72|0x00000000e4800000, 0x00000000e4800000, 0x00000000e4900000|  0%| F|  |TAMS 0x00000000e4800000, 0x00000000e4800000| Untracked 
|  73|0x00000000e4900000, 0x00000000e4900000, 0x00000000e4a00000|  0%| F|  |TAMS 0x00000000e4900000, 0x00000000e4900000| Untracked 
|  74|0x00000000e4a00000, 0x00000000e4a00000, 0x00000000e4b00000|  0%| F|  |TAMS 0x00000000e4a00000, 0x00000000e4a00000| Untracked 
|  75|0x00000000e4b00000, 0x00000000e4b00000, 0x00000000e4c00000|  0%| F|  |TAMS 0x00000000e4b00000, 0x00000000e4b00000| Untracked 
|  76|0x00000000e4c00000, 0x00000000e4c00000, 0x00000000e4d00000|  0%| F|  |TAMS 0x00000000e4c00000, 0x00000000e4c00000| Untracked 
|  77|0x00000000e4d00000, 0x00000000e4d00000, 0x00000000e4e00000|  0%| F|  |TAMS 0x00000000e4d00000, 0x00000000e4d00000| Untracked 
|  78|0x00000000e4e00000, 0x00000000e4e00000, 0x00000000e4f00000|  0%| F|  |TAMS 0x00000000e4e00000, 0x00000000e4e00000| Untracked 
|  79|0x00000000e4f00000, 0x00000000e4f00000, 0x00000000e5000000|  0%| F|  |TAMS 0x00000000e4f00000, 0x00000000e4f00000| Untracked 
|  80|0x00000000e5000000, 0x00000000e5000000, 0x00000000e5100000|  0%| F|  |TAMS 0x00000000e5000000, 0x00000000e5000000| Untracked 
|  81|0x00000000e5100000, 0x00000000e5100000, 0x00000000e5200000|  0%| F|  |TAMS 0x00000000e5100000, 0x00000000e5100000| Untracked 
|  82|0x00000000e5200000, 0x00000000e5200000, 0x00000000e5300000|  0%| F|  |TAMS 0x00000000e5200000, 0x00000000e5200000| Untracked 
|  83|0x00000000e5300000, 0x00000000e5300000, 0x00000000e5400000|  0%| F|  |TAMS 0x00000000e5300000, 0x00000000e5300000| Untracked 
|  84|0x00000000e5400000, 0x00000000e5400000, 0x00000000e5500000|  0%| F|  |TAMS 0x00000000e5400000, 0x00000000e5400000| Untracked 
|  85|0x00000000e5500000, 0x00000000e5500000, 0x00000000e5600000|  0%| F|  |TAMS 0x00000000e5500000, 0x00000000e5500000| Untracked 
|  86|0x00000000e5600000, 0x00000000e5600000, 0x00000000e5700000|  0%| F|  |TAMS 0x00000000e5600000, 0x00000000e5600000| Untracked 
|  87|0x00000000e5700000, 0x00000000e5700000, 0x00000000e5800000|  0%| F|  |TAMS 0x00000000e5700000, 0x00000000e5700000| Untracked 
|  88|0x00000000e5800000, 0x00000000e5800000, 0x00000000e5900000|  0%| F|  |TAMS 0x00000000e5800000, 0x00000000e5800000| Untracked 
|  89|0x00000000e5900000, 0x00000000e5900000, 0x00000000e5a00000|  0%| F|  |TAMS 0x00000000e5900000, 0x00000000e5900000| Untracked 
|  90|0x00000000e5a00000, 0x00000000e5a00000, 0x00000000e5b00000|  0%| F|  |TAMS 0x00000000e5a00000, 0x00000000e5a00000| Untracked 
|  91|0x00000000e5b00000, 0x00000000e5b00000, 0x00000000e5c00000|  0%| F|  |TAMS 0x00000000e5b00000, 0x00000000e5b00000| Untracked 
|  92|0x00000000e5c00000, 0x00000000e5c00000, 0x00000000e5d00000|  0%| F|  |TAMS 0x00000000e5c00000, 0x00000000e5c00000| Untracked 
|  93|0x00000000e5d00000, 0x00000000e5d00000, 0x00000000e5e00000|  0%| F|  |TAMS 0x00000000e5d00000, 0x00000000e5d00000| Untracked 
|  94|0x00000000e5e00000, 0x00000000e5e00000, 0x00000000e5f00000|  0%| F|  |TAMS 0x00000000e5e00000, 0x00000000e5e00000| Untracked 
|  95|0x00000000e5f00000, 0x00000000e5f00000, 0x00000000e6000000|  0%| F|  |TAMS 0x00000000e5f00000, 0x00000000e5f00000| Untracked 
|  96|0x00000000e6000000, 0x00000000e6000000, 0x00000000e6100000|  0%| F|  |TAMS 0x00000000e6000000, 0x00000000e6000000| Untracked 
|  97|0x00000000e6100000, 0x00000000e6100000, 0x00000000e6200000|  0%| F|  |TAMS 0x00000000e6100000, 0x00000000e6100000| Untracked 
|  98|0x00000000e6200000, 0x00000000e6200000, 0x00000000e6300000|  0%| F|  |TAMS 0x00000000e6200000, 0x00000000e6200000| Untracked 
|  99|0x00000000e6300000, 0x00000000e6300000, 0x00000000e6400000|  0%| F|  |TAMS 0x00000000e6300000, 0x00000000e6300000| Untracked 
| 100|0x00000000e6400000, 0x00000000e6400000, 0x00000000e6500000|  0%| F|  |TAMS 0x00000000e6400000, 0x00000000e6400000| Untracked 
| 101|0x00000000e6500000, 0x00000000e6500000, 0x00000000e6600000|  0%| F|  |TAMS 0x00000000e6500000, 0x00000000e6500000| Untracked 
| 102|0x00000000e6600000, 0x00000000e6600000, 0x00000000e6700000|  0%| F|  |TAMS 0x00000000e6600000, 0x00000000e6600000| Untracked 
| 103|0x00000000e6700000, 0x00000000e6700000, 0x00000000e6800000|  0%| F|  |TAMS 0x00000000e6700000, 0x00000000e6700000| Untracked 
| 104|0x00000000e6800000, 0x00000000e6800000, 0x00000000e6900000|  0%| F|  |TAMS 0x00000000e6800000, 0x00000000e6800000| Untracked 
| 105|0x00000000e6900000, 0x00000000e6900000, 0x00000000e6a00000|  0%| F|  |TAMS 0x00000000e6900000, 0x00000000e6900000| Untracked 
| 106|0x00000000e6a00000, 0x00000000e6a00000, 0x00000000e6b00000|  0%| F|  |TAMS 0x00000000e6a00000, 0x00000000e6a00000| Untracked 
| 107|0x00000000e6b00000, 0x00000000e6b00000, 0x00000000e6c00000|  0%| F|  |TAMS 0x00000000e6b00000, 0x00000000e6b00000| Untracked 
| 108|0x00000000e6c00000, 0x00000000e6c00000, 0x00000000e6d00000|  0%| F|  |TAMS 0x00000000e6c00000, 0x00000000e6c00000| Untracked 
| 109|0x00000000e6d00000, 0x00000000e6d00000, 0x00000000e6e00000|  0%| F|  |TAMS 0x00000000e6d00000, 0x00000000e6d00000| Untracked 
| 110|0x00000000e6e00000, 0x00000000e6e00000, 0x00000000e6f00000|  0%| F|  |TAMS 0x00000000e6e00000, 0x00000000e6e00000| Untracked 
| 111|0x00000000e6f00000, 0x00000000e6f00000, 0x00000000e7000000|  0%| F|  |TAMS 0x00000000e6f00000, 0x00000000e6f00000| Untracked 
| 112|0x00000000e7000000, 0x00000000e7000000, 0x00000000e7100000|  0%| F|  |TAMS 0x00000000e7000000, 0x00000000e7000000| Untracked 
| 113|0x00000000e7100000, 0x00000000e7100000, 0x00000000e7200000|  0%| F|  |TAMS 0x00000000e7100000, 0x00000000e7100000| Untracked 
| 114|0x00000000e7200000, 0x00000000e7200000, 0x00000000e7300000|  0%| F|  |TAMS 0x00000000e7200000, 0x00000000e7200000| Untracked 
| 115|0x00000000e7300000, 0x00000000e7300000, 0x00000000e7400000|  0%| F|  |TAMS 0x00000000e7300000, 0x00000000e7300000| Untracked 
| 116|0x00000000e7400000, 0x00000000e7400000, 0x00000000e7500000|  0%| F|  |TAMS 0x00000000e7400000, 0x00000000e7400000| Untracked 
| 117|0x00000000e7500000, 0x00000000e7500000, 0x00000000e7600000|  0%| F|  |TAMS 0x00000000e7500000, 0x00000000e7500000| Untracked 
| 118|0x00000000e7600000, 0x00000000e7600000, 0x00000000e7700000|  0%| F|  |TAMS 0x00000000e7600000, 0x00000000e7600000| Untracked 
| 119|0x00000000e7700000, 0x00000000e7700000, 0x00000000e7800000|  0%| F|  |TAMS 0x00000000e7700000, 0x00000000e7700000| Untracked 
| 120|0x00000000e7800000, 0x00000000e7800000, 0x00000000e7900000|  0%| F|  |TAMS 0x00000000e7800000, 0x00000000e7800000| Untracked 
| 121|0x00000000e7900000, 0x00000000e7900000, 0x00000000e7a00000|  0%| F|  |TAMS 0x00000000e7900000, 0x00000000e7900000| Untracked 
| 122|0x00000000e7a00000, 0x00000000e7a00000, 0x00000000e7b00000|  0%| F|  |TAMS 0x00000000e7a00000, 0x00000000e7a00000| Untracked 
| 123|0x00000000e7b00000, 0x00000000e7b00000, 0x00000000e7c00000|  0%| F|  |TAMS 0x00000000e7b00000, 0x00000000e7b00000| Untracked 
| 124|0x00000000e7c00000, 0x00000000e7c00000, 0x00000000e7d00000|  0%| F|  |TAMS 0x00000000e7c00000, 0x00000000e7c00000| Untracked 
| 125|0x00000000e7d00000, 0x00000000e7d00000, 0x00000000e7e00000|  0%| F|  |TAMS 0x00000000e7d00000, 0x00000000e7d00000| Untracked 
| 126|0x00000000e7e00000, 0x00000000e7e00000, 0x00000000e7f00000|  0%| F|  |TAMS 0x00000000e7e00000, 0x00000000e7e00000| Untracked 
| 127|0x00000000e7f00000, 0x00000000e7f00000, 0x00000000e8000000|  0%| F|  |TAMS 0x00000000e7f00000, 0x00000000e7f00000| Untracked 
| 128|0x00000000e8000000, 0x00000000e8000000, 0x00000000e8100000|  0%| F|  |TAMS 0x00000000e8000000, 0x00000000e8000000| Untracked 
| 129|0x00000000e8100000, 0x00000000e8100000, 0x00000000e8200000|  0%| F|  |TAMS 0x00000000e8100000, 0x00000000e8100000| Untracked 
| 130|0x00000000e8200000, 0x00000000e8200000, 0x00000000e8300000|  0%| F|  |TAMS 0x00000000e8200000, 0x00000000e8200000| Untracked 
| 131|0x00000000e8300000, 0x00000000e8300000, 0x00000000e8400000|  0%| F|  |TAMS 0x00000000e8300000, 0x00000000e8300000| Untracked 
| 132|0x00000000e8400000, 0x00000000e8400000, 0x00000000e8500000|  0%| F|  |TAMS 0x00000000e8400000, 0x00000000e8400000| Untracked 
| 133|0x00000000e8500000, 0x00000000e8500000, 0x00000000e8600000|  0%| F|  |TAMS 0x00000000e8500000, 0x00000000e8500000| Untracked 
| 134|0x00000000e8600000, 0x00000000e8600000, 0x00000000e8700000|  0%| F|  |TAMS 0x00000000e8600000, 0x00000000e8600000| Untracked 
| 135|0x00000000e8700000, 0x00000000e8700000, 0x00000000e8800000|  0%| F|  |TAMS 0x00000000e8700000, 0x00000000e8700000| Untracked 
| 136|0x00000000e8800000, 0x00000000e8800000, 0x00000000e8900000|  0%| F|  |TAMS 0x00000000e8800000, 0x00000000e8800000| Untracked 
| 137|0x00000000e8900000, 0x00000000e8900000, 0x00000000e8a00000|  0%| F|  |TAMS 0x00000000e8900000, 0x00000000e8900000| Untracked 
| 138|0x00000000e8a00000, 0x00000000e8a00000, 0x00000000e8b00000|  0%| F|  |TAMS 0x00000000e8a00000, 0x00000000e8a00000| Untracked 
| 139|0x00000000e8b00000, 0x00000000e8b00000, 0x00000000e8c00000|  0%| F|  |TAMS 0x00000000e8b00000, 0x00000000e8b00000| Untracked 
| 140|0x00000000e8c00000, 0x00000000e8c00000, 0x00000000e8d00000|  0%| F|  |TAMS 0x00000000e8c00000, 0x00000000e8c00000| Untracked 
| 141|0x00000000e8d00000, 0x00000000e8d00000, 0x00000000e8e00000|  0%| F|  |TAMS 0x00000000e8d00000, 0x00000000e8d00000| Untracked 
| 142|0x00000000e8e00000, 0x00000000e8e00000, 0x00000000e8f00000|  0%| F|  |TAMS 0x00000000e8e00000, 0x00000000e8e00000| Untracked 
| 143|0x00000000e8f00000, 0x00000000e8f00000, 0x00000000e9000000|  0%| F|  |TAMS 0x00000000e8f00000, 0x00000000e8f00000| Untracked 
| 144|0x00000000e9000000, 0x00000000e9000000, 0x00000000e9100000|  0%| F|  |TAMS 0x00000000e9000000, 0x00000000e9000000| Untracked 
| 145|0x00000000e9100000, 0x00000000e9100000, 0x00000000e9200000|  0%| F|  |TAMS 0x00000000e9100000, 0x00000000e9100000| Untracked 
| 146|0x00000000e9200000, 0x00000000e9200000, 0x00000000e9300000|  0%| F|  |TAMS 0x00000000e9200000, 0x00000000e9200000| Untracked 
| 147|0x00000000e9300000, 0x00000000e9300000, 0x00000000e9400000|  0%| F|  |TAMS 0x00000000e9300000, 0x00000000e9300000| Untracked 
| 148|0x00000000e9400000, 0x00000000e9400000, 0x00000000e9500000|  0%| F|  |TAMS 0x00000000e9400000, 0x00000000e9400000| Untracked 
| 149|0x00000000e9500000, 0x00000000e9500000, 0x00000000e9600000|  0%| F|  |TAMS 0x00000000e9500000, 0x00000000e9500000| Untracked 
| 150|0x00000000e9600000, 0x00000000e9600000, 0x00000000e9700000|  0%| F|  |TAMS 0x00000000e9600000, 0x00000000e9600000| Untracked 
| 151|0x00000000e9700000, 0x00000000e9700000, 0x00000000e9800000|  0%| F|  |TAMS 0x00000000e9700000, 0x00000000e9700000| Untracked 
| 152|0x00000000e9800000, 0x00000000e9800000, 0x00000000e9900000|  0%| F|  |TAMS 0x00000000e9800000, 0x00000000e9800000| Untracked 
| 153|0x00000000e9900000, 0x00000000e9900000, 0x00000000e9a00000|  0%| F|  |TAMS 0x00000000e9900000, 0x00000000e9900000| Untracked 
| 154|0x00000000e9a00000, 0x00000000e9a00000, 0x00000000e9b00000|  0%| F|  |TAMS 0x00000000e9a00000, 0x00000000e9a00000| Untracked 
| 155|0x00000000e9b00000, 0x00000000e9b00000, 0x00000000e9c00000|  0%| F|  |TAMS 0x00000000e9b00000, 0x00000000e9b00000| Untracked 
| 156|0x00000000e9c00000, 0x00000000e9c00000, 0x00000000e9d00000|  0%| F|  |TAMS 0x00000000e9c00000, 0x00000000e9c00000| Untracked 
| 157|0x00000000e9d00000, 0x00000000e9d00000, 0x00000000e9e00000|  0%| F|  |TAMS 0x00000000e9d00000, 0x00000000e9d00000| Untracked 
| 158|0x00000000e9e00000, 0x00000000e9e00000, 0x00000000e9f00000|  0%| F|  |TAMS 0x00000000e9e00000, 0x00000000e9e00000| Untracked 
| 159|0x00000000e9f00000, 0x00000000e9f00000, 0x00000000ea000000|  0%| F|  |TAMS 0x00000000e9f00000, 0x00000000e9f00000| Untracked 
| 160|0x00000000ea000000, 0x00000000ea000000, 0x00000000ea100000|  0%| F|  |TAMS 0x00000000ea000000, 0x00000000ea000000| Untracked 
| 161|0x00000000ea100000, 0x00000000ea100000, 0x00000000ea200000|  0%| F|  |TAMS 0x00000000ea100000, 0x00000000ea100000| Untracked 
| 162|0x00000000ea200000, 0x00000000ea200000, 0x00000000ea300000|  0%| F|  |TAMS 0x00000000ea200000, 0x00000000ea200000| Untracked 
| 163|0x00000000ea300000, 0x00000000ea300000, 0x00000000ea400000|  0%| F|  |TAMS 0x00000000ea300000, 0x00000000ea300000| Untracked 
| 164|0x00000000ea400000, 0x00000000ea400000, 0x00000000ea500000|  0%| F|  |TAMS 0x00000000ea400000, 0x00000000ea400000| Untracked 
| 165|0x00000000ea500000, 0x00000000ea500000, 0x00000000ea600000|  0%| F|  |TAMS 0x00000000ea500000, 0x00000000ea500000| Untracked 
| 166|0x00000000ea600000, 0x00000000ea600000, 0x00000000ea700000|  0%| F|  |TAMS 0x00000000ea600000, 0x00000000ea600000| Untracked 
| 167|0x00000000ea700000, 0x00000000ea700000, 0x00000000ea800000|  0%| F|  |TAMS 0x00000000ea700000, 0x00000000ea700000| Untracked 
| 168|0x00000000ea800000, 0x00000000ea800000, 0x00000000ea900000|  0%| F|  |TAMS 0x00000000ea800000, 0x00000000ea800000| Untracked 
| 169|0x00000000ea900000, 0x00000000ea900000, 0x00000000eaa00000|  0%| F|  |TAMS 0x00000000ea900000, 0x00000000ea900000| Untracked 
| 170|0x00000000eaa00000, 0x00000000eaa00000, 0x00000000eab00000|  0%| F|  |TAMS 0x00000000eaa00000, 0x00000000eaa00000| Untracked 
| 171|0x00000000eab00000, 0x00000000eab00000, 0x00000000eac00000|  0%| F|  |TAMS 0x00000000eab00000, 0x00000000eab00000| Untracked 
| 172|0x00000000eac00000, 0x00000000eac00000, 0x00000000ead00000|  0%| F|  |TAMS 0x00000000eac00000, 0x00000000eac00000| Untracked 
| 173|0x00000000ead00000, 0x00000000ead00000, 0x00000000eae00000|  0%| F|  |TAMS 0x00000000ead00000, 0x00000000ead00000| Untracked 
| 174|0x00000000eae00000, 0x00000000eae00000, 0x00000000eaf00000|  0%| F|  |TAMS 0x00000000eae00000, 0x00000000eae00000| Untracked 
| 175|0x00000000eaf00000, 0x00000000eaf00000, 0x00000000eb000000|  0%| F|  |TAMS 0x00000000eaf00000, 0x00000000eaf00000| Untracked 
| 176|0x00000000eb000000, 0x00000000eb000000, 0x00000000eb100000|  0%| F|  |TAMS 0x00000000eb000000, 0x00000000eb000000| Untracked 
| 177|0x00000000eb100000, 0x00000000eb100000, 0x00000000eb200000|  0%| F|  |TAMS 0x00000000eb100000, 0x00000000eb100000| Untracked 
| 178|0x00000000eb200000, 0x00000000eb200000, 0x00000000eb300000|  0%| F|  |TAMS 0x00000000eb200000, 0x00000000eb200000| Untracked 
| 179|0x00000000eb300000, 0x00000000eb300000, 0x00000000eb400000|  0%| F|  |TAMS 0x00000000eb300000, 0x00000000eb300000| Untracked 
| 180|0x00000000eb400000, 0x00000000eb400000, 0x00000000eb500000|  0%| F|  |TAMS 0x00000000eb400000, 0x00000000eb400000| Untracked 
| 181|0x00000000eb500000, 0x00000000eb600000, 0x00000000eb600000|100%| E|  |TAMS 0x00000000eb500000, 0x00000000eb500000| Complete 
| 182|0x00000000eb600000, 0x00000000eb700000, 0x00000000eb700000|100%| E|CS|TAMS 0x00000000eb600000, 0x00000000eb600000| Complete 
| 183|0x00000000eb700000, 0x00000000eb800000, 0x00000000eb800000|100%| E|CS|TAMS 0x00000000eb700000, 0x00000000eb700000| Complete 
| 184|0x00000000eb800000, 0x00000000eb900000, 0x00000000eb900000|100%| E|CS|TAMS 0x00000000eb800000, 0x00000000eb800000| Complete 
| 185|0x00000000eb900000, 0x00000000eba00000, 0x00000000eba00000|100%| E|CS|TAMS 0x00000000eb900000, 0x00000000eb900000| Complete 
| 186|0x00000000eba00000, 0x00000000ebb00000, 0x00000000ebb00000|100%| E|CS|TAMS 0x00000000eba00000, 0x00000000eba00000| Complete 
| 187|0x00000000ebb00000, 0x00000000ebc00000, 0x00000000ebc00000|100%| E|CS|TAMS 0x00000000ebb00000, 0x00000000ebb00000| Complete 
| 188|0x00000000ebc00000, 0x00000000ebd00000, 0x00000000ebd00000|100%| E|CS|TAMS 0x00000000ebc00000, 0x00000000ebc00000| Complete 
| 189|0x00000000ebd00000, 0x00000000ebe00000, 0x00000000ebe00000|100%| E|CS|TAMS 0x00000000ebd00000, 0x00000000ebd00000| Complete 
| 190|0x00000000ebe00000, 0x00000000ebf00000, 0x00000000ebf00000|100%| E|CS|TAMS 0x00000000ebe00000, 0x00000000ebe00000| Complete 
| 191|0x00000000ebf00000, 0x00000000ec000000, 0x00000000ec000000|100%| E|CS|TAMS 0x00000000ebf00000, 0x00000000ebf00000| Complete 
| 192|0x00000000ec000000, 0x00000000ec100000, 0x00000000ec100000|100%| E|CS|TAMS 0x00000000ec000000, 0x00000000ec000000| Complete 
| 193|0x00000000ec100000, 0x00000000ec200000, 0x00000000ec200000|100%| E|CS|TAMS 0x00000000ec100000, 0x00000000ec100000| Complete 
| 194|0x00000000ec200000, 0x00000000ec300000, 0x00000000ec300000|100%| E|CS|TAMS 0x00000000ec200000, 0x00000000ec200000| Complete 
| 195|0x00000000ec300000, 0x00000000ec400000, 0x00000000ec400000|100%| E|CS|TAMS 0x00000000ec300000, 0x00000000ec300000| Complete 
| 196|0x00000000ec400000, 0x00000000ec500000, 0x00000000ec500000|100%| E|CS|TAMS 0x00000000ec400000, 0x00000000ec400000| Complete 
| 197|0x00000000ec500000, 0x00000000ec600000, 0x00000000ec600000|100%| E|CS|TAMS 0x00000000ec500000, 0x00000000ec500000| Complete 
| 198|0x00000000ec600000, 0x00000000ec700000, 0x00000000ec700000|100%| E|CS|TAMS 0x00000000ec600000, 0x00000000ec600000| Complete 
| 199|0x00000000ec700000, 0x00000000ec800000, 0x00000000ec800000|100%| E|CS|TAMS 0x00000000ec700000, 0x00000000ec700000| Complete 
| 200|0x00000000ec800000, 0x00000000ec900000, 0x00000000ec900000|100%| E|CS|TAMS 0x00000000ec800000, 0x00000000ec800000| Complete 
| 201|0x00000000ec900000, 0x00000000eca00000, 0x00000000eca00000|100%| E|CS|TAMS 0x00000000ec900000, 0x00000000ec900000| Complete 
| 202|0x00000000eca00000, 0x00000000ecb00000, 0x00000000ecb00000|100%| E|CS|TAMS 0x00000000eca00000, 0x00000000eca00000| Complete 
| 203|0x00000000ecb00000, 0x00000000ecc00000, 0x00000000ecc00000|100%| E|CS|TAMS 0x00000000ecb00000, 0x00000000ecb00000| Complete 
| 204|0x00000000ecc00000, 0x00000000ecd00000, 0x00000000ecd00000|100%| E|CS|TAMS 0x00000000ecc00000, 0x00000000ecc00000| Complete 
| 205|0x00000000ecd00000, 0x00000000ece00000, 0x00000000ece00000|100%| E|CS|TAMS 0x00000000ecd00000, 0x00000000ecd00000| Complete 
| 206|0x00000000ece00000, 0x00000000ecf00000, 0x00000000ecf00000|100%| S|CS|TAMS 0x00000000ece00000, 0x00000000ece00000| Complete 
| 207|0x00000000ecf00000, 0x00000000ed000000, 0x00000000ed000000|100%| S|CS|TAMS 0x00000000ecf00000, 0x00000000ecf00000| Complete 
| 208|0x00000000ed000000, 0x00000000ed100000, 0x00000000ed100000|100%| S|CS|TAMS 0x00000000ed000000, 0x00000000ed000000| Complete 
| 209|0x00000000ed100000, 0x00000000ed200000, 0x00000000ed200000|100%| S|CS|TAMS 0x00000000ed100000, 0x00000000ed100000| Complete 
| 210|0x00000000ed200000, 0x00000000ed300000, 0x00000000ed300000|100%| S|CS|TAMS 0x00000000ed200000, 0x00000000ed200000| Complete 
| 211|0x00000000ed300000, 0x00000000ed400000, 0x00000000ed400000|100%| S|CS|TAMS 0x00000000ed300000, 0x00000000ed300000| Complete 
| 212|0x00000000ed400000, 0x00000000ed500000, 0x00000000ed500000|100%| S|CS|TAMS 0x00000000ed400000, 0x00000000ed400000| Complete 
| 213|0x00000000ed500000, 0x00000000ed600000, 0x00000000ed600000|100%| S|CS|TAMS 0x00000000ed500000, 0x00000000ed500000| Complete 
| 214|0x00000000ed600000, 0x00000000ed700000, 0x00000000ed700000|100%| S|CS|TAMS 0x00000000ed600000, 0x00000000ed600000| Complete 
| 215|0x00000000ed700000, 0x00000000ed800000, 0x00000000ed800000|100%| S|CS|TAMS 0x00000000ed700000, 0x00000000ed700000| Complete 
| 216|0x00000000ed800000, 0x00000000ed900000, 0x00000000ed900000|100%| S|CS|TAMS 0x00000000ed800000, 0x00000000ed800000| Complete 
| 217|0x00000000ed900000, 0x00000000eda00000, 0x00000000eda00000|100%| S|CS|TAMS 0x00000000ed900000, 0x00000000ed900000| Complete 
| 218|0x00000000eda00000, 0x00000000edb00000, 0x00000000edb00000|100%| E|CS|TAMS 0x00000000eda00000, 0x00000000eda00000| Complete 
| 219|0x00000000edb00000, 0x00000000edc00000, 0x00000000edc00000|100%| E|CS|TAMS 0x00000000edb00000, 0x00000000edb00000| Complete 
| 220|0x00000000edc00000, 0x00000000edd00000, 0x00000000edd00000|100%| E|CS|TAMS 0x00000000edc00000, 0x00000000edc00000| Complete 
| 221|0x00000000edd00000, 0x00000000ede00000, 0x00000000ede00000|100%| E|CS|TAMS 0x00000000edd00000, 0x00000000edd00000| Complete 
| 222|0x00000000ede00000, 0x00000000edf00000, 0x00000000edf00000|100%| E|CS|TAMS 0x00000000ede00000, 0x00000000ede00000| Complete 
| 223|0x00000000edf00000, 0x00000000ee000000, 0x00000000ee000000|100%| E|CS|TAMS 0x00000000edf00000, 0x00000000edf00000| Complete 
| 224|0x00000000ee000000, 0x00000000ee100000, 0x00000000ee100000|100%| E|CS|TAMS 0x00000000ee000000, 0x00000000ee000000| Complete 
| 225|0x00000000ee100000, 0x00000000ee200000, 0x00000000ee200000|100%| E|CS|TAMS 0x00000000ee100000, 0x00000000ee100000| Complete 
| 226|0x00000000ee200000, 0x00000000ee300000, 0x00000000ee300000|100%| E|CS|TAMS 0x00000000ee200000, 0x00000000ee200000| Complete 
| 227|0x00000000ee300000, 0x00000000ee400000, 0x00000000ee400000|100%| E|CS|TAMS 0x00000000ee300000, 0x00000000ee300000| Complete 
| 228|0x00000000ee400000, 0x00000000ee500000, 0x00000000ee500000|100%| E|CS|TAMS 0x00000000ee400000, 0x00000000ee400000| Complete 
| 229|0x00000000ee500000, 0x00000000ee600000, 0x00000000ee600000|100%| E|CS|TAMS 0x00000000ee500000, 0x00000000ee500000| Complete 
| 230|0x00000000ee600000, 0x00000000ee700000, 0x00000000ee700000|100%| E|CS|TAMS 0x00000000ee600000, 0x00000000ee600000| Complete 
| 231|0x00000000ee700000, 0x00000000ee800000, 0x00000000ee800000|100%| E|CS|TAMS 0x00000000ee700000, 0x00000000ee700000| Complete 
| 232|0x00000000ee800000, 0x00000000ee900000, 0x00000000ee900000|100%| E|CS|TAMS 0x00000000ee800000, 0x00000000ee800000| Complete 
| 233|0x00000000ee900000, 0x00000000eea00000, 0x00000000eea00000|100%| E|CS|TAMS 0x00000000ee900000, 0x00000000ee900000| Complete 
| 234|0x00000000eea00000, 0x00000000eeb00000, 0x00000000eeb00000|100%| E|CS|TAMS 0x00000000eea00000, 0x00000000eea00000| Complete 
| 235|0x00000000eeb00000, 0x00000000eec00000, 0x00000000eec00000|100%| E|CS|TAMS 0x00000000eeb00000, 0x00000000eeb00000| Complete 
| 236|0x00000000eec00000, 0x00000000eed00000, 0x00000000eed00000|100%| E|CS|TAMS 0x00000000eec00000, 0x00000000eec00000| Complete 
| 237|0x00000000eed00000, 0x00000000eee00000, 0x00000000eee00000|100%| E|CS|TAMS 0x00000000eed00000, 0x00000000eed00000| Complete 
| 238|0x00000000eee00000, 0x00000000eef00000, 0x00000000eef00000|100%| E|CS|TAMS 0x00000000eee00000, 0x00000000eee00000| Complete 
| 239|0x00000000eef00000, 0x00000000ef000000, 0x00000000ef000000|100%| E|CS|TAMS 0x00000000eef00000, 0x00000000eef00000| Complete 
| 240|0x00000000ef000000, 0x00000000ef100000, 0x00000000ef100000|100%| E|CS|TAMS 0x00000000ef000000, 0x00000000ef000000| Complete 
| 241|0x00000000ef100000, 0x00000000ef200000, 0x00000000ef200000|100%| E|CS|TAMS 0x00000000ef100000, 0x00000000ef100000| Complete 
| 242|0x00000000ef200000, 0x00000000ef300000, 0x00000000ef300000|100%| E|CS|TAMS 0x00000000ef200000, 0x00000000ef200000| Complete 
| 243|0x00000000ef300000, 0x00000000ef400000, 0x00000000ef400000|100%| E|  |TAMS 0x00000000ef300000, 0x00000000ef300000| Complete 
| 244|0x00000000ef400000, 0x00000000ef500000, 0x00000000ef500000|100%| E|CS|TAMS 0x00000000ef400000, 0x00000000ef400000| Complete 
| 245|0x00000000ef500000, 0x00000000ef600000, 0x00000000ef600000|100%| E|CS|TAMS 0x00000000ef500000, 0x00000000ef500000| Complete 
| 246|0x00000000ef600000, 0x00000000ef700000, 0x00000000ef700000|100%| E|CS|TAMS 0x00000000ef600000, 0x00000000ef600000| Complete 
| 247|0x00000000ef700000, 0x00000000ef800000, 0x00000000ef800000|100%| E|CS|TAMS 0x00000000ef700000, 0x00000000ef700000| Complete 
| 248|0x00000000ef800000, 0x00000000ef900000, 0x00000000ef900000|100%| E|CS|TAMS 0x00000000ef800000, 0x00000000ef800000| Complete 
| 249|0x00000000ef900000, 0x00000000efa00000, 0x00000000efa00000|100%| E|CS|TAMS 0x00000000ef900000, 0x00000000ef900000| Complete 
| 250|0x00000000efa00000, 0x00000000efb00000, 0x00000000efb00000|100%| E|CS|TAMS 0x00000000efa00000, 0x00000000efa00000| Complete 
| 251|0x00000000efb00000, 0x00000000efc00000, 0x00000000efc00000|100%| E|CS|TAMS 0x00000000efb00000, 0x00000000efb00000| Complete 
| 252|0x00000000efc00000, 0x00000000efd00000, 0x00000000efd00000|100%| E|CS|TAMS 0x00000000efc00000, 0x00000000efc00000| Complete 
| 253|0x00000000efd00000, 0x00000000efe00000, 0x00000000efe00000|100%| E|CS|TAMS 0x00000000efd00000, 0x00000000efd00000| Complete 
| 254|0x00000000efe00000, 0x00000000eff00000, 0x00000000eff00000|100%| E|CS|TAMS 0x00000000efe00000, 0x00000000efe00000| Complete 
| 255|0x00000000eff00000, 0x00000000f0000000, 0x00000000f0000000|100%| E|CS|TAMS 0x00000000eff00000, 0x00000000eff00000| Complete 

Card table byte_map: [0x0000026c59a30000,0x0000026c59b30000] _byte_map_base: 0x0000026c59330000

Marking Bits (Prev, Next): (CMBitMap*) 0x0000026c40c6a220, (CMBitMap*) 0x0000026c40c6a1e0
 Prev Bits: [0x0000026c5a430000, 0x0000026c5ac30000)
 Next Bits: [0x0000026c59c30000, 0x0000026c5a430000)

Polling page: 0x0000026c40d20000

Metaspace:

Usage:
  Non-class:     23.34 MB used.
      Class:      4.11 MB used.
       Both:     27.45 MB used.

Virtual space:
  Non-class space:       64.00 MB reserved,      23.56 MB ( 37%) committed,  1 nodes.
      Class space:      320.00 MB reserved,       4.25 MB (  1%) committed,  1 nodes.
             Both:      384.00 MB reserved,      27.81 MB (  7%) committed. 

Chunk freelists:
   Non-Class:  8.47 MB
       Class:  11.76 MB
        Both:  20.23 MB

MaxMetaspaceSize: 384.00 MB
CompressedClassSpaceSize: 320.00 MB
Initial GC threshold: 21.00 MB
Current GC threshold: 35.12 MB
CDS: on
MetaspaceReclaimPolicy: balanced
 - commit_granule_bytes: 65536.
 - commit_granule_words: 8192.
 - virtual_space_node_default_size: 8388608.
 - enlarge_chunks_in_place: 1.
 - new_chunks_are_fully_committed: 0.
 - uncommit_free_chunks: 1.
 - use_allocation_guard: 0.
 - handle_deallocations: 1.


Internal statistics:

num_allocs_failed_limit: 3.
num_arena_births: 368.
num_arena_deaths: 0.
num_vsnodes_births: 2.
num_vsnodes_deaths: 0.
num_space_committed: 445.
num_space_uncommitted: 0.
num_chunks_returned_to_freelist: 3.
num_chunks_taken_from_freelist: 1475.
num_chunk_merges: 3.
num_chunk_splits: 941.
num_chunks_enlarged: 631.
num_inconsistent_stats: 0.

CodeHeap 'non-profiled nmethods': size=120000Kb used=2027Kb max_used=2027Kb free=117972Kb
 bounds [0x0000026c520d0000, 0x0000026c52340000, 0x0000026c59600000]
CodeHeap 'profiled nmethods': size=120000Kb used=7090Kb max_used=7090Kb free=112909Kb
 bounds [0x0000026c4a600000, 0x0000026c4acf0000, 0x0000026c51b30000]
CodeHeap 'non-nmethods': size=5760Kb used=1261Kb max_used=1297Kb free=4499Kb
 bounds [0x0000026c51b30000, 0x0000026c51da0000, 0x0000026c520d0000]
 total_blobs=4029 nmethods=3469 adapters=472
 compilation: enabled
              stopped_count=0, restarted_count=0
 full_count=0

Compilation events (20 events):
Event: 60.845 Thread 0x0000026c5d68fe10 3462       3       com.google.common.cache.LocalCache::connectAccessOrder (15 bytes)
Event: 60.845 Thread 0x0000026c5d68fe10 nmethod 3462 0x0000026c4aceb690 code [0x0000026c4aceb840, 0x0000026c4acebad8]
Event: 60.845 Thread 0x0000026c5d68fe10 3463       1       com.google.common.cache.LocalCache$AccessQueue$1::getPreviousInAccessQueue (5 bytes)
Event: 60.845 Thread 0x0000026c5d68fe10 nmethod 3463 0x0000026c522c9a10 code [0x0000026c522c9ba0, 0x0000026c522c9c78]
Event: 60.850 Thread 0x0000026c5d68fe10 3464       3       java.nio.MappedByteBuffer::limit (8 bytes)
Event: 60.850 Thread 0x0000026c5d68fe10 nmethod 3464 0x0000026c4acebc10 code [0x0000026c4acebdc0, 0x0000026c4acebf68]
Event: 60.888 Thread 0x0000026c5d68fe10 3466       1       org.gradle.cache.internal.DefaultFileLockManager::access$200 (5 bytes)
Event: 60.888 Thread 0x0000026c5d68fe10 nmethod 3466 0x0000026c522ca110 code [0x0000026c522ca2a0, 0x0000026c522ca358]
Event: 60.949 Thread 0x0000026c5d68fe10 3467       3       java.io.ByteArrayInputStream::<init> (26 bytes)
Event: 60.950 Thread 0x0000026c5d68fe10 nmethod 3467 0x0000026c4acec010 code [0x0000026c4acec1c0, 0x0000026c4acec3f8]
Event: 60.952 Thread 0x0000026c5d68fe10 3468       3       java.io.FilterOutputStream::<init> (21 bytes)
Event: 60.953 Thread 0x0000026c5d68fe10 nmethod 3468 0x0000026c4acec510 code [0x0000026c4acec6c0, 0x0000026c4acec9f8]
Event: 60.958 Thread 0x0000026c5d68fe10 3469       1       org.gradle.cache.internal.btree.BlockPayload::getBlock (5 bytes)
Event: 60.958 Thread 0x0000026c5d68fe10 nmethod 3469 0x0000026c522ca410 code [0x0000026c522ca5a0, 0x0000026c522ca678]
Event: 60.972 Thread 0x0000026c5d68e440 3470       4       java.util.AbstractList$Itr::hasNext (20 bytes)
Event: 60.974 Thread 0x0000026c5d68e440 nmethod 3470 0x0000026c522ca710 code [0x0000026c522ca880, 0x0000026c522ca938]
Event: 61.039 Thread 0x0000026c5d68e440 3471       4       org.objectweb.asm.ClassReader::readBytecodeInstructionOffset (1 bytes)
Event: 61.040 Thread 0x0000026c5d68fe10 3472       3       org.objectweb.asm.ClassReader::readCode (5117 bytes)
Event: 61.040 Thread 0x0000026c5d68e440 nmethod 3471 0x0000026c522caa10 code [0x0000026c522cab80, 0x0000026c522cabf8]
Event: 61.042 Thread 0x0000026c5d68e440 3473       4       org.objectweb.asm.ClassReader::readUtf (161 bytes)

GC Heap History (8 events):
Event: 4.906 GC heap before
{Heap before GC invocations=0 (full 0):
 garbage-first heap   total 262144K, used 26624K [0x00000000e0000000, 0x0000000100000000)
  region size 1024K, 23 young (23552K), 0 survivors (0K)
 Metaspace       used 2954K, committed 3072K, reserved 393216K
  class space    used 369K, committed 448K, reserved 327680K
}
Event: 5.096 GC heap after
{Heap after GC invocations=1 (full 0):
 garbage-first heap   total 262144K, used 10611K [0x00000000e0000000, 0x0000000100000000)
  region size 1024K, 3 young (3072K), 3 survivors (3072K)
 Metaspace       used 2954K, committed 3072K, reserved 393216K
  class space    used 369K, committed 448K, reserved 327680K
}
Event: 9.191 GC heap before
{Heap before GC invocations=1 (full 0):
 garbage-first heap   total 262144K, used 37235K [0x00000000e0000000, 0x0000000100000000)
  region size 1024K, 29 young (29696K), 3 survivors (3072K)
 Metaspace       used 4014K, committed 4160K, reserved 393216K
  class space    used 494K, committed 576K, reserved 327680K
}
Event: 9.199 GC heap after
{Heap after GC invocations=2 (full 0):
 garbage-first heap   total 262144K, used 11616K [0x00000000e0000000, 0x0000000100000000)
  region size 1024K, 1 young (1024K), 1 survivors (1024K)
 Metaspace       used 4014K, committed 4160K, reserved 393216K
  class space    used 494K, committed 576K, reserved 327680K
}
Event: 37.939 GC heap before
{Heap before GC invocations=2 (full 0):
 garbage-first heap   total 262144K, used 94560K [0x00000000e0000000, 0x0000000100000000)
  region size 1024K, 81 young (82944K), 1 survivors (1024K)
 Metaspace       used 16537K, committed 16832K, reserved 393216K
  class space    used 2327K, committed 2496K, reserved 327680K
}
Event: 37.961 GC heap after
{Heap after GC invocations=3 (full 0):
 garbage-first heap   total 262144K, used 20621K [0x00000000e0000000, 0x0000000100000000)
  region size 1024K, 10 young (10240K), 10 survivors (10240K)
 Metaspace       used 16537K, committed 16832K, reserved 393216K
  class space    used 2327K, committed 2496K, reserved 327680K
}
Event: 44.602 GC heap before
{Heap before GC invocations=3 (full 0):
 garbage-first heap   total 262144K, used 58509K [0x00000000e0000000, 0x0000000100000000)
  region size 1024K, 48 young (49152K), 10 survivors (10240K)
 Metaspace       used 21209K, committed 21504K, reserved 393216K
  class space    used 3106K, committed 3264K, reserved 327680K
}
Event: 44.632 GC heap after
{Heap after GC invocations=4 (full 0):
 garbage-first heap   total 262144K, used 23033K [0x00000000e0000000, 0x0000000100000000)
  region size 1024K, 12 young (12288K), 12 survivors (12288K)
 Metaspace       used 21209K, committed 21504K, reserved 393216K
  class space    used 3106K, committed 3264K, reserved 327680K
}

Deoptimization events (20 events):
Event: 55.856 Thread 0x0000026c5d85a740 DEOPT PACKING pc=0x0000026c522a2cd4 sp=0x000000c0994f7d70
Event: 55.856 Thread 0x0000026c5d85a740 DEOPT UNPACKING pc=0x0000026c51b85ba3 sp=0x000000c0994f7d08 mode 2
Event: 55.860 Thread 0x0000026c5d85a740 Uncommon trap: trap_request=0xffffffc6 fr.pc=0x0000026c522a2cd4 relative=0x00000000000001b4
Event: 55.860 Thread 0x0000026c5d85a740 Uncommon trap: reason=bimorphic_or_optimized_type_check action=maybe_recompile pc=0x0000026c522a2cd4 method=java.util.regex.Pattern$BmpCharProperty.match(Ljava/util/regex/Matcher;ILjava/lang/CharSequence;)Z @ 19 c2
Event: 55.861 Thread 0x0000026c5d85a740 DEOPT PACKING pc=0x0000026c522a2cd4 sp=0x000000c0994f7d70
Event: 55.861 Thread 0x0000026c5d85a740 DEOPT UNPACKING pc=0x0000026c51b85ba3 sp=0x000000c0994f7d08 mode 2
Event: 56.305 Thread 0x0000026c5d85a740 DEOPT PACKING pc=0x0000026c4a9b17dc sp=0x000000c0994f9d80
Event: 56.305 Thread 0x0000026c5d85a740 DEOPT UNPACKING pc=0x0000026c51b866e3 sp=0x000000c0994f9300 mode 0
Event: 61.015 Thread 0x0000026c5d85a740 Uncommon trap: trap_request=0xffffff45 fr.pc=0x0000026c52276a38 relative=0x0000000000005c18
Event: 61.015 Thread 0x0000026c5d85a740 Uncommon trap: reason=unstable_if action=reinterpret pc=0x0000026c52276a38 method=java.lang.ClassLoader.getClassLoadingLock(Ljava/lang/String;)Ljava/lang/Object; @ 6 c2
Event: 61.015 Thread 0x0000026c5d85a740 DEOPT PACKING pc=0x0000026c52276a38 sp=0x000000c0994f7c10
Event: 61.015 Thread 0x0000026c5d85a740 DEOPT UNPACKING pc=0x0000026c51b85ba3 sp=0x000000c0994f7c20 mode 2
Event: 61.023 Thread 0x0000026c5d85a740 Uncommon trap: trap_request=0xffffff45 fr.pc=0x0000026c521d0080 relative=0x00000000000000e0
Event: 61.023 Thread 0x0000026c5d85a740 Uncommon trap: reason=unstable_if action=reinterpret pc=0x0000026c521d0080 method=java.lang.ClassLoader.getClassLoadingLock(Ljava/lang/String;)Ljava/lang/Object; @ 6 c2
Event: 61.023 Thread 0x0000026c5d85a740 DEOPT PACKING pc=0x0000026c521d0080 sp=0x000000c0994f7ed0
Event: 61.023 Thread 0x0000026c5d85a740 DEOPT UNPACKING pc=0x0000026c51b85ba3 sp=0x000000c0994f7e70 mode 2
Event: 61.023 Thread 0x0000026c5d85a740 Uncommon trap: trap_request=0xffffff45 fr.pc=0x0000026c52228288 relative=0x0000000000000748
Event: 61.023 Thread 0x0000026c5d85a740 Uncommon trap: reason=unstable_if action=reinterpret pc=0x0000026c52228288 method=java.lang.Class.getPackageName()Ljava/lang/String; @ 55 c2
Event: 61.023 Thread 0x0000026c5d85a740 DEOPT PACKING pc=0x0000026c52228288 sp=0x000000c0994f9380
Event: 61.023 Thread 0x0000026c5d85a740 DEOPT UNPACKING pc=0x0000026c51b85ba3 sp=0x000000c0994f9340 mode 2

Classes unloaded (0 events):
No events

Classes redefined (0 events):
No events

Internal exceptions (20 events):
Event: 50.966 Thread 0x0000026c5d85a740 Exception <a 'java/lang/NoSuchMethodError'{0x00000000ef01cc10}: static Lorg/jetbrains/plugins/gradle/model/UnresolvedExternalDependency;.<clinit>()V> (0x00000000ef01cc10) 
thrown [s\open\src\hotspot\share\prims\jni.cpp, line 1107]
Event: 51.047 Thread 0x0000026c5d85a740 Exception <a 'java/lang/NoSuchMethodError'{0x00000000ef0b3110}: static Lorg/gradle/tooling/internal/consumer/versioning/VersionDetails;.<clinit>()V> (0x00000000ef0b3110) 
thrown [s\open\src\hotspot\share\prims\jni.cpp, line 1107]
Event: 51.048 Thread 0x0000026c5d85a740 Exception <a 'java/lang/NoSuchMethodError'{0x00000000ef0b5ab8}: static Lorg/gradle/tooling/internal/consumer/versioning/VersionDetails$R26VersionDetails;.<clinit>()V> (0x00000000ef0b5ab8) 
thrown [s\open\src\hotspot\share\prims\jni.cpp, line 1107]
Event: 51.050 Thread 0x0000026c5d85a740 Exception <a 'java/lang/NoSuchMethodError'{0x00000000ef0b7030}: static Lorg/gradle/tooling/internal/consumer/versioning/VersionDetails$R28VersionDetails;.<clinit>()V> (0x00000000ef0b7030) 
thrown [s\open\src\hotspot\share\prims\jni.cpp, line 1107]
Event: 51.051 Thread 0x0000026c5d85a740 Exception <a 'java/lang/NoSuchMethodError'{0x00000000ef0b8538}: static Lorg/gradle/tooling/internal/consumer/versioning/VersionDetails$R35VersionDetails;.<clinit>()V> (0x00000000ef0b8538) 
thrown [s\open\src\hotspot\share\prims\jni.cpp, line 1107]
Event: 51.051 Thread 0x0000026c5d85a740 Exception <a 'java/lang/NoSuchMethodError'{0x00000000ef0b9c08}: static Lorg/gradle/tooling/internal/consumer/versioning/VersionDetails$R44VersionDetails;.<clinit>()V> (0x00000000ef0b9c08) 
thrown [s\open\src\hotspot\share\prims\jni.cpp, line 1107]
Event: 51.051 Thread 0x0000026c5d85a740 Exception <a 'java/lang/NoSuchMethodError'{0x00000000ef0bb210}: static Lorg/gradle/tooling/internal/consumer/versioning/VersionDetails$R48VersionDetails;.<clinit>()V> (0x00000000ef0bb210) 
thrown [s\open\src\hotspot\share\prims\jni.cpp, line 1107]
Event: 51.051 Thread 0x0000026c5d85a740 Exception <a 'java/lang/NoSuchMethodError'{0x00000000ef0bc6b8}: static Lorg/gradle/tooling/internal/consumer/versioning/VersionDetails$R51VersionDetails;.<clinit>()V> (0x00000000ef0bc6b8) 
thrown [s\open\src\hotspot\share\prims\jni.cpp, line 1107]
Event: 51.482 Thread 0x0000026c5d85a740 Exception <a 'java/lang/NoSuchMethodError'{0x00000000eefe5ac8}: 'java.lang.Object java.lang.invoke.DirectMethodHandle$Holder.newInvokeSpecial(java.lang.Object, java.lang.Object, int)'> (0x00000000eefe5ac8) 
thrown [s\open\src\hotspot\share\interpreter\linkResolver.cpp, line 759]
Event: 53.027 Thread 0x0000026c5d85a740 Exception <a 'java/lang/NoSuchMethodError'{0x00000000ee367028}: 'java.lang.Object java.lang.invoke.DirectMethodHandle$Holder.invokeSpecialIFC(java.lang.Object, java.lang.Object, java.lang.Object, java.lang.Object)'> (0x00000000ee367028) 
thrown [s\open\src\hotspot\share\interpreter\linkResolver.cpp, line 759]
Event: 53.065 Thread 0x0000026c5d85a740 Exception <a 'java/lang/NoSuchMethodError'{0x00000000ee261540}: 'java.lang.Object java.lang.invoke.DirectMethodHandle$Holder.newInvokeSpecial(java.lang.Object, java.lang.Object, java.lang.Object, java.lang.Object, java.lang.Object, java.lang.Object, java.lang.Object, java.lang.Object, java.lang.Object, java.lang.Object)'> (0x00000000ee261540) 
thrown [s\open\src\hotspot\share\interpreter\linkResolver.cpp, line 759]
Event: 53.066 Thread 0x0000026c5d85a740 Exception <a 'java/lang/NoSuchMethodError'{0x00000000ee2666d0}: 'java.lang.Object java.lang.invoke.Invokers$Holder.linkToTargetMethod(java.lang.Object, java.lang.Object, java.lang.Object, java.lang.Object, java.lang.Object, java.lang.Object, java.lang.Object, java.lang.Object, java.lang.Object, java.lang.Object)'> (0x00000000ee2666d0) 
thrown [s\open\src\hotspot\share\interpreter\linkResolver.cpp, line 759]
Event: 53.099 Thread 0x0000026c5d85a740 Exception <a 'java/lang/NoSuchMethodError'{0x00000000ee2dc8c0}: 'java.lang.Object java.lang.invoke.DirectMethodHandle$Holder.newInvokeSpecial(java.lang.Object, java.lang.Object, java.lang.Object, java.lang.Object, java.lang.Object, java.lang.Object, java.lang.Object, java.lang.Object, java.lang.Object, java.lang.Object, java.lang.Object)'> (0x00000000ee2dc8c0) 
thrown [s\open\src\hotspot\share\interpreter\linkResolver.cpp, line 759]
Event: 53.100 Thread 0x0000026c5d85a740 Exception <a 'java/lang/NoSuchMethodError'{0x00000000ee2e26a0}: 'java.lang.Object java.lang.invoke.DirectMethodHandle$Holder.invokeSpecial(java.lang.Object, java.lang.Object, java.lang.Object, java.lang.Object, java.lang.Object, java.lang.Object, java.lang.Object, java.lang.Object, java.lang.Object, java.lang.Object, java.lang.Object, java.lang.Object)'> (0x00000000ee2e26a0) 
thrown [s\open\src\hotspot\share\interpreter\linkResolver.cpp, line 759]
Event: 53.100 Thread 0x0000026c5d85a740 Exception <a 'java/lang/NoSuchMethodError'{0x00000000ee2e7fe0}: 'java.lang.Object java.lang.invoke.Invokers$Holder.linkToTargetMethod(java.lang.Object, java.lang.Object, java.lang.Object, java.lang.Object, java.lang.Object, java.lang.Object, java.lang.Object, java.lang.Object, java.lang.Object, java.lang.Object, java.lang.Object)'> (0x00000000ee2e7fe0) 
thrown [s\open\src\hotspot\share\interpreter\linkResolver.cpp, line 759]
Event: 53.470 Thread 0x0000026c5d85a740 Implicit null exception at 0x0000026c52139c0f to 0x0000026c5213a16c
Event: 53.651 Thread 0x0000026c5d85a740 Exception <a 'java/lang/NoSuchMethodError'{0x00000000ecc10320}: 'java.lang.Object java.lang.invoke.DirectMethodHandle$Holder.newInvokeSpecial(java.lang.Object, java.lang.Object, int, int)'> (0x00000000ecc10320) 
thrown [s\open\src\hotspot\share\interpreter\linkResolver.cpp, line 759]
Event: 56.397 Thread 0x0000026c5d85a740 Exception <a 'java/lang/IncompatibleClassChangeError'{0x00000000ebb72a60}: Found class java.lang.Object, but interface was expected> (0x00000000ebb72a60) 
thrown [s\open\src\hotspot\share\interpreter\linkResolver.cpp, line 826]
Event: 59.783 Thread 0x0000026c5d85a740 Exception <a 'java/lang/NoSuchMethodError'{0x00000000eb978c58}: 'java.lang.Object java.lang.invoke.DirectMethodHandle$Holder.invokeVirtual(java.lang.Object, java.lang.Object, int)'> (0x00000000eb978c58) 
thrown [s\open\src\hotspot\share\interpreter\linkResolver.cpp, line 759]
Event: 59.834 Thread 0x0000026c5d85a740 Exception <a 'java/lang/NoSuchMethodError'{0x00000000eb818d58}: 'void java.lang.invoke.DirectMethodHandle$Holder.invokeStatic(java.lang.Object, java.lang.Object, java.lang.Object, int)'> (0x00000000eb818d58) 
thrown [s\open\src\hotspot\share\interpreter\linkResolver.cpp, line 759]

VM Operations (20 events):
Event: 53.290 Executing VM operation: Cleanup
Event: 53.305 Executing VM operation: Cleanup done
Event: 53.475 Executing VM operation: HandshakeAllThreads
Event: 53.475 Executing VM operation: HandshakeAllThreads done
Event: 54.489 Executing VM operation: Cleanup
Event: 54.489 Executing VM operation: Cleanup done
Event: 55.230 Executing VM operation: HandshakeAllThreads
Event: 55.230 Executing VM operation: HandshakeAllThreads done
Event: 56.239 Executing VM operation: Cleanup
Event: 56.239 Executing VM operation: Cleanup done
Event: 56.409 Executing VM operation: HandshakeAllThreads
Event: 56.410 Executing VM operation: HandshakeAllThreads done
Event: 57.419 Executing VM operation: Cleanup
Event: 57.419 Executing VM operation: Cleanup done
Event: 58.426 Executing VM operation: Cleanup
Event: 58.426 Executing VM operation: Cleanup done
Event: 60.269 Executing VM operation: HandshakeAllThreads
Event: 60.269 Executing VM operation: HandshakeAllThreads done
Event: 60.269 Executing VM operation: Cleanup
Event: 60.269 Executing VM operation: Cleanup done

Events (20 events):
Event: 56.313 loading class java/util/regex/Pattern$Pos
Event: 56.352 loading class java/util/regex/Pattern$Pos done
Event: 56.358 loading class java/io/StringReader
Event: 56.358 loading class java/io/StringReader done
Event: 56.377 loading class java/math/MutableBigInteger
Event: 56.378 loading class java/math/MutableBigInteger done
Event: 59.669 loading class java/nio/file/FileTreeWalker
Event: 59.670 loading class java/nio/file/FileTreeWalker done
Event: 59.672 loading class java/nio/file/FileTreeWalker$DirectoryNode
Event: 59.672 loading class java/nio/file/FileTreeWalker$DirectoryNode done
Event: 59.673 loading class java/nio/file/FileTreeWalker$Event
Event: 59.673 loading class java/nio/file/FileTreeWalker$Event done
Event: 59.673 loading class java/nio/file/FileTreeWalker$EventType
Event: 59.674 loading class java/nio/file/FileTreeWalker$EventType done
Event: 59.674 loading class java/nio/file/Files$3
Event: 59.674 loading class java/nio/file/Files$3 done
Event: 59.676 loading class java/nio/file/FileVisitResult
Event: 59.676 loading class java/nio/file/FileVisitResult done
Event: 59.798 loading class java/util/stream/Streams$RangeIntSpliterator
Event: 59.827 loading class java/util/stream/Streams$RangeIntSpliterator done


Dynamic libraries:
0x00007ff6e1f40000 - 0x00007ff6e1f50000 	C:\Java\bin\java.exe
0x00007ffa26610000 - 0x00007ffa26826000 	C:\Windows\SYSTEM32\ntdll.dll
0x00007ffa25320000 - 0x00007ffa253e4000 	C:\Windows\System32\KERNEL32.DLL
0x00007ffa23930000 - 0x00007ffa23cd7000 	C:\Windows\System32\KERNELBASE.dll
0x000000006ac50000 - 0x000000006af82000 	C:\Program Files\Norton Security\NortonData\22.24.2.6\Definitions\IPSDefs\20240503.064\IPSEng64.dll
0x00007ffa25af0000 - 0x00007ffa25ba2000 	C:\Windows\System32\ADVAPI32.dll
0x00007ffa25610000 - 0x00007ffa256b7000 	C:\Windows\System32\msvcrt.dll
0x00007ffa24340000 - 0x00007ffa243e8000 	C:\Windows\System32\sechost.dll
0x00007ffa24130000 - 0x00007ffa24158000 	C:\Windows\System32\bcrypt.dll
0x00007ffa25bc0000 - 0x00007ffa25cd5000 	C:\Windows\System32\RPCRT4.dll
0x00007ffa25bb0000 - 0x00007ffa25bb8000 	C:\Windows\System32\PSAPI.DLL
0x00007ffa23ce0000 - 0x00007ffa23df1000 	C:\Windows\System32\ucrtbase.dll
0x00007ff9e2c00000 - 0x00007ff9e2c19000 	C:\Java\bin\jli.dll
0x00007ffa25d00000 - 0x00007ffa25eae000 	C:\Windows\System32\USER32.dll
0x00007ffa23e00000 - 0x00007ffa23e26000 	C:\Windows\System32\win32u.dll
0x00007ffa265a0000 - 0x00007ffa265c9000 	C:\Windows\System32\GDI32.dll
0x00007ffa24010000 - 0x00007ffa24129000 	C:\Windows\System32\gdi32full.dll
0x00007ffa242a0000 - 0x00007ffa2433a000 	C:\Windows\System32\msvcp_win.dll
0x00007ff9e2700000 - 0x00007ff9e271b000 	C:\Java\bin\VCRUNTIME140.dll
0x00007ffa07900000 - 0x00007ffa07b93000 	C:\Windows\WinSxS\amd64_microsoft.windows.common-controls_6595b64144ccf1df_6.0.22621.3235_none_270f74e173860f98\COMCTL32.dll
0x00007ffa1b320000 - 0x00007ffa1b32a000 	C:\Windows\SYSTEM32\VERSION.dll
0x00007ffa25fc0000 - 0x00007ffa25ff1000 	C:\Windows\System32\IMM32.DLL
0x00007ffa01a60000 - 0x00007ffa01a6c000 	C:\Java\bin\vcruntime140_1.dll
0x00007ff9c1d10000 - 0x00007ff9c1d9e000 	C:\Java\bin\msvcp140.dll
0x00007ff9882c0000 - 0x00007ff988e9f000 	C:\Java\bin\server\jvm.dll
0x00007ffa072e0000 - 0x00007ffa072e9000 	C:\Windows\SYSTEM32\WSOCK32.dll
0x00007ffa24e20000 - 0x00007ffa24e91000 	C:\Windows\System32\WS2_32.dll
0x00007ffa21370000 - 0x00007ffa213a4000 	C:\Windows\SYSTEM32\WINMM.dll
0x00007ffa22970000 - 0x00007ffa22988000 	C:\Windows\SYSTEM32\kernel.appcore.dll
0x00007ff9f8ec0000 - 0x00007ff9f8eca000 	C:\Java\bin\jimage.dll
0x00007ffa210a0000 - 0x00007ffa212d3000 	C:\Windows\SYSTEM32\DBGHELP.DLL
0x00007ffa26000000 - 0x00007ffa26388000 	C:\Windows\System32\combase.dll
0x00007ffa25a00000 - 0x00007ffa25ad7000 	C:\Windows\System32\OLEAUT32.dll
0x00007ffa21330000 - 0x00007ffa21362000 	C:\Windows\SYSTEM32\dbgcore.DLL
0x00007ffa24220000 - 0x00007ffa24299000 	C:\Windows\System32\bcryptPrimitives.dll
0x00007ffa17e20000 - 0x00007ffa17e2e000 	C:\Java\bin\instrument.dll
0x00007ff9d4220000 - 0x00007ff9d4245000 	C:\Java\bin\java.dll
0x00007ff9b6980000 - 0x00007ff9b6a57000 	C:\Java\bin\jsvml.dll
0x00007ffa24460000 - 0x00007ffa24cbc000 	C:\Windows\System32\SHELL32.dll
0x00007ffa21890000 - 0x00007ffa22189000 	C:\Windows\SYSTEM32\windows.storage.dll
0x00007ffa21750000 - 0x00007ffa2188e000 	C:\Windows\SYSTEM32\wintypes.dll
0x00007ffa25750000 - 0x00007ffa25843000 	C:\Windows\System32\SHCORE.dll
0x00007ffa25550000 - 0x00007ffa255ae000 	C:\Windows\System32\shlwapi.dll
0x00007ffa23860000 - 0x00007ffa23881000 	C:\Windows\SYSTEM32\profapi.dll
0x00007ff9d4120000 - 0x00007ff9d4138000 	C:\Java\bin\zip.dll
0x00007ff9e21b0000 - 0x00007ff9e21c9000 	C:\Java\bin\net.dll
0x00007ffa1d3a0000 - 0x00007ffa1d4d6000 	C:\Windows\SYSTEM32\WINHTTP.dll
0x00007ffa22de0000 - 0x00007ffa22e49000 	C:\Windows\system32\mswsock.dll
0x00007ff9d4140000 - 0x00007ff9d4156000 	C:\Java\bin\nio.dll
0x00007ff9f2fe0000 - 0x00007ff9f2ff0000 	C:\Java\bin\verify.dll
0x00007ffa17e30000 - 0x00007ffa17e57000 	C:\Users\kimys\.gradle\native\c067742578af261105cb4f569cf0c3c89f3d7b1fecec35dd04571415982c5e48\windows-amd64\native-platform.dll
0x00007ff99cc80000 - 0x00007ff99cdc4000 	C:\Users\kimys\.gradle\native\38dada09dfb8b06ba9b0570ebf7e218e3eb74d4ef43ca46872605cf95ebc2f47\windows-amd64\native-platform-file-events.dll
0x00007ffa16620000 - 0x00007ffa1662a000 	C:\Java\bin\management.dll
0x00007ffa0db90000 - 0x00007ffa0db9b000 	C:\Java\bin\management_ext.dll
0x00007ffa23040000 - 0x00007ffa2305b000 	C:\Windows\SYSTEM32\CRYPTSP.dll
0x00007ffa228d0000 - 0x00007ffa22905000 	C:\Windows\system32\rsaenh.dll
0x00007ffa22ee0000 - 0x00007ffa22f08000 	C:\Windows\SYSTEM32\USERENV.dll
0x00007ffa23060000 - 0x00007ffa2306c000 	C:\Windows\SYSTEM32\CRYPTBASE.dll
0x00007ffa22430000 - 0x00007ffa2245d000 	C:\Windows\SYSTEM32\IPHLPAPI.DLL
0x00007ffa25ae0000 - 0x00007ffa25ae9000 	C:\Windows\System32\NSI.dll
0x00007ffa1cf20000 - 0x00007ffa1cf39000 	C:\Windows\SYSTEM32\dhcpcsvc6.DLL
0x00007ffa1ce70000 - 0x00007ffa1ce8f000 	C:\Windows\SYSTEM32\dhcpcsvc.DLL
0x00007ffa22460000 - 0x00007ffa22559000 	C:\Windows\SYSTEM32\DNSAPI.dll
0x00007ffa0db80000 - 0x00007ffa0db8e000 	C:\Java\bin\sunmscapi.dll
0x00007ffa23e30000 - 0x00007ffa23f97000 	C:\Windows\System32\CRYPT32.dll
0x00007ffa23200000 - 0x00007ffa2322e000 	C:\Windows\SYSTEM32\ncrypt.dll
0x00007ffa231c0000 - 0x00007ffa231f7000 	C:\Windows\SYSTEM32\NTASN1.dll
0x00007ff9fe180000 - 0x00007ff9fe188000 	C:\Windows\system32\wshunix.dll

dbghelp: loaded successfully - version: 4.0.5 - missing functions: none
symbol engine: initialized successfully - sym options: 0x614 - pdb path: .;C:\Java\bin;C:\Windows\SYSTEM32;C:\Program Files\Norton Security\NortonData\22.24.2.6\Definitions\IPSDefs\20240503.064;C:\Windows\WinSxS\amd64_microsoft.windows.common-controls_6595b64144ccf1df_6.0.22621.3235_none_270f74e173860f98;C:\Java\bin\server;C:\Users\kimys\.gradle\native\c067742578af261105cb4f569cf0c3c89f3d7b1fecec35dd04571415982c5e48\windows-amd64;C:\Users\kimys\.gradle\native\38dada09dfb8b06ba9b0570ebf7e218e3eb74d4ef43ca46872605cf95ebc2f47\windows-amd64

VM Arguments:
jvm_args: --add-opens=java.base/java.util=ALL-UNNAMED --add-opens=java.base/java.lang=ALL-UNNAMED --add-opens=java.base/java.lang.invoke=ALL-UNNAMED --add-opens=java.prefs/java.util.prefs=ALL-UNNAMED --add-opens=java.base/java.nio.charset=ALL-UNNAMED --add-opens=java.base/java.net=ALL-UNNAMED --add-opens=java.base/java.util.concurrent.atomic=ALL-UNNAMED -XX:MaxMetaspaceSize=384m -XX:+HeapDumpOnOutOfMemoryError -Xms256m -Xmx512m -Dfile.encoding=x-windows-949 -Duser.country=KR -Duser.language=ko -Duser.variant -javaagent:C:\Users\kimys\.gradle\wrapper\dists\gradle-8.7-bin\bhs2wmbdwecv87pi65oeuq5iu\gradle-8.7\lib\agents\gradle-instrumentation-agent-8.7.jar 
java_command: org.gradle.launcher.daemon.bootstrap.GradleDaemon 8.7
java_class_path (initial): C:\Users\kimys\.gradle\wrapper\dists\gradle-8.7-bin\bhs2wmbdwecv87pi65oeuq5iu\gradle-8.7\lib\gradle-launcher-8.7.jar
Launcher Type: SUN_STANDARD

[Global flags]
     intx CICompilerCount                          = 4                                         {product} {ergonomic}
   size_t CompressedClassSpaceSize                 = 335544320                                 {product} {ergonomic}
     uint ConcGCThreads                            = 2                                         {product} {ergonomic}
     uint G1ConcRefinementThreads                  = 8                                         {product} {ergonomic}
   size_t G1HeapRegionSize                         = 1048576                                   {product} {ergonomic}
    uintx GCDrainStackTargetSize                   = 64                                        {product} {ergonomic}
     bool HeapDumpOnOutOfMemoryError               = true                                   {manageable} {command line}
   size_t InitialHeapSize                          = 268435456                                 {product} {command line}
   size_t MarkStackSize                            = 4194304                                   {product} {ergonomic}
   size_t MaxHeapSize                              = 536870912                                 {product} {command line}
   size_t MaxMetaspaceSize                         = 402653184                                 {product} {command line}
   size_t MaxNewSize                               = 321912832                                 {product} {ergonomic}
   size_t MinHeapDeltaBytes                        = 1048576                                   {product} {ergonomic}
   size_t MinHeapSize                              = 268435456                                 {product} {command line}
    uintx NonNMethodCodeHeapSize                   = 5839372                                {pd product} {ergonomic}
    uintx NonProfiledCodeHeapSize                  = 122909434                              {pd product} {ergonomic}
    uintx ProfiledCodeHeapSize                     = 122909434                              {pd product} {ergonomic}
    uintx ReservedCodeCacheSize                    = 251658240                              {pd product} {ergonomic}
     bool SegmentedCodeCache                       = true                                      {product} {ergonomic}
   size_t SoftMaxHeapSize                          = 536870912                              {manageable} {ergonomic}
     bool UseCompressedClassPointers               = true                           {product lp64_product} {ergonomic}
     bool UseCompressedOops                        = true                           {product lp64_product} {ergonomic}
     bool UseG1GC                                  = true                                      {product} {ergonomic}
     bool UseLargePagesIndividualAllocation        = false                                  {pd product} {ergonomic}

Logging:
Log output configuration:
 #0: stdout all=warning uptime,level,tags
 #1: stderr all=off uptime,level,tags

Environment Variables:
PATH=C:\nodejs\;C:\oraclexe\app\oracle\product\11.2.0\server\bin;C:\Program Files\Common Files\Oracle\Java\javapath;C:\Windows\system32;C:\Windows;C:\Windows\System32\Wbem;C:\Windows\System32\WindowsPowerShell\v1.0\;C:\Windows\System32\OpenSSH\;C:\Git\cmd;C:\Program Files\Bandizip\;C:\Users\kimys\AppData\Local\Microsoft\WindowsApps;;D:\IntelliJ IDEA 2023.3.6\bin;;C:\Microsoft VS Code\bin;C:\Users\kimys\AppData\Roaming\npm
USERNAME=kimys
OS=Windows_NT
PROCESSOR_IDENTIFIER=Intel64 Family 6 Model 140 Stepping 2, GenuineIntel



---------------  S Y S T E M  ---------------

OS:
 Windows 11 , 64 bit Build 22621 (10.0.22621.3374)
OS uptime: 13 days 3:03 hours

CPU: total 8 (initial active 8) (4 cores per cpu, 2 threads per core) family 6 model 140 stepping 2 microcode 0x16, cx8, cmov, fxsr, ht, mmx, 3dnowpref, sse, sse2, sse3, ssse3, sse4.1, sse4.2, popcnt, lzcnt, tsc, tscinvbit, avx, avx2, aes, erms, clmul, bmi1, bmi2, adx, avx512f, avx512dq, avx512cd, avx512bw, avx512vl, sha, fma, vzeroupper, avx512_vpopcntdq, avx512_vpclmulqdq, avx512_vaes, avx512_vnni, clflush, clflushopt, clwb, avx512_vbmi2, avx512_vbmi

Memory: 4k page, system-wide physical 7900M (383M free)
TotalPageFile size 25566M (AvailPageFile size 7M)
current process WorkingSet (physical memory assigned to process): 148M, peak: 162M
current process commit charge ("private bytes"): 417M, peak: 427M

vm_info: Java HotSpot(TM) 64-Bit Server VM (17.0.10+11-LTS-240) for windows-amd64 JRE (17.0.10+11-LTS-240), built on Dec 19 2023 21:47:25 by "mach5one" with MS VC++ 17.1 (VS2022)

END.
