#
# There is insufficient memory for the Java Runtime Environment to continue.
# Native memory allocation (malloc) failed to allocate 262160 bytes for Chunk::new
# Possible reasons:
#   The system is out of physical RAM or swap space
#   The process is running with CompressedOops enabled, and the Java Heap may be blocking the growth of the native heap
# Possible solutions:
#   Reduce memory load on the system
#   Increase physical memory or swap space
#   Check if swap backing store is full
#   Decrease Java heap size (-Xmx/-Xms)
#   Decrease number of Java threads
#   Decrease Java thread stack sizes (-Xss)
#   Set larger code cache with -XX:ReservedCodeCacheSize=
#   JVM is running with Unscaled Compressed Oops mode in which the Java heap is
#     placed in the first 4GB address space. The Java Heap base address is the
#     maximum limit for the native heap growth. Please use -XX:HeapBaseMinAddress
#     to set the Java Heap base and to place the Java Heap above 4GB virtual address.
# This output file may be truncated or incomplete.
#
#  Out of Memory Error (arena.cpp:189), pid=24700, tid=26128
#
# JRE version: Java(TM) SE Runtime Environment (17.0.10+11) (build 17.0.10+11-LTS-240)
# Java VM: Java HotSpot(TM) 64-Bit Server VM (17.0.10+11-LTS-240, mixed mode, sharing, tiered, compressed oops, compressed class ptrs, g1 gc, windows-amd64)
# No core dump will be written. Minidumps are not enabled by default on client versions of Windows
#

---------------  S U M M A R Y ------------

Command Line: --add-opens=java.base/java.util=ALL-UNNAMED --add-opens=java.base/java.lang=ALL-UNNAMED --add-opens=java.base/java.lang.invoke=ALL-UNNAMED --add-opens=java.prefs/java.util.prefs=ALL-UNNAMED --add-opens=java.base/java.nio.charset=ALL-UNNAMED --add-opens=java.base/java.net=ALL-UNNAMED --add-opens=java.base/java.util.concurrent.atomic=ALL-UNNAMED -XX:MaxMetaspaceSize=384m -XX:+HeapDumpOnOutOfMemoryError -Xms256m -Xmx512m -Dfile.encoding=x-windows-949 -Duser.country=KR -Duser.language=ko -Duser.variant -javaagent:C:\Users\kimys\.gradle\wrapper\dists\gradle-8.7-bin\bhs2wmbdwecv87pi65oeuq5iu\gradle-8.7\lib\agents\gradle-instrumentation-agent-8.7.jar org.gradle.launcher.daemon.bootstrap.GradleDaemon 8.7

Host: 11th Gen Intel(R) Core(TM) i5-1155G7 @ 2.50GHz, 8 cores, 7G,  Windows 11 , 64 bit Build 22621 (10.0.22621.3374)
Time: Mon May  6 20:14:48 2024  Windows 11 , 64 bit Build 22621 (10.0.22621.3374) elapsed time: 69.185487 seconds (0d 0h 1m 9s)

---------------  T H R E A D  ---------------

Current thread (0x000001cdfb8c6db0):  JavaThread "C2 CompilerThread0" daemon [_thread_in_native, id=26128, stack(0x0000008d9f400000,0x0000008d9f500000)]


Current CompileTask:
C2:  69185 4114       4       org.codehaus.groovy.runtime.metaclass.MetaMethodIndex::addMethodToList (128 bytes)

Stack: [0x0000008d9f400000,0x0000008d9f500000]
Native frames: (J=compiled Java code, j=interpreted, Vv=VM code, C=native code)
V  [jvm.dll+0x677a5a]
V  [jvm.dll+0x7d8b2d]
V  [jvm.dll+0x7da48e]
V  [jvm.dll+0x7daaf3]
V  [jvm.dll+0x2455ff]
V  [jvm.dll+0xaaafb]
V  [jvm.dll+0xab09c]
V  [jvm.dll+0xaac14]
V  [jvm.dll+0x6564ac]
V  [jvm.dll+0x21ed79]
V  [jvm.dll+0x69af41]
V  [jvm.dll+0x216aa9]
V  [jvm.dll+0x1a3410]
V  [jvm.dll+0x226aeb]
V  [jvm.dll+0x224cab]
V  [jvm.dll+0x78e45c]
V  [jvm.dll+0x78888a]
V  [jvm.dll+0x676935]
C  [ucrtbase.dll+0x29333]
C  [KERNEL32.DLL+0x1257d]
C  [ntdll.dll+0x5aa48]


---------------  P R O C E S S  ---------------

Threads class SMR info:
_java_thread_list=0x000001cda96c0640, length=38, elements={
0x000001cdeffa81f0, 0x000001cdfb8a0910, 0x000001cdfb8a3430, 0x000001cdfb8c11d0,
0x000001cdfb8c1aa0, 0x000001cdfb8c25b0, 0x000001cdfb8c58b0, 0x000001cdfb8c6db0,
0x000001cdfb8c9b60, 0x000001cda8108030, 0x000001cdfb88c190, 0x000001cda8233d60,
0x000001cda996b230, 0x000001cda9d2a580, 0x000001cda8dd2110, 0x000001cda9428980,
0x000001cda9d3ce80, 0x000001cda81c0df0, 0x000001cda9a4c440, 0x000001cda821b390,
0x000001cda8219f50, 0x000001cda8218b10, 0x000001cda821bdb0, 0x000001cda821a460,
0x000001cda8219020, 0x000001cda8218600, 0x000001cda8219530, 0x000001cda821a970,
0x000001cda8219a40, 0x000001cda821ae80, 0x000001cdaa6b28e0, 0x000001cdaa6b74d0,
0x000001cdaa6b65a0, 0x000001cdaa6b19b0, 0x000001cdaa6b0a80, 0x000001cdaa6b5670,
0x000001cdaa6b4230, 0x000001cdaa6b6090
}

Java Threads: ( => current thread )
  0x000001cdeffa81f0 JavaThread "main" [_thread_blocked, id=11160, stack(0x0000008d9e700000,0x0000008d9e800000)]
  0x000001cdfb8a0910 JavaThread "Reference Handler" daemon [_thread_blocked, id=956, stack(0x0000008d9ee00000,0x0000008d9ef00000)]
  0x000001cdfb8a3430 JavaThread "Finalizer" daemon [_thread_blocked, id=8916, stack(0x0000008d9ef00000,0x0000008d9f000000)]
  0x000001cdfb8c11d0 JavaThread "Signal Dispatcher" daemon [_thread_blocked, id=12500, stack(0x0000008d9f000000,0x0000008d9f100000)]
  0x000001cdfb8c1aa0 JavaThread "Attach Listener" daemon [_thread_blocked, id=6968, stack(0x0000008d9f100000,0x0000008d9f200000)]
  0x000001cdfb8c25b0 JavaThread "Service Thread" daemon [_thread_blocked, id=12160, stack(0x0000008d9f200000,0x0000008d9f300000)]
  0x000001cdfb8c58b0 JavaThread "Monitor Deflation Thread" daemon [_thread_blocked, id=10948, stack(0x0000008d9f300000,0x0000008d9f400000)]
=>0x000001cdfb8c6db0 JavaThread "C2 CompilerThread0" daemon [_thread_in_native, id=26128, stack(0x0000008d9f400000,0x0000008d9f500000)]
  0x000001cdfb8c9b60 JavaThread "C1 CompilerThread0" daemon [_thread_in_native, id=17016, stack(0x0000008d9f500000,0x0000008d9f600000)]
  0x000001cda8108030 JavaThread "Sweeper thread" daemon [_thread_blocked, id=1608, stack(0x0000008d9f600000,0x0000008d9f700000)]
  0x000001cdfb88c190 JavaThread "Common-Cleaner" daemon [_thread_blocked, id=16972, stack(0x0000008d9f700000,0x0000008d9f800000)]
  0x000001cda8233d60 JavaThread "Notification Thread" daemon [_thread_blocked, id=8724, stack(0x0000008d9f800000,0x0000008d9f900000)]
  0x000001cda996b230 JavaThread "Daemon health stats" [_thread_blocked, id=26796, stack(0x0000008d9ff00000,0x0000008da0000000)]
  0x000001cda9d2a580 JavaThread "Incoming local TCP Connector on port 49169" [_thread_in_native, id=10800, stack(0x0000008da0000000,0x0000008da0100000)]
  0x000001cda8dd2110 JavaThread "Daemon periodic checks" [_thread_blocked, id=31724, stack(0x0000008da0100000,0x0000008da0200000)]
  0x000001cda9428980 JavaThread "Daemon" [_thread_blocked, id=24848, stack(0x0000008da0200000,0x0000008da0300000)]
  0x000001cda9d3ce80 JavaThread "Handler for socket connection from /127.0.0.1:49169 to /127.0.0.1:49179" [_thread_in_native, id=31332, stack(0x0000008da0300000,0x0000008da0400000)]
  0x000001cda81c0df0 JavaThread "Cancel handler" [_thread_blocked, id=11780, stack(0x0000008da0400000,0x0000008da0500000)]
  0x000001cda9a4c440 JavaThread "Daemon worker" [_thread_in_vm, id=19716, stack(0x0000008da0500000,0x0000008da0600000)]
  0x000001cda821b390 JavaThread "Asynchronous log dispatcher for DefaultDaemonConnection: socket connection from /127.0.0.1:49169 to /127.0.0.1:49179" [_thread_blocked, id=31256, stack(0x0000008da0600000,0x0000008da0700000)]
  0x000001cda8219f50 JavaThread "Stdin handler" [_thread_blocked, id=764, stack(0x0000008da0700000,0x0000008da0800000)]
  0x000001cda8218b10 JavaThread "Daemon client event forwarder" [_thread_blocked, id=18004, stack(0x0000008da0800000,0x0000008da0900000)]
  0x000001cda821bdb0 JavaThread "Cache worker for journal cache (C:\Users\kimys\.gradle\caches\journal-1)" [_thread_blocked, id=31052, stack(0x0000008da0b00000,0x0000008da0c00000)]
  0x000001cda821a460 JavaThread "File lock request listener" [_thread_in_native, id=21836, stack(0x0000008da0c00000,0x0000008da0d00000)]
  0x000001cda8219020 JavaThread "File lock release action executor" [_thread_blocked, id=11080, stack(0x0000008da0d00000,0x0000008da0e00000)]
  0x000001cda8218600 JavaThread "Cache worker for file hash cache (C:\Users\kimys\.gradle\caches\8.7\fileHashes)" [_thread_blocked, id=9420, stack(0x0000008da0e00000,0x0000008da0f00000)]
  0x000001cda8219530 JavaThread "Cache worker for file hash cache (E:\_____spring___\스프링 자료\board_final\.gradle\8.7\fileHashes)" [_thread_blocked, id=8756, stack(0x0000008da0f00000,0x0000008da1000000)]
  0x000001cda821a970 JavaThread "File watcher server" daemon [_thread_in_native, id=11732, stack(0x0000008da1000000,0x0000008da1100000)]
  0x000001cda8219a40 JavaThread "File watcher consumer" daemon [_thread_blocked, id=12284, stack(0x0000008da1100000,0x0000008da1200000)]
  0x000001cda821ae80 JavaThread "Cache worker for checksums cache (E:\_____spring___\스프링 자료\board_final\.gradle\8.7\checksums)" [_thread_blocked, id=10180, stack(0x0000008da1300000,0x0000008da1400000)]
  0x000001cdaa6b28e0 JavaThread "Cache worker for cache directory md-supplier (C:\Users\kimys\.gradle\caches\8.7\md-supplier)" [_thread_blocked, id=3820, stack(0x0000008da1400000,0x0000008da1500000)]
  0x000001cdaa6b74d0 JavaThread "Cache worker for cache directory md-rule (C:\Users\kimys\.gradle\caches\8.7\md-rule)" [_thread_blocked, id=3760, stack(0x0000008da1500000,0x0000008da1600000)]
  0x000001cdaa6b65a0 JavaThread "Cache worker for file content cache (C:\Users\kimys\.gradle\caches\8.7\fileContent)" [_thread_blocked, id=9044, stack(0x0000008da1600000,0x0000008da1700000)]
  0x000001cdaa6b19b0 JavaThread "jar transforms" [_thread_blocked, id=16584, stack(0x0000008da1900000,0x0000008da1a00000)]
  0x000001cdaa6b0a80 JavaThread "jar transforms Thread 2" [_thread_blocked, id=23080, stack(0x0000008da1a00000,0x0000008da1b00000)]
  0x000001cdaa6b5670 JavaThread "File lock release action executor Thread 2" [_thread_blocked, id=29984, stack(0x0000008da1b00000,0x0000008da1c00000)]
  0x000001cdaa6b4230 JavaThread "jar transforms Thread 3" [_thread_blocked, id=30680, stack(0x0000008da1c00000,0x0000008da1d00000)]
  0x000001cdaa6b6090 JavaThread "jar transforms Thread 4" [_thread_blocked, id=31140, stack(0x0000008da1d00000,0x0000008da1e00000)]

Other Threads:
  0x000001cdfb899a30 VMThread "VM Thread" [stack: 0x0000008d9ed00000,0x0000008d9ee00000] [id=7544]
  0x000001cdeffa8e70 WatcherThread [stack: 0x0000008d9f900000,0x0000008d9fa00000] [id=28696]
  0x000001cdeffd7010 GCTaskThread "GC Thread#0" [stack: 0x0000008d9e800000,0x0000008d9e900000] [id=28096]
  0x000001cda8dfe6a0 GCTaskThread "GC Thread#1" [stack: 0x0000008d9fa00000,0x0000008d9fb00000] [id=31024]
  0x000001cda86b1e40 GCTaskThread "GC Thread#2" [stack: 0x0000008d9fb00000,0x0000008d9fc00000] [id=14780]
  0x000001cda86b2100 GCTaskThread "GC Thread#3" [stack: 0x0000008d9fc00000,0x0000008d9fd00000] [id=11936]
  0x000001cda8e47290 GCTaskThread "GC Thread#4" [stack: 0x0000008d9fd00000,0x0000008d9fe00000] [id=30480]
  0x000001cda8e47550 GCTaskThread "GC Thread#5" [stack: 0x0000008d9fe00000,0x0000008d9ff00000] [id=6688]
  0x000001cda9d5b420 GCTaskThread "GC Thread#6" [stack: 0x0000008da0900000,0x0000008da0a00000] [id=3564]
  0x000001cdaa3ddb10 GCTaskThread "GC Thread#7" [stack: 0x0000008da0a00000,0x0000008da0b00000] [id=7904]
  0x000001cdeffdcb20 ConcurrentGCThread "G1 Main Marker" [stack: 0x0000008d9e900000,0x0000008d9ea00000] [id=5584]
  0x000001cdeffdd430 ConcurrentGCThread "G1 Conc#0" [stack: 0x0000008d9ea00000,0x0000008d9eb00000] [id=3472]
  0x000001cda9ed1850 ConcurrentGCThread "G1 Conc#1" [stack: 0x0000008da1200000,0x0000008da1300000] [id=25140]
  0x000001cdf004d650 ConcurrentGCThread "G1 Refine#0" [stack: 0x0000008d9eb00000,0x0000008d9ec00000] [id=8168]
  0x000001cdfb75e540 ConcurrentGCThread "G1 Service" [stack: 0x0000008d9ec00000,0x0000008d9ed00000] [id=30716]

Threads with active compile tasks:
C2 CompilerThread0    69315 4114       4       org.codehaus.groovy.runtime.metaclass.MetaMethodIndex::addMethodToList (128 bytes)
C1 CompilerThread0    69315 4122       3       jdk.internal.org.objectweb.asm.Frame::execute (2305 bytes)

VM state: not at safepoint (normal execution)

VM Mutex/Monitor currently owned by a thread: None

Heap address: 0x00000000e0000000, size: 512 MB, Compressed Oops mode: 32-bit

CDS archive(s) mapped at: [0x000001cd8f000000-0x000001cd8fbd0000-0x000001cd8fbd0000), size 12386304, SharedBaseAddress: 0x000001cd8f000000, ArchiveRelocationMode: 1.
Compressed class space mapped at: 0x000001cd90000000-0x000001cda4000000, reserved size: 335544320
Narrow klass base: 0x000001cd8f000000, Narrow klass shift: 0, Narrow klass range: 0x100000000

GC Precious Log:
 CPUs: 8 total, 8 available
 Memory: 7900M
 Large Page Support: Disabled
 NUMA Support: Disabled
 Compressed Oops: Enabled (32-bit)
 Heap Region Size: 1M
 Heap Min Capacity: 256M
 Heap Initial Capacity: 256M
 Heap Max Capacity: 512M
 Pre-touch: Disabled
 Parallel Workers: 8
 Concurrent Workers: 2
 Concurrent Refinement Workers: 8
 Periodic GC: Disabled

Heap:
 garbage-first heap   total 262144K, used 129884K [0x00000000e0000000, 0x0000000100000000)
  region size 1024K, 105 young (107520K), 4 survivors (4096K)
 Metaspace       used 34328K, committed 34688K, reserved 393216K
  class space    used 4766K, committed 4928K, reserved 327680K

Heap Regions: E=young(eden), S=young(survivor), O=old, HS=humongous(starts), HC=humongous(continues), CS=collection set, F=free, OA=open archive, CA=closed archive, TAMS=top-at-mark-start (previous, next)
|   0|0x00000000e0000000, 0x00000000e0100000, 0x00000000e0100000|100%|HS|  |TAMS 0x00000000e0100000, 0x00000000e0000000| Complete 
|   1|0x00000000e0100000, 0x00000000e0200000, 0x00000000e0200000|100%|HC|  |TAMS 0x00000000e0200000, 0x00000000e0100000| Complete 
|   2|0x00000000e0200000, 0x00000000e0300000, 0x00000000e0300000|100%|HC|  |TAMS 0x00000000e0300000, 0x00000000e0200000| Complete 
|   3|0x00000000e0300000, 0x00000000e0400000, 0x00000000e0400000|100%|HC|  |TAMS 0x00000000e0400000, 0x00000000e0300000| Complete 
|   4|0x00000000e0400000, 0x00000000e0500000, 0x00000000e0500000|100%| O|  |TAMS 0x00000000e0500000, 0x00000000e0400000| Untracked 
|   5|0x00000000e0500000, 0x00000000e0600000, 0x00000000e0600000|100%| O|  |TAMS 0x00000000e0600000, 0x00000000e0500000| Untracked 
|   6|0x00000000e0600000, 0x00000000e0700000, 0x00000000e0700000|100%| O|  |TAMS 0x00000000e0700000, 0x00000000e0600000| Untracked 
|   7|0x00000000e0700000, 0x00000000e0800000, 0x00000000e0800000|100%| O|  |TAMS 0x00000000e0800000, 0x00000000e0700000| Untracked 
|   8|0x00000000e0800000, 0x00000000e0900000, 0x00000000e0900000|100%| O|  |TAMS 0x00000000e0900000, 0x00000000e0800000| Untracked 
|   9|0x00000000e0900000, 0x00000000e0a00000, 0x00000000e0a00000|100%| O|  |TAMS 0x00000000e0a00000, 0x00000000e0900000| Untracked 
|  10|0x00000000e0a00000, 0x00000000e0b00000, 0x00000000e0b00000|100%| O|  |TAMS 0x00000000e0b00000, 0x00000000e0a00000| Untracked 
|  11|0x00000000e0b00000, 0x00000000e0c00000, 0x00000000e0c00000|100%| O|  |TAMS 0x00000000e0c00000, 0x00000000e0b00000| Untracked 
|  12|0x00000000e0c00000, 0x00000000e0d00000, 0x00000000e0d00000|100%| O|  |TAMS 0x00000000e0d00000, 0x00000000e0c00000| Untracked 
|  13|0x00000000e0d00000, 0x00000000e0e00000, 0x00000000e0e00000|100%| O|  |TAMS 0x00000000e0e00000, 0x00000000e0d00000| Untracked 
|  14|0x00000000e0e00000, 0x00000000e0f00000, 0x00000000e0f00000|100%| O|  |TAMS 0x00000000e0f00000, 0x00000000e0e00000| Untracked 
|  15|0x00000000e0f00000, 0x00000000e1000000, 0x00000000e1000000|100%| O|  |TAMS 0x00000000e1000000, 0x00000000e0f00000| Untracked 
|  16|0x00000000e1000000, 0x00000000e1100000, 0x00000000e1100000|100%| O|  |TAMS 0x00000000e1100000, 0x00000000e1000000| Untracked 
|  17|0x00000000e1100000, 0x00000000e1200000, 0x00000000e1200000|100%| O|  |TAMS 0x00000000e1200000, 0x00000000e1100000| Untracked 
|  18|0x00000000e1200000, 0x00000000e1300000, 0x00000000e1300000|100%| O|  |TAMS 0x00000000e1300000, 0x00000000e1200000| Untracked 
|  19|0x00000000e1300000, 0x00000000e1389200, 0x00000000e1400000| 53%| O|  |TAMS 0x00000000e1389200, 0x00000000e1300000| Untracked 
|  20|0x00000000e1400000, 0x00000000e1500000, 0x00000000e1500000|100%|HS|  |TAMS 0x00000000e1400000, 0x00000000e1400000| Complete 
|  21|0x00000000e1500000, 0x00000000e1600000, 0x00000000e1600000|100%|HS|  |TAMS 0x00000000e1500000, 0x00000000e1500000| Complete 
|  22|0x00000000e1600000, 0x00000000e1700000, 0x00000000e1700000|100%|HC|  |TAMS 0x00000000e1600000, 0x00000000e1600000| Complete 
|  23|0x00000000e1700000, 0x00000000e1800000, 0x00000000e1800000|100%|HS|  |TAMS 0x00000000e1700000, 0x00000000e1700000| Complete 
|  24|0x00000000e1800000, 0x00000000e1900000, 0x00000000e1900000|100%|HC|  |TAMS 0x00000000e1800000, 0x00000000e1800000| Complete 
|  25|0x00000000e1900000, 0x00000000e1900000, 0x00000000e1a00000|  0%| F|  |TAMS 0x00000000e1900000, 0x00000000e1900000| Untracked 
|  26|0x00000000e1a00000, 0x00000000e1a00000, 0x00000000e1b00000|  0%| F|  |TAMS 0x00000000e1a00000, 0x00000000e1a00000| Untracked 
|  27|0x00000000e1b00000, 0x00000000e1b00000, 0x00000000e1c00000|  0%| F|  |TAMS 0x00000000e1b00000, 0x00000000e1b00000| Untracked 
|  28|0x00000000e1c00000, 0x00000000e1c00000, 0x00000000e1d00000|  0%| F|  |TAMS 0x00000000e1c00000, 0x00000000e1c00000| Untracked 
|  29|0x00000000e1d00000, 0x00000000e1d00000, 0x00000000e1e00000|  0%| F|  |TAMS 0x00000000e1d00000, 0x00000000e1d00000| Untracked 
|  30|0x00000000e1e00000, 0x00000000e1e00000, 0x00000000e1f00000|  0%| F|  |TAMS 0x00000000e1e00000, 0x00000000e1e00000| Untracked 
|  31|0x00000000e1f00000, 0x00000000e1f00000, 0x00000000e2000000|  0%| F|  |TAMS 0x00000000e1f00000, 0x00000000e1f00000| Untracked 
|  32|0x00000000e2000000, 0x00000000e2000000, 0x00000000e2100000|  0%| F|  |TAMS 0x00000000e2000000, 0x00000000e2000000| Untracked 
|  33|0x00000000e2100000, 0x00000000e2100000, 0x00000000e2200000|  0%| F|  |TAMS 0x00000000e2100000, 0x00000000e2100000| Untracked 
|  34|0x00000000e2200000, 0x00000000e2200000, 0x00000000e2300000|  0%| F|  |TAMS 0x00000000e2200000, 0x00000000e2200000| Untracked 
|  35|0x00000000e2300000, 0x00000000e2300000, 0x00000000e2400000|  0%| F|  |TAMS 0x00000000e2300000, 0x00000000e2300000| Untracked 
|  36|0x00000000e2400000, 0x00000000e2400000, 0x00000000e2500000|  0%| F|  |TAMS 0x00000000e2400000, 0x00000000e2400000| Untracked 
|  37|0x00000000e2500000, 0x00000000e2500000, 0x00000000e2600000|  0%| F|  |TAMS 0x00000000e2500000, 0x00000000e2500000| Untracked 
|  38|0x00000000e2600000, 0x00000000e2600000, 0x00000000e2700000|  0%| F|  |TAMS 0x00000000e2600000, 0x00000000e2600000| Untracked 
|  39|0x00000000e2700000, 0x00000000e2700000, 0x00000000e2800000|  0%| F|  |TAMS 0x00000000e2700000, 0x00000000e2700000| Untracked 
|  40|0x00000000e2800000, 0x00000000e2800000, 0x00000000e2900000|  0%| F|  |TAMS 0x00000000e2800000, 0x00000000e2800000| Untracked 
|  41|0x00000000e2900000, 0x00000000e2900000, 0x00000000e2a00000|  0%| F|  |TAMS 0x00000000e2900000, 0x00000000e2900000| Untracked 
|  42|0x00000000e2a00000, 0x00000000e2a00000, 0x00000000e2b00000|  0%| F|  |TAMS 0x00000000e2a00000, 0x00000000e2a00000| Untracked 
|  43|0x00000000e2b00000, 0x00000000e2b00000, 0x00000000e2c00000|  0%| F|  |TAMS 0x00000000e2b00000, 0x00000000e2b00000| Untracked 
|  44|0x00000000e2c00000, 0x00000000e2c00000, 0x00000000e2d00000|  0%| F|  |TAMS 0x00000000e2c00000, 0x00000000e2c00000| Untracked 
|  45|0x00000000e2d00000, 0x00000000e2d00000, 0x00000000e2e00000|  0%| F|  |TAMS 0x00000000e2d00000, 0x00000000e2d00000| Untracked 
|  46|0x00000000e2e00000, 0x00000000e2e00000, 0x00000000e2f00000|  0%| F|  |TAMS 0x00000000e2e00000, 0x00000000e2e00000| Untracked 
|  47|0x00000000e2f00000, 0x00000000e2f00000, 0x00000000e3000000|  0%| F|  |TAMS 0x00000000e2f00000, 0x00000000e2f00000| Untracked 
|  48|0x00000000e3000000, 0x00000000e3000000, 0x00000000e3100000|  0%| F|  |TAMS 0x00000000e3000000, 0x00000000e3000000| Untracked 
|  49|0x00000000e3100000, 0x00000000e3100000, 0x00000000e3200000|  0%| F|  |TAMS 0x00000000e3100000, 0x00000000e3100000| Untracked 
|  50|0x00000000e3200000, 0x00000000e3200000, 0x00000000e3300000|  0%| F|  |TAMS 0x00000000e3200000, 0x00000000e3200000| Untracked 
|  51|0x00000000e3300000, 0x00000000e3300000, 0x00000000e3400000|  0%| F|  |TAMS 0x00000000e3300000, 0x00000000e3300000| Untracked 
|  52|0x00000000e3400000, 0x00000000e3400000, 0x00000000e3500000|  0%| F|  |TAMS 0x00000000e3400000, 0x00000000e3400000| Untracked 
|  53|0x00000000e3500000, 0x00000000e3500000, 0x00000000e3600000|  0%| F|  |TAMS 0x00000000e3500000, 0x00000000e3500000| Untracked 
|  54|0x00000000e3600000, 0x00000000e3600000, 0x00000000e3700000|  0%| F|  |TAMS 0x00000000e3600000, 0x00000000e3600000| Untracked 
|  55|0x00000000e3700000, 0x00000000e3700000, 0x00000000e3800000|  0%| F|  |TAMS 0x00000000e3700000, 0x00000000e3700000| Untracked 
|  56|0x00000000e3800000, 0x00000000e3800000, 0x00000000e3900000|  0%| F|  |TAMS 0x00000000e3800000, 0x00000000e3800000| Untracked 
|  57|0x00000000e3900000, 0x00000000e3900000, 0x00000000e3a00000|  0%| F|  |TAMS 0x00000000e3900000, 0x00000000e3900000| Untracked 
|  58|0x00000000e3a00000, 0x00000000e3a00000, 0x00000000e3b00000|  0%| F|  |TAMS 0x00000000e3a00000, 0x00000000e3a00000| Untracked 
|  59|0x00000000e3b00000, 0x00000000e3b00000, 0x00000000e3c00000|  0%| F|  |TAMS 0x00000000e3b00000, 0x00000000e3b00000| Untracked 
|  60|0x00000000e3c00000, 0x00000000e3c00000, 0x00000000e3d00000|  0%| F|  |TAMS 0x00000000e3c00000, 0x00000000e3c00000| Untracked 
|  61|0x00000000e3d00000, 0x00000000e3d00000, 0x00000000e3e00000|  0%| F|  |TAMS 0x00000000e3d00000, 0x00000000e3d00000| Untracked 
|  62|0x00000000e3e00000, 0x00000000e3e00000, 0x00000000e3f00000|  0%| F|  |TAMS 0x00000000e3e00000, 0x00000000e3e00000| Untracked 
|  63|0x00000000e3f00000, 0x00000000e3f00000, 0x00000000e4000000|  0%| F|  |TAMS 0x00000000e3f00000, 0x00000000e3f00000| Untracked 
|  64|0x00000000e4000000, 0x00000000e4000000, 0x00000000e4100000|  0%| F|  |TAMS 0x00000000e4000000, 0x00000000e4000000| Untracked 
|  65|0x00000000e4100000, 0x00000000e4100000, 0x00000000e4200000|  0%| F|  |TAMS 0x00000000e4100000, 0x00000000e4100000| Untracked 
|  66|0x00000000e4200000, 0x00000000e4200000, 0x00000000e4300000|  0%| F|  |TAMS 0x00000000e4200000, 0x00000000e4200000| Untracked 
|  67|0x00000000e4300000, 0x00000000e4300000, 0x00000000e4400000|  0%| F|  |TAMS 0x00000000e4300000, 0x00000000e4300000| Untracked 
|  68|0x00000000e4400000, 0x00000000e4400000, 0x00000000e4500000|  0%| F|  |TAMS 0x00000000e4400000, 0x00000000e4400000| Untracked 
|  69|0x00000000e4500000, 0x00000000e4500000, 0x00000000e4600000|  0%| F|  |TAMS 0x00000000e4500000, 0x00000000e4500000| Untracked 
|  70|0x00000000e4600000, 0x00000000e4600000, 0x00000000e4700000|  0%| F|  |TAMS 0x00000000e4600000, 0x00000000e4600000| Untracked 
|  71|0x00000000e4700000, 0x00000000e4700000, 0x00000000e4800000|  0%| F|  |TAMS 0x00000000e4700000, 0x00000000e4700000| Untracked 
|  72|0x00000000e4800000, 0x00000000e4800000, 0x00000000e4900000|  0%| F|  |TAMS 0x00000000e4800000, 0x00000000e4800000| Untracked 
|  73|0x00000000e4900000, 0x00000000e4900000, 0x00000000e4a00000|  0%| F|  |TAMS 0x00000000e4900000, 0x00000000e4900000| Untracked 
|  74|0x00000000e4a00000, 0x00000000e4a00000, 0x00000000e4b00000|  0%| F|  |TAMS 0x00000000e4a00000, 0x00000000e4a00000| Untracked 
|  75|0x00000000e4b00000, 0x00000000e4b00000, 0x00000000e4c00000|  0%| F|  |TAMS 0x00000000e4b00000, 0x00000000e4b00000| Untracked 
|  76|0x00000000e4c00000, 0x00000000e4c00000, 0x00000000e4d00000|  0%| F|  |TAMS 0x00000000e4c00000, 0x00000000e4c00000| Untracked 
|  77|0x00000000e4d00000, 0x00000000e4d00000, 0x00000000e4e00000|  0%| F|  |TAMS 0x00000000e4d00000, 0x00000000e4d00000| Untracked 
|  78|0x00000000e4e00000, 0x00000000e4e00000, 0x00000000e4f00000|  0%| F|  |TAMS 0x00000000e4e00000, 0x00000000e4e00000| Untracked 
|  79|0x00000000e4f00000, 0x00000000e4f00000, 0x00000000e5000000|  0%| F|  |TAMS 0x00000000e4f00000, 0x00000000e4f00000| Untracked 
|  80|0x00000000e5000000, 0x00000000e5000000, 0x00000000e5100000|  0%| F|  |TAMS 0x00000000e5000000, 0x00000000e5000000| Untracked 
|  81|0x00000000e5100000, 0x00000000e5100000, 0x00000000e5200000|  0%| F|  |TAMS 0x00000000e5100000, 0x00000000e5100000| Untracked 
|  82|0x00000000e5200000, 0x00000000e5200000, 0x00000000e5300000|  0%| F|  |TAMS 0x00000000e5200000, 0x00000000e5200000| Untracked 
|  83|0x00000000e5300000, 0x00000000e5300000, 0x00000000e5400000|  0%| F|  |TAMS 0x00000000e5300000, 0x00000000e5300000| Untracked 
|  84|0x00000000e5400000, 0x00000000e5400000, 0x00000000e5500000|  0%| F|  |TAMS 0x00000000e5400000, 0x00000000e5400000| Untracked 
|  85|0x00000000e5500000, 0x00000000e5500000, 0x00000000e5600000|  0%| F|  |TAMS 0x00000000e5500000, 0x00000000e5500000| Untracked 
|  86|0x00000000e5600000, 0x00000000e5600000, 0x00000000e5700000|  0%| F|  |TAMS 0x00000000e5600000, 0x00000000e5600000| Untracked 
|  87|0x00000000e5700000, 0x00000000e5700000, 0x00000000e5800000|  0%| F|  |TAMS 0x00000000e5700000, 0x00000000e5700000| Untracked 
|  88|0x00000000e5800000, 0x00000000e5800000, 0x00000000e5900000|  0%| F|  |TAMS 0x00000000e5800000, 0x00000000e5800000| Untracked 
|  89|0x00000000e5900000, 0x00000000e5900000, 0x00000000e5a00000|  0%| F|  |TAMS 0x00000000e5900000, 0x00000000e5900000| Untracked 
|  90|0x00000000e5a00000, 0x00000000e5a00000, 0x00000000e5b00000|  0%| F|  |TAMS 0x00000000e5a00000, 0x00000000e5a00000| Untracked 
|  91|0x00000000e5b00000, 0x00000000e5b00000, 0x00000000e5c00000|  0%| F|  |TAMS 0x00000000e5b00000, 0x00000000e5b00000| Untracked 
|  92|0x00000000e5c00000, 0x00000000e5c00000, 0x00000000e5d00000|  0%| F|  |TAMS 0x00000000e5c00000, 0x00000000e5c00000| Untracked 
|  93|0x00000000e5d00000, 0x00000000e5d00000, 0x00000000e5e00000|  0%| F|  |TAMS 0x00000000e5d00000, 0x00000000e5d00000| Untracked 
|  94|0x00000000e5e00000, 0x00000000e5e00000, 0x00000000e5f00000|  0%| F|  |TAMS 0x00000000e5e00000, 0x00000000e5e00000| Untracked 
|  95|0x00000000e5f00000, 0x00000000e5f00000, 0x00000000e6000000|  0%| F|  |TAMS 0x00000000e5f00000, 0x00000000e5f00000| Untracked 
|  96|0x00000000e6000000, 0x00000000e6000000, 0x00000000e6100000|  0%| F|  |TAMS 0x00000000e6000000, 0x00000000e6000000| Untracked 
|  97|0x00000000e6100000, 0x00000000e6100000, 0x00000000e6200000|  0%| F|  |TAMS 0x00000000e6100000, 0x00000000e6100000| Untracked 
|  98|0x00000000e6200000, 0x00000000e6200000, 0x00000000e6300000|  0%| F|  |TAMS 0x00000000e6200000, 0x00000000e6200000| Untracked 
|  99|0x00000000e6300000, 0x00000000e6300000, 0x00000000e6400000|  0%| F|  |TAMS 0x00000000e6300000, 0x00000000e6300000| Untracked 
| 100|0x00000000e6400000, 0x00000000e6400000, 0x00000000e6500000|  0%| F|  |TAMS 0x00000000e6400000, 0x00000000e6400000| Untracked 
| 101|0x00000000e6500000, 0x00000000e6500000, 0x00000000e6600000|  0%| F|  |TAMS 0x00000000e6500000, 0x00000000e6500000| Untracked 
| 102|0x00000000e6600000, 0x00000000e6600000, 0x00000000e6700000|  0%| F|  |TAMS 0x00000000e6600000, 0x00000000e6600000| Untracked 
| 103|0x00000000e6700000, 0x00000000e6700000, 0x00000000e6800000|  0%| F|  |TAMS 0x00000000e6700000, 0x00000000e6700000| Untracked 
| 104|0x00000000e6800000, 0x00000000e6800000, 0x00000000e6900000|  0%| F|  |TAMS 0x00000000e6800000, 0x00000000e6800000| Untracked 
| 105|0x00000000e6900000, 0x00000000e6900000, 0x00000000e6a00000|  0%| F|  |TAMS 0x00000000e6900000, 0x00000000e6900000| Untracked 
| 106|0x00000000e6a00000, 0x00000000e6a00000, 0x00000000e6b00000|  0%| F|  |TAMS 0x00000000e6a00000, 0x00000000e6a00000| Untracked 
| 107|0x00000000e6b00000, 0x00000000e6b00000, 0x00000000e6c00000|  0%| F|  |TAMS 0x00000000e6b00000, 0x00000000e6b00000| Untracked 
| 108|0x00000000e6c00000, 0x00000000e6c00000, 0x00000000e6d00000|  0%| F|  |TAMS 0x00000000e6c00000, 0x00000000e6c00000| Untracked 
| 109|0x00000000e6d00000, 0x00000000e6d00000, 0x00000000e6e00000|  0%| F|  |TAMS 0x00000000e6d00000, 0x00000000e6d00000| Untracked 
| 110|0x00000000e6e00000, 0x00000000e6e00000, 0x00000000e6f00000|  0%| F|  |TAMS 0x00000000e6e00000, 0x00000000e6e00000| Untracked 
| 111|0x00000000e6f00000, 0x00000000e6f00000, 0x00000000e7000000|  0%| F|  |TAMS 0x00000000e6f00000, 0x00000000e6f00000| Untracked 
| 112|0x00000000e7000000, 0x00000000e7000000, 0x00000000e7100000|  0%| F|  |TAMS 0x00000000e7000000, 0x00000000e7000000| Untracked 
| 113|0x00000000e7100000, 0x00000000e7100000, 0x00000000e7200000|  0%| F|  |TAMS 0x00000000e7100000, 0x00000000e7100000| Untracked 
| 114|0x00000000e7200000, 0x00000000e7200000, 0x00000000e7300000|  0%| F|  |TAMS 0x00000000e7200000, 0x00000000e7200000| Untracked 
| 115|0x00000000e7300000, 0x00000000e7300000, 0x00000000e7400000|  0%| F|  |TAMS 0x00000000e7300000, 0x00000000e7300000| Untracked 
| 116|0x00000000e7400000, 0x00000000e7400000, 0x00000000e7500000|  0%| F|  |TAMS 0x00000000e7400000, 0x00000000e7400000| Untracked 
| 117|0x00000000e7500000, 0x00000000e7500000, 0x00000000e7600000|  0%| F|  |TAMS 0x00000000e7500000, 0x00000000e7500000| Untracked 
| 118|0x00000000e7600000, 0x00000000e7600000, 0x00000000e7700000|  0%| F|  |TAMS 0x00000000e7600000, 0x00000000e7600000| Untracked 
| 119|0x00000000e7700000, 0x00000000e7700000, 0x00000000e7800000|  0%| F|  |TAMS 0x00000000e7700000, 0x00000000e7700000| Untracked 
| 120|0x00000000e7800000, 0x00000000e7800000, 0x00000000e7900000|  0%| F|  |TAMS 0x00000000e7800000, 0x00000000e7800000| Untracked 
| 121|0x00000000e7900000, 0x00000000e7900000, 0x00000000e7a00000|  0%| F|  |TAMS 0x00000000e7900000, 0x00000000e7900000| Untracked 
| 122|0x00000000e7a00000, 0x00000000e7a00000, 0x00000000e7b00000|  0%| F|  |TAMS 0x00000000e7a00000, 0x00000000e7a00000| Untracked 
| 123|0x00000000e7b00000, 0x00000000e7b00000, 0x00000000e7c00000|  0%| F|  |TAMS 0x00000000e7b00000, 0x00000000e7b00000| Untracked 
| 124|0x00000000e7c00000, 0x00000000e7c00000, 0x00000000e7d00000|  0%| F|  |TAMS 0x00000000e7c00000, 0x00000000e7c00000| Untracked 
| 125|0x00000000e7d00000, 0x00000000e7d00000, 0x00000000e7e00000|  0%| F|  |TAMS 0x00000000e7d00000, 0x00000000e7d00000| Untracked 
| 126|0x00000000e7e00000, 0x00000000e7e00000, 0x00000000e7f00000|  0%| F|  |TAMS 0x00000000e7e00000, 0x00000000e7e00000| Untracked 
| 127|0x00000000e7f00000, 0x00000000e7f00000, 0x00000000e8000000|  0%| F|  |TAMS 0x00000000e7f00000, 0x00000000e7f00000| Untracked 
| 128|0x00000000e8000000, 0x00000000e8000000, 0x00000000e8100000|  0%| F|  |TAMS 0x00000000e8000000, 0x00000000e8000000| Untracked 
| 129|0x00000000e8100000, 0x00000000e8100000, 0x00000000e8200000|  0%| F|  |TAMS 0x00000000e8100000, 0x00000000e8100000| Untracked 
| 130|0x00000000e8200000, 0x00000000e8200000, 0x00000000e8300000|  0%| F|  |TAMS 0x00000000e8200000, 0x00000000e8200000| Untracked 
| 131|0x00000000e8300000, 0x00000000e8300000, 0x00000000e8400000|  0%| F|  |TAMS 0x00000000e8300000, 0x00000000e8300000| Untracked 
| 132|0x00000000e8400000, 0x00000000e8400000, 0x00000000e8500000|  0%| F|  |TAMS 0x00000000e8400000, 0x00000000e8400000| Untracked 
| 133|0x00000000e8500000, 0x00000000e8500000, 0x00000000e8600000|  0%| F|  |TAMS 0x00000000e8500000, 0x00000000e8500000| Untracked 
| 134|0x00000000e8600000, 0x00000000e8600000, 0x00000000e8700000|  0%| F|  |TAMS 0x00000000e8600000, 0x00000000e8600000| Untracked 
| 135|0x00000000e8700000, 0x00000000e8700000, 0x00000000e8800000|  0%| F|  |TAMS 0x00000000e8700000, 0x00000000e8700000| Untracked 
| 136|0x00000000e8800000, 0x00000000e8800000, 0x00000000e8900000|  0%| F|  |TAMS 0x00000000e8800000, 0x00000000e8800000| Untracked 
| 137|0x00000000e8900000, 0x00000000e8900000, 0x00000000e8a00000|  0%| F|  |TAMS 0x00000000e8900000, 0x00000000e8900000| Untracked 
| 138|0x00000000e8a00000, 0x00000000e8a00000, 0x00000000e8b00000|  0%| F|  |TAMS 0x00000000e8a00000, 0x00000000e8a00000| Untracked 
| 139|0x00000000e8b00000, 0x00000000e8b00000, 0x00000000e8c00000|  0%| F|  |TAMS 0x00000000e8b00000, 0x00000000e8b00000| Untracked 
| 140|0x00000000e8c00000, 0x00000000e8c00000, 0x00000000e8d00000|  0%| F|  |TAMS 0x00000000e8c00000, 0x00000000e8c00000| Untracked 
| 141|0x00000000e8d00000, 0x00000000e8d00000, 0x00000000e8e00000|  0%| F|  |TAMS 0x00000000e8d00000, 0x00000000e8d00000| Untracked 
| 142|0x00000000e8e00000, 0x00000000e8e00000, 0x00000000e8f00000|  0%| F|  |TAMS 0x00000000e8e00000, 0x00000000e8e00000| Untracked 
| 143|0x00000000e8f00000, 0x00000000e8f00000, 0x00000000e9000000|  0%| F|  |TAMS 0x00000000e8f00000, 0x00000000e8f00000| Untracked 
| 144|0x00000000e9000000, 0x00000000e9000000, 0x00000000e9100000|  0%| F|  |TAMS 0x00000000e9000000, 0x00000000e9000000| Untracked 
| 145|0x00000000e9100000, 0x00000000e9100000, 0x00000000e9200000|  0%| F|  |TAMS 0x00000000e9100000, 0x00000000e9100000| Untracked 
| 146|0x00000000e9200000, 0x00000000e9200000, 0x00000000e9300000|  0%| F|  |TAMS 0x00000000e9200000, 0x00000000e9200000| Untracked 
| 147|0x00000000e9300000, 0x00000000e9300000, 0x00000000e9400000|  0%| F|  |TAMS 0x00000000e9300000, 0x00000000e9300000| Untracked 
| 148|0x00000000e9400000, 0x00000000e9400000, 0x00000000e9500000|  0%| F|  |TAMS 0x00000000e9400000, 0x00000000e9400000| Untracked 
| 149|0x00000000e9500000, 0x00000000e9500000, 0x00000000e9600000|  0%| F|  |TAMS 0x00000000e9500000, 0x00000000e9500000| Untracked 
| 150|0x00000000e9600000, 0x00000000e9600000, 0x00000000e9700000|  0%| F|  |TAMS 0x00000000e9600000, 0x00000000e9600000| Untracked 
| 151|0x00000000e9700000, 0x00000000e9780800, 0x00000000e9800000| 50%| E|  |TAMS 0x00000000e9700000, 0x00000000e9700000| Complete 
| 152|0x00000000e9800000, 0x00000000e9900000, 0x00000000e9900000|100%| E|CS|TAMS 0x00000000e9800000, 0x00000000e9800000| Complete 
| 153|0x00000000e9900000, 0x00000000e9a00000, 0x00000000e9a00000|100%| E|CS|TAMS 0x00000000e9900000, 0x00000000e9900000| Complete 
| 154|0x00000000e9a00000, 0x00000000e9b00000, 0x00000000e9b00000|100%| E|CS|TAMS 0x00000000e9a00000, 0x00000000e9a00000| Complete 
| 155|0x00000000e9b00000, 0x00000000e9c00000, 0x00000000e9c00000|100%| E|CS|TAMS 0x00000000e9b00000, 0x00000000e9b00000| Complete 
| 156|0x00000000e9c00000, 0x00000000e9d00000, 0x00000000e9d00000|100%| E|CS|TAMS 0x00000000e9c00000, 0x00000000e9c00000| Complete 
| 157|0x00000000e9d00000, 0x00000000e9e00000, 0x00000000e9e00000|100%| E|CS|TAMS 0x00000000e9d00000, 0x00000000e9d00000| Complete 
| 158|0x00000000e9e00000, 0x00000000e9f00000, 0x00000000e9f00000|100%| E|CS|TAMS 0x00000000e9e00000, 0x00000000e9e00000| Complete 
| 159|0x00000000e9f00000, 0x00000000ea000000, 0x00000000ea000000|100%| E|CS|TAMS 0x00000000e9f00000, 0x00000000e9f00000| Complete 
| 160|0x00000000ea000000, 0x00000000ea100000, 0x00000000ea100000|100%| E|  |TAMS 0x00000000ea000000, 0x00000000ea000000| Complete 
| 161|0x00000000ea100000, 0x00000000ea200000, 0x00000000ea200000|100%| E|CS|TAMS 0x00000000ea100000, 0x00000000ea100000| Complete 
| 162|0x00000000ea200000, 0x00000000ea300000, 0x00000000ea300000|100%| E|CS|TAMS 0x00000000ea200000, 0x00000000ea200000| Complete 
| 163|0x00000000ea300000, 0x00000000ea400000, 0x00000000ea400000|100%| E|CS|TAMS 0x00000000ea300000, 0x00000000ea300000| Complete 
| 164|0x00000000ea400000, 0x00000000ea500000, 0x00000000ea500000|100%| E|CS|TAMS 0x00000000ea400000, 0x00000000ea400000| Complete 
| 165|0x00000000ea500000, 0x00000000ea600000, 0x00000000ea600000|100%| E|CS|TAMS 0x00000000ea500000, 0x00000000ea500000| Complete 
| 166|0x00000000ea600000, 0x00000000ea700000, 0x00000000ea700000|100%| E|CS|TAMS 0x00000000ea600000, 0x00000000ea600000| Complete 
| 167|0x00000000ea700000, 0x00000000ea800000, 0x00000000ea800000|100%| E|CS|TAMS 0x00000000ea700000, 0x00000000ea700000| Complete 
| 168|0x00000000ea800000, 0x00000000ea900000, 0x00000000ea900000|100%| E|CS|TAMS 0x00000000ea800000, 0x00000000ea800000| Complete 
| 169|0x00000000ea900000, 0x00000000eaa00000, 0x00000000eaa00000|100%| E|CS|TAMS 0x00000000ea900000, 0x00000000ea900000| Complete 
| 170|0x00000000eaa00000, 0x00000000eab00000, 0x00000000eab00000|100%| E|CS|TAMS 0x00000000eaa00000, 0x00000000eaa00000| Complete 
| 171|0x00000000eab00000, 0x00000000eac00000, 0x00000000eac00000|100%| E|CS|TAMS 0x00000000eab00000, 0x00000000eab00000| Complete 
| 172|0x00000000eac00000, 0x00000000ead00000, 0x00000000ead00000|100%| E|CS|TAMS 0x00000000eac00000, 0x00000000eac00000| Complete 
| 173|0x00000000ead00000, 0x00000000eae00000, 0x00000000eae00000|100%| E|CS|TAMS 0x00000000ead00000, 0x00000000ead00000| Complete 
| 174|0x00000000eae00000, 0x00000000eaf00000, 0x00000000eaf00000|100%| E|CS|TAMS 0x00000000eae00000, 0x00000000eae00000| Complete 
| 175|0x00000000eaf00000, 0x00000000eb000000, 0x00000000eb000000|100%| E|CS|TAMS 0x00000000eaf00000, 0x00000000eaf00000| Complete 
| 176|0x00000000eb000000, 0x00000000eb100000, 0x00000000eb100000|100%| E|CS|TAMS 0x00000000eb000000, 0x00000000eb000000| Complete 
| 177|0x00000000eb100000, 0x00000000eb200000, 0x00000000eb200000|100%| E|CS|TAMS 0x00000000eb100000, 0x00000000eb100000| Complete 
| 178|0x00000000eb200000, 0x00000000eb300000, 0x00000000eb300000|100%| E|CS|TAMS 0x00000000eb200000, 0x00000000eb200000| Complete 
| 179|0x00000000eb300000, 0x00000000eb400000, 0x00000000eb400000|100%| E|CS|TAMS 0x00000000eb300000, 0x00000000eb300000| Complete 
| 180|0x00000000eb400000, 0x00000000eb500000, 0x00000000eb500000|100%| E|CS|TAMS 0x00000000eb400000, 0x00000000eb400000| Complete 
| 181|0x00000000eb500000, 0x00000000eb600000, 0x00000000eb600000|100%| E|CS|TAMS 0x00000000eb500000, 0x00000000eb500000| Complete 
| 182|0x00000000eb600000, 0x00000000eb700000, 0x00000000eb700000|100%| E|CS|TAMS 0x00000000eb600000, 0x00000000eb600000| Complete 
| 183|0x00000000eb700000, 0x00000000eb800000, 0x00000000eb800000|100%| E|CS|TAMS 0x00000000eb700000, 0x00000000eb700000| Complete 
| 184|0x00000000eb800000, 0x00000000eb900000, 0x00000000eb900000|100%| E|CS|TAMS 0x00000000eb800000, 0x00000000eb800000| Complete 
| 185|0x00000000eb900000, 0x00000000eba00000, 0x00000000eba00000|100%| E|CS|TAMS 0x00000000eb900000, 0x00000000eb900000| Complete 
| 186|0x00000000eba00000, 0x00000000ebb00000, 0x00000000ebb00000|100%| E|CS|TAMS 0x00000000eba00000, 0x00000000eba00000| Complete 
| 187|0x00000000ebb00000, 0x00000000ebc00000, 0x00000000ebc00000|100%| E|CS|TAMS 0x00000000ebb00000, 0x00000000ebb00000| Complete 
| 188|0x00000000ebc00000, 0x00000000ebd00000, 0x00000000ebd00000|100%| E|CS|TAMS 0x00000000ebc00000, 0x00000000ebc00000| Complete 
| 189|0x00000000ebd00000, 0x00000000ebe00000, 0x00000000ebe00000|100%| E|CS|TAMS 0x00000000ebd00000, 0x00000000ebd00000| Complete 
| 190|0x00000000ebe00000, 0x00000000ebf00000, 0x00000000ebf00000|100%| E|CS|TAMS 0x00000000ebe00000, 0x00000000ebe00000| Complete 
| 191|0x00000000ebf00000, 0x00000000ec000000, 0x00000000ec000000|100%| E|CS|TAMS 0x00000000ebf00000, 0x00000000ebf00000| Complete 
| 192|0x00000000ec000000, 0x00000000ec100000, 0x00000000ec100000|100%| E|CS|TAMS 0x00000000ec000000, 0x00000000ec000000| Complete 
| 193|0x00000000ec100000, 0x00000000ec200000, 0x00000000ec200000|100%| E|CS|TAMS 0x00000000ec100000, 0x00000000ec100000| Complete 
| 194|0x00000000ec200000, 0x00000000ec300000, 0x00000000ec300000|100%| E|CS|TAMS 0x00000000ec200000, 0x00000000ec200000| Complete 
| 195|0x00000000ec300000, 0x00000000ec400000, 0x00000000ec400000|100%| E|CS|TAMS 0x00000000ec300000, 0x00000000ec300000| Complete 
| 196|0x00000000ec400000, 0x00000000ec500000, 0x00000000ec500000|100%| E|CS|TAMS 0x00000000ec400000, 0x00000000ec400000| Complete 
| 197|0x00000000ec500000, 0x00000000ec600000, 0x00000000ec600000|100%| E|CS|TAMS 0x00000000ec500000, 0x00000000ec500000| Complete 
| 198|0x00000000ec600000, 0x00000000ec700000, 0x00000000ec700000|100%| E|CS|TAMS 0x00000000ec600000, 0x00000000ec600000| Complete 
| 199|0x00000000ec700000, 0x00000000ec800000, 0x00000000ec800000|100%| E|CS|TAMS 0x00000000ec700000, 0x00000000ec700000| Complete 
| 200|0x00000000ec800000, 0x00000000ec900000, 0x00000000ec900000|100%| E|CS|TAMS 0x00000000ec800000, 0x00000000ec800000| Complete 
| 201|0x00000000ec900000, 0x00000000eca00000, 0x00000000eca00000|100%| E|CS|TAMS 0x00000000ec900000, 0x00000000ec900000| Complete 
| 202|0x00000000eca00000, 0x00000000ecb00000, 0x00000000ecb00000|100%| E|CS|TAMS 0x00000000eca00000, 0x00000000eca00000| Complete 
| 203|0x00000000ecb00000, 0x00000000ecc00000, 0x00000000ecc00000|100%| E|CS|TAMS 0x00000000ecb00000, 0x00000000ecb00000| Complete 
| 204|0x00000000ecc00000, 0x00000000ecd00000, 0x00000000ecd00000|100%| E|CS|TAMS 0x00000000ecc00000, 0x00000000ecc00000| Complete 
| 205|0x00000000ecd00000, 0x00000000ece00000, 0x00000000ece00000|100%| E|CS|TAMS 0x00000000ecd00000, 0x00000000ecd00000| Complete 
| 206|0x00000000ece00000, 0x00000000ecf00000, 0x00000000ecf00000|100%| E|CS|TAMS 0x00000000ece00000, 0x00000000ece00000| Complete 
| 207|0x00000000ecf00000, 0x00000000ed000000, 0x00000000ed000000|100%| E|CS|TAMS 0x00000000ecf00000, 0x00000000ecf00000| Complete 
| 208|0x00000000ed000000, 0x00000000ed100000, 0x00000000ed100000|100%| E|CS|TAMS 0x00000000ed000000, 0x00000000ed000000| Complete 
| 209|0x00000000ed100000, 0x00000000ed200000, 0x00000000ed200000|100%| E|CS|TAMS 0x00000000ed100000, 0x00000000ed100000| Complete 
| 210|0x00000000ed200000, 0x00000000ed300000, 0x00000000ed300000|100%| E|CS|TAMS 0x00000000ed200000, 0x00000000ed200000| Complete 
| 211|0x00000000ed300000, 0x00000000ed400000, 0x00000000ed400000|100%| E|CS|TAMS 0x00000000ed300000, 0x00000000ed300000| Complete 
| 212|0x00000000ed400000, 0x00000000ed500000, 0x00000000ed500000|100%| E|CS|TAMS 0x00000000ed400000, 0x00000000ed400000| Complete 
| 213|0x00000000ed500000, 0x00000000ed600000, 0x00000000ed600000|100%| E|CS|TAMS 0x00000000ed500000, 0x00000000ed500000| Complete 
| 214|0x00000000ed600000, 0x00000000ed700000, 0x00000000ed700000|100%| E|CS|TAMS 0x00000000ed600000, 0x00000000ed600000| Complete 
| 215|0x00000000ed700000, 0x00000000ed800000, 0x00000000ed800000|100%| E|CS|TAMS 0x00000000ed700000, 0x00000000ed700000| Complete 
| 216|0x00000000ed800000, 0x00000000ed900000, 0x00000000ed900000|100%| E|CS|TAMS 0x00000000ed800000, 0x00000000ed800000| Complete 
| 217|0x00000000ed900000, 0x00000000eda00000, 0x00000000eda00000|100%| E|CS|TAMS 0x00000000ed900000, 0x00000000ed900000| Complete 
| 218|0x00000000eda00000, 0x00000000edb00000, 0x00000000edb00000|100%| E|CS|TAMS 0x00000000eda00000, 0x00000000eda00000| Complete 
| 219|0x00000000edb00000, 0x00000000edc00000, 0x00000000edc00000|100%| E|CS|TAMS 0x00000000edb00000, 0x00000000edb00000| Complete 
| 220|0x00000000edc00000, 0x00000000edd00000, 0x00000000edd00000|100%| E|CS|TAMS 0x00000000edc00000, 0x00000000edc00000| Complete 
| 221|0x00000000edd00000, 0x00000000ede00000, 0x00000000ede00000|100%| E|CS|TAMS 0x00000000edd00000, 0x00000000edd00000| Complete 
| 222|0x00000000ede00000, 0x00000000edf00000, 0x00000000edf00000|100%| E|CS|TAMS 0x00000000ede00000, 0x00000000ede00000| Complete 
| 223|0x00000000edf00000, 0x00000000ee000000, 0x00000000ee000000|100%| E|CS|TAMS 0x00000000edf00000, 0x00000000edf00000| Complete 
| 224|0x00000000ee000000, 0x00000000ee100000, 0x00000000ee100000|100%| E|CS|TAMS 0x00000000ee000000, 0x00000000ee000000| Complete 
| 225|0x00000000ee100000, 0x00000000ee200000, 0x00000000ee200000|100%| E|CS|TAMS 0x00000000ee100000, 0x00000000ee100000| Complete 
| 226|0x00000000ee200000, 0x00000000ee300000, 0x00000000ee300000|100%| E|CS|TAMS 0x00000000ee200000, 0x00000000ee200000| Complete 
| 227|0x00000000ee300000, 0x00000000ee400000, 0x00000000ee400000|100%| E|CS|TAMS 0x00000000ee300000, 0x00000000ee300000| Complete 
| 228|0x00000000ee400000, 0x00000000ee500000, 0x00000000ee500000|100%| E|CS|TAMS 0x00000000ee400000, 0x00000000ee400000| Complete 
| 229|0x00000000ee500000, 0x00000000ee600000, 0x00000000ee600000|100%| E|CS|TAMS 0x00000000ee500000, 0x00000000ee500000| Complete 
| 230|0x00000000ee600000, 0x00000000ee700000, 0x00000000ee700000|100%| E|CS|TAMS 0x00000000ee600000, 0x00000000ee600000| Complete 
| 231|0x00000000ee700000, 0x00000000ee800000, 0x00000000ee800000|100%| E|CS|TAMS 0x00000000ee700000, 0x00000000ee700000| Complete 
| 232|0x00000000ee800000, 0x00000000ee900000, 0x00000000ee900000|100%| E|CS|TAMS 0x00000000ee800000, 0x00000000ee800000| Complete 
| 233|0x00000000ee900000, 0x00000000eea00000, 0x00000000eea00000|100%| E|CS|TAMS 0x00000000ee900000, 0x00000000ee900000| Complete 
| 234|0x00000000eea00000, 0x00000000eeb00000, 0x00000000eeb00000|100%| E|CS|TAMS 0x00000000eea00000, 0x00000000eea00000| Complete 
| 235|0x00000000eeb00000, 0x00000000eec00000, 0x00000000eec00000|100%| E|CS|TAMS 0x00000000eeb00000, 0x00000000eeb00000| Complete 
| 236|0x00000000eec00000, 0x00000000eed00000, 0x00000000eed00000|100%| E|CS|TAMS 0x00000000eec00000, 0x00000000eec00000| Complete 
| 237|0x00000000eed00000, 0x00000000eee00000, 0x00000000eee00000|100%| E|CS|TAMS 0x00000000eed00000, 0x00000000eed00000| Complete 
| 238|0x00000000eee00000, 0x00000000eef00000, 0x00000000eef00000|100%| E|CS|TAMS 0x00000000eee00000, 0x00000000eee00000| Complete 
| 239|0x00000000eef00000, 0x00000000ef000000, 0x00000000ef000000|100%| E|CS|TAMS 0x00000000eef00000, 0x00000000eef00000| Complete 
| 240|0x00000000ef000000, 0x00000000ef100000, 0x00000000ef100000|100%| E|CS|TAMS 0x00000000ef000000, 0x00000000ef000000| Complete 
| 241|0x00000000ef100000, 0x00000000ef200000, 0x00000000ef200000|100%| E|CS|TAMS 0x00000000ef100000, 0x00000000ef100000| Complete 
| 242|0x00000000ef200000, 0x00000000ef300000, 0x00000000ef300000|100%| E|CS|TAMS 0x00000000ef200000, 0x00000000ef200000| Complete 
| 243|0x00000000ef300000, 0x00000000ef400000, 0x00000000ef400000|100%| E|CS|TAMS 0x00000000ef300000, 0x00000000ef300000| Complete 
| 244|0x00000000ef400000, 0x00000000ef500000, 0x00000000ef500000|100%| E|CS|TAMS 0x00000000ef400000, 0x00000000ef400000| Complete 
| 245|0x00000000ef500000, 0x00000000ef54df60, 0x00000000ef600000| 30%| S|CS|TAMS 0x00000000ef500000, 0x00000000ef500000| Complete 
| 246|0x00000000ef600000, 0x00000000ef700000, 0x00000000ef700000|100%| S|CS|TAMS 0x00000000ef600000, 0x00000000ef600000| Complete 
| 247|0x00000000ef700000, 0x00000000ef800000, 0x00000000ef800000|100%| S|CS|TAMS 0x00000000ef700000, 0x00000000ef700000| Complete 
| 248|0x00000000ef800000, 0x00000000ef900000, 0x00000000ef900000|100%| S|CS|TAMS 0x00000000ef800000, 0x00000000ef800000| Complete 
| 249|0x00000000ef900000, 0x00000000efa00000, 0x00000000efa00000|100%| E|CS|TAMS 0x00000000ef900000, 0x00000000ef900000| Complete 
| 250|0x00000000efa00000, 0x00000000efb00000, 0x00000000efb00000|100%| E|CS|TAMS 0x00000000efa00000, 0x00000000efa00000| Complete 
| 251|0x00000000efb00000, 0x00000000efc00000, 0x00000000efc00000|100%| E|CS|TAMS 0x00000000efb00000, 0x00000000efb00000| Complete 
| 252|0x00000000efc00000, 0x00000000efd00000, 0x00000000efd00000|100%| E|CS|TAMS 0x00000000efc00000, 0x00000000efc00000| Complete 
| 253|0x00000000efd00000, 0x00000000efe00000, 0x00000000efe00000|100%| E|CS|TAMS 0x00000000efd00000, 0x00000000efd00000| Complete 
| 254|0x00000000efe00000, 0x00000000eff00000, 0x00000000eff00000|100%| E|CS|TAMS 0x00000000efe00000, 0x00000000efe00000| Complete 
| 255|0x00000000eff00000, 0x00000000f0000000, 0x00000000f0000000|100%| E|CS|TAMS 0x00000000eff00000, 0x00000000eff00000| Complete 

Card table byte_map: [0x000001cdf7c70000,0x000001cdf7d70000] _byte_map_base: 0x000001cdf7570000

Marking Bits (Prev, Next): (CMBitMap*) 0x000001cdeffd7570, (CMBitMap*) 0x000001cdeffd7530
 Prev Bits: [0x000001cdf8670000, 0x000001cdf8e70000)
 Next Bits: [0x000001cdf7e70000, 0x000001cdf8670000)

Polling page: 0x000001cdedeb0000

Metaspace:

Usage:
  Non-class:     28.88 MB used.
      Class:      4.66 MB used.
       Both:     33.54 MB used.

Virtual space:
  Non-class space:       64.00 MB reserved,      29.06 MB ( 45%) committed,  1 nodes.
      Class space:      320.00 MB reserved,       4.81 MB (  2%) committed,  1 nodes.
             Both:      384.00 MB reserved,      33.88 MB (  9%) committed. 

Chunk freelists:
   Non-Class:  2.43 MB
       Class:  11.00 MB
        Both:  13.43 MB

MaxMetaspaceSize: 384.00 MB
CompressedClassSpaceSize: 320.00 MB
Initial GC threshold: 21.00 MB
Current GC threshold: 35.12 MB
CDS: on
MetaspaceReclaimPolicy: balanced
 - commit_granule_bytes: 65536.
 - commit_granule_words: 8192.
 - virtual_space_node_default_size: 8388608.
 - enlarge_chunks_in_place: 1.
 - new_chunks_are_fully_committed: 0.
 - uncommit_free_chunks: 1.
 - use_allocation_guard: 0.
 - handle_deallocations: 1.


Internal statistics:

num_allocs_failed_limit: 3.
num_arena_births: 342.
num_arena_deaths: 0.
num_vsnodes_births: 2.
num_vsnodes_deaths: 0.
num_space_committed: 542.
num_space_uncommitted: 0.
num_chunks_returned_to_freelist: 3.
num_chunks_taken_from_freelist: 1601.
num_chunk_merges: 0.
num_chunk_splits: 1053.
num_chunks_enlarged: 750.
num_inconsistent_stats: 0.

CodeHeap 'non-profiled nmethods': size=120000Kb used=2370Kb max_used=2370Kb free=117629Kb
 bounds [0x000001cd87ad0000, 0x000001cd87d40000, 0x000001cd8f000000]
CodeHeap 'profiled nmethods': size=120000Kb used=8440Kb max_used=8440Kb free=111559Kb
 bounds [0x000001cd80000000, 0x000001cd80840000, 0x000001cd87530000]
CodeHeap 'non-nmethods': size=5760Kb used=2304Kb max_used=2334Kb free=3456Kb
 bounds [0x000001cd87530000, 0x000001cd877a0000, 0x000001cd87ad0000]
 total_blobs=4915 nmethods=4116 adapters=711
 compilation: enabled
              stopped_count=0, restarted_count=0
 full_count=0

Compilation events (20 events):
Event: 69.130 Thread 0x000001cdfb8c9b60 nmethod 4109 0x000001cd80835b10 code [0x000001cd80835dc0, 0x000001cd80836b28]
Event: 69.130 Thread 0x000001cdfb8c9b60 4110       3       org.gradle.internal.reflect.MutablePropertyDetails::getSetters (8 bytes)
Event: 69.130 Thread 0x000001cdfb8c9b60 nmethod 4110 0x000001cd80837010 code [0x000001cd80837200, 0x000001cd808377b8]
Event: 69.130 Thread 0x000001cdfb8c9b60 4111       3       org.gradle.internal.instantiation.generator.AbstractClassGenerator::access$1500 (5 bytes)
Event: 69.130 Thread 0x000001cdfb8c9b60 nmethod 4111 0x000001cd80837a10 code [0x000001cd80837ba0, 0x000001cd80837ca8]
Event: 69.130 Thread 0x000001cdfb8c9b60 4112       3       org.gradle.internal.instantiation.generator.AbstractClassGenerator::isLazyAttachProperty (46 bytes)
Event: 69.132 Thread 0x000001cdfb8c9b60 nmethod 4112 0x000001cd80837d90 code [0x000001cd80838120, 0x000001cd80839b08]
Event: 69.132 Thread 0x000001cdfb8c9b60 4113       1       com.google.common.collect.AbstractMapBasedMultimap::access$000 (5 bytes)
Event: 69.132 Thread 0x000001cdfb8c9b60 nmethod 4113 0x000001cd87d20790 code [0x000001cd87d20920, 0x000001cd87d209d8]
Event: 69.152 Thread 0x000001cdfb8c6db0 4114       4       org.codehaus.groovy.runtime.metaclass.MetaMethodIndex::addMethodToList (128 bytes)
Event: 69.153 Thread 0x000001cdfb8c9b60 4115       3       org.codehaus.groovy.reflection.CachedClass$CachedMethodComparatorWithString::compare (37 bytes)
Event: 69.154 Thread 0x000001cdfb8c9b60 nmethod 4115 0x000001cd8083a290 code [0x000001cd8083a4a0, 0x000001cd8083ac98]
Event: 69.158 Thread 0x000001cdfb8c9b60 4117       3       java.util.TreeMap::rotateLeft (96 bytes)
Event: 69.158 Thread 0x000001cdfb8c9b60 nmethod 4117 0x000001cd8083af10 code [0x000001cd8083b0e0, 0x000001cd8083b618]
Event: 69.159 Thread 0x000001cdfb8c9b60 4118       3       org.codehaus.groovy.reflection.CachedClass::getMethods (11 bytes)
Event: 69.159 Thread 0x000001cdfb8c9b60 nmethod 4118 0x000001cd8083b790 code [0x000001cd8083b940, 0x000001cd8083bc08]
Event: 69.160 Thread 0x000001cdfb8c9b60 4119       3       groovy.lang.MetaClassImpl::establishStaticMetaProperty (262 bytes)
Event: 69.162 Thread 0x000001cdfb8c9b60 nmethod 4119 0x000001cd8083bd10 code [0x000001cd8083bfc0, 0x000001cd8083d838]
Event: 69.166 Thread 0x000001cdfb8c9b60 4121       3       org.gradle.internal.event.AbstractBroadcastDispatch::<init> (10 bytes)
Event: 69.167 Thread 0x000001cdfb8c9b60 nmethod 4121 0x000001cd8083dd90 code [0x000001cd8083df20, 0x000001cd8083e0d8]

GC Heap History (10 events):
Event: 15.940 GC heap before
{Heap before GC invocations=0 (full 0):
 garbage-first heap   total 262144K, used 26624K [0x00000000e0000000, 0x0000000100000000)
  region size 1024K, 23 young (23552K), 0 survivors (0K)
 Metaspace       used 2958K, committed 3136K, reserved 393216K
  class space    used 369K, committed 448K, reserved 327680K
}
Event: 16.056 GC heap after
{Heap after GC invocations=1 (full 0):
 garbage-first heap   total 262144K, used 10776K [0x00000000e0000000, 0x0000000100000000)
  region size 1024K, 3 young (3072K), 3 survivors (3072K)
 Metaspace       used 2958K, committed 3136K, reserved 393216K
  class space    used 369K, committed 448K, reserved 327680K
}
Event: 23.614 GC heap before
{Heap before GC invocations=1 (full 0):
 garbage-first heap   total 262144K, used 38424K [0x00000000e0000000, 0x0000000100000000)
  region size 1024K, 30 young (30720K), 3 survivors (3072K)
 Metaspace       used 4031K, committed 4224K, reserved 393216K
  class space    used 495K, committed 576K, reserved 327680K
}
Event: 23.675 GC heap after
{Heap after GC invocations=2 (full 0):
 garbage-first heap   total 262144K, used 11882K [0x00000000e0000000, 0x0000000100000000)
  region size 1024K, 1 young (1024K), 1 survivors (1024K)
 Metaspace       used 4031K, committed 4224K, reserved 393216K
  class space    used 495K, committed 576K, reserved 327680K
}
Event: 43.966 GC heap before
{Heap before GC invocations=2 (full 0):
 garbage-first heap   total 262144K, used 72298K [0x00000000e0000000, 0x0000000100000000)
  region size 1024K, 60 young (61440K), 1 survivors (1024K)
 Metaspace       used 13199K, committed 13504K, reserved 393216K
  class space    used 1824K, committed 1984K, reserved 327680K
}
Event: 44.149 GC heap after
{Heap after GC invocations=3 (full 0):
 garbage-first heap   total 262144K, used 19988K [0x00000000e0000000, 0x0000000100000000)
  region size 1024K, 8 young (8192K), 8 survivors (8192K)
 Metaspace       used 13199K, committed 13504K, reserved 393216K
  class space    used 1824K, committed 1984K, reserved 327680K
}
Event: 51.284 GC heap before
{Heap before GC invocations=3 (full 0):
 garbage-first heap   total 262144K, used 72212K [0x00000000e0000000, 0x0000000100000000)
  region size 1024K, 59 young (60416K), 8 survivors (8192K)
 Metaspace       used 20355K, committed 20736K, reserved 393216K
  class space    used 2966K, committed 3136K, reserved 327680K
}
Event: 51.294 GC heap after
{Heap after GC invocations=4 (full 0):
 garbage-first heap   total 262144K, used 23175K [0x00000000e0000000, 0x0000000100000000)
  region size 1024K, 4 young (4096K), 4 survivors (4096K)
 Metaspace       used 20355K, committed 20736K, reserved 393216K
  class space    used 2966K, committed 3136K, reserved 327680K
}
Event: 53.328 GC heap before
{Heap before GC invocations=4 (full 0):
 garbage-first heap   total 262144K, used 29319K [0x00000000e0000000, 0x0000000100000000)
  region size 1024K, 11 young (11264K), 4 survivors (4096K)
 Metaspace       used 21197K, committed 21504K, reserved 393216K
  class space    used 3113K, committed 3264K, reserved 327680K
}
Event: 53.337 GC heap after
{Heap after GC invocations=5 (full 0):
 garbage-first heap   total 262144K, used 23388K [0x00000000e0000000, 0x0000000100000000)
  region size 1024K, 4 young (4096K), 4 survivors (4096K)
 Metaspace       used 21197K, committed 21504K, reserved 393216K
  class space    used 3113K, committed 3264K, reserved 327680K
}

Deoptimization events (20 events):
Event: 64.296 Thread 0x000001cda9a4c440 DEOPT PACKING pc=0x000001cd87cfd3f0 sp=0x0000008da05f8f50
Event: 64.296 Thread 0x000001cda9a4c440 DEOPT UNPACKING pc=0x000001cd87585ba3 sp=0x0000008da05f8f08 mode 2
Event: 64.571 Thread 0x000001cda9a4c440 Uncommon trap: trap_request=0xffffffde fr.pc=0x000001cd87ce3e14 relative=0x00000000000003d4
Event: 64.571 Thread 0x000001cda9a4c440 Uncommon trap: reason=class_check action=maybe_recompile pc=0x000001cd87ce3e14 method=java.util.regex.Pattern$Start.match(Ljava/util/regex/Matcher;ILjava/lang/CharSequence;)Z @ 44 c2
Event: 64.571 Thread 0x000001cda9a4c440 DEOPT PACKING pc=0x000001cd87ce3e14 sp=0x0000008da05f8ff0
Event: 64.571 Thread 0x000001cda9a4c440 DEOPT UNPACKING pc=0x000001cd87585ba3 sp=0x0000008da05f8ec8 mode 2
Event: 64.572 Thread 0x000001cda9a4c440 Uncommon trap: trap_request=0xffffffde fr.pc=0x000001cd87ce3e14 relative=0x00000000000003d4
Event: 64.572 Thread 0x000001cda9a4c440 Uncommon trap: reason=class_check action=maybe_recompile pc=0x000001cd87ce3e14 method=java.util.regex.Pattern$Start.match(Ljava/util/regex/Matcher;ILjava/lang/CharSequence;)Z @ 44 c2
Event: 64.572 Thread 0x000001cda9a4c440 DEOPT PACKING pc=0x000001cd87ce3e14 sp=0x0000008da05f8ff0
Event: 64.572 Thread 0x000001cda9a4c440 DEOPT UNPACKING pc=0x000001cd87585ba3 sp=0x0000008da05f8ec8 mode 2
Event: 64.572 Thread 0x000001cda9a4c440 Uncommon trap: trap_request=0xffffffde fr.pc=0x000001cd87cd91e0 relative=0x00000000000003a0
Event: 64.572 Thread 0x000001cda9a4c440 Uncommon trap: reason=class_check action=maybe_recompile pc=0x000001cd87cd91e0 method=java.util.regex.Pattern$Start.match(Ljava/util/regex/Matcher;ILjava/lang/CharSequence;)Z @ 44 c2
Event: 64.572 Thread 0x000001cda9a4c440 DEOPT PACKING pc=0x000001cd87cd91e0 sp=0x0000008da05f8f80
Event: 64.572 Thread 0x000001cda9a4c440 DEOPT UNPACKING pc=0x000001cd87585ba3 sp=0x0000008da05f8ed0 mode 2
Event: 64.573 Thread 0x000001cda9a4c440 Uncommon trap: trap_request=0xffffffde fr.pc=0x000001cd87cda544 relative=0x0000000000000284
Event: 64.573 Thread 0x000001cda9a4c440 Uncommon trap: reason=class_check action=maybe_recompile pc=0x000001cd87cda544 method=java.util.regex.Pattern$Start.match(Ljava/util/regex/Matcher;ILjava/lang/CharSequence;)Z @ 44 c2
Event: 64.573 Thread 0x000001cda9a4c440 DEOPT PACKING pc=0x000001cd87cda544 sp=0x0000008da05f8f10
Event: 64.573 Thread 0x000001cda9a4c440 DEOPT UNPACKING pc=0x000001cd87585ba3 sp=0x0000008da05f8ed0 mode 2
Event: 69.082 Thread 0x000001cdaa6b6090 DEOPT PACKING pc=0x000001cd8047a85c sp=0x0000008da1dfe7a0
Event: 69.082 Thread 0x000001cdaa6b6090 DEOPT UNPACKING pc=0x000001cd875866e3 sp=0x0000008da1dfdd20 mode 0

Classes unloaded (0 events):
No events

Classes redefined (0 events):
No events

Internal exceptions (20 events):
Event: 63.831 Thread 0x000001cda9a4c440 Exception <a 'java/lang/ClassNotFoundException'{0x00000000ea40bd38}: org/gradle/groovy/scripts/ScriptCustomizer> (0x00000000ea40bd38) 
thrown [s\open\src\hotspot\share\classfile\systemDictionary.cpp, line 256]
Event: 63.837 Thread 0x000001cda9a4c440 Exception <a 'java/lang/ClassNotFoundException'{0x00000000ea41d338}: org/gradle/groovy/scripts/BasicScriptCustomizer> (0x00000000ea41d338) 
thrown [s\open\src\hotspot\share\classfile\systemDictionary.cpp, line 256]
Event: 63.848 Thread 0x000001cda9a4c440 Exception <a 'java/lang/ClassNotFoundException'{0x00000000ea433830}: org/gradle/groovy/scripts/DefaultScriptCustomizer> (0x00000000ea433830) 
thrown [s\open\src\hotspot\share\classfile\systemDictionary.cpp, line 256]
Event: 63.857 Thread 0x000001cda9a4c440 Exception <a 'java/lang/ClassNotFoundException'{0x00000000ea45aac8}: org/gradle/initialization/InitScriptCustomizer> (0x00000000ea45aac8) 
thrown [s\open\src\hotspot\share\classfile\systemDictionary.cpp, line 256]
Event: 63.859 Thread 0x000001cda9a4c440 Exception <a 'java/lang/ClassNotFoundException'{0x00000000ea468ce0}: ijMapper1_2drmc6wu8a8ddtzdscnep1trtCustomizer> (0x00000000ea468ce0) 
thrown [s\open\src\hotspot\share\classfile\systemDictionary.cpp, line 256]
Event: 64.028 Thread 0x000001cda9a4c440 Exception <a 'java/lang/ClassNotFoundException'{0x00000000ea324338}: org/gradle/internal/extensibility/DefaultExtraPropertiesExtensionBeanInfo> (0x00000000ea324338) 
thrown [s\open\src\hotspot\share\classfile\systemDictionary.cpp, line 256]
Event: 64.031 Thread 0x000001cda9a4c440 Exception <a 'java/lang/ClassNotFoundException'{0x00000000ea32dea0}: org/gradle/internal/extensibility/DefaultExtraPropertiesExtensionCustomizer> (0x00000000ea32dea0) 
thrown [s\open\src\hotspot\share\classfile\systemDictionary.cpp, line 256]
Event: 64.153 Thread 0x000001cda9a4c440 Exception <a 'java/lang/NoSuchMethodError'{0x00000000ea390450}: 'void java.lang.invoke.Invokers$Holder.invoke_MT(java.lang.Object, java.lang.Object, java.lang.Object, java.lang.Object)'> (0x00000000ea390450) 
thrown [s\open\src\hotspot\share\interpreter\linkResolver.cpp, line 759]
Event: 64.303 Thread 0x000001cda9a4c440 Exception <a 'java/lang/ClassNotFoundException'{0x00000000ea2e1a08}: org/gradle/invocation/DefaultGradle_DecoratedBeanInfo> (0x00000000ea2e1a08) 
thrown [s\open\src\hotspot\share\classfile\systemDictionary.cpp, line 256]
Event: 64.304 Thread 0x000001cda9a4c440 Exception <a 'java/lang/ClassNotFoundException'{0x00000000ea2f00a8}: org/gradle/invocation/DefaultGradleBeanInfo> (0x00000000ea2f00a8) 
thrown [s\open\src\hotspot\share\classfile\systemDictionary.cpp, line 256]
Event: 64.306 Thread 0x000001cda9a4c440 Exception <a 'java/lang/ClassNotFoundException'{0x00000000ea2ff258}: org/gradle/api/internal/project/AbstractPluginAwareBeanInfo> (0x00000000ea2ff258) 
thrown [s\open\src\hotspot\share\classfile\systemDictionary.cpp, line 256]
Event: 64.325 Thread 0x000001cda9a4c440 Exception <a 'java/lang/ClassNotFoundException'{0x00000000ea10e3c0}: org/gradle/api/internal/project/AbstractPluginAwareCustomizer> (0x00000000ea10e3c0) 
thrown [s\open\src\hotspot\share\classfile\systemDictionary.cpp, line 256]
Event: 64.328 Thread 0x000001cda9a4c440 Exception <a 'java/lang/ClassNotFoundException'{0x00000000ea122680}: org/gradle/invocation/DefaultGradleCustomizer> (0x00000000ea122680) 
thrown [s\open\src\hotspot\share\classfile\systemDictionary.cpp, line 256]
Event: 64.336 Thread 0x000001cda9a4c440 Exception <a 'java/lang/ClassNotFoundException'{0x00000000ea161728}: org/gradle/invocation/DefaultGradle_DecoratedCustomizer> (0x00000000ea161728) 
thrown [s\open\src\hotspot\share\classfile\systemDictionary.cpp, line 256]
Event: 64.567 Thread 0x000001cda9a4c440 Exception <a 'java/lang/ClassNotFoundException'{0x00000000e9d17d18}: groovy/lang/Closure$1BeanInfo> (0x00000000e9d17d18) 
thrown [s\open\src\hotspot\share\classfile\systemDictionary.cpp, line 256]
Event: 64.568 Thread 0x000001cda9a4c440 Exception <a 'java/lang/ClassNotFoundException'{0x00000000e9d3a638}: groovy/lang/ClosureBeanInfo> (0x00000000e9d3a638) 
thrown [s\open\src\hotspot\share\classfile\systemDictionary.cpp, line 256]
Event: 64.569 Thread 0x000001cda9a4c440 Exception <a 'java/lang/ClassNotFoundException'{0x00000000e9d5ce60}: groovy/lang/ClosureCustomizer> (0x00000000e9d5ce60) 
thrown [s\open\src\hotspot\share\classfile\systemDictionary.cpp, line 256]
Event: 64.575 Thread 0x000001cda9a4c440 Exception <a 'java/lang/ClassNotFoundException'{0x00000000e9da2dd0}: groovy/lang/Closure$1Customizer> (0x00000000e9da2dd0) 
thrown [s\open\src\hotspot\share\classfile\systemDictionary.cpp, line 256]
Event: 69.156 Thread 0x000001cda9a4c440 Exception <a 'java/lang/ClassNotFoundException'{0x00000000e9971040}: ijresolvers1_37j10zzujrwpt4o06jxu96pzkBeanInfo> (0x00000000e9971040) 
thrown [s\open\src\hotspot\share\classfile\systemDictionary.cpp, line 256]
Event: 69.157 Thread 0x000001cda9a4c440 Exception <a 'java/lang/ClassNotFoundException'{0x00000000e9976d90}: ijresolvers1_37j10zzujrwpt4o06jxu96pzkCustomizer> (0x00000000e9976d90) 
thrown [s\open\src\hotspot\share\classfile\systemDictionary.cpp, line 256]

VM Operations (20 events):
Event: 62.597 Executing VM operation: HandshakeAllThreads
Event: 62.597 Executing VM operation: HandshakeAllThreads done
Event: 62.598 Executing VM operation: HandshakeAllThreads
Event: 62.598 Executing VM operation: HandshakeAllThreads done
Event: 62.637 Executing VM operation: HandshakeAllThreads
Event: 62.637 Executing VM operation: HandshakeAllThreads done
Event: 62.646 Executing VM operation: HandshakeAllThreads
Event: 62.646 Executing VM operation: HandshakeAllThreads done
Event: 62.969 Executing VM operation: HandshakeAllThreads
Event: 62.969 Executing VM operation: HandshakeAllThreads done
Event: 62.969 Executing VM operation: Cleanup
Event: 62.970 Executing VM operation: Cleanup done
Event: 63.983 Executing VM operation: Cleanup
Event: 64.003 Executing VM operation: Cleanup done
Event: 65.017 Executing VM operation: Cleanup
Event: 65.018 Executing VM operation: Cleanup done
Event: 66.029 Executing VM operation: Cleanup
Event: 66.030 Executing VM operation: Cleanup done
Event: 69.045 Executing VM operation: Cleanup
Event: 69.045 Executing VM operation: Cleanup done

Events (20 events):
Event: 63.706 loading class java/util/WeakHashMap$KeyIterator
Event: 63.712 loading class java/util/WeakHashMap$HashIterator
Event: 63.712 loading class java/util/WeakHashMap$HashIterator done
Event: 63.712 loading class java/util/WeakHashMap$KeyIterator done
Event: 64.367 loading class jdk/internal/reflect/UnsafeObjectFieldAccessorImpl
Event: 64.368 loading class jdk/internal/reflect/UnsafeObjectFieldAccessorImpl done
Event: 64.461 loading class sun/reflect/MagicAccessorImpl
Event: 64.461 loading class sun/reflect/MagicAccessorImpl done
Event: 64.575 loading class com/sun/beans/finder/MethodFinder
Event: 64.576 loading class com/sun/beans/finder/AbstractFinder
Event: 64.576 loading class com/sun/beans/finder/AbstractFinder done
Event: 64.576 loading class com/sun/beans/finder/MethodFinder done
Event: 64.576 loading class com/sun/beans/finder/MethodFinder$1
Event: 64.576 loading class com/sun/beans/finder/MethodFinder$1 done
Event: 64.577 loading class com/sun/beans/finder/FinderUtils
Event: 64.577 loading class com/sun/beans/finder/FinderUtils done
Event: 64.672 Thread 0x000001cda8eaaed0 Thread exited: 0x000001cda8eaaed0
Event: 68.170 Thread 0x000001cdaa6b5670 Thread added: 0x000001cdaa6b5670
Event: 68.786 Thread 0x000001cdaa6b4230 Thread added: 0x000001cdaa6b4230
Event: 68.995 Thread 0x000001cdaa6b6090 Thread added: 0x000001cdaa6b6090


Dynamic libraries:
0x00007ff6e1f40000 - 0x00007ff6e1f50000 	C:\Java\bin\java.exe
0x00007ffa26610000 - 0x00007ffa26826000 	C:\Windows\SYSTEM32\ntdll.dll
0x00007ffa25320000 - 0x00007ffa253e4000 	C:\Windows\System32\KERNEL32.DLL
0x00007ffa23930000 - 0x00007ffa23cd7000 	C:\Windows\System32\KERNELBASE.dll
0x000000006ac50000 - 0x000000006af82000 	C:\Program Files\Norton Security\NortonData\22.24.2.6\Definitions\IPSDefs\20240503.064\IPSEng64.dll
0x00007ffa25af0000 - 0x00007ffa25ba2000 	C:\Windows\System32\ADVAPI32.dll
0x00007ffa25610000 - 0x00007ffa256b7000 	C:\Windows\System32\msvcrt.dll
0x00007ffa24340000 - 0x00007ffa243e8000 	C:\Windows\System32\sechost.dll
0x00007ffa24130000 - 0x00007ffa24158000 	C:\Windows\System32\bcrypt.dll
0x00007ffa25bc0000 - 0x00007ffa25cd5000 	C:\Windows\System32\RPCRT4.dll
0x00007ffa25bb0000 - 0x00007ffa25bb8000 	C:\Windows\System32\PSAPI.DLL
0x00007ffa23ce0000 - 0x00007ffa23df1000 	C:\Windows\System32\ucrtbase.dll
0x00007ff9e2c00000 - 0x00007ff9e2c19000 	C:\Java\bin\jli.dll
0x00007ff9e2700000 - 0x00007ff9e271b000 	C:\Java\bin\VCRUNTIME140.dll
0x00007ffa25d00000 - 0x00007ffa25eae000 	C:\Windows\System32\USER32.dll
0x00007ffa23e00000 - 0x00007ffa23e26000 	C:\Windows\System32\win32u.dll
0x00007ffa265a0000 - 0x00007ffa265c9000 	C:\Windows\System32\GDI32.dll
0x00007ffa24010000 - 0x00007ffa24129000 	C:\Windows\System32\gdi32full.dll
0x00007ffa242a0000 - 0x00007ffa2433a000 	C:\Windows\System32\msvcp_win.dll
0x00007ffa1b320000 - 0x00007ffa1b32a000 	C:\Windows\SYSTEM32\VERSION.dll
0x00007ffa07900000 - 0x00007ffa07b93000 	C:\Windows\WinSxS\amd64_microsoft.windows.common-controls_6595b64144ccf1df_6.0.22621.3235_none_270f74e173860f98\COMCTL32.dll
0x00007ffa25fc0000 - 0x00007ffa25ff1000 	C:\Windows\System32\IMM32.DLL
0x00007ffa01a60000 - 0x00007ffa01a6c000 	C:\Java\bin\vcruntime140_1.dll
0x00007ff9c1d10000 - 0x00007ff9c1d9e000 	C:\Java\bin\msvcp140.dll
0x00007ff9882c0000 - 0x00007ff988e9f000 	C:\Java\bin\server\jvm.dll
0x00007ffa072e0000 - 0x00007ffa072e9000 	C:\Windows\SYSTEM32\WSOCK32.dll
0x00007ffa24e20000 - 0x00007ffa24e91000 	C:\Windows\System32\WS2_32.dll
0x00007ffa21370000 - 0x00007ffa213a4000 	C:\Windows\SYSTEM32\WINMM.dll
0x00007ffa22970000 - 0x00007ffa22988000 	C:\Windows\SYSTEM32\kernel.appcore.dll
0x00007ff9f8ec0000 - 0x00007ff9f8eca000 	C:\Java\bin\jimage.dll
0x00007ffa210a0000 - 0x00007ffa212d3000 	C:\Windows\SYSTEM32\DBGHELP.DLL
0x00007ffa26000000 - 0x00007ffa26388000 	C:\Windows\System32\combase.dll
0x00007ffa25a00000 - 0x00007ffa25ad7000 	C:\Windows\System32\OLEAUT32.dll
0x00007ffa21330000 - 0x00007ffa21362000 	C:\Windows\SYSTEM32\dbgcore.DLL
0x00007ffa24220000 - 0x00007ffa24299000 	C:\Windows\System32\bcryptPrimitives.dll
0x00007ffa17e20000 - 0x00007ffa17e2e000 	C:\Java\bin\instrument.dll
0x00007ff9d4220000 - 0x00007ff9d4245000 	C:\Java\bin\java.dll
0x00007ff9b6980000 - 0x00007ff9b6a57000 	C:\Java\bin\jsvml.dll
0x00007ffa24460000 - 0x00007ffa24cbc000 	C:\Windows\System32\SHELL32.dll
0x00007ffa21890000 - 0x00007ffa22189000 	C:\Windows\SYSTEM32\windows.storage.dll
0x00007ffa21750000 - 0x00007ffa2188e000 	C:\Windows\SYSTEM32\wintypes.dll
0x00007ffa25750000 - 0x00007ffa25843000 	C:\Windows\System32\SHCORE.dll
0x00007ffa25550000 - 0x00007ffa255ae000 	C:\Windows\System32\shlwapi.dll
0x00007ffa23860000 - 0x00007ffa23881000 	C:\Windows\SYSTEM32\profapi.dll
0x00007ff9d4120000 - 0x00007ff9d4138000 	C:\Java\bin\zip.dll
0x00007ff9e21b0000 - 0x00007ff9e21c9000 	C:\Java\bin\net.dll
0x00007ffa1d3a0000 - 0x00007ffa1d4d6000 	C:\Windows\SYSTEM32\WINHTTP.dll
0x00007ffa22de0000 - 0x00007ffa22e49000 	C:\Windows\system32\mswsock.dll
0x00007ff9d4140000 - 0x00007ff9d4156000 	C:\Java\bin\nio.dll
0x00007ff9f2fe0000 - 0x00007ff9f2ff0000 	C:\Java\bin\verify.dll
0x00007ffa17e30000 - 0x00007ffa17e57000 	C:\Users\kimys\.gradle\native\c067742578af261105cb4f569cf0c3c89f3d7b1fecec35dd04571415982c5e48\windows-amd64\native-platform.dll
0x00007ff99cc80000 - 0x00007ff99cdc4000 	C:\Users\kimys\.gradle\native\38dada09dfb8b06ba9b0570ebf7e218e3eb74d4ef43ca46872605cf95ebc2f47\windows-amd64\native-platform-file-events.dll
0x00007ffa16620000 - 0x00007ffa1662a000 	C:\Java\bin\management.dll
0x00007ffa0db90000 - 0x00007ffa0db9b000 	C:\Java\bin\management_ext.dll
0x00007ffa23040000 - 0x00007ffa2305b000 	C:\Windows\SYSTEM32\CRYPTSP.dll
0x00007ffa228d0000 - 0x00007ffa22905000 	C:\Windows\system32\rsaenh.dll
0x00007ffa22ee0000 - 0x00007ffa22f08000 	C:\Windows\SYSTEM32\USERENV.dll
0x00007ffa23060000 - 0x00007ffa2306c000 	C:\Windows\SYSTEM32\CRYPTBASE.dll
0x00007ffa22430000 - 0x00007ffa2245d000 	C:\Windows\SYSTEM32\IPHLPAPI.DLL
0x00007ffa25ae0000 - 0x00007ffa25ae9000 	C:\Windows\System32\NSI.dll
0x00007ffa1cf20000 - 0x00007ffa1cf39000 	C:\Windows\SYSTEM32\dhcpcsvc6.DLL
0x00007ffa1ce70000 - 0x00007ffa1ce8f000 	C:\Windows\SYSTEM32\dhcpcsvc.DLL
0x00007ffa22460000 - 0x00007ffa22559000 	C:\Windows\SYSTEM32\DNSAPI.dll
0x00007ffa0db80000 - 0x00007ffa0db8e000 	C:\Java\bin\sunmscapi.dll
0x00007ffa23e30000 - 0x00007ffa23f97000 	C:\Windows\System32\CRYPT32.dll
0x00007ffa23200000 - 0x00007ffa2322e000 	C:\Windows\SYSTEM32\ncrypt.dll
0x00007ffa231c0000 - 0x00007ffa231f7000 	C:\Windows\SYSTEM32\NTASN1.dll
0x00007ff9fe180000 - 0x00007ff9fe188000 	C:\Windows\system32\wshunix.dll

dbghelp: loaded successfully - version: 4.0.5 - missing functions: none
symbol engine: initialized successfully - sym options: 0x614 - pdb path: .;C:\Java\bin;C:\Windows\SYSTEM32;C:\Program Files\Norton Security\NortonData\22.24.2.6\Definitions\IPSDefs\20240503.064;C:\Windows\WinSxS\amd64_microsoft.windows.common-controls_6595b64144ccf1df_6.0.22621.3235_none_270f74e173860f98;C:\Java\bin\server;C:\Users\kimys\.gradle\native\c067742578af261105cb4f569cf0c3c89f3d7b1fecec35dd04571415982c5e48\windows-amd64;C:\Users\kimys\.gradle\native\38dada09dfb8b06ba9b0570ebf7e218e3eb74d4ef43ca46872605cf95ebc2f47\windows-amd64

VM Arguments:
jvm_args: --add-opens=java.base/java.util=ALL-UNNAMED --add-opens=java.base/java.lang=ALL-UNNAMED --add-opens=java.base/java.lang.invoke=ALL-UNNAMED --add-opens=java.prefs/java.util.prefs=ALL-UNNAMED --add-opens=java.base/java.nio.charset=ALL-UNNAMED --add-opens=java.base/java.net=ALL-UNNAMED --add-opens=java.base/java.util.concurrent.atomic=ALL-UNNAMED -XX:MaxMetaspaceSize=384m -XX:+HeapDumpOnOutOfMemoryError -Xms256m -Xmx512m -Dfile.encoding=x-windows-949 -Duser.country=KR -Duser.language=ko -Duser.variant -javaagent:C:\Users\kimys\.gradle\wrapper\dists\gradle-8.7-bin\bhs2wmbdwecv87pi65oeuq5iu\gradle-8.7\lib\agents\gradle-instrumentation-agent-8.7.jar 
java_command: org.gradle.launcher.daemon.bootstrap.GradleDaemon 8.7
java_class_path (initial): C:\Users\kimys\.gradle\wrapper\dists\gradle-8.7-bin\bhs2wmbdwecv87pi65oeuq5iu\gradle-8.7\lib\gradle-launcher-8.7.jar
Launcher Type: SUN_STANDARD

[Global flags]
     intx CICompilerCount                          = 4                                         {product} {ergonomic}
   size_t CompressedClassSpaceSize                 = 335544320                                 {product} {ergonomic}
     uint ConcGCThreads                            = 2                                         {product} {ergonomic}
     uint G1ConcRefinementThreads                  = 8                                         {product} {ergonomic}
   size_t G1HeapRegionSize                         = 1048576                                   {product} {ergonomic}
    uintx GCDrainStackTargetSize                   = 64                                        {product} {ergonomic}
     bool HeapDumpOnOutOfMemoryError               = true                                   {manageable} {command line}
   size_t InitialHeapSize                          = 268435456                                 {product} {command line}
   size_t MarkStackSize                            = 4194304                                   {product} {ergonomic}
   size_t MaxHeapSize                              = 536870912                                 {product} {command line}
   size_t MaxMetaspaceSize                         = 402653184                                 {product} {command line}
   size_t MaxNewSize                               = 321912832                                 {product} {ergonomic}
   size_t MinHeapDeltaBytes                        = 1048576                                   {product} {ergonomic}
   size_t MinHeapSize                              = 268435456                                 {product} {command line}
    uintx NonNMethodCodeHeapSize                   = 5839372                                {pd product} {ergonomic}
    uintx NonProfiledCodeHeapSize                  = 122909434                              {pd product} {ergonomic}
    uintx ProfiledCodeHeapSize                     = 122909434                              {pd product} {ergonomic}
    uintx ReservedCodeCacheSize                    = 251658240                              {pd product} {ergonomic}
     bool SegmentedCodeCache                       = true                                      {product} {ergonomic}
   size_t SoftMaxHeapSize                          = 536870912                              {manageable} {ergonomic}
     bool UseCompressedClassPointers               = true                           {product lp64_product} {ergonomic}
     bool UseCompressedOops                        = true                           {product lp64_product} {ergonomic}
     bool UseG1GC                                  = true                                      {product} {ergonomic}
     bool UseLargePagesIndividualAllocation        = false                                  {pd product} {ergonomic}

Logging:
Log output configuration:
 #0: stdout all=warning uptime,level,tags
 #1: stderr all=off uptime,level,tags

Environment Variables:
PATH=C:\nodejs\;C:\oraclexe\app\oracle\product\11.2.0\server\bin;C:\Program Files\Common Files\Oracle\Java\javapath;C:\Windows\system32;C:\Windows;C:\Windows\System32\Wbem;C:\Windows\System32\WindowsPowerShell\v1.0\;C:\Windows\System32\OpenSSH\;C:\Git\cmd;C:\Program Files\Bandizip\;C:\Users\kimys\AppData\Local\Microsoft\WindowsApps;;D:\IntelliJ IDEA 2023.3.6\bin;;C:\Microsoft VS Code\bin;C:\Users\kimys\AppData\Roaming\npm
USERNAME=kimys
OS=Windows_NT
PROCESSOR_IDENTIFIER=Intel64 Family 6 Model 140 Stepping 2, GenuineIntel



---------------  S Y S T E M  ---------------

OS:
 Windows 11 , 64 bit Build 22621 (10.0.22621.3374)
OS uptime: 13 days 3:03 hours

CPU: total 8 (initial active 8) (4 cores per cpu, 2 threads per core) family 6 model 140 stepping 2 microcode 0x16, cx8, cmov, fxsr, ht, mmx, 3dnowpref, sse, sse2, sse3, ssse3, sse4.1, sse4.2, popcnt, lzcnt, tsc, tscinvbit, avx, avx2, aes, erms, clmul, bmi1, bmi2, adx, avx512f, avx512dq, avx512cd, avx512bw, avx512vl, sha, fma, vzeroupper, avx512_vpopcntdq, avx512_vpclmulqdq, avx512_vaes, avx512_vnni, clflush, clflushopt, clwb, avx512_vbmi2, avx512_vbmi

Memory: 4k page, system-wide physical 7900M (426M free)
TotalPageFile size 25566M (AvailPageFile size 0M)
current process WorkingSet (physical memory assigned to process): 203M, peak: 215M
current process commit charge ("private bytes"): 428M, peak: 439M

vm_info: Java HotSpot(TM) 64-Bit Server VM (17.0.10+11-LTS-240) for windows-amd64 JRE (17.0.10+11-LTS-240), built on Dec 19 2023 21:47:25 by "mach5one" with MS VC++ 17.1 (VS2022)

END.
